{
  "stats": {
    "suites": 3,
    "tests": 12,
    "passes": 12,
    "pending": 0,
    "failures": 0,
    "start": "2023-11-14T10:21:36.875Z",
    "end": "2023-11-14T10:23:32.932Z",
    "duration": 116057,
    "testsRegistered": 12,
    "passPercent": 100,
    "pendingPercent": 0,
    "other": 0,
    "hasOther": false,
    "skipped": 0,
    "hasSkipped": false
  },
  "results": [
    {
      "uuid": "b3a17917-9897-4df9-87f6-8a6fcb33873c",
      "title": "",
      "fullFile": "",
      "file": "",
      "beforeHooks": [],
      "afterHooks": [],
      "tests": [],
      "suites": [
        {
          "uuid": "5f237fc3-827e-4b06-a195-07d802ec249b",
          "title": "Fee Module Tests",
          "fullFile": "/home/unicloud/Documents/seleniumDemo/tests/feeTest.js",
          "file": "/tests/feeTest.js",
          "beforeHooks": [
            {
              "title": "\"before all\" hook in \"Fee Module Tests\"",
              "fullTitle": "Fee Module Tests \"before all\" hook in \"Fee Module Tests\"",
              "timedOut": false,
              "duration": 5502,
              "state": null,
              "speed": null,
              "pass": false,
              "fail": false,
              "pending": false,
              "context": null,
              "code": "driver = await helper.initializeChromeDriver();\nfeePage = new FeePage(driver);\nconst loginPage = new LoginPage(driver);\nconst username = config.adminUsername;\nconst password = config.adminPassword;\nconst adminName = config.adminName;\n    \nawait loginPage.login(username, password, adminName);",
              "err": {},
              "uuid": "d087824f-14a1-45cb-8fc6-42d1e470888c",
              "parentUUID": "5f237fc3-827e-4b06-a195-07d802ec249b",
              "isHook": true,
              "skipped": false
            }
          ],
          "afterHooks": [
            {
              "title": "\"after all\" hook in \"Fee Module Tests\"",
              "fullTitle": "Fee Module Tests \"after all\" hook in \"Fee Module Tests\"",
              "timedOut": false,
              "duration": 52,
              "state": null,
              "speed": null,
              "pass": false,
              "fail": false,
              "pending": false,
              "context": null,
              "code": "await driver.quit();",
              "err": {},
              "uuid": "a757dcec-1dab-4bcb-b91b-956c63ffd628",
              "parentUUID": "5f237fc3-827e-4b06-a195-07d802ec249b",
              "isHook": true,
              "skipped": false
            }
          ],
          "tests": [
            {
              "title": "[Happy Case]Create COBO FREE FEE successfully",
              "fullTitle": "Fee Module Tests [Happy Case]Create COBO FREE FEE successfully",
              "timedOut": false,
              "duration": 7204,
              "state": "passed",
              "speed": "slow",
              "pass": true,
              "fail": false,
              "pending": false,
              "context": null,
              "code": "//Navigate to fee \nawait feePage.navigate();\nconst feeType = 'Thu hộ' \nconst vat = 10;\nconst feeMethod = 'Miễn phí'\nawait feePage.createFee(feeType, vat, feeMethod);\nconst notification = await driver.wait(until.elementLocated(By.xpath('//p-toastitem')), 5000);\nconst message = await notification.getText();\n    \nconst regExpObject = new RegExp(\"Success\");\nassert.match(message, regExpObject);\nawait driver.wait(until.stalenessOf(notification), 10000);",
              "err": {},
              "uuid": "b229f717-c386-41c0-869c-1954fcdd7008",
              "parentUUID": "5f237fc3-827e-4b06-a195-07d802ec249b",
              "isHook": false,
              "skipped": false
            },
            {
              "title": "[Happy Case] Create COBO FIXED FEE WITH PRICES successfully",
              "fullTitle": "Fee Module Tests [Happy Case] Create COBO FIXED FEE WITH PRICES successfully",
              "timedOut": false,
              "duration": 5499,
              "state": "passed",
              "speed": "slow",
              "pass": true,
              "fail": false,
              "pending": false,
              "context": null,
              "code": "//Navigate to fee \nawait feePage.navigate();\n\n//fee data \nconst feeType = 'Thu hộ' \nconst vat = 10;\nconst feeMethod = 'Phí cố định'\nconst feeRule = 'Số tiền phí cố định'\nconst value = 1500\n//Create fee\nawait feePage.createFee(feeType, vat, feeMethod, feeRule, value);\nconst notification = await driver.wait(until.elementLocated(By.xpath('//p-toastitem')), 5000);\nconst message = await notification.getText();\n    \nconst regExpObject = new RegExp(\"Success\");\nassert.match(message, regExpObject);\nawait driver.wait(until.stalenessOf(notification), 10000);",
              "err": {},
              "uuid": "b0d3cc70-279c-43bb-b5be-0b4340c6e9fa",
              "parentUUID": "5f237fc3-827e-4b06-a195-07d802ec249b",
              "isHook": false,
              "skipped": false
            },
            {
              "title": "[Happy Case] Create COBO FIXED FEE WITH PERCENT successfully",
              "fullTitle": "Fee Module Tests [Happy Case] Create COBO FIXED FEE WITH PERCENT successfully",
              "timedOut": false,
              "duration": 6132,
              "state": "passed",
              "speed": "slow",
              "pass": true,
              "fail": false,
              "pending": false,
              "context": null,
              "code": "//Navigate to fee \nawait feePage.navigate();\n\n//fee data \nconst feeType = 'Thu hộ' \nconst vat = 10;\nconst feeMethod = 'Phí cố định'\nconst feeRule = 'Số tiền phí theo tỷ lệ %'\nconst value = 10\n//Create fee\nawait feePage.createFee(feeType, vat, feeMethod, feeRule, value);\nconst notification = await driver.wait(until.elementLocated(By.xpath('//p-toastitem')), 5000);\nconst message = await notification.getText();\n    \nconst regExpObject = new RegExp(\"Success\");\nassert.match(message, regExpObject);\nawait driver.wait(until.stalenessOf(notification), 10000);",
              "err": {},
              "uuid": "d5b011b5-423a-4e32-97d5-579e5f4a0c85",
              "parentUUID": "5f237fc3-827e-4b06-a195-07d802ec249b",
              "isHook": false,
              "skipped": false
            }
          ],
          "suites": [],
          "passes": [
            "b229f717-c386-41c0-869c-1954fcdd7008",
            "b0d3cc70-279c-43bb-b5be-0b4340c6e9fa",
            "d5b011b5-423a-4e32-97d5-579e5f4a0c85"
          ],
          "failures": [],
          "pending": [],
          "skipped": [],
          "duration": 18835,
          "root": false,
          "rootEmpty": false,
          "_timeout": 0
        },
        {
          "uuid": "49bacfb0-dae1-4151-a61c-ae4d09657cb5",
          "title": "Login Tests",
          "fullFile": "/home/unicloud/Documents/seleniumDemo/tests/loginTest.js",
          "file": "/tests/loginTest.js",
          "beforeHooks": [
            {
              "title": "\"before each\" hook in \"Login Tests\"",
              "fullTitle": "Login Tests \"before each\" hook in \"Login Tests\"",
              "timedOut": false,
              "duration": 2638,
              "state": null,
              "speed": null,
              "pass": false,
              "fail": false,
              "pending": false,
              "context": null,
              "code": "driver = await helper.initializeChromeDriver();",
              "err": {},
              "uuid": "4284b01c-2196-4c4c-9a53-0917017508a6",
              "parentUUID": "49bacfb0-dae1-4151-a61c-ae4d09657cb5",
              "isHook": true,
              "skipped": false
            }
          ],
          "afterHooks": [
            {
              "title": "\"after each\" hook in \"Login Tests\"",
              "fullTitle": "Login Tests \"after each\" hook in \"Login Tests\"",
              "timedOut": false,
              "duration": 52,
              "state": null,
              "speed": null,
              "pass": false,
              "fail": false,
              "pending": false,
              "context": null,
              "code": "await driver.quit();",
              "err": {},
              "uuid": "13b99878-86de-4300-b173-dc19b6f9ca58",
              "parentUUID": "49bacfb0-dae1-4151-a61c-ae4d09657cb5",
              "isHook": true,
              "skipped": false
            }
          ],
          "tests": [
            {
              "title": "[Happy Case] Login successfully",
              "fullTitle": "Login Tests [Happy Case] Login successfully",
              "timedOut": false,
              "duration": 2351,
              "state": "passed",
              "speed": "slow",
              "pass": true,
              "fail": false,
              "pending": false,
              "context": null,
              "code": "const loginPage = new LoginPage(driver);\n    const username = config.adminUsername;\n    const password = config.adminPassword; \n    \n    await loginPage.loginForTest(username, password);\n    await new Promise(resolve => setTimeout(resolve, 2000));\n    // Add assertions to verify successful login\n    var h4Element = await driver.wait(until.elementLocated(By.xpath(\"//div[@class='info']/h4\")), 10000);\n    const welcomeMessage = await h4Element.getText();\n    assert.equal(welcomeMessage, config.adminName);",
              "err": {},
              "uuid": "39e7e3eb-3fcb-42a3-aec7-566210cd33a2",
              "parentUUID": "49bacfb0-dae1-4151-a61c-ae4d09657cb5",
              "isHook": false,
              "skipped": false
            },
            {
              "title": "Show error on invalid login",
              "fullTitle": "Login Tests Show error on invalid login",
              "timedOut": false,
              "duration": 3975,
              "state": "passed",
              "speed": "slow",
              "pass": true,
              "fail": false,
              "pending": false,
              "context": null,
              "code": "const loginPage = new LoginPage(driver);\nconst username = 'invalid_username';\nconst password = 'invalid_password';\nawait loginPage.loginForTest(username, password);\n\nconst regExpObject = new RegExp(\"Đăng nhập không thành công, vui lòng thử lại.\");\nnotification = await driver.wait(until.elementLocated(By.xpath('//p-toastitem')), 5000);\nmessage = await notification.getText();\nassert.match(message, regExpObject);\nawait driver.wait(until.stalenessOf(notification), 10000);",
              "err": {},
              "uuid": "9658b7e0-b05b-4bea-823a-96de7065dbaf",
              "parentUUID": "49bacfb0-dae1-4151-a61c-ae4d09657cb5",
              "isHook": false,
              "skipped": false
            }
          ],
          "suites": [],
          "passes": [
            "39e7e3eb-3fcb-42a3-aec7-566210cd33a2",
            "9658b7e0-b05b-4bea-823a-96de7065dbaf"
          ],
          "failures": [],
          "pending": [],
          "skipped": [],
          "duration": 6326,
          "root": false,
          "rootEmpty": false,
          "_timeout": 0
        },
        {
          "uuid": "c1ddab95-01b3-46d9-87d1-41ed64ca043e",
          "title": "Merchant Module Tests",
          "fullFile": "/home/unicloud/Documents/seleniumDemo/tests/merchantTest.js",
          "file": "/tests/merchantTest.js",
          "beforeHooks": [
            {
              "title": "\"before all\" hook in \"Merchant Module Tests\"",
              "fullTitle": "Merchant Module Tests \"before all\" hook in \"Merchant Module Tests\"",
              "timedOut": false,
              "duration": 5420,
              "state": null,
              "speed": null,
              "pass": false,
              "fail": false,
              "pending": false,
              "context": null,
              "code": "driver = await helper.initializeChromeDriver();\nmerchantPage = new MerchantPage(driver);\nconst loginPage = new LoginPage(driver);\nconst username = config.adminUsername;\nconst password = config.adminPassword;\nconst adminName = config.adminName;\nawait loginPage.login(username, password, adminName);",
              "err": {},
              "uuid": "34834529-7a3d-474d-81dc-92d1d1249c5e",
              "parentUUID": "c1ddab95-01b3-46d9-87d1-41ed64ca043e",
              "isHook": true,
              "skipped": false
            }
          ],
          "afterHooks": [
            {
              "title": "\"after all\" hook in \"Merchant Module Tests\"",
              "fullTitle": "Merchant Module Tests \"after all\" hook in \"Merchant Module Tests\"",
              "timedOut": false,
              "duration": 53,
              "state": null,
              "speed": null,
              "pass": false,
              "fail": false,
              "pending": false,
              "context": null,
              "code": "await driver.quit();",
              "err": {},
              "uuid": "9dc00317-8601-4a32-8b58-a609622bff14",
              "parentUUID": "c1ddab95-01b3-46d9-87d1-41ed64ca043e",
              "isHook": true,
              "skipped": false
            }
          ],
          "tests": [
            {
              "title": "[Happy Case] Create merchant successfully",
              "fullTitle": "Merchant Module Tests [Happy Case] Create merchant successfully",
              "timedOut": false,
              "duration": 12978,
              "state": "passed",
              "speed": "slow",
              "pass": true,
              "fail": false,
              "pending": false,
              "context": null,
              "code": "await merchantPage.navigate();\nconst merchantType = companyData.type;\nconst affiliate = companyData.affiliate;\nconst merchantCif = companyData.cif;\nconst companyName = companyData.companyName;\n\nconst limitPackageValue = PackageEnum.VIP;\nconst businessType = BusinessCateEnum.DICH_VU_AN_UONG;\nconst chargeTypeValue = ChargeTypeEnum.MONTHLY;\nconst repesentName = companyData.repesentName;\nconst repesentDoB = companyData.repesentDoB;\nconst sex = SexEnum.MALE;\nconst representEmail = companyData.representEmail;\nconst isWhiteList = true;\nmcID = await merchantPage.createMCProfile(\n  merchantType,\n  affiliate,\n  merchantCif,\n  companyName,\n  limitPackageValue,\n  businessType,\n  chargeTypeValue,\n  repesentName,\n  repesentDoB,\n  sex,\n  representEmail,\n  isWhiteList\n);\nconst notification = await driver.wait(until.elementLocated(By.xpath('//p-toastitem')), 5000);\nconst message = await notification.getText();\nconst regExpObject = new RegExp(\"Khởi tạo đối tác thành công\");\nassert.match(message, regExpObject);\n\nawait driver.wait(until.stalenessOf(notification), 10000);",
              "err": {},
              "uuid": "7f37e154-0f32-430e-8f0b-17d94e1392d5",
              "parentUUID": "c1ddab95-01b3-46d9-87d1-41ed64ca043e",
              "isHook": false,
              "skipped": false
            },
            {
              "title": "[Happy Case] Add account successfully",
              "fullTitle": "Merchant Module Tests [Happy Case] Add account successfully",
              "timedOut": false,
              "duration": 10013,
              "state": "passed",
              "speed": "slow",
              "pass": true,
              "fail": false,
              "pending": false,
              "context": null,
              "code": "//Start add account\nconst accountSelect = companyData.account_no\nawait merchantPage.addAccountForMC(accountSelect);\n//Expected 3 account add successfully to Mc \nconst tableBody = await driver.findElement(By.css('tbody[role=\"rowgroup\"]'));\nconst rows = await tableBody.findElements(By.css('tr[role=\"row\"]'));\nassert.equal(rows.length, 3, \"Gán tài khoản thất bại\");",
              "err": {},
              "uuid": "77103881-1acd-48e0-b163-8b939cd5db2d",
              "parentUUID": "c1ddab95-01b3-46d9-87d1-41ed64ca043e",
              "isHook": false,
              "skipped": false
            },
            {
              "title": "[Happy Case] Add MC Fee successfully",
              "fullTitle": "Merchant Module Tests [Happy Case] Add MC Fee successfully",
              "timedOut": false,
              "duration": 461,
              "state": "passed",
              "speed": "slow",
              "pass": true,
              "fail": false,
              "pending": false,
              "context": null,
              "code": "var continueButton = await driver.wait(until.elementLocated(By.xpath('//*[@id=\"cdk-step-content-0-2\"]/div/button[2]')), 1000);\nawait driver.wait(until.elementIsEnabled(continueButton), 1000);\nawait driver.wait(until.elementIsVisible(continueButton), 1000);\nawait continueButton.click();\nassert.equal(1, 1, \"Gán phí Thất bại\");",
              "err": {},
              "uuid": "bc4a6583-7712-45b6-a231-423228988b25",
              "parentUUID": "c1ddab95-01b3-46d9-87d1-41ed64ca043e",
              "isHook": false,
              "skipped": false
            },
            {
              "title": "[Happy Case] Upload MC document successfully",
              "fullTitle": "Merchant Module Tests [Happy Case] Upload MC document successfully",
              "timedOut": false,
              "duration": 28130,
              "state": "passed",
              "speed": "slow",
              "pass": true,
              "fail": false,
              "pending": false,
              "context": null,
              "code": "const regExpObject = new RegExp(\"Upload file thành công\");\nlet notification;\nlet documentURL;\nlet message;\n//Upload Giấy phép đăng ký kinh doanh\ndocumentURL = '/home/unicloud/Documents/PDF example/Size_8.9MB.pdf'\nawait merchantPage.uploadDocument(DocEnum.BUSINESSLICENSE, documentURL)\nnotification = await driver.wait(until.elementLocated(By.xpath('//p-toastitem')), 5000);\nmessage = await notification.getText();\nassert.match(message, regExpObject, \"Upload Giấy phép KD thất bại\");\nawait driver.wait(until.stalenessOf(notification), 10000);\n//Upload Hợp đồng\ndocumentURL = '/home/unicloud/Pictures/Hop-dong.pdf'\nawait merchantPage.uploadDocument(DocEnum.BUSINESSCONTRACT, documentURL)\nnotification = await driver.wait(until.elementLocated(By.xpath('//p-toastitem')), 5000);\nmessage = await notification.getText();\nassert.match(message, regExpObject, \"Upload Hợp đồng thất bại\");\nawait driver.wait(until.stalenessOf(notification), 10000);\n//Upload Giấy chứng nhận đại diện hợp pháp\ndocumentURL = '/home/unicloud/Pictures/GIAY-PHEP-DKKD_001.jpg'\nawait merchantPage.uploadDocument(DocEnum.LEGALCONTRACT, documentURL)\nnotification = await driver.wait(until.elementLocated(By.xpath('//p-toastitem')), 5000);\nmessage = await notification.getText();\nassert.match(message, regExpObject, \"Upload Giấy chứng nhận đại diện thất bại\");\nawait driver.wait(until.stalenessOf(notification), 10000);\n//Upload CMND mặt trước\ndocumentURL = '/home/unicloud/Pictures/doggie_corgi-1280x600.jpg'\nawait merchantPage.uploadDocument(DocEnum.FRONTID, documentURL)\nnotification = await driver.wait(until.elementLocated(By.xpath('//p-toastitem')), 5000);\nmessage = await notification.getText();\nassert.match(message, regExpObject, \"Upload CMND mặt trước thất bại\");\nawait driver.wait(until.stalenessOf(notification), 10000);\n//Upload CMND mặt sau\ndocumentURL = '/home/unicloud/Pictures/Nengoro.full.2465602.jpg'\nawait merchantPage.uploadDocument(DocEnum.BACKID, documentURL)\nnotification = await driver.wait(until.elementLocated(By.xpath('//p-toastitem')), 5000);\nmessage = await notification.getText();\nassert.match(message, regExpObject, \"Upload CMND mặt sau thất bại\");\nawait driver.wait(until.stalenessOf(notification), 10000);\n//Upload giấy tờ khác \ndocumentURL = '/home/unicloud/Pictures/Facebook post 1.png'\nawait merchantPage.uploadDocument(DocEnum.ORTHERDOCUMENT, documentURL)\nnotification = await driver.wait(until.elementLocated(By.xpath('//p-toastitem')), 5000);\nmessage = await notification.getText();\nassert.match(message, regExpObject, \"Upload giấy tờ khác thất bại\");\nawait driver.wait(until.stalenessOf(notification), 10000);\nvar continueButton = await driver.wait(until.elementLocated(By.xpath('//*[@id=\"cdk-step-content-0-3\"]/div[2]/button[2]')), 1000);\nawait driver.wait(until.elementIsEnabled(continueButton), 1000);\nawait driver.wait(until.elementIsVisible(continueButton), 1000);\nawait continueButton.click();",
              "err": {},
              "uuid": "f764cac8-3352-498e-8247-70acd290e23b",
              "parentUUID": "c1ddab95-01b3-46d9-87d1-41ed64ca043e",
              "isHook": false,
              "skipped": false
            },
            {
              "title": "[Happy Case] Generate integration Key",
              "fullTitle": "Merchant Module Tests [Happy Case] Generate integration Key",
              "timedOut": false,
              "duration": 5156,
              "state": "passed",
              "speed": "slow",
              "pass": true,
              "fail": false,
              "pending": false,
              "context": null,
              "code": "const webhookURL = 'https://www.google.com/'\nconst retryValue = '100'\nawait merchantPage.generateIntergration(webhookURL, retryValue);\nnotification = await driver.wait(until.elementLocated(By.xpath('//p-toastitem')), 5000);\nmessage = await notification.getText();\nconst regExpObject = new RegExp(\"Success\");\nassert.match(message, regExpObject);\nawait driver.wait(until.stalenessOf(notification), 10000);",
              "err": {},
              "uuid": "90da6226-a3bf-4106-a583-e87aee8a549a",
              "parentUUID": "c1ddab95-01b3-46d9-87d1-41ed64ca043e",
              "isHook": false,
              "skipped": false
            },
            {
              "title": "[Happy Case] Reject merchant successfully",
              "fullTitle": "Merchant Module Tests [Happy Case] Reject merchant successfully",
              "timedOut": false,
              "duration": 8955,
              "state": "passed",
              "speed": "slow",
              "pass": true,
              "fail": false,
              "pending": false,
              "context": null,
              "code": "await merchantPage.navigateMerchantDetail(mcID);\nawait merchantPage.sendApproveRequest();\nconst regExpObject1 = new RegExp(\"Gửi duyệt thành công\");\nnotification1 = await driver.wait(until.elementLocated(By.xpath('//p-toastitem')), 5000);\nmessage1 = await notification1.getText();\nassert.match(message1, regExpObject1);\nawait driver.wait(until.stalenessOf(notification1), 10000);\nawait merchantPage.rejectMerchant();\nconst regExpObject = new RegExp(\"Từ chối duyệt thành công\");\nnotification = await driver.wait(until.elementLocated(By.xpath('//p-toastitem')), 5000);\nmessage = await notification.getText();\nassert.match(message, regExpObject);\nawait driver.wait(until.stalenessOf(notification), 10000);",
              "err": {},
              "uuid": "8bf4adb7-d352-419f-8962-f1de2e4d1766",
              "parentUUID": "c1ddab95-01b3-46d9-87d1-41ed64ca043e",
              "isHook": false,
              "skipped": false
            },
            {
              "title": "[Happy Case] Approve merchant successfully",
              "fullTitle": "Merchant Module Tests [Happy Case] Approve merchant successfully",
              "timedOut": false,
              "duration": 8710,
              "state": "passed",
              "speed": "slow",
              "pass": true,
              "fail": false,
              "pending": false,
              "context": null,
              "code": "await merchantPage.navigateMerchantDetail(mcID);\n    await merchantPage.sendApproveRequest();\n    const regExpObject1 = new RegExp(\"Gửi duyệt thành công\");\n    notification1 = await driver.wait(until.elementLocated(By.xpath('//p-toastitem')), 5000);\n    message1 = await notification1.getText();\n    assert.match(message1, regExpObject1);\n    await driver.wait(until.stalenessOf(notification1), 10000);\n    await merchantPage.approveMerchant();\n    const regExpObject = new RegExp(\"Duyệt thành công\");\n    notification = await driver.wait(until.elementLocated(By.xpath('//p-toastitem')), 5000);\n    message = await notification.getText();\n    assert.match(message, regExpObject);\n    await driver.wait(until.stalenessOf(notification), 10000);",
              "err": {},
              "uuid": "db225382-1249-4920-b3d1-5c5c1ff69643",
              "parentUUID": "c1ddab95-01b3-46d9-87d1-41ed64ca043e",
              "isHook": false,
              "skipped": false
            }
          ],
          "suites": [],
          "passes": [
            "7f37e154-0f32-430e-8f0b-17d94e1392d5",
            "77103881-1acd-48e0-b163-8b939cd5db2d",
            "bc4a6583-7712-45b6-a231-423228988b25",
            "f764cac8-3352-498e-8247-70acd290e23b",
            "90da6226-a3bf-4106-a583-e87aee8a549a",
            "8bf4adb7-d352-419f-8962-f1de2e4d1766",
            "db225382-1249-4920-b3d1-5c5c1ff69643"
          ],
          "failures": [],
          "pending": [],
          "skipped": [],
          "duration": 74403,
          "root": false,
          "rootEmpty": false,
          "_timeout": 0
        }
      ],
      "passes": [],
      "failures": [],
      "pending": [],
      "skipped": [],
      "duration": 0,
      "root": true,
      "rootEmpty": true,
      "_timeout": 0
    }
  ],
  "meta": {
    "mocha": {
      "version": "10.2.0"
    },
    "mochawesome": {
      "options": {
        "quiet": false,
        "reportFilename": "mochawesome",
        "saveHtml": true,
        "saveJson": true,
        "consoleReporter": "spec",
        "useInlineDiffs": false,
        "code": true
      },
      "version": "7.1.3"
    },
    "marge": {
      "options": null,
      "version": "6.2.0"
    }
  }
}