{
  "stats": {
    "suites": 3,
    "tests": 45,
    "passes": 28,
    "pending": 0,
    "failures": 17,
    "start": "2023-11-16T03:12:46.315Z",
    "end": "2023-11-16T03:16:46.785Z",
    "duration": 240470,
    "testsRegistered": 45,
    "passPercent": 62.22222222222222,
    "pendingPercent": 0,
    "other": 0,
    "hasOther": false,
    "skipped": 0,
    "hasSkipped": false
  },
  "results": [
    {
      "uuid": "046b01b6-f538-449a-975b-fd0b8bfe5f3b",
      "title": "",
      "fullFile": "",
      "file": "",
      "beforeHooks": [],
      "afterHooks": [],
      "tests": [],
      "suites": [
        {
          "uuid": "9118a1a5-3ad8-4f50-80b6-4b2b821a22de",
          "title": "Fee Module Tests",
          "fullFile": "/home/unicloud/Documents/seleniumDemo/tests/feeTest.js",
          "file": "/tests/feeTest.js",
          "beforeHooks": [
            {
              "title": "\"before all\" hook in \"Fee Module Tests\"",
              "fullTitle": "Fee Module Tests \"before all\" hook in \"Fee Module Tests\"",
              "timedOut": false,
              "duration": 6697,
              "state": null,
              "speed": null,
              "pass": false,
              "fail": false,
              "pending": false,
              "context": null,
              "code": "driver = await helper.initializeChromeDriver();\nfeePage = new FeePage(driver);\nconst loginPage = new LoginPage(driver);\nconst username = config.adminUsername;\nconst password = config.adminPassword;\nconst adminName = config.adminName;\n    \nawait loginPage.login(username, password, adminName);",
              "err": {},
              "uuid": "2d69fd9e-6d84-44c6-903a-b5479185781b",
              "parentUUID": "9118a1a5-3ad8-4f50-80b6-4b2b821a22de",
              "isHook": true,
              "skipped": false
            }
          ],
          "afterHooks": [
            {
              "title": "\"after all\" hook in \"Fee Module Tests\"",
              "fullTitle": "Fee Module Tests \"after all\" hook in \"Fee Module Tests\"",
              "timedOut": false,
              "duration": 54,
              "state": null,
              "speed": null,
              "pass": false,
              "fail": false,
              "pending": false,
              "context": null,
              "code": "await driver.quit();",
              "err": {},
              "uuid": "d8bc5337-702b-43a1-b146-ea38f2c88e27",
              "parentUUID": "9118a1a5-3ad8-4f50-80b6-4b2b821a22de",
              "isHook": true,
              "skipped": false
            }
          ],
          "tests": [
            {
              "title": "[Happy Case] Create COBO FREE FEE successfully",
              "fullTitle": "Fee Module Tests [Happy Case] Create COBO FREE FEE successfully",
              "timedOut": false,
              "duration": 6373,
              "state": "passed",
              "speed": "slow",
              "pass": true,
              "fail": false,
              "pending": false,
              "context": null,
              "code": "//Navigate to fee \nawait feePage.navigate();\nconst feeType = 'Thu hộ' \nconst vat = 10;\nconst feeMethod = 'Miễn phí'\nfeeCode = await feePage.createFee(feeType, vat, feeMethod);\nconst notification = await driver.wait(until.elementLocated(By.xpath('//p-toastitem')), 5000);\nconst message = await notification.getText();\n    \nconst regExpObject = new RegExp(\"Success\");\nassert.match(message, regExpObject);\nawait driver.wait(until.stalenessOf(notification), 10000);",
              "err": {},
              "uuid": "ac7a40cb-00d7-48be-be6e-de573e340dc7",
              "parentUUID": "9118a1a5-3ad8-4f50-80b6-4b2b821a22de",
              "isHook": false,
              "skipped": false
            },
            {
              "title": "[Happy Case] Reject COBO FREE FEE successfully",
              "fullTitle": "Fee Module Tests [Happy Case] Reject COBO FREE FEE successfully",
              "timedOut": false,
              "duration": 4762,
              "state": "passed",
              "speed": "slow",
              "pass": true,
              "fail": false,
              "pending": false,
              "context": null,
              "code": "//Navigate to fee \nawait feePage.navigateFeeDetailByCode(feeCode);\nawait feePage.rejectFee();\nconst notification = await driver.wait(until.elementLocated(By.xpath('//p-toastitem')), 5000);\nconst message = await notification.getText();\n    \nconst regExpObject = new RegExp(\"Từ chối duyệt thành công\");\nassert.match(message, regExpObject);\nawait driver.wait(until.stalenessOf(notification), 10000);",
              "err": {},
              "uuid": "b39bfce5-0a33-4b74-bef4-f91bf5f03f05",
              "parentUUID": "9118a1a5-3ad8-4f50-80b6-4b2b821a22de",
              "isHook": false,
              "skipped": false
            },
            {
              "title": "[Happy Case] Edit COBO FREE FEE successfully",
              "fullTitle": "Fee Module Tests [Happy Case] Edit COBO FREE FEE successfully",
              "timedOut": false,
              "duration": 5112,
              "state": "passed",
              "speed": "slow",
              "pass": true,
              "fail": false,
              "pending": false,
              "context": null,
              "code": "//Navigate to fee detail by code\nawait feePage.navigateFeeDetailByCode(feeCode);\nconst vat = 5;\nawait feePage.editFeeVAT(vat);\nconst notification = await driver.wait(until.elementLocated(By.xpath('//p-toastitem')), 5000);\nconst message = await notification.getText();\n    \nconst regExpObject = new RegExp(\"Success\");\nassert.match(message, regExpObject);\nawait driver.wait(until.stalenessOf(notification), 10000);",
              "err": {},
              "uuid": "0553596a-9505-4cf4-8e6d-dcd8f8df7175",
              "parentUUID": "9118a1a5-3ad8-4f50-80b6-4b2b821a22de",
              "isHook": false,
              "skipped": false
            },
            {
              "title": "[Happy Case] Approve COBO FREE FEE successfully",
              "fullTitle": "Fee Module Tests [Happy Case] Approve COBO FREE FEE successfully",
              "timedOut": false,
              "duration": 4714,
              "state": "passed",
              "speed": "slow",
              "pass": true,
              "fail": false,
              "pending": false,
              "context": null,
              "code": "//Navigate to fee detail by code\nawait feePage.navigateFeeDetailByCode(feeCode);\nawait feePage.approveFee();\nconst notification = await driver.wait(until.elementLocated(By.xpath('//p-toastitem')), 5000);\nconst message = await notification.getText();\n    \nconst regExpObject = new RegExp(\"Duyệt thành công\");\nassert.match(message, regExpObject);\nawait driver.wait(until.stalenessOf(notification), 10000);",
              "err": {},
              "uuid": "9445847d-e529-4896-9539-b69ddc83dd6d",
              "parentUUID": "9118a1a5-3ad8-4f50-80b6-4b2b821a22de",
              "isHook": false,
              "skipped": false
            },
            {
              "title": "[Happy Case] Create COBO FIXED FEE WITH PRICES successfully",
              "fullTitle": "Fee Module Tests [Happy Case] Create COBO FIXED FEE WITH PRICES successfully",
              "timedOut": false,
              "duration": 7152,
              "state": "passed",
              "speed": "slow",
              "pass": true,
              "fail": false,
              "pending": false,
              "context": null,
              "code": "//Navigate to fee \nawait feePage.navigate();\n\n//fee data \nconst feeType = 'Thu hộ' \nconst vat = 10;\nconst feeMethod = 'Phí cố định'\nconst feeRule = 'Số tiền phí cố định'\nconst value = 1500\n//Create fee\nfeeCode = await feePage.createFee(feeType, vat, feeMethod, feeRule, value);\nconst notification = await driver.wait(until.elementLocated(By.xpath('//p-toastitem')), 5000);\nconst message = await notification.getText();\n    \nconst regExpObject = new RegExp(\"Success\");\nassert.match(message, regExpObject);\nawait driver.wait(until.stalenessOf(notification), 10000);",
              "err": {},
              "uuid": "0d96313d-d9df-45f3-9b79-3e6d044a8d7b",
              "parentUUID": "9118a1a5-3ad8-4f50-80b6-4b2b821a22de",
              "isHook": false,
              "skipped": false
            },
            {
              "title": "[Happy Case] Reject COBO FIXED FEE WITH PRICES successfully",
              "fullTitle": "Fee Module Tests [Happy Case] Reject COBO FIXED FEE WITH PRICES successfully",
              "timedOut": false,
              "duration": 4806,
              "state": "passed",
              "speed": "slow",
              "pass": true,
              "fail": false,
              "pending": false,
              "context": null,
              "code": "//Navigate to fee \nawait feePage.navigateFeeDetailByCode(feeCode);\nawait feePage.rejectFee();\nconst notification = await driver.wait(until.elementLocated(By.xpath('//p-toastitem')), 5000);\nconst message = await notification.getText();\n    \nconst regExpObject = new RegExp(\"Từ chối duyệt thành công\");\nassert.match(message, regExpObject);\nawait driver.wait(until.stalenessOf(notification), 10000);",
              "err": {},
              "uuid": "7f2f455c-4d08-46ad-8e26-946624db34c5",
              "parentUUID": "9118a1a5-3ad8-4f50-80b6-4b2b821a22de",
              "isHook": false,
              "skipped": false
            },
            {
              "title": "[Happy Case] Edit COBO FIXED FEE WITH PRICES successfully",
              "fullTitle": "Fee Module Tests [Happy Case] Edit COBO FIXED FEE WITH PRICES successfully",
              "timedOut": false,
              "duration": 4960,
              "state": "passed",
              "speed": "slow",
              "pass": true,
              "fail": false,
              "pending": false,
              "context": null,
              "code": "//Navigate to fee detail by code\nawait feePage.navigateFeeDetailByCode(feeCode);\nconst vat = 5;\nawait feePage.editFeeVAT(vat);\nconst notification = await driver.wait(until.elementLocated(By.xpath('//p-toastitem')), 5000);\nconst message = await notification.getText();\n    \nconst regExpObject = new RegExp(\"Success\");\nassert.match(message, regExpObject);\nawait driver.wait(until.stalenessOf(notification), 10000);",
              "err": {},
              "uuid": "a66b91ff-22b2-418a-b591-0bfeb524bb7e",
              "parentUUID": "9118a1a5-3ad8-4f50-80b6-4b2b821a22de",
              "isHook": false,
              "skipped": false
            },
            {
              "title": "[Happy Case] Approve COBO FIXED FEE WITH PRICES successfully",
              "fullTitle": "Fee Module Tests [Happy Case] Approve COBO FIXED FEE WITH PRICES successfully",
              "timedOut": false,
              "duration": 4742,
              "state": "passed",
              "speed": "slow",
              "pass": true,
              "fail": false,
              "pending": false,
              "context": null,
              "code": "//Navigate to fee detail by code\nawait feePage.navigateFeeDetailByCode(feeCode);\nawait feePage.approveFee();\nconst notification = await driver.wait(until.elementLocated(By.xpath('//p-toastitem')), 5000);\nconst message = await notification.getText();\n    \nconst regExpObject = new RegExp(\"Duyệt thành công\");\nassert.match(message, regExpObject);\nawait driver.wait(until.stalenessOf(notification), 10000);",
              "err": {},
              "uuid": "b4e5d22c-89ed-413c-86af-50a6842e9a86",
              "parentUUID": "9118a1a5-3ad8-4f50-80b6-4b2b821a22de",
              "isHook": false,
              "skipped": false
            },
            {
              "title": "[Happy Case] Create COBO FIXED FEE WITH PERCENT successfully",
              "fullTitle": "Fee Module Tests [Happy Case] Create COBO FIXED FEE WITH PERCENT successfully",
              "timedOut": false,
              "duration": 6669,
              "state": "passed",
              "speed": "slow",
              "pass": true,
              "fail": false,
              "pending": false,
              "context": null,
              "code": "//Navigate to fee \nawait feePage.navigate();\n\n//fee data \nconst feeType = 'Thu hộ' \nconst vat = 10;\nconst feeMethod = 'Phí cố định'\nconst feeRule = 'Số tiền phí theo tỷ lệ %'\nconst value = 10\n//Create fee\nfeeCode = await feePage.createFee(feeType, vat, feeMethod, feeRule, value);\nconst notification = await driver.wait(until.elementLocated(By.xpath('//p-toastitem')), 5000);\nconst message = await notification.getText();\n    \nconst regExpObject = new RegExp(\"Success\");\nassert.match(message, regExpObject);\nawait driver.wait(until.stalenessOf(notification), 10000);",
              "err": {},
              "uuid": "b33a78db-9f91-4f34-be61-c4900c8b1c01",
              "parentUUID": "9118a1a5-3ad8-4f50-80b6-4b2b821a22de",
              "isHook": false,
              "skipped": false
            },
            {
              "title": "[Happy Case] Reject COBO FIXED FEE WITH PERCENT successfully",
              "fullTitle": "Fee Module Tests [Happy Case] Reject COBO FIXED FEE WITH PERCENT successfully",
              "timedOut": false,
              "duration": 4754,
              "state": "passed",
              "speed": "slow",
              "pass": true,
              "fail": false,
              "pending": false,
              "context": null,
              "code": "//Navigate to fee \nawait feePage.navigateFeeDetailByCode(feeCode);\nawait feePage.rejectFee();\nconst notification = await driver.wait(until.elementLocated(By.xpath('//p-toastitem')), 5000);\nconst message = await notification.getText();\n    \nconst regExpObject = new RegExp(\"Từ chối duyệt thành công\");\nassert.match(message, regExpObject);\nawait driver.wait(until.stalenessOf(notification), 10000);",
              "err": {},
              "uuid": "57f11ef2-cd84-41af-8c7a-760028948b63",
              "parentUUID": "9118a1a5-3ad8-4f50-80b6-4b2b821a22de",
              "isHook": false,
              "skipped": false
            },
            {
              "title": "[Happy Case] Edit COBO FIXED FEE WITH PERCENT successfully",
              "fullTitle": "Fee Module Tests [Happy Case] Edit COBO FIXED FEE WITH PERCENT successfully",
              "timedOut": false,
              "duration": 5134,
              "state": "passed",
              "speed": "slow",
              "pass": true,
              "fail": false,
              "pending": false,
              "context": null,
              "code": "//Navigate to fee detail by code\nawait feePage.navigateFeeDetailByCode(feeCode);\nconst vat = 5;\nawait feePage.editFeeVAT(vat);\nconst notification = await driver.wait(until.elementLocated(By.xpath('//p-toastitem')), 5000);\nconst message = await notification.getText();\n    \nconst regExpObject = new RegExp(\"Success\");\nassert.match(message, regExpObject);\nawait driver.wait(until.stalenessOf(notification), 10000);",
              "err": {},
              "uuid": "501f40eb-5558-4ba1-9bc1-6ad576f6dcb3",
              "parentUUID": "9118a1a5-3ad8-4f50-80b6-4b2b821a22de",
              "isHook": false,
              "skipped": false
            },
            {
              "title": "[Happy Case] Approve COBO FIXED FEE WITH PERCENT successfully",
              "fullTitle": "Fee Module Tests [Happy Case] Approve COBO FIXED FEE WITH PERCENT successfully",
              "timedOut": false,
              "duration": 5134,
              "state": "passed",
              "speed": "slow",
              "pass": true,
              "fail": false,
              "pending": false,
              "context": null,
              "code": "//Navigate to fee detail by code\nawait feePage.navigateFeeDetailByCode(feeCode);\nawait feePage.approveFee();\nconst notification = await driver.wait(until.elementLocated(By.xpath('//p-toastitem')), 5000);\nconst message = await notification.getText();\n    \nconst regExpObject = new RegExp(\"Duyệt thành công\");\nassert.match(message, regExpObject);\nawait driver.wait(until.stalenessOf(notification), 10000);",
              "err": {},
              "uuid": "3da02767-01a3-49a9-9fcb-ddf84f52844e",
              "parentUUID": "9118a1a5-3ad8-4f50-80b6-4b2b821a22de",
              "isHook": false,
              "skipped": false
            },
            {
              "title": "[Happy Case] Create POBO FREE FEE successfully",
              "fullTitle": "Fee Module Tests [Happy Case] Create POBO FREE FEE successfully",
              "timedOut": false,
              "duration": 6261,
              "state": "passed",
              "speed": "slow",
              "pass": true,
              "fail": false,
              "pending": false,
              "context": null,
              "code": "//Navigate to fee \nawait feePage.navigate();\nconst feeType = 'Chi hộ nội bộ' \nconst vat = 10;\nconst feeMethod = 'Miễn phí'\nfeeCode = await feePage.createFee(feeType, vat, feeMethod);\nconst notification = await driver.wait(until.elementLocated(By.xpath('//p-toastitem')), 5000);\nconst message = await notification.getText();\n    \nconst regExpObject = new RegExp(\"Success\");\nassert.match(message, regExpObject);\nawait driver.wait(until.stalenessOf(notification), 10000);",
              "err": {},
              "uuid": "bd85fd7a-e1b4-4d2b-ab91-66060df69fe0",
              "parentUUID": "9118a1a5-3ad8-4f50-80b6-4b2b821a22de",
              "isHook": false,
              "skipped": false
            },
            {
              "title": "[Happy Case] Reject POBO FREE FEE successfully",
              "fullTitle": "Fee Module Tests [Happy Case] Reject POBO FREE FEE successfully",
              "timedOut": false,
              "duration": 4633,
              "state": "passed",
              "speed": "slow",
              "pass": true,
              "fail": false,
              "pending": false,
              "context": null,
              "code": "//Navigate to fee \nawait feePage.navigateFeeDetailByCode(feeCode);\nawait feePage.rejectFee();\nconst notification = await driver.wait(until.elementLocated(By.xpath('//p-toastitem')), 5000);\nconst message = await notification.getText();\n    \nconst regExpObject = new RegExp(\"Từ chối duyệt thành công\");\nassert.match(message, regExpObject);\nawait driver.wait(until.stalenessOf(notification), 10000);",
              "err": {},
              "uuid": "a265244a-453c-4446-a6b4-d4d006c25d23",
              "parentUUID": "9118a1a5-3ad8-4f50-80b6-4b2b821a22de",
              "isHook": false,
              "skipped": false
            },
            {
              "title": "[Happy Case] Edit POBO FREE FEE successfully",
              "fullTitle": "Fee Module Tests [Happy Case] Edit POBO FREE FEE successfully",
              "timedOut": false,
              "duration": 5099,
              "state": "passed",
              "speed": "slow",
              "pass": true,
              "fail": false,
              "pending": false,
              "context": null,
              "code": "//Navigate to fee detail by code\nawait feePage.navigateFeeDetailByCode(feeCode);\nconst vat = 5;\nawait feePage.editFeeVAT(vat);\nconst notification = await driver.wait(until.elementLocated(By.xpath('//p-toastitem')), 5000);\nconst message = await notification.getText();\n    \nconst regExpObject = new RegExp(\"Success\");\nassert.match(message, regExpObject);\nawait driver.wait(until.stalenessOf(notification), 10000);",
              "err": {},
              "uuid": "5d93c7b4-3081-414f-ac3f-7e812334079f",
              "parentUUID": "9118a1a5-3ad8-4f50-80b6-4b2b821a22de",
              "isHook": false,
              "skipped": false
            },
            {
              "title": "[Happy Case] Approve POBO FREE FEE successfully",
              "fullTitle": "Fee Module Tests [Happy Case] Approve POBO FREE FEE successfully",
              "timedOut": false,
              "duration": 4739,
              "state": "passed",
              "speed": "slow",
              "pass": true,
              "fail": false,
              "pending": false,
              "context": null,
              "code": "//Navigate to fee detail by code\nawait feePage.navigateFeeDetailByCode(feeCode);\nawait feePage.approveFee();\nconst notification = await driver.wait(until.elementLocated(By.xpath('//p-toastitem')), 5000);\nconst message = await notification.getText();\n    \nconst regExpObject = new RegExp(\"Duyệt thành công\");\nassert.match(message, regExpObject);\nawait driver.wait(until.stalenessOf(notification), 10000);",
              "err": {},
              "uuid": "b5630daa-9de3-463d-bbfa-5a404fb271f9",
              "parentUUID": "9118a1a5-3ad8-4f50-80b6-4b2b821a22de",
              "isHook": false,
              "skipped": false
            },
            {
              "title": "[Happy Case] Create POBO FIXED FEE WITH PRICES successfully",
              "fullTitle": "Fee Module Tests [Happy Case] Create POBO FIXED FEE WITH PRICES successfully",
              "timedOut": false,
              "duration": 7091,
              "state": "passed",
              "speed": "slow",
              "pass": true,
              "fail": false,
              "pending": false,
              "context": null,
              "code": "//Navigate to fee \nawait feePage.navigate();\n\n//fee data \nconst feeType = 'Chi hộ nội bộ' \nconst vat = 10;\nconst feeMethod = 'Phí cố định'\nconst feeRule = 'Số tiền phí cố định'\nconst value = 1500\n//Create fee\nfeeCode = await feePage.createFee(feeType, vat, feeMethod, feeRule, value);\nconst notification = await driver.wait(until.elementLocated(By.xpath('//p-toastitem')), 5000);\nconst message = await notification.getText();\n    \nconst regExpObject = new RegExp(\"Success\");\nassert.match(message, regExpObject);\nawait driver.wait(until.stalenessOf(notification), 10000);",
              "err": {},
              "uuid": "9cd580e8-6878-44ec-ab5d-83fc3ebf8388",
              "parentUUID": "9118a1a5-3ad8-4f50-80b6-4b2b821a22de",
              "isHook": false,
              "skipped": false
            },
            {
              "title": "[Happy Case] Reject POBO FIXED FEE WITH PRICES successfully",
              "fullTitle": "Fee Module Tests [Happy Case] Reject POBO FIXED FEE WITH PRICES successfully",
              "timedOut": false,
              "duration": 4831,
              "state": "passed",
              "speed": "slow",
              "pass": true,
              "fail": false,
              "pending": false,
              "context": null,
              "code": "//Navigate to fee \nawait feePage.navigateFeeDetailByCode(feeCode);\nawait feePage.rejectFee();\nconst notification = await driver.wait(until.elementLocated(By.xpath('//p-toastitem')), 5000);\nconst message = await notification.getText();\n    \nconst regExpObject = new RegExp(\"Từ chối duyệt thành công\");\nassert.match(message, regExpObject);\nawait driver.wait(until.stalenessOf(notification), 10000);",
              "err": {},
              "uuid": "82c260eb-7806-41a6-a488-e37a66848da6",
              "parentUUID": "9118a1a5-3ad8-4f50-80b6-4b2b821a22de",
              "isHook": false,
              "skipped": false
            },
            {
              "title": "[Happy Case] Edit POBO FIXED FEE WITH PRICES successfully",
              "fullTitle": "Fee Module Tests [Happy Case] Edit POBO FIXED FEE WITH PRICES successfully",
              "timedOut": false,
              "duration": 5145,
              "state": "passed",
              "speed": "slow",
              "pass": true,
              "fail": false,
              "pending": false,
              "context": null,
              "code": "//Navigate to fee detail by code\nawait feePage.navigateFeeDetailByCode(feeCode);\nconst vat = 5;\nawait feePage.editFeeVAT(vat);\nconst notification = await driver.wait(until.elementLocated(By.xpath('//p-toastitem')), 5000);\nconst message = await notification.getText();\n    \nconst regExpObject = new RegExp(\"Success\");\nassert.match(message, regExpObject);\nawait driver.wait(until.stalenessOf(notification), 10000);",
              "err": {},
              "uuid": "79d0ed05-f49f-476b-9b00-417fd3e223a4",
              "parentUUID": "9118a1a5-3ad8-4f50-80b6-4b2b821a22de",
              "isHook": false,
              "skipped": false
            },
            {
              "title": "[Happy Case] Approve POBO FIXED FEE WITH PRICES successfully",
              "fullTitle": "Fee Module Tests [Happy Case] Approve POBO FIXED FEE WITH PRICES successfully",
              "timedOut": false,
              "duration": 4579,
              "state": "passed",
              "speed": "slow",
              "pass": true,
              "fail": false,
              "pending": false,
              "context": null,
              "code": "//Navigate to fee detail by code\nawait feePage.navigateFeeDetailByCode(feeCode);\nawait feePage.approveFee();\nconst notification = await driver.wait(until.elementLocated(By.xpath('//p-toastitem')), 5000);\nconst message = await notification.getText();\n    \nconst regExpObject = new RegExp(\"Duyệt thành công\");\nassert.match(message, regExpObject);\nawait driver.wait(until.stalenessOf(notification), 10000);",
              "err": {},
              "uuid": "92412c9f-de74-4c03-afdb-e32eee0f52bd",
              "parentUUID": "9118a1a5-3ad8-4f50-80b6-4b2b821a22de",
              "isHook": false,
              "skipped": false
            },
            {
              "title": "[Happy Case] Create POBO FIXED FEE WITH PERCENT successfully",
              "fullTitle": "Fee Module Tests [Happy Case] Create POBO FIXED FEE WITH PERCENT successfully",
              "timedOut": false,
              "duration": 7541,
              "state": "passed",
              "speed": "slow",
              "pass": true,
              "fail": false,
              "pending": false,
              "context": null,
              "code": "//Navigate to fee \nawait feePage.navigate();\n\n//fee data \nconst feeType = 'Chi hộ nội bộ' \nconst vat = 10;\nconst feeMethod = 'Phí cố định'\nconst feeRule = 'Số tiền phí theo tỷ lệ %'\nconst value = 10\n//Create fee\nfeeCode = await feePage.createFee(feeType, vat, feeMethod, feeRule, value);\nconst notification = await driver.wait(until.elementLocated(By.xpath('//p-toastitem')), 5000);\nconst message = await notification.getText();\n    \nconst regExpObject = new RegExp(\"Success\");\nassert.match(message, regExpObject);\nawait driver.wait(until.stalenessOf(notification), 10000);",
              "err": {},
              "uuid": "2d4f0d56-f07c-4d8d-891b-47709b59c151",
              "parentUUID": "9118a1a5-3ad8-4f50-80b6-4b2b821a22de",
              "isHook": false,
              "skipped": false
            },
            {
              "title": "[Happy Case] Reject POBO FIXED FEE WITH PERCENT successfully",
              "fullTitle": "Fee Module Tests [Happy Case] Reject POBO FIXED FEE WITH PERCENT successfully",
              "timedOut": false,
              "duration": 4816,
              "state": "passed",
              "speed": "slow",
              "pass": true,
              "fail": false,
              "pending": false,
              "context": null,
              "code": "//Navigate to fee \nawait feePage.navigateFeeDetailByCode(feeCode);\nawait feePage.rejectFee();\nconst notification = await driver.wait(until.elementLocated(By.xpath('//p-toastitem')), 5000);\nconst message = await notification.getText();\n    \nconst regExpObject = new RegExp(\"Từ chối duyệt thành công\");\nassert.match(message, regExpObject);\nawait driver.wait(until.stalenessOf(notification), 10000);",
              "err": {},
              "uuid": "7ba5cc02-1906-471c-8841-ca2e893a67d5",
              "parentUUID": "9118a1a5-3ad8-4f50-80b6-4b2b821a22de",
              "isHook": false,
              "skipped": false
            },
            {
              "title": "[Happy Case] Edit POBO FIXED FEE WITH PERCENT successfully",
              "fullTitle": "Fee Module Tests [Happy Case] Edit POBO FIXED FEE WITH PERCENT successfully",
              "timedOut": false,
              "duration": 5011,
              "state": "passed",
              "speed": "slow",
              "pass": true,
              "fail": false,
              "pending": false,
              "context": null,
              "code": "//Navigate to fee detail by code\nawait feePage.navigateFeeDetailByCode(feeCode);\nconst vat = 5;\nawait feePage.editFeeVAT(vat);\nconst notification = await driver.wait(until.elementLocated(By.xpath('//p-toastitem')), 5000);\nconst message = await notification.getText();\n    \nconst regExpObject = new RegExp(\"Success\");\nassert.match(message, regExpObject);\nawait driver.wait(until.stalenessOf(notification), 10000);",
              "err": {},
              "uuid": "eb01ba21-3268-463f-9283-fe8d6da5dc2a",
              "parentUUID": "9118a1a5-3ad8-4f50-80b6-4b2b821a22de",
              "isHook": false,
              "skipped": false
            },
            {
              "title": "[Happy Case] Approve POBO FIXED FEE WITH PERCENT successfully",
              "fullTitle": "Fee Module Tests [Happy Case] Approve POBO FIXED FEE WITH PERCENT successfully",
              "timedOut": false,
              "duration": 4775,
              "state": "passed",
              "speed": "slow",
              "pass": true,
              "fail": false,
              "pending": false,
              "context": null,
              "code": "//Navigate to fee detail by code\nawait feePage.navigateFeeDetailByCode(feeCode);\nawait feePage.approveFee();\nconst notification = await driver.wait(until.elementLocated(By.xpath('//p-toastitem')), 5000);\nconst message = await notification.getText();\n    \nconst regExpObject = new RegExp(\"Duyệt thành công\");\nassert.match(message, regExpObject);\nawait driver.wait(until.stalenessOf(notification), 10000);",
              "err": {},
              "uuid": "03aa55f3-b723-48a3-9330-a68e3363bea4",
              "parentUUID": "9118a1a5-3ad8-4f50-80b6-4b2b821a22de",
              "isHook": false,
              "skipped": false
            },
            {
              "title": "[Happy Case] Create POBO_INTER_BANK FREE FEE successfully",
              "fullTitle": "Fee Module Tests [Happy Case] Create POBO_INTER_BANK FREE FEE successfully",
              "timedOut": false,
              "duration": 7481,
              "state": "passed",
              "speed": "slow",
              "pass": true,
              "fail": false,
              "pending": false,
              "context": null,
              "code": "//Navigate to fee \nawait feePage.navigate();\nconst feeType = 'Chi hộ liên ngân hàng' \nconst vat = 10;\nconst feeMethod = 'Miễn phí'\nfeeCode = await feePage.createFee(feeType, vat, feeMethod);\nconst notification = await driver.wait(until.elementLocated(By.xpath('//p-toastitem')), 5000);\nconst message = await notification.getText();\n    \nconst regExpObject = new RegExp(\"Success\");\nassert.match(message, regExpObject);\nawait driver.wait(until.stalenessOf(notification), 10000);",
              "err": {},
              "uuid": "dbfd6704-a145-455b-8ec2-dd7265ef9276",
              "parentUUID": "9118a1a5-3ad8-4f50-80b6-4b2b821a22de",
              "isHook": false,
              "skipped": false
            },
            {
              "title": "[Happy Case] Reject POBO_INTER_BANK FREE FEE successfully",
              "fullTitle": "Fee Module Tests [Happy Case] Reject POBO_INTER_BANK FREE FEE successfully",
              "timedOut": false,
              "duration": 6211,
              "state": "passed",
              "speed": "slow",
              "pass": true,
              "fail": false,
              "pending": false,
              "context": null,
              "code": "//Navigate to fee \nawait feePage.navigateFeeDetailByCode(feeCode);\nawait feePage.rejectFee();\nconst notification = await driver.wait(until.elementLocated(By.xpath('//p-toastitem')), 5000);\nconst message = await notification.getText();\n    \nconst regExpObject = new RegExp(\"Từ chối duyệt thành công\");\nassert.match(message, regExpObject);\nawait driver.wait(until.stalenessOf(notification), 10000);",
              "err": {},
              "uuid": "949a2d66-f1bd-4116-a03e-75af0aa5d33f",
              "parentUUID": "9118a1a5-3ad8-4f50-80b6-4b2b821a22de",
              "isHook": false,
              "skipped": false
            },
            {
              "title": "[Happy Case] Edit POBO_INTER_BANK FREE FEE successfully",
              "fullTitle": "Fee Module Tests [Happy Case] Edit POBO_INTER_BANK FREE FEE successfully",
              "timedOut": false,
              "duration": 7170,
              "state": "failed",
              "speed": null,
              "pass": false,
              "fail": true,
              "pending": false,
              "context": null,
              "code": "//Navigate to fee detail by code\nawait feePage.navigateFeeDetailByCode(feeCode);\nconst vat = 5;\nawait feePage.editFeeVAT(vat);\nconst notification = await driver.wait(until.elementLocated(By.xpath('//p-toastitem')), 5000);\nconst message = await notification.getText();\n    \nconst regExpObject = new RegExp(\"Success\");\nassert.match(message, regExpObject);\nawait driver.wait(until.stalenessOf(notification), 10000);",
              "err": {
                "message": "ElementClickInterceptedError: element click intercepted: Element <input _ngcontent-apt-c399=\"\" matinput=\"\" class=\"mat-input-element mat-form-field-autofill-control ng-untouched ng-pristine cdk-text-field-autofill-monitored ng-star-inserted ng-valid\" type=\"text\" id=\"mat-input-57\" data-placeholder=\"Nhập % VAT\" aria-invalid=\"false\" aria-required=\"false\" placeholder=\"Nhập % VAT\"> is not clickable at point (1472, 455). Other element would receive the click: <div _ngcontent-apt-c105=\"\" class=\"ngx-spinner-overlay ng-tns-c105-9 ng-trigger ng-trigger-fadeIn ng-star-inserted ng-animating\" style=\"background-color: rgba(0, 0, 0, 0.8); z-index: 99999; position: fixed;\">...</div>\n  (Session info: chrome=119.0.6045.123)",
                "estack": "ElementClickInterceptedError: element click intercepted: Element <input _ngcontent-apt-c399=\"\" matinput=\"\" class=\"mat-input-element mat-form-field-autofill-control ng-untouched ng-pristine cdk-text-field-autofill-monitored ng-star-inserted ng-valid\" type=\"text\" id=\"mat-input-57\" data-placeholder=\"Nhập % VAT\" aria-invalid=\"false\" aria-required=\"false\" placeholder=\"Nhập % VAT\"> is not clickable at point (1472, 455). Other element would receive the click: <div _ngcontent-apt-c105=\"\" class=\"ngx-spinner-overlay ng-tns-c105-9 ng-trigger ng-trigger-fadeIn ng-star-inserted ng-animating\" style=\"background-color: rgba(0, 0, 0, 0.8); z-index: 99999; position: fixed;\">...</div>\n  (Session info: chrome=119.0.6045.123)\n    at Object.throwDecodedError (node_modules/selenium-webdriver/lib/error.js:524:15)\n    at parseHttpResponse (node_modules/selenium-webdriver/lib/http.js:601:13)\n    at Executor.execute (node_modules/selenium-webdriver/lib/http.js:529:28)\n    at process.processTicksAndRejections (node:internal/process/task_queues:95:5)\n    at async Driver.execute (node_modules/selenium-webdriver/lib/webdriver.js:745:17)\n    at async FeePage.editFeeVAT (pages/FeePage.js:199:9)\n    at async Context.<anonymous> (tests/feeTest.js:437:9)",
                "diff": null
              },
              "uuid": "b4122f15-1a82-477f-8516-0842b9dc664c",
              "parentUUID": "9118a1a5-3ad8-4f50-80b6-4b2b821a22de",
              "isHook": false,
              "skipped": false
            },
            {
              "title": "[Happy Case] Approve POBO_INTER_BANK FREE FEE successfully",
              "fullTitle": "Fee Module Tests [Happy Case] Approve POBO_INTER_BANK FREE FEE successfully",
              "timedOut": false,
              "duration": 6880,
              "state": "failed",
              "speed": null,
              "pass": false,
              "fail": true,
              "pending": false,
              "context": null,
              "code": "//Navigate to fee detail by code\nawait feePage.navigateFeeDetailByCode(feeCode);\nawait feePage.approveFee();\nconst notification = await driver.wait(until.elementLocated(By.xpath('//p-toastitem')), 5000);\nconst message = await notification.getText();\n    \nconst regExpObject = new RegExp(\"Duyệt thành công\");\nassert.match(message, regExpObject);\nawait driver.wait(until.stalenessOf(notification), 10000);",
              "err": {
                "message": "TimeoutError: Waiting for element to be located By(xpath, //button[contains(span, 'Duyệt')])\nWait timed out after 1082ms",
                "estack": "TimeoutError: Waiting for element to be located By(xpath, //button[contains(span, 'Duyệt')])\nWait timed out after 1082ms\n    at /home/unicloud/Documents/seleniumDemo/node_modules/selenium-webdriver/lib/webdriver.js:929:17\n    at process.processTicksAndRejections (node:internal/process/task_queues:95:5)",
                "diff": null
              },
              "uuid": "8ddc28e6-c34c-415b-9b65-c3471a69246a",
              "parentUUID": "9118a1a5-3ad8-4f50-80b6-4b2b821a22de",
              "isHook": false,
              "skipped": false
            },
            {
              "title": "[Happy Case] Create POBO_INTER_BANK FIXED FEE WITH PRICES successfully",
              "fullTitle": "Fee Module Tests [Happy Case] Create POBO_INTER_BANK FIXED FEE WITH PRICES successfully",
              "timedOut": false,
              "duration": 1101,
              "state": "failed",
              "speed": null,
              "pass": false,
              "fail": true,
              "pending": false,
              "context": null,
              "code": "//Navigate to fee \nawait feePage.navigate();\n\n//fee data \nconst feeType = 'Chi hộ liên ngân hàng' \nconst vat = 10;\nconst feeMethod = 'Phí cố định'\nconst feeRule = 'Số tiền phí cố định'\nconst value = 1500\n//Create fee\nfeeCode = await feePage.createFee(feeType, vat, feeMethod, feeRule, value);\nconst notification = await driver.wait(until.elementLocated(By.xpath('//p-toastitem')), 5000);\nconst message = await notification.getText();\n    \nconst regExpObject = new RegExp(\"Success\");\nassert.match(message, regExpObject);\nawait driver.wait(until.stalenessOf(notification), 10000);",
              "err": {
                "message": "ElementClickInterceptedError: element click intercepted: Element <button _ngcontent-apt-c414=\"\" mat-button=\"\" class=\"mat-focus-indicator btn-material mat-btn-add mat-button mat-button-base ng-star-inserted\" style=\"color: white;\">...</button> is not clickable at point (1805, 223). Other element would receive the click: <div _ngcontent-apt-c105=\"\" class=\"ngx-spinner-overlay ng-tns-c105-9 ng-trigger ng-trigger-fadeIn ng-star-inserted ng-animating\" style=\"background-color: rgba(0, 0, 0, 0.8); z-index: 99999; position: fixed;\">...</div>\n  (Session info: chrome=119.0.6045.123)",
                "estack": "ElementClickInterceptedError: element click intercepted: Element <button _ngcontent-apt-c414=\"\" mat-button=\"\" class=\"mat-focus-indicator btn-material mat-btn-add mat-button mat-button-base ng-star-inserted\" style=\"color: white;\">...</button> is not clickable at point (1805, 223). Other element would receive the click: <div _ngcontent-apt-c105=\"\" class=\"ngx-spinner-overlay ng-tns-c105-9 ng-trigger ng-trigger-fadeIn ng-star-inserted ng-animating\" style=\"background-color: rgba(0, 0, 0, 0.8); z-index: 99999; position: fixed;\">...</div>\n  (Session info: chrome=119.0.6045.123)\n    at Object.throwDecodedError (node_modules/selenium-webdriver/lib/error.js:524:15)\n    at parseHttpResponse (node_modules/selenium-webdriver/lib/http.js:601:13)\n    at Executor.execute (node_modules/selenium-webdriver/lib/http.js:529:28)\n    at process.processTicksAndRejections (node:internal/process/task_queues:95:5)\n    at async Driver.execute (node_modules/selenium-webdriver/lib/webdriver.js:745:17)\n    at async FeePage.createFee (pages/FeePage.js:43:9)\n    at async Context.<anonymous> (tests/feeTest.js:472:19)",
                "diff": null
              },
              "uuid": "445cb76a-0076-49db-8a90-ef6cfff61e0e",
              "parentUUID": "9118a1a5-3ad8-4f50-80b6-4b2b821a22de",
              "isHook": false,
              "skipped": false
            },
            {
              "title": "[Happy Case] Reject POBO_INTER_BANK FIXED FEE WITH PRICES successfully",
              "fullTitle": "Fee Module Tests [Happy Case] Reject POBO_INTER_BANK FIXED FEE WITH PRICES successfully",
              "timedOut": false,
              "duration": 5032,
              "state": "failed",
              "speed": null,
              "pass": false,
              "fail": true,
              "pending": false,
              "context": null,
              "code": "//Navigate to fee \nawait feePage.navigateFeeDetailByCode(feeCode);\nawait feePage.rejectFee();\nconst notification = await driver.wait(until.elementLocated(By.xpath('//p-toastitem')), 5000);\nconst message = await notification.getText();\n    \nconst regExpObject = new RegExp(\"Từ chối duyệt thành công\");\nassert.match(message, regExpObject);\nawait driver.wait(until.stalenessOf(notification), 10000);",
              "err": {
                "message": "TimeoutError: Waiting for element to be located By(xpath, //button[contains(span, 'Từ chối')])\nWait timed out after 1119ms",
                "estack": "TimeoutError: Waiting for element to be located By(xpath, //button[contains(span, 'Từ chối')])\nWait timed out after 1119ms\n    at /home/unicloud/Documents/seleniumDemo/node_modules/selenium-webdriver/lib/webdriver.js:929:17\n    at process.processTicksAndRejections (node:internal/process/task_queues:95:5)",
                "diff": null
              },
              "uuid": "d99af1f4-0126-4206-98ff-971d5285583b",
              "parentUUID": "9118a1a5-3ad8-4f50-80b6-4b2b821a22de",
              "isHook": false,
              "skipped": false
            },
            {
              "title": "[Happy Case] Edit POBO_INTER_BANK FIXED FEE WITH PRICES successfully",
              "fullTitle": "Fee Module Tests [Happy Case] Edit POBO_INTER_BANK FIXED FEE WITH PRICES successfully",
              "timedOut": false,
              "duration": 5876,
              "state": "failed",
              "speed": null,
              "pass": false,
              "fail": true,
              "pending": false,
              "context": null,
              "code": "//Navigate to fee detail by code\nawait feePage.navigateFeeDetailByCode(feeCode);\nconst vat = 5;\nawait feePage.editFeeVAT(vat);\nconst notification = await driver.wait(until.elementLocated(By.xpath('//p-toastitem')), 5000);\nconst message = await notification.getText();\n    \nconst regExpObject = new RegExp(\"Success\");\nassert.match(message, regExpObject);\nawait driver.wait(until.stalenessOf(notification), 10000);",
              "err": {
                "message": "ElementClickInterceptedError: element click intercepted: Element <input _ngcontent-apt-c399=\"\" matinput=\"\" class=\"mat-input-element mat-form-field-autofill-control ng-untouched ng-pristine cdk-text-field-autofill-monitored ng-star-inserted ng-valid\" type=\"text\" id=\"mat-input-60\" data-placeholder=\"Nhập % VAT\" aria-invalid=\"false\" aria-required=\"false\" placeholder=\"Nhập % VAT\"> is not clickable at point (1472, 455). Other element would receive the click: <div _ngcontent-apt-c105=\"\" class=\"ngx-spinner-overlay ng-tns-c105-9 ng-trigger ng-trigger-fadeIn ng-star-inserted ng-animating\" style=\"background-color: rgba(0, 0, 0, 0.8); z-index: 99999; position: fixed;\">...</div>\n  (Session info: chrome=119.0.6045.123)",
                "estack": "ElementClickInterceptedError: element click intercepted: Element <input _ngcontent-apt-c399=\"\" matinput=\"\" class=\"mat-input-element mat-form-field-autofill-control ng-untouched ng-pristine cdk-text-field-autofill-monitored ng-star-inserted ng-valid\" type=\"text\" id=\"mat-input-60\" data-placeholder=\"Nhập % VAT\" aria-invalid=\"false\" aria-required=\"false\" placeholder=\"Nhập % VAT\"> is not clickable at point (1472, 455). Other element would receive the click: <div _ngcontent-apt-c105=\"\" class=\"ngx-spinner-overlay ng-tns-c105-9 ng-trigger ng-trigger-fadeIn ng-star-inserted ng-animating\" style=\"background-color: rgba(0, 0, 0, 0.8); z-index: 99999; position: fixed;\">...</div>\n  (Session info: chrome=119.0.6045.123)\n    at Object.throwDecodedError (node_modules/selenium-webdriver/lib/error.js:524:15)\n    at parseHttpResponse (node_modules/selenium-webdriver/lib/http.js:601:13)\n    at Executor.execute (node_modules/selenium-webdriver/lib/http.js:529:28)\n    at process.processTicksAndRejections (node:internal/process/task_queues:95:5)\n    at async Driver.execute (node_modules/selenium-webdriver/lib/webdriver.js:745:17)\n    at async FeePage.editFeeVAT (pages/FeePage.js:199:9)\n    at async Context.<anonymous> (tests/feeTest.js:498:9)",
                "diff": null
              },
              "uuid": "0c787a46-e2d5-4665-bd80-aff71aafb21c",
              "parentUUID": "9118a1a5-3ad8-4f50-80b6-4b2b821a22de",
              "isHook": false,
              "skipped": false
            },
            {
              "title": "[Happy Case] Approve POBO_INTER_BANK FIXED FEE WITH PRICES successfully",
              "fullTitle": "Fee Module Tests [Happy Case] Approve POBO_INTER_BANK FIXED FEE WITH PRICES successfully",
              "timedOut": false,
              "duration": 7014,
              "state": "failed",
              "speed": null,
              "pass": false,
              "fail": true,
              "pending": false,
              "context": null,
              "code": "//Navigate to fee detail by code\nawait feePage.navigateFeeDetailByCode(feeCode);\nawait feePage.approveFee();\nconst notification = await driver.wait(until.elementLocated(By.xpath('//p-toastitem')), 5000);\nconst message = await notification.getText();\n    \nconst regExpObject = new RegExp(\"Duyệt thành công\");\nassert.match(message, regExpObject);\nawait driver.wait(until.stalenessOf(notification), 10000);",
              "err": {
                "message": "TimeoutError: Waiting for element to be located By(xpath, //button[contains(span, 'Duyệt')])\nWait timed out after 1092ms",
                "estack": "TimeoutError: Waiting for element to be located By(xpath, //button[contains(span, 'Duyệt')])\nWait timed out after 1092ms\n    at /home/unicloud/Documents/seleniumDemo/node_modules/selenium-webdriver/lib/webdriver.js:929:17\n    at process.processTicksAndRejections (node:internal/process/task_queues:95:5)",
                "diff": null
              },
              "uuid": "4e48fb52-4d1a-4a83-b8de-74af7307f46e",
              "parentUUID": "9118a1a5-3ad8-4f50-80b6-4b2b821a22de",
              "isHook": false,
              "skipped": false
            },
            {
              "title": "[Happy Case] Create POBO_INTER_BANK FIXED FEE WITH PERCENT successfully",
              "fullTitle": "Fee Module Tests [Happy Case] Create POBO_INTER_BANK FIXED FEE WITH PERCENT successfully",
              "timedOut": false,
              "duration": 1103,
              "state": "failed",
              "speed": null,
              "pass": false,
              "fail": true,
              "pending": false,
              "context": null,
              "code": "//Navigate to fee \nawait feePage.navigate();\n\n//fee data \nconst feeType = 'Chi hộ liên ngân hàng' \nconst vat = 10;\nconst feeMethod = 'Phí cố định'\nconst feeRule = 'Số tiền phí theo tỷ lệ %'\nconst value = 10\n//Create fee\nfeeCode = await feePage.createFee(feeType, vat, feeMethod, feeRule, value);\nconst notification = await driver.wait(until.elementLocated(By.xpath('//p-toastitem')), 5000);\nconst message = await notification.getText();\n    \nconst regExpObject = new RegExp(\"Success\");\nassert.match(message, regExpObject);\nawait driver.wait(until.stalenessOf(notification), 10000);",
              "err": {
                "message": "ElementClickInterceptedError: element click intercepted: Element <button _ngcontent-apt-c414=\"\" mat-button=\"\" class=\"mat-focus-indicator btn-material mat-btn-add mat-button mat-button-base ng-star-inserted\" style=\"color: white;\">...</button> is not clickable at point (1805, 223). Other element would receive the click: <div _ngcontent-apt-c105=\"\" class=\"ngx-spinner-overlay ng-tns-c105-9 ng-trigger ng-trigger-fadeIn ng-star-inserted ng-animating\" style=\"background-color: rgba(0, 0, 0, 0.8); z-index: 99999; position: fixed;\">...</div>\n  (Session info: chrome=119.0.6045.123)",
                "estack": "ElementClickInterceptedError: element click intercepted: Element <button _ngcontent-apt-c414=\"\" mat-button=\"\" class=\"mat-focus-indicator btn-material mat-btn-add mat-button mat-button-base ng-star-inserted\" style=\"color: white;\">...</button> is not clickable at point (1805, 223). Other element would receive the click: <div _ngcontent-apt-c105=\"\" class=\"ngx-spinner-overlay ng-tns-c105-9 ng-trigger ng-trigger-fadeIn ng-star-inserted ng-animating\" style=\"background-color: rgba(0, 0, 0, 0.8); z-index: 99999; position: fixed;\">...</div>\n  (Session info: chrome=119.0.6045.123)\n    at Object.throwDecodedError (node_modules/selenium-webdriver/lib/error.js:524:15)\n    at parseHttpResponse (node_modules/selenium-webdriver/lib/http.js:601:13)\n    at Executor.execute (node_modules/selenium-webdriver/lib/http.js:529:28)\n    at process.processTicksAndRejections (node:internal/process/task_queues:95:5)\n    at async Driver.execute (node_modules/selenium-webdriver/lib/webdriver.js:745:17)\n    at async FeePage.createFee (pages/FeePage.js:43:9)\n    at async Context.<anonymous> (tests/feeTest.js:534:19)",
                "diff": null
              },
              "uuid": "24689903-62a1-48f8-9c89-7d384635a8b6",
              "parentUUID": "9118a1a5-3ad8-4f50-80b6-4b2b821a22de",
              "isHook": false,
              "skipped": false
            },
            {
              "title": "[Happy Case] Reject POBO_INTER_BANK FIXED FEE WITH PERCENT successfully",
              "fullTitle": "Fee Module Tests [Happy Case] Reject POBO_INTER_BANK FIXED FEE WITH PERCENT successfully",
              "timedOut": false,
              "duration": 7991,
              "state": "failed",
              "speed": null,
              "pass": false,
              "fail": true,
              "pending": false,
              "context": null,
              "code": "//Navigate to fee \nawait feePage.navigateFeeDetailByCode(feeCode);\nawait feePage.rejectFee();\nconst notification = await driver.wait(until.elementLocated(By.xpath('//p-toastitem')), 5000);\nconst message = await notification.getText();\n    \nconst regExpObject = new RegExp(\"Từ chối duyệt thành công\");\nassert.match(message, regExpObject);\nawait driver.wait(until.stalenessOf(notification), 10000);",
              "err": {
                "message": "TimeoutError: Waiting for element to be located By(xpath, //button[contains(span, 'Từ chối')])\nWait timed out after 1097ms",
                "estack": "TimeoutError: Waiting for element to be located By(xpath, //button[contains(span, 'Từ chối')])\nWait timed out after 1097ms\n    at /home/unicloud/Documents/seleniumDemo/node_modules/selenium-webdriver/lib/webdriver.js:929:17\n    at process.processTicksAndRejections (node:internal/process/task_queues:95:5)",
                "diff": null
              },
              "uuid": "21779adf-4c09-4601-b81a-b76f781ff82c",
              "parentUUID": "9118a1a5-3ad8-4f50-80b6-4b2b821a22de",
              "isHook": false,
              "skipped": false
            },
            {
              "title": "[Happy Case] Edit POBO_INTER_BANK FIXED FEE WITH PERCENT successfully",
              "fullTitle": "Fee Module Tests [Happy Case] Edit POBO_INTER_BANK FIXED FEE WITH PERCENT successfully",
              "timedOut": false,
              "duration": 5108,
              "state": "failed",
              "speed": null,
              "pass": false,
              "fail": true,
              "pending": false,
              "context": null,
              "code": "//Navigate to fee detail by code\nawait feePage.navigateFeeDetailByCode(feeCode);\nconst vat = 5;\nawait feePage.editFeeVAT(vat);\nconst notification = await driver.wait(until.elementLocated(By.xpath('//p-toastitem')), 5000);\nconst message = await notification.getText();\n    \nconst regExpObject = new RegExp(\"Success\");\nassert.match(message, regExpObject);\nawait driver.wait(until.stalenessOf(notification), 10000);",
              "err": {
                "message": "ElementClickInterceptedError: element click intercepted: Element <input _ngcontent-apt-c399=\"\" matinput=\"\" class=\"mat-input-element mat-form-field-autofill-control ng-untouched ng-pristine cdk-text-field-autofill-monitored ng-star-inserted ng-valid\" type=\"text\" id=\"mat-input-63\" data-placeholder=\"Nhập % VAT\" aria-invalid=\"false\" aria-required=\"false\" placeholder=\"Nhập % VAT\"> is not clickable at point (1472, 455). Other element would receive the click: <div _ngcontent-apt-c105=\"\" class=\"ngx-spinner-overlay ng-tns-c105-9 ng-trigger ng-trigger-fadeIn ng-star-inserted ng-animating\" style=\"background-color: rgba(0, 0, 0, 0.8); z-index: 99999; position: fixed;\">...</div>\n  (Session info: chrome=119.0.6045.123)",
                "estack": "ElementClickInterceptedError: element click intercepted: Element <input _ngcontent-apt-c399=\"\" matinput=\"\" class=\"mat-input-element mat-form-field-autofill-control ng-untouched ng-pristine cdk-text-field-autofill-monitored ng-star-inserted ng-valid\" type=\"text\" id=\"mat-input-63\" data-placeholder=\"Nhập % VAT\" aria-invalid=\"false\" aria-required=\"false\" placeholder=\"Nhập % VAT\"> is not clickable at point (1472, 455). Other element would receive the click: <div _ngcontent-apt-c105=\"\" class=\"ngx-spinner-overlay ng-tns-c105-9 ng-trigger ng-trigger-fadeIn ng-star-inserted ng-animating\" style=\"background-color: rgba(0, 0, 0, 0.8); z-index: 99999; position: fixed;\">...</div>\n  (Session info: chrome=119.0.6045.123)\n    at Object.throwDecodedError (node_modules/selenium-webdriver/lib/error.js:524:15)\n    at parseHttpResponse (node_modules/selenium-webdriver/lib/http.js:601:13)\n    at Executor.execute (node_modules/selenium-webdriver/lib/http.js:529:28)\n    at process.processTicksAndRejections (node:internal/process/task_queues:95:5)\n    at async Driver.execute (node_modules/selenium-webdriver/lib/webdriver.js:745:17)\n    at async FeePage.editFeeVAT (pages/FeePage.js:199:9)\n    at async Context.<anonymous> (tests/feeTest.js:560:9)",
                "diff": null
              },
              "uuid": "be33a264-018a-4eb1-bd96-5690665e6996",
              "parentUUID": "9118a1a5-3ad8-4f50-80b6-4b2b821a22de",
              "isHook": false,
              "skipped": false
            },
            {
              "title": "[Happy Case] Approve POBO_INTER_BANK FIXED FEE WITH PERCENT successfully",
              "fullTitle": "Fee Module Tests [Happy Case] Approve POBO_INTER_BANK FIXED FEE WITH PERCENT successfully",
              "timedOut": false,
              "duration": 4820,
              "state": "failed",
              "speed": null,
              "pass": false,
              "fail": true,
              "pending": false,
              "context": null,
              "code": "//Navigate to fee detail by code\nawait feePage.navigateFeeDetailByCode(feeCode);\nawait feePage.approveFee();\nconst notification = await driver.wait(until.elementLocated(By.xpath('//p-toastitem')), 5000);\nconst message = await notification.getText();\n    \nconst regExpObject = new RegExp(\"Duyệt thành công\");\nassert.match(message, regExpObject);\nawait driver.wait(until.stalenessOf(notification), 10000);",
              "err": {
                "message": "TimeoutError: Waiting for element to be located By(xpath, //button[contains(span, 'Duyệt')])\nWait timed out after 1078ms",
                "estack": "TimeoutError: Waiting for element to be located By(xpath, //button[contains(span, 'Duyệt')])\nWait timed out after 1078ms\n    at /home/unicloud/Documents/seleniumDemo/node_modules/selenium-webdriver/lib/webdriver.js:929:17\n    at process.processTicksAndRejections (node:internal/process/task_queues:95:5)",
                "diff": null
              },
              "uuid": "c4b6072a-d239-4cad-b1d7-07c5a80a5819",
              "parentUUID": "9118a1a5-3ad8-4f50-80b6-4b2b821a22de",
              "isHook": false,
              "skipped": false
            }
          ],
          "suites": [],
          "passes": [
            "ac7a40cb-00d7-48be-be6e-de573e340dc7",
            "b39bfce5-0a33-4b74-bef4-f91bf5f03f05",
            "0553596a-9505-4cf4-8e6d-dcd8f8df7175",
            "9445847d-e529-4896-9539-b69ddc83dd6d",
            "0d96313d-d9df-45f3-9b79-3e6d044a8d7b",
            "7f2f455c-4d08-46ad-8e26-946624db34c5",
            "a66b91ff-22b2-418a-b591-0bfeb524bb7e",
            "b4e5d22c-89ed-413c-86af-50a6842e9a86",
            "b33a78db-9f91-4f34-be61-c4900c8b1c01",
            "57f11ef2-cd84-41af-8c7a-760028948b63",
            "501f40eb-5558-4ba1-9bc1-6ad576f6dcb3",
            "3da02767-01a3-49a9-9fcb-ddf84f52844e",
            "bd85fd7a-e1b4-4d2b-ab91-66060df69fe0",
            "a265244a-453c-4446-a6b4-d4d006c25d23",
            "5d93c7b4-3081-414f-ac3f-7e812334079f",
            "b5630daa-9de3-463d-bbfa-5a404fb271f9",
            "9cd580e8-6878-44ec-ab5d-83fc3ebf8388",
            "82c260eb-7806-41a6-a488-e37a66848da6",
            "79d0ed05-f49f-476b-9b00-417fd3e223a4",
            "92412c9f-de74-4c03-afdb-e32eee0f52bd",
            "2d4f0d56-f07c-4d8d-891b-47709b59c151",
            "7ba5cc02-1906-471c-8841-ca2e893a67d5",
            "eb01ba21-3268-463f-9283-fe8d6da5dc2a",
            "03aa55f3-b723-48a3-9330-a68e3363bea4",
            "dbfd6704-a145-455b-8ec2-dd7265ef9276",
            "949a2d66-f1bd-4116-a03e-75af0aa5d33f"
          ],
          "failures": [
            "b4122f15-1a82-477f-8516-0842b9dc664c",
            "8ddc28e6-c34c-415b-9b65-c3471a69246a",
            "445cb76a-0076-49db-8a90-ef6cfff61e0e",
            "d99af1f4-0126-4206-98ff-971d5285583b",
            "0c787a46-e2d5-4665-bd80-aff71aafb21c",
            "4e48fb52-4d1a-4a83-b8de-74af7307f46e",
            "24689903-62a1-48f8-9c89-7d384635a8b6",
            "21779adf-4c09-4601-b81a-b76f781ff82c",
            "be33a264-018a-4eb1-bd96-5690665e6996",
            "c4b6072a-d239-4cad-b1d7-07c5a80a5819"
          ],
          "pending": [],
          "skipped": [],
          "duration": 194620,
          "root": false,
          "rootEmpty": false,
          "_timeout": 0
        },
        {
          "uuid": "206283df-bd34-49f6-b0f5-a36f385e9f55",
          "title": "Login Tests",
          "fullFile": "/home/unicloud/Documents/seleniumDemo/tests/loginTest.js",
          "file": "/tests/loginTest.js",
          "beforeHooks": [
            {
              "title": "\"before each\" hook in \"Login Tests\"",
              "fullTitle": "Login Tests \"before each\" hook in \"Login Tests\"",
              "timedOut": false,
              "duration": 2760,
              "state": null,
              "speed": null,
              "pass": false,
              "fail": false,
              "pending": false,
              "context": null,
              "code": "driver = await helper.initializeChromeDriver();",
              "err": {},
              "uuid": "15a13f90-c72b-4b40-9205-457dce72bd5f",
              "parentUUID": "206283df-bd34-49f6-b0f5-a36f385e9f55",
              "isHook": true,
              "skipped": false
            }
          ],
          "afterHooks": [
            {
              "title": "\"after each\" hook in \"Login Tests\"",
              "fullTitle": "Login Tests \"after each\" hook in \"Login Tests\"",
              "timedOut": false,
              "duration": 52,
              "state": null,
              "speed": null,
              "pass": false,
              "fail": false,
              "pending": false,
              "context": null,
              "code": "await driver.quit();",
              "err": {},
              "uuid": "3b7c7881-8a12-4aaa-8d88-4ea72ff3ac44",
              "parentUUID": "206283df-bd34-49f6-b0f5-a36f385e9f55",
              "isHook": true,
              "skipped": false
            }
          ],
          "tests": [
            {
              "title": "[Happy Case] Login successfully",
              "fullTitle": "Login Tests [Happy Case] Login successfully",
              "timedOut": false,
              "duration": 2308,
              "state": "passed",
              "speed": "slow",
              "pass": true,
              "fail": false,
              "pending": false,
              "context": null,
              "code": "const loginPage = new LoginPage(driver);\n    const username = config.adminUsername;\n    const password = config.adminPassword; \n    \n    await loginPage.loginForTest(username, password);\n    await new Promise(resolve => setTimeout(resolve, 2000));\n    // Add assertions to verify successful login\n    var h4Element = await driver.wait(until.elementLocated(By.xpath(\"//div[@class='info']/h4\")), 10000);\n    const welcomeMessage = await h4Element.getText();\n    assert.equal(welcomeMessage, config.adminName);",
              "err": {},
              "uuid": "5b270a82-72a9-45fd-8a7e-475a1a178eed",
              "parentUUID": "206283df-bd34-49f6-b0f5-a36f385e9f55",
              "isHook": false,
              "skipped": false
            },
            {
              "title": "Show error on invalid login",
              "fullTitle": "Login Tests Show error on invalid login",
              "timedOut": false,
              "duration": 4147,
              "state": "passed",
              "speed": "slow",
              "pass": true,
              "fail": false,
              "pending": false,
              "context": null,
              "code": "const loginPage = new LoginPage(driver);\nconst username = 'invalid_username';\nconst password = 'invalid_password';\nawait loginPage.loginForTest(username, password);\n\nconst regExpObject = new RegExp(\"Đăng nhập không thành công, vui lòng thử lại.\");\nnotification = await driver.wait(until.elementLocated(By.xpath('//p-toastitem')), 5000);\nmessage = await notification.getText();\nassert.match(message, regExpObject);\nawait driver.wait(until.stalenessOf(notification), 10000);",
              "err": {},
              "uuid": "ffb96ac7-d25b-4b41-b2c5-4ec276a3be73",
              "parentUUID": "206283df-bd34-49f6-b0f5-a36f385e9f55",
              "isHook": false,
              "skipped": false
            }
          ],
          "suites": [],
          "passes": [
            "5b270a82-72a9-45fd-8a7e-475a1a178eed",
            "ffb96ac7-d25b-4b41-b2c5-4ec276a3be73"
          ],
          "failures": [],
          "pending": [],
          "skipped": [],
          "duration": 6455,
          "root": false,
          "rootEmpty": false,
          "_timeout": 0
        },
        {
          "uuid": "62630809-b0f5-4f07-9be4-756d197dd538",
          "title": "Merchant Module Tests",
          "fullFile": "/home/unicloud/Documents/seleniumDemo/tests/merchantTest.js",
          "file": "/tests/merchantTest.js",
          "beforeHooks": [
            {
              "title": "\"before all\" hook in \"Merchant Module Tests\"",
              "fullTitle": "Merchant Module Tests \"before all\" hook in \"Merchant Module Tests\"",
              "timedOut": false,
              "duration": 5988,
              "state": null,
              "speed": null,
              "pass": false,
              "fail": false,
              "pending": false,
              "context": null,
              "code": "driver = await helper.initializeChromeDriver();\nmerchantPage = new MerchantPage(driver);\nconst loginPage = new LoginPage(driver);\nconst username = config.adminUsername;\nconst password = config.adminPassword;\nconst adminName = config.adminName;\nawait loginPage.login(username, password, adminName);",
              "err": {},
              "uuid": "5333883b-798e-4eeb-aa43-ef355682de29",
              "parentUUID": "62630809-b0f5-4f07-9be4-756d197dd538",
              "isHook": true,
              "skipped": false
            }
          ],
          "afterHooks": [
            {
              "title": "\"after all\" hook in \"Merchant Module Tests\"",
              "fullTitle": "Merchant Module Tests \"after all\" hook in \"Merchant Module Tests\"",
              "timedOut": false,
              "duration": 51,
              "state": null,
              "speed": null,
              "pass": false,
              "fail": false,
              "pending": false,
              "context": null,
              "code": "await driver.quit();",
              "err": {},
              "uuid": "651a1097-ab64-4006-8c12-4c26528a26f5",
              "parentUUID": "62630809-b0f5-4f07-9be4-756d197dd538",
              "isHook": true,
              "skipped": false
            }
          ],
          "tests": [
            {
              "title": "[Happy Case] Create merchant successfully",
              "fullTitle": "Merchant Module Tests [Happy Case] Create merchant successfully",
              "timedOut": false,
              "duration": 3367,
              "state": "failed",
              "speed": null,
              "pass": false,
              "fail": true,
              "pending": false,
              "context": null,
              "code": "await merchantPage.navigate();\nconst merchantType = companyData.type;\nconst affiliate = companyData.affiliate;\nconst merchantCif = companyData.cif;\nconst companyName = companyData.companyName;\n\nconst limitPackageValue = PackageEnum.VIP;\nconst businessType = BusinessCateEnum.DICH_VU_AN_UONG;\nconst chargeTypeValue = ChargeTypeEnum.MONTHLY;\nconst repesentName = companyData.repesentName;\nconst repesentDoB = companyData.repesentDoB;\nconst sex = SexEnum.MALE;\nconst representEmail = companyData.representEmail;\nconst isWhiteList = true;\nmcID = await merchantPage.createMCProfile(\n  merchantType,\n  affiliate,\n  merchantCif,\n  companyName,\n  limitPackageValue,\n  businessType,\n  chargeTypeValue,\n  repesentName,\n  repesentDoB,\n  sex,\n  representEmail,\n  isWhiteList\n);\nconst notification = await driver.wait(until.elementLocated(By.xpath('//p-toastitem')), 5000);\nconst message = await notification.getText();\nconst regExpObject = new RegExp(\"Khởi tạo đối tác thành công\");\nassert.match(message, regExpObject);\n\nawait driver.wait(until.stalenessOf(notification), 10000);",
              "err": {
                "message": "ElementClickInterceptedError: element click intercepted: Element <mat-select _ngcontent-csy-c406=\"\" role=\"combobox\" aria-autocomplete=\"none\" aria-haspopup=\"true\" formcontrolname=\"affiliateId\" name=\"food\" class=\"mat-select ng-tns-c214-30 ng-tns-c149-29 mat-select-empty ng-untouched ng-pristine ng-invalid ng-star-inserted\" aria-labelledby=\"mat-form-field-label-5 mat-select-value-5\" id=\"mat-select-4\" tabindex=\"0\" aria-expanded=\"false\" aria-required=\"false\" aria-disabled=\"false\" aria-invalid=\"false\">...</mat-select> is not clickable at point (714, 528). Other element would receive the click: <div _ngcontent-csy-c105=\"\" class=\"ngx-spinner-overlay ng-tns-c105-9 ng-trigger ng-trigger-fadeIn ng-star-inserted ng-animating\" style=\"background-color: rgba(0, 0, 0, 0.8); z-index: 99999; position: fixed;\">...</div>\n  (Session info: chrome=119.0.6045.123)",
                "estack": "ElementClickInterceptedError: element click intercepted: Element <mat-select _ngcontent-csy-c406=\"\" role=\"combobox\" aria-autocomplete=\"none\" aria-haspopup=\"true\" formcontrolname=\"affiliateId\" name=\"food\" class=\"mat-select ng-tns-c214-30 ng-tns-c149-29 mat-select-empty ng-untouched ng-pristine ng-invalid ng-star-inserted\" aria-labelledby=\"mat-form-field-label-5 mat-select-value-5\" id=\"mat-select-4\" tabindex=\"0\" aria-expanded=\"false\" aria-required=\"false\" aria-disabled=\"false\" aria-invalid=\"false\">...</mat-select> is not clickable at point (714, 528). Other element would receive the click: <div _ngcontent-csy-c105=\"\" class=\"ngx-spinner-overlay ng-tns-c105-9 ng-trigger ng-trigger-fadeIn ng-star-inserted ng-animating\" style=\"background-color: rgba(0, 0, 0, 0.8); z-index: 99999; position: fixed;\">...</div>\n  (Session info: chrome=119.0.6045.123)\n    at Object.throwDecodedError (node_modules/selenium-webdriver/lib/error.js:524:15)\n    at parseHttpResponse (node_modules/selenium-webdriver/lib/http.js:601:13)\n    at Executor.execute (node_modules/selenium-webdriver/lib/http.js:529:28)\n    at process.processTicksAndRejections (node:internal/process/task_queues:95:5)\n    at async Driver.execute (node_modules/selenium-webdriver/lib/webdriver.js:745:17)\n    at async MerchantPage.createMCProfile (pages/MerchantPage.js:29:9)\n    at async Context.<anonymous> (tests/merchantTest.js:72:12)",
                "diff": null
              },
              "uuid": "9392a752-29c5-4241-9cdf-8cfc117ad82a",
              "parentUUID": "62630809-b0f5-4f07-9be4-756d197dd538",
              "isHook": false,
              "skipped": false
            },
            {
              "title": "[Happy Case] Add account successfully",
              "fullTitle": "Merchant Module Tests [Happy Case] Add account successfully",
              "timedOut": false,
              "duration": 6064,
              "state": "failed",
              "speed": null,
              "pass": false,
              "fail": true,
              "pending": false,
              "context": null,
              "code": "//Start add account\nconst accountSelect = companyData.account_no\nawait merchantPage.addAccountForMC(accountSelect);\n//Expected 3 account add successfully to Mc \nconst tableBody = await driver.findElement(By.css('tbody[role=\"rowgroup\"]'));\nconst rows = await tableBody.findElements(By.css('tr[role=\"row\"]'));\nassert.equal(rows.length, 3, \"Gán tài khoản thất bại\");",
              "err": {
                "message": "TimeoutError: Waiting for element to be located By(xpath, //button[contains(span, 'Thêm mới')])\nWait timed out after 5062ms",
                "estack": "TimeoutError: Waiting for element to be located By(xpath, //button[contains(span, 'Thêm mới')])\nWait timed out after 5062ms\n    at /home/unicloud/Documents/seleniumDemo/node_modules/selenium-webdriver/lib/webdriver.js:929:17\n    at process.processTicksAndRejections (node:internal/process/task_queues:95:5)",
                "diff": null
              },
              "uuid": "95dbc0a0-f3cc-4035-8012-433ebf5c1325",
              "parentUUID": "62630809-b0f5-4f07-9be4-756d197dd538",
              "isHook": false,
              "skipped": false
            },
            {
              "title": "[Happy Case] Add MC Fee successfully",
              "fullTitle": "Merchant Module Tests [Happy Case] Add MC Fee successfully",
              "timedOut": false,
              "duration": 1121,
              "state": "failed",
              "speed": null,
              "pass": false,
              "fail": true,
              "pending": false,
              "context": null,
              "code": "var continueButton = await driver.wait(until.elementLocated(By.xpath('//*[@id=\"cdk-step-content-0-2\"]/div/button[2]')), 1000);\nawait driver.wait(until.elementIsEnabled(continueButton), 1000);\nawait driver.wait(until.elementIsVisible(continueButton), 1000);\nawait continueButton.click();\nassert.equal(1, 1, \"Gán phí Thất bại\");",
              "err": {
                "message": "TimeoutError: Waiting until element is visible\nWait timed out after 1088ms",
                "estack": "TimeoutError: Waiting until element is visible\nWait timed out after 1088ms\n    at /home/unicloud/Documents/seleniumDemo/node_modules/selenium-webdriver/lib/webdriver.js:929:17\n    at process.processTicksAndRejections (node:internal/process/task_queues:95:5)",
                "diff": null
              },
              "uuid": "2ea8b6d7-4e21-4370-a431-3f6385b4152b",
              "parentUUID": "62630809-b0f5-4f07-9be4-756d197dd538",
              "isHook": false,
              "skipped": false
            },
            {
              "title": "[Happy Case] Upload MC document successfully",
              "fullTitle": "Merchant Module Tests [Happy Case] Upload MC document successfully",
              "timedOut": false,
              "duration": 10171,
              "state": "failed",
              "speed": null,
              "pass": false,
              "fail": true,
              "pending": false,
              "context": null,
              "code": "const regExpObject = new RegExp(\"Upload file thành công\");\nlet notification;\nlet documentURL;\nlet message;\n//Upload Giấy phép đăng ký kinh doanh\ndocumentURL = '/home/unicloud/Documents/PDF example/Size_8.9MB.pdf'\nawait merchantPage.uploadDocument(DocEnum.BUSINESSLICENSE, documentURL)\nnotification = await driver.wait(until.elementLocated(By.xpath('//p-toastitem')), 5000);\nmessage = await notification.getText();\nassert.match(message, regExpObject, \"Upload Giấy phép KD thất bại\");\nawait driver.wait(until.stalenessOf(notification), 10000);\n//Upload Hợp đồng\ndocumentURL = '/home/unicloud/Pictures/Hop-dong.pdf'\nawait merchantPage.uploadDocument(DocEnum.BUSINESSCONTRACT, documentURL)\nnotification = await driver.wait(until.elementLocated(By.xpath('//p-toastitem')), 5000);\nmessage = await notification.getText();\nassert.match(message, regExpObject, \"Upload Hợp đồng thất bại\");\nawait driver.wait(until.stalenessOf(notification), 10000);\n//Upload Giấy chứng nhận đại diện hợp pháp\ndocumentURL = '/home/unicloud/Pictures/GIAY-PHEP-DKKD_001.jpg'\nawait merchantPage.uploadDocument(DocEnum.LEGALCONTRACT, documentURL)\nnotification = await driver.wait(until.elementLocated(By.xpath('//p-toastitem')), 5000);\nmessage = await notification.getText();\nassert.match(message, regExpObject, \"Upload Giấy chứng nhận đại diện thất bại\");\nawait driver.wait(until.stalenessOf(notification), 10000);\n//Upload CMND mặt trước\ndocumentURL = '/home/unicloud/Pictures/doggie_corgi-1280x600.jpg'\nawait merchantPage.uploadDocument(DocEnum.FRONTID, documentURL)\nnotification = await driver.wait(until.elementLocated(By.xpath('//p-toastitem')), 5000);\nmessage = await notification.getText();\nassert.match(message, regExpObject, \"Upload CMND mặt trước thất bại\");\nawait driver.wait(until.stalenessOf(notification), 10000);\n//Upload CMND mặt sau\ndocumentURL = '/home/unicloud/Pictures/Nengoro.full.2465602.jpg'\nawait merchantPage.uploadDocument(DocEnum.BACKID, documentURL)\nnotification = await driver.wait(until.elementLocated(By.xpath('//p-toastitem')), 5000);\nmessage = await notification.getText();\nassert.match(message, regExpObject, \"Upload CMND mặt sau thất bại\");\nawait driver.wait(until.stalenessOf(notification), 10000);\n//Upload giấy tờ khác \ndocumentURL = '/home/unicloud/Pictures/Facebook post 1.png'\nawait merchantPage.uploadDocument(DocEnum.ORTHERDOCUMENT, documentURL)\nnotification = await driver.wait(until.elementLocated(By.xpath('//p-toastitem')), 5000);\nmessage = await notification.getText();\nassert.match(message, regExpObject, \"Upload giấy tờ khác thất bại\");\nawait driver.wait(until.stalenessOf(notification), 10000);\nvar continueButton = await driver.wait(until.elementLocated(By.xpath('//*[@id=\"cdk-step-content-0-3\"]/div[2]/button[2]')), 1000);\nawait driver.wait(until.elementIsEnabled(continueButton), 1000);\nawait driver.wait(until.elementIsVisible(continueButton), 1000);\nawait continueButton.click();",
              "err": {
                "message": "TimeoutError: Waiting for element to be located By(xpath, /html/body/app-dashboard/div/main/div[2]/ngx-spinner/div)\nWait timed out after 10140ms",
                "estack": "TimeoutError: Waiting for element to be located By(xpath, /html/body/app-dashboard/div/main/div[2]/ngx-spinner/div)\nWait timed out after 10140ms\n    at /home/unicloud/Documents/seleniumDemo/node_modules/selenium-webdriver/lib/webdriver.js:929:17\n    at process.processTicksAndRejections (node:internal/process/task_queues:95:5)",
                "diff": null
              },
              "uuid": "b0ff9d5b-32d5-4345-a00d-46ce285fa433",
              "parentUUID": "62630809-b0f5-4f07-9be4-756d197dd538",
              "isHook": false,
              "skipped": false
            },
            {
              "title": "[Happy Case] Generate integration Key",
              "fullTitle": "Merchant Module Tests [Happy Case] Generate integration Key",
              "timedOut": false,
              "duration": 26,
              "state": "failed",
              "speed": null,
              "pass": false,
              "fail": true,
              "pending": false,
              "context": null,
              "code": "const webhookURL = 'https://www.google.com/'\nconst retryValue = '100'\nawait merchantPage.generateIntergration(webhookURL, retryValue);\n\nnotification = await driver.wait(until.elementLocated(By.xpath('//p-toastitem')), 5000);\nmessage = await notification.getText();\nconst regExpObject = new RegExp(\"Success\");\nassert.match(message, regExpObject);\nawait driver.wait(until.stalenessOf(notification), 10000);",
              "err": {
                "message": "NoSuchElementError: no such element: Unable to locate element: {\"method\":\"css selector\",\"selector\":\"*[id=\"mat-input-16\"]\"}\n  (Session info: chrome=119.0.6045.123)",
                "estack": "NoSuchElementError: no such element: Unable to locate element: {\"method\":\"css selector\",\"selector\":\"*[id=\"mat-input-16\"]\"}\n  (Session info: chrome=119.0.6045.123)\n    at Object.throwDecodedError (node_modules/selenium-webdriver/lib/error.js:524:15)\n    at parseHttpResponse (node_modules/selenium-webdriver/lib/http.js:601:13)\n    at Executor.execute (node_modules/selenium-webdriver/lib/http.js:529:28)\n    at process.processTicksAndRejections (node:internal/process/task_queues:95:5)\n    at async Driver.execute (node_modules/selenium-webdriver/lib/webdriver.js:745:17)\n    at async MerchantPage.generateIntergration (pages/MerchantPage.js:260:30)\n    at async Context.<anonymous> (tests/merchantTest.js:196:5)",
                "diff": null
              },
              "uuid": "ec9ec7a2-e943-42bc-b344-07182c9d2b30",
              "parentUUID": "62630809-b0f5-4f07-9be4-756d197dd538",
              "isHook": false,
              "skipped": false
            },
            {
              "title": "[Happy Case] Reject merchant successfully",
              "fullTitle": "Merchant Module Tests [Happy Case] Reject merchant successfully",
              "timedOut": false,
              "duration": 54,
              "state": "failed",
              "speed": null,
              "pass": false,
              "fail": true,
              "pending": false,
              "context": null,
              "code": "await merchantPage.navigateMerchantDetail(mcID);\nawait merchantPage.sendApproveRequest();\nconst regExpObject1 = new RegExp(\"Gửi duyệt thành công\");\nnotification1 = await driver.wait(until.elementLocated(By.xpath('//p-toastitem')), 5000);\nmessage1 = await notification1.getText();\nassert.match(message1, regExpObject1);\nawait driver.wait(until.stalenessOf(notification1), 10000);\nawait merchantPage.rejectMerchant();\nconst regExpObject = new RegExp(\"Từ chối duyệt thành công\");\nnotification = await driver.wait(until.elementLocated(By.xpath('//p-toastitem')), 5000);\nmessage = await notification.getText();\nassert.match(message, regExpObject);\nawait driver.wait(until.stalenessOf(notification), 10000);",
              "err": {
                "message": "TypeError: each key must be a number or string; got undefined",
                "estack": "TypeError: each key must be a number or string; got undefined\n    at /home/unicloud/Documents/seleniumDemo/node_modules/selenium-webdriver/lib/webdriver.js:2775:15\n    at Array.forEach (<anonymous>)\n    at WebElement.sendKeys (node_modules/selenium-webdriver/lib/webdriver.js:2770:32)\n    at process.processTicksAndRejections (node:internal/process/task_queues:95:5)\n    at async MerchantPage.navigateMerchantDetail (pages/MerchantPage.js:305:9)\n    at async Context.<anonymous> (tests/merchantTest.js:209:5)",
                "diff": null
              },
              "uuid": "5fab77ad-057f-414c-bff0-4788ea1d244d",
              "parentUUID": "62630809-b0f5-4f07-9be4-756d197dd538",
              "isHook": false,
              "skipped": false
            },
            {
              "title": "[Happy Case] Approve merchant successfully",
              "fullTitle": "Merchant Module Tests [Happy Case] Approve merchant successfully",
              "timedOut": false,
              "duration": 17,
              "state": "failed",
              "speed": null,
              "pass": false,
              "fail": true,
              "pending": false,
              "context": null,
              "code": "await merchantPage.navigateMerchantDetail(mcID);\n    await merchantPage.sendApproveRequest();\n    const regExpObject1 = new RegExp(\"Gửi duyệt thành công\");\n    notification1 = await driver.wait(until.elementLocated(By.xpath('//p-toastitem')), 5000);\n    message1 = await notification1.getText();\n    assert.match(message1, regExpObject1);\n    await driver.wait(until.stalenessOf(notification1), 10000);\n    await merchantPage.approveMerchant();\n    const regExpObject = new RegExp(\"Duyệt thành công\");\n    notification = await driver.wait(until.elementLocated(By.xpath('//p-toastitem')), 5000);\n    message = await notification.getText();\n    assert.match(message, regExpObject);\n    await driver.wait(until.stalenessOf(notification), 10000);",
              "err": {
                "message": "TypeError: each key must be a number or string; got undefined",
                "estack": "TypeError: each key must be a number or string; got undefined\n    at /home/unicloud/Documents/seleniumDemo/node_modules/selenium-webdriver/lib/webdriver.js:2775:15\n    at Array.forEach (<anonymous>)\n    at WebElement.sendKeys (node_modules/selenium-webdriver/lib/webdriver.js:2770:32)\n    at process.processTicksAndRejections (node:internal/process/task_queues:95:5)\n    at async MerchantPage.navigateMerchantDetail (pages/MerchantPage.js:305:9)\n    at async Context.<anonymous> (tests/merchantTest.js:231:5)",
                "diff": null
              },
              "uuid": "2204c5e5-5a10-424c-8861-a5259b1e2806",
              "parentUUID": "62630809-b0f5-4f07-9be4-756d197dd538",
              "isHook": false,
              "skipped": false
            }
          ],
          "suites": [],
          "passes": [],
          "failures": [
            "9392a752-29c5-4241-9cdf-8cfc117ad82a",
            "95dbc0a0-f3cc-4035-8012-433ebf5c1325",
            "2ea8b6d7-4e21-4370-a431-3f6385b4152b",
            "b0ff9d5b-32d5-4345-a00d-46ce285fa433",
            "ec9ec7a2-e943-42bc-b344-07182c9d2b30",
            "5fab77ad-057f-414c-bff0-4788ea1d244d",
            "2204c5e5-5a10-424c-8861-a5259b1e2806"
          ],
          "pending": [],
          "skipped": [],
          "duration": 20820,
          "root": false,
          "rootEmpty": false,
          "_timeout": 0
        }
      ],
      "passes": [],
      "failures": [],
      "pending": [],
      "skipped": [],
      "duration": 0,
      "root": true,
      "rootEmpty": true,
      "_timeout": 0
    }
  ],
  "meta": {
    "mocha": {
      "version": "10.2.0"
    },
    "mochawesome": {
      "options": {
        "quiet": false,
        "reportFilename": "mochawesome",
        "saveHtml": true,
        "saveJson": true,
        "consoleReporter": "spec",
        "useInlineDiffs": false,
        "code": true
      },
      "version": "7.1.3"
    },
    "marge": {
      "options": null,
      "version": "6.2.0"
    }
  }
}