{
  "stats": {
    "suites": 3,
    "tests": 45,
    "passes": 38,
    "pending": 0,
    "failures": 7,
    "start": "2023-11-15T09:58:33.010Z",
    "end": "2023-11-15T10:02:23.290Z",
    "duration": 230280,
    "testsRegistered": 45,
    "passPercent": 84.44444444444444,
    "pendingPercent": 0,
    "other": 0,
    "hasOther": false,
    "skipped": 0,
    "hasSkipped": false
  },
  "results": [
    {
      "uuid": "83700d10-ef69-4c21-96cd-dae19951209f",
      "title": "",
      "fullFile": "",
      "file": "",
      "beforeHooks": [],
      "afterHooks": [],
      "tests": [],
      "suites": [
        {
          "uuid": "f60e0a4d-d4a7-4d8e-8c12-ec1ed131c7b0",
          "title": "Fee Module Tests",
          "fullFile": "/home/unicloud/Documents/seleniumDemo/tests/feeTest.js",
          "file": "/tests/feeTest.js",
          "beforeHooks": [
            {
              "title": "\"before all\" hook in \"Fee Module Tests\"",
              "fullTitle": "Fee Module Tests \"before all\" hook in \"Fee Module Tests\"",
              "timedOut": false,
              "duration": 6044,
              "state": null,
              "speed": null,
              "pass": false,
              "fail": false,
              "pending": false,
              "context": null,
              "code": "driver = await helper.initializeChromeDriver();\nfeePage = new FeePage(driver);\nconst loginPage = new LoginPage(driver);\nconst username = config.adminUsername;\nconst password = config.adminPassword;\nconst adminName = config.adminName;\n    \nawait loginPage.login(username, password, adminName);",
              "err": {},
              "uuid": "aa9cf80d-e9ee-4ce3-a451-2c4522c9ad80",
              "parentUUID": "f60e0a4d-d4a7-4d8e-8c12-ec1ed131c7b0",
              "isHook": true,
              "skipped": false
            }
          ],
          "afterHooks": [
            {
              "title": "\"after all\" hook in \"Fee Module Tests\"",
              "fullTitle": "Fee Module Tests \"after all\" hook in \"Fee Module Tests\"",
              "timedOut": false,
              "duration": 53,
              "state": null,
              "speed": null,
              "pass": false,
              "fail": false,
              "pending": false,
              "context": null,
              "code": "await driver.quit();",
              "err": {},
              "uuid": "95d14a06-52c9-4498-8a36-087d94a79c35",
              "parentUUID": "f60e0a4d-d4a7-4d8e-8c12-ec1ed131c7b0",
              "isHook": true,
              "skipped": false
            }
          ],
          "tests": [
            {
              "title": "[Happy Case] Create COBO FREE FEE successfully",
              "fullTitle": "Fee Module Tests [Happy Case] Create COBO FREE FEE successfully",
              "timedOut": false,
              "duration": 6148,
              "state": "passed",
              "speed": "slow",
              "pass": true,
              "fail": false,
              "pending": false,
              "context": null,
              "code": "//Navigate to fee \nawait feePage.navigate();\nconst feeType = 'Thu hộ' \nconst vat = 10;\nconst feeMethod = 'Miễn phí'\nfeeCode = await feePage.createFee(feeType, vat, feeMethod);\nconst notification = await driver.wait(until.elementLocated(By.xpath('//p-toastitem')), 5000);\nconst message = await notification.getText();\n    \nconst regExpObject = new RegExp(\"Success\");\nassert.match(message, regExpObject);\nawait driver.wait(until.stalenessOf(notification), 10000);",
              "err": {},
              "uuid": "1a80d4d2-b49c-4a4b-9084-d96423fdc908",
              "parentUUID": "f60e0a4d-d4a7-4d8e-8c12-ec1ed131c7b0",
              "isHook": false,
              "skipped": false
            },
            {
              "title": "[Happy Case] Reject COBO FREE FEE successfully",
              "fullTitle": "Fee Module Tests [Happy Case] Reject COBO FREE FEE successfully",
              "timedOut": false,
              "duration": 4589,
              "state": "passed",
              "speed": "slow",
              "pass": true,
              "fail": false,
              "pending": false,
              "context": null,
              "code": "//Navigate to fee \nawait feePage.navigateFeeDetailByCode(feeCode);\nawait feePage.rejectFee();\nconst notification = await driver.wait(until.elementLocated(By.xpath('//p-toastitem')), 5000);\nconst message = await notification.getText();\n    \nconst regExpObject = new RegExp(\"Từ chối duyệt thành công\");\nassert.match(message, regExpObject);\nawait driver.wait(until.stalenessOf(notification), 10000);",
              "err": {},
              "uuid": "1f517038-1bb6-4b94-9926-80092df7327d",
              "parentUUID": "f60e0a4d-d4a7-4d8e-8c12-ec1ed131c7b0",
              "isHook": false,
              "skipped": false
            },
            {
              "title": "[Happy Case] Edit COBO FREE FEE successfully",
              "fullTitle": "Fee Module Tests [Happy Case] Edit COBO FREE FEE successfully",
              "timedOut": false,
              "duration": 5112,
              "state": "passed",
              "speed": "slow",
              "pass": true,
              "fail": false,
              "pending": false,
              "context": null,
              "code": "//Navigate to fee detail by code\nawait feePage.navigateFeeDetailByCode(feeCode);\nconst vat = 5;\nawait feePage.editFeeVAT(vat);\nconst notification = await driver.wait(until.elementLocated(By.xpath('//p-toastitem')), 5000);\nconst message = await notification.getText();\n    \nconst regExpObject = new RegExp(\"Success\");\nassert.match(message, regExpObject);\nawait driver.wait(until.stalenessOf(notification), 10000);",
              "err": {},
              "uuid": "269c11c3-6006-4f8a-854b-1df260c7da61",
              "parentUUID": "f60e0a4d-d4a7-4d8e-8c12-ec1ed131c7b0",
              "isHook": false,
              "skipped": false
            },
            {
              "title": "[Happy Case] Approve COBO FREE FEE successfully",
              "fullTitle": "Fee Module Tests [Happy Case] Approve COBO FREE FEE successfully",
              "timedOut": false,
              "duration": 4738,
              "state": "passed",
              "speed": "slow",
              "pass": true,
              "fail": false,
              "pending": false,
              "context": null,
              "code": "//Navigate to fee detail by code\nawait feePage.navigateFeeDetailByCode(feeCode);\nawait feePage.approveFee();\nconst notification = await driver.wait(until.elementLocated(By.xpath('//p-toastitem')), 5000);\nconst message = await notification.getText();\n    \nconst regExpObject = new RegExp(\"Duyệt thành công\");\nassert.match(message, regExpObject);\nawait driver.wait(until.stalenessOf(notification), 10000);",
              "err": {},
              "uuid": "40d51f3c-ea67-45dc-adf4-10fa23c8f106",
              "parentUUID": "f60e0a4d-d4a7-4d8e-8c12-ec1ed131c7b0",
              "isHook": false,
              "skipped": false
            },
            {
              "title": "[Happy Case] Create COBO FIXED FEE WITH PRICES successfully",
              "fullTitle": "Fee Module Tests [Happy Case] Create COBO FIXED FEE WITH PRICES successfully",
              "timedOut": false,
              "duration": 6823,
              "state": "passed",
              "speed": "slow",
              "pass": true,
              "fail": false,
              "pending": false,
              "context": null,
              "code": "//Navigate to fee \nawait feePage.navigate();\n\n//fee data \nconst feeType = 'Thu hộ' \nconst vat = 10;\nconst feeMethod = 'Phí cố định'\nconst feeRule = 'Số tiền phí cố định'\nconst value = 1500\n//Create fee\nfeeCode = await feePage.createFee(feeType, vat, feeMethod, feeRule, value);\nconst notification = await driver.wait(until.elementLocated(By.xpath('//p-toastitem')), 5000);\nconst message = await notification.getText();\n    \nconst regExpObject = new RegExp(\"Success\");\nassert.match(message, regExpObject);\nawait driver.wait(until.stalenessOf(notification), 10000);",
              "err": {},
              "uuid": "65f4c003-50db-434f-9d04-685559265c7b",
              "parentUUID": "f60e0a4d-d4a7-4d8e-8c12-ec1ed131c7b0",
              "isHook": false,
              "skipped": false
            },
            {
              "title": "[Happy Case] Reject COBO FIXED FEE WITH PRICES successfully",
              "fullTitle": "Fee Module Tests [Happy Case] Reject COBO FIXED FEE WITH PRICES successfully",
              "timedOut": false,
              "duration": 4659,
              "state": "passed",
              "speed": "slow",
              "pass": true,
              "fail": false,
              "pending": false,
              "context": null,
              "code": "//Navigate to fee \nawait feePage.navigateFeeDetailByCode(feeCode);\nawait feePage.rejectFee();\nconst notification = await driver.wait(until.elementLocated(By.xpath('//p-toastitem')), 5000);\nconst message = await notification.getText();\n    \nconst regExpObject = new RegExp(\"Từ chối duyệt thành công\");\nassert.match(message, regExpObject);\nawait driver.wait(until.stalenessOf(notification), 10000);",
              "err": {},
              "uuid": "15d29501-913f-4f2f-8593-1a6017e6d166",
              "parentUUID": "f60e0a4d-d4a7-4d8e-8c12-ec1ed131c7b0",
              "isHook": false,
              "skipped": false
            },
            {
              "title": "[Happy Case] Edit COBO FIXED FEE WITH PRICES successfully",
              "fullTitle": "Fee Module Tests [Happy Case] Edit COBO FIXED FEE WITH PRICES successfully",
              "timedOut": false,
              "duration": 5262,
              "state": "passed",
              "speed": "slow",
              "pass": true,
              "fail": false,
              "pending": false,
              "context": null,
              "code": "//Navigate to fee detail by code\nawait feePage.navigateFeeDetailByCode(feeCode);\nconst vat = 5;\nawait feePage.editFeeVAT(vat);\nconst notification = await driver.wait(until.elementLocated(By.xpath('//p-toastitem')), 5000);\nconst message = await notification.getText();\n    \nconst regExpObject = new RegExp(\"Success\");\nassert.match(message, regExpObject);\nawait driver.wait(until.stalenessOf(notification), 10000);",
              "err": {},
              "uuid": "09fdaaeb-03bb-492b-9000-e8a4a8eb3aad",
              "parentUUID": "f60e0a4d-d4a7-4d8e-8c12-ec1ed131c7b0",
              "isHook": false,
              "skipped": false
            },
            {
              "title": "[Happy Case] Approve COBO FIXED FEE WITH PRICES successfully",
              "fullTitle": "Fee Module Tests [Happy Case] Approve COBO FIXED FEE WITH PRICES successfully",
              "timedOut": false,
              "duration": 4566,
              "state": "passed",
              "speed": "slow",
              "pass": true,
              "fail": false,
              "pending": false,
              "context": null,
              "code": "//Navigate to fee detail by code\nawait feePage.navigateFeeDetailByCode(feeCode);\nawait feePage.approveFee();\nconst notification = await driver.wait(until.elementLocated(By.xpath('//p-toastitem')), 5000);\nconst message = await notification.getText();\n    \nconst regExpObject = new RegExp(\"Duyệt thành công\");\nassert.match(message, regExpObject);\nawait driver.wait(until.stalenessOf(notification), 10000);",
              "err": {},
              "uuid": "92cc14ca-c63f-4d09-9f05-f90eedee0501",
              "parentUUID": "f60e0a4d-d4a7-4d8e-8c12-ec1ed131c7b0",
              "isHook": false,
              "skipped": false
            },
            {
              "title": "[Happy Case] Create COBO FIXED FEE WITH PERCENT successfully",
              "fullTitle": "Fee Module Tests [Happy Case] Create COBO FIXED FEE WITH PERCENT successfully",
              "timedOut": false,
              "duration": 5813,
              "state": "passed",
              "speed": "slow",
              "pass": true,
              "fail": false,
              "pending": false,
              "context": null,
              "code": "//Navigate to fee \nawait feePage.navigate();\n\n//fee data \nconst feeType = 'Thu hộ' \nconst vat = 10;\nconst feeMethod = 'Phí cố định'\nconst feeRule = 'Số tiền phí theo tỷ lệ %'\nconst value = 10\n//Create fee\nfeeCode = await feePage.createFee(feeType, vat, feeMethod, feeRule, value);\nconst notification = await driver.wait(until.elementLocated(By.xpath('//p-toastitem')), 5000);\nconst message = await notification.getText();\n    \nconst regExpObject = new RegExp(\"Success\");\nassert.match(message, regExpObject);\nawait driver.wait(until.stalenessOf(notification), 10000);",
              "err": {},
              "uuid": "1c8e670c-7035-4cb4-a777-2abb8803c2a1",
              "parentUUID": "f60e0a4d-d4a7-4d8e-8c12-ec1ed131c7b0",
              "isHook": false,
              "skipped": false
            },
            {
              "title": "[Happy Case] Reject COBO FIXED FEE WITH PERCENT successfully",
              "fullTitle": "Fee Module Tests [Happy Case] Reject COBO FIXED FEE WITH PERCENT successfully",
              "timedOut": false,
              "duration": 4600,
              "state": "passed",
              "speed": "slow",
              "pass": true,
              "fail": false,
              "pending": false,
              "context": null,
              "code": "//Navigate to fee \nawait feePage.navigateFeeDetailByCode(feeCode);\nawait feePage.rejectFee();\nconst notification = await driver.wait(until.elementLocated(By.xpath('//p-toastitem')), 5000);\nconst message = await notification.getText();\n    \nconst regExpObject = new RegExp(\"Từ chối duyệt thành công\");\nassert.match(message, regExpObject);\nawait driver.wait(until.stalenessOf(notification), 10000);",
              "err": {},
              "uuid": "cbbe678a-317e-411f-91b8-f7d9c8df0ce4",
              "parentUUID": "f60e0a4d-d4a7-4d8e-8c12-ec1ed131c7b0",
              "isHook": false,
              "skipped": false
            },
            {
              "title": "[Happy Case] Edit COBO FIXED FEE WITH PERCENT successfully",
              "fullTitle": "Fee Module Tests [Happy Case] Edit COBO FIXED FEE WITH PERCENT successfully",
              "timedOut": false,
              "duration": 4952,
              "state": "passed",
              "speed": "slow",
              "pass": true,
              "fail": false,
              "pending": false,
              "context": null,
              "code": "//Navigate to fee detail by code\nawait feePage.navigateFeeDetailByCode(feeCode);\nconst vat = 5;\nawait feePage.editFeeVAT(vat);\nconst notification = await driver.wait(until.elementLocated(By.xpath('//p-toastitem')), 5000);\nconst message = await notification.getText();\n    \nconst regExpObject = new RegExp(\"Success\");\nassert.match(message, regExpObject);\nawait driver.wait(until.stalenessOf(notification), 10000);",
              "err": {},
              "uuid": "49c44bd1-9cc0-4a0c-8484-e6d25fba1d74",
              "parentUUID": "f60e0a4d-d4a7-4d8e-8c12-ec1ed131c7b0",
              "isHook": false,
              "skipped": false
            },
            {
              "title": "[Happy Case] Approve COBO FIXED FEE WITH PERCENT successfully",
              "fullTitle": "Fee Module Tests [Happy Case] Approve COBO FIXED FEE WITH PERCENT successfully",
              "timedOut": false,
              "duration": 4679,
              "state": "passed",
              "speed": "slow",
              "pass": true,
              "fail": false,
              "pending": false,
              "context": null,
              "code": "//Navigate to fee detail by code\nawait feePage.navigateFeeDetailByCode(feeCode);\nawait feePage.approveFee();\nconst notification = await driver.wait(until.elementLocated(By.xpath('//p-toastitem')), 5000);\nconst message = await notification.getText();\n    \nconst regExpObject = new RegExp(\"Duyệt thành công\");\nassert.match(message, regExpObject);\nawait driver.wait(until.stalenessOf(notification), 10000);",
              "err": {},
              "uuid": "4b036657-9a88-4a59-8c3e-d054a9f6219a",
              "parentUUID": "f60e0a4d-d4a7-4d8e-8c12-ec1ed131c7b0",
              "isHook": false,
              "skipped": false
            },
            {
              "title": "[Happy Case] Create POBO FREE FEE successfully",
              "fullTitle": "Fee Module Tests [Happy Case] Create POBO FREE FEE successfully",
              "timedOut": false,
              "duration": 5539,
              "state": "passed",
              "speed": "slow",
              "pass": true,
              "fail": false,
              "pending": false,
              "context": null,
              "code": "//Navigate to fee \nawait feePage.navigate();\nconst feeType = 'Chi hộ nội bộ' \nconst vat = 10;\nconst feeMethod = 'Miễn phí'\nfeeCode = await feePage.createFee(feeType, vat, feeMethod);\nconst notification = await driver.wait(until.elementLocated(By.xpath('//p-toastitem')), 5000);\nconst message = await notification.getText();\n    \nconst regExpObject = new RegExp(\"Success\");\nassert.match(message, regExpObject);\nawait driver.wait(until.stalenessOf(notification), 10000);",
              "err": {},
              "uuid": "441c018b-c972-4c10-af14-66eff6c4dbec",
              "parentUUID": "f60e0a4d-d4a7-4d8e-8c12-ec1ed131c7b0",
              "isHook": false,
              "skipped": false
            },
            {
              "title": "[Happy Case] Reject POBO FREE FEE successfully",
              "fullTitle": "Fee Module Tests [Happy Case] Reject POBO FREE FEE successfully",
              "timedOut": false,
              "duration": 4812,
              "state": "passed",
              "speed": "slow",
              "pass": true,
              "fail": false,
              "pending": false,
              "context": null,
              "code": "//Navigate to fee \nawait feePage.navigateFeeDetailByCode(feeCode);\nawait feePage.rejectFee();\nconst notification = await driver.wait(until.elementLocated(By.xpath('//p-toastitem')), 5000);\nconst message = await notification.getText();\n    \nconst regExpObject = new RegExp(\"Từ chối duyệt thành công\");\nassert.match(message, regExpObject);\nawait driver.wait(until.stalenessOf(notification), 10000);",
              "err": {},
              "uuid": "47f088c5-fba4-497c-9773-53cd110ecb08",
              "parentUUID": "f60e0a4d-d4a7-4d8e-8c12-ec1ed131c7b0",
              "isHook": false,
              "skipped": false
            },
            {
              "title": "[Happy Case] Edit POBO FREE FEE successfully",
              "fullTitle": "Fee Module Tests [Happy Case] Edit POBO FREE FEE successfully",
              "timedOut": false,
              "duration": 5008,
              "state": "passed",
              "speed": "slow",
              "pass": true,
              "fail": false,
              "pending": false,
              "context": null,
              "code": "//Navigate to fee detail by code\nawait feePage.navigateFeeDetailByCode(feeCode);\nconst vat = 5;\nawait feePage.editFeeVAT(vat);\nconst notification = await driver.wait(until.elementLocated(By.xpath('//p-toastitem')), 5000);\nconst message = await notification.getText();\n    \nconst regExpObject = new RegExp(\"Success\");\nassert.match(message, regExpObject);\nawait driver.wait(until.stalenessOf(notification), 10000);",
              "err": {},
              "uuid": "6061b00a-b959-4819-bda5-73c5d4594b87",
              "parentUUID": "f60e0a4d-d4a7-4d8e-8c12-ec1ed131c7b0",
              "isHook": false,
              "skipped": false
            },
            {
              "title": "[Happy Case] Approve POBO FREE FEE successfully",
              "fullTitle": "Fee Module Tests [Happy Case] Approve POBO FREE FEE successfully",
              "timedOut": false,
              "duration": 4522,
              "state": "passed",
              "speed": "slow",
              "pass": true,
              "fail": false,
              "pending": false,
              "context": null,
              "code": "//Navigate to fee detail by code\nawait feePage.navigateFeeDetailByCode(feeCode);\nawait feePage.approveFee();\nconst notification = await driver.wait(until.elementLocated(By.xpath('//p-toastitem')), 5000);\nconst message = await notification.getText();\n    \nconst regExpObject = new RegExp(\"Duyệt thành công\");\nassert.match(message, regExpObject);\nawait driver.wait(until.stalenessOf(notification), 10000);",
              "err": {},
              "uuid": "3176fddc-fa5b-49a9-85f1-44f42951bf31",
              "parentUUID": "f60e0a4d-d4a7-4d8e-8c12-ec1ed131c7b0",
              "isHook": false,
              "skipped": false
            },
            {
              "title": "[Happy Case] Create POBO FIXED FEE WITH PRICES successfully",
              "fullTitle": "Fee Module Tests [Happy Case] Create POBO FIXED FEE WITH PRICES successfully",
              "timedOut": false,
              "duration": 6201,
              "state": "passed",
              "speed": "slow",
              "pass": true,
              "fail": false,
              "pending": false,
              "context": null,
              "code": "//Navigate to fee \nawait feePage.navigate();\n\n//fee data \nconst feeType = 'Chi hộ nội bộ' \nconst vat = 10;\nconst feeMethod = 'Phí cố định'\nconst feeRule = 'Số tiền phí cố định'\nconst value = 1500\n//Create fee\nfeeCode = await feePage.createFee(feeType, vat, feeMethod, feeRule, value);\nconst notification = await driver.wait(until.elementLocated(By.xpath('//p-toastitem')), 5000);\nconst message = await notification.getText();\n    \nconst regExpObject = new RegExp(\"Success\");\nassert.match(message, regExpObject);\nawait driver.wait(until.stalenessOf(notification), 10000);",
              "err": {},
              "uuid": "2be0af2a-1311-45ec-a89f-45dd9f5e51ba",
              "parentUUID": "f60e0a4d-d4a7-4d8e-8c12-ec1ed131c7b0",
              "isHook": false,
              "skipped": false
            },
            {
              "title": "[Happy Case] Reject POBO FIXED FEE WITH PRICES successfully",
              "fullTitle": "Fee Module Tests [Happy Case] Reject POBO FIXED FEE WITH PRICES successfully",
              "timedOut": false,
              "duration": 4577,
              "state": "passed",
              "speed": "slow",
              "pass": true,
              "fail": false,
              "pending": false,
              "context": null,
              "code": "//Navigate to fee \nawait feePage.navigateFeeDetailByCode(feeCode);\nawait feePage.rejectFee();\nconst notification = await driver.wait(until.elementLocated(By.xpath('//p-toastitem')), 5000);\nconst message = await notification.getText();\n    \nconst regExpObject = new RegExp(\"Từ chối duyệt thành công\");\nassert.match(message, regExpObject);\nawait driver.wait(until.stalenessOf(notification), 10000);",
              "err": {},
              "uuid": "50e4ec82-d616-47da-80d1-4ba62fa11b4d",
              "parentUUID": "f60e0a4d-d4a7-4d8e-8c12-ec1ed131c7b0",
              "isHook": false,
              "skipped": false
            },
            {
              "title": "[Happy Case] Edit POBO FIXED FEE WITH PRICES successfully",
              "fullTitle": "Fee Module Tests [Happy Case] Edit POBO FIXED FEE WITH PRICES successfully",
              "timedOut": false,
              "duration": 4985,
              "state": "passed",
              "speed": "slow",
              "pass": true,
              "fail": false,
              "pending": false,
              "context": null,
              "code": "//Navigate to fee detail by code\nawait feePage.navigateFeeDetailByCode(feeCode);\nconst vat = 5;\nawait feePage.editFeeVAT(vat);\nconst notification = await driver.wait(until.elementLocated(By.xpath('//p-toastitem')), 5000);\nconst message = await notification.getText();\n    \nconst regExpObject = new RegExp(\"Success\");\nassert.match(message, regExpObject);\nawait driver.wait(until.stalenessOf(notification), 10000);",
              "err": {},
              "uuid": "821ca1fd-f9e7-4dc8-8702-553d1df6eb82",
              "parentUUID": "f60e0a4d-d4a7-4d8e-8c12-ec1ed131c7b0",
              "isHook": false,
              "skipped": false
            },
            {
              "title": "[Happy Case] Approve POBO FIXED FEE WITH PRICES successfully",
              "fullTitle": "Fee Module Tests [Happy Case] Approve POBO FIXED FEE WITH PRICES successfully",
              "timedOut": false,
              "duration": 4472,
              "state": "passed",
              "speed": "slow",
              "pass": true,
              "fail": false,
              "pending": false,
              "context": null,
              "code": "//Navigate to fee detail by code\nawait feePage.navigateFeeDetailByCode(feeCode);\nawait feePage.approveFee();\nconst notification = await driver.wait(until.elementLocated(By.xpath('//p-toastitem')), 5000);\nconst message = await notification.getText();\n    \nconst regExpObject = new RegExp(\"Duyệt thành công\");\nassert.match(message, regExpObject);\nawait driver.wait(until.stalenessOf(notification), 10000);",
              "err": {},
              "uuid": "583fe5e2-cf5b-4f17-b3b4-9bbafb26f532",
              "parentUUID": "f60e0a4d-d4a7-4d8e-8c12-ec1ed131c7b0",
              "isHook": false,
              "skipped": false
            },
            {
              "title": "[Happy Case] Create POBO FIXED FEE WITH PERCENT successfully",
              "fullTitle": "Fee Module Tests [Happy Case] Create POBO FIXED FEE WITH PERCENT successfully",
              "timedOut": false,
              "duration": 5623,
              "state": "passed",
              "speed": "slow",
              "pass": true,
              "fail": false,
              "pending": false,
              "context": null,
              "code": "//Navigate to fee \nawait feePage.navigate();\n\n//fee data \nconst feeType = 'Chi hộ nội bộ' \nconst vat = 10;\nconst feeMethod = 'Phí cố định'\nconst feeRule = 'Số tiền phí theo tỷ lệ %'\nconst value = 10\n//Create fee\nfeeCode = await feePage.createFee(feeType, vat, feeMethod, feeRule, value);\nconst notification = await driver.wait(until.elementLocated(By.xpath('//p-toastitem')), 5000);\nconst message = await notification.getText();\n    \nconst regExpObject = new RegExp(\"Success\");\nassert.match(message, regExpObject);\nawait driver.wait(until.stalenessOf(notification), 10000);",
              "err": {},
              "uuid": "cb2fab48-c887-4da8-8d3e-d2cb54442b4f",
              "parentUUID": "f60e0a4d-d4a7-4d8e-8c12-ec1ed131c7b0",
              "isHook": false,
              "skipped": false
            },
            {
              "title": "[Happy Case] Reject POBO FIXED FEE WITH PERCENT successfully",
              "fullTitle": "Fee Module Tests [Happy Case] Reject POBO FIXED FEE WITH PERCENT successfully",
              "timedOut": false,
              "duration": 4575,
              "state": "passed",
              "speed": "slow",
              "pass": true,
              "fail": false,
              "pending": false,
              "context": null,
              "code": "//Navigate to fee \nawait feePage.navigateFeeDetailByCode(feeCode);\nawait feePage.rejectFee();\nconst notification = await driver.wait(until.elementLocated(By.xpath('//p-toastitem')), 5000);\nconst message = await notification.getText();\n    \nconst regExpObject = new RegExp(\"Từ chối duyệt thành công\");\nassert.match(message, regExpObject);\nawait driver.wait(until.stalenessOf(notification), 10000);",
              "err": {},
              "uuid": "f96ea9d0-297c-4efc-974b-ec594cca28f6",
              "parentUUID": "f60e0a4d-d4a7-4d8e-8c12-ec1ed131c7b0",
              "isHook": false,
              "skipped": false
            },
            {
              "title": "[Happy Case] Edit POBO FIXED FEE WITH PERCENT successfully",
              "fullTitle": "Fee Module Tests [Happy Case] Edit POBO FIXED FEE WITH PERCENT successfully",
              "timedOut": false,
              "duration": 5058,
              "state": "passed",
              "speed": "slow",
              "pass": true,
              "fail": false,
              "pending": false,
              "context": null,
              "code": "//Navigate to fee detail by code\nawait feePage.navigateFeeDetailByCode(feeCode);\nconst vat = 5;\nawait feePage.editFeeVAT(vat);\nconst notification = await driver.wait(until.elementLocated(By.xpath('//p-toastitem')), 5000);\nconst message = await notification.getText();\n    \nconst regExpObject = new RegExp(\"Success\");\nassert.match(message, regExpObject);\nawait driver.wait(until.stalenessOf(notification), 10000);",
              "err": {},
              "uuid": "04c7e9c7-0591-45ac-84f5-a2a4f79e9151",
              "parentUUID": "f60e0a4d-d4a7-4d8e-8c12-ec1ed131c7b0",
              "isHook": false,
              "skipped": false
            },
            {
              "title": "[Happy Case] Approve POBO FIXED FEE WITH PERCENT successfully",
              "fullTitle": "Fee Module Tests [Happy Case] Approve POBO FIXED FEE WITH PERCENT successfully",
              "timedOut": false,
              "duration": 4565,
              "state": "passed",
              "speed": "slow",
              "pass": true,
              "fail": false,
              "pending": false,
              "context": null,
              "code": "//Navigate to fee detail by code\nawait feePage.navigateFeeDetailByCode(feeCode);\nawait feePage.approveFee();\nconst notification = await driver.wait(until.elementLocated(By.xpath('//p-toastitem')), 5000);\nconst message = await notification.getText();\n    \nconst regExpObject = new RegExp(\"Duyệt thành công\");\nassert.match(message, regExpObject);\nawait driver.wait(until.stalenessOf(notification), 10000);",
              "err": {},
              "uuid": "a5035a7c-26df-4bfa-94eb-69eb82d4be8b",
              "parentUUID": "f60e0a4d-d4a7-4d8e-8c12-ec1ed131c7b0",
              "isHook": false,
              "skipped": false
            },
            {
              "title": "[Happy Case] Create POBO_INTER_BANK FREE FEE successfully",
              "fullTitle": "Fee Module Tests [Happy Case] Create POBO_INTER_BANK FREE FEE successfully",
              "timedOut": false,
              "duration": 5871,
              "state": "passed",
              "speed": "slow",
              "pass": true,
              "fail": false,
              "pending": false,
              "context": null,
              "code": "//Navigate to fee \nawait feePage.navigate();\nconst feeType = 'Chi hộ liên ngân hàng' \nconst vat = 10;\nconst feeMethod = 'Miễn phí'\nfeeCode = await feePage.createFee(feeType, vat, feeMethod);\nconst notification = await driver.wait(until.elementLocated(By.xpath('//p-toastitem')), 5000);\nconst message = await notification.getText();\n    \nconst regExpObject = new RegExp(\"Success\");\nassert.match(message, regExpObject);\nawait driver.wait(until.stalenessOf(notification), 10000);",
              "err": {},
              "uuid": "30754d91-4044-4d70-9e24-032f149d8a8f",
              "parentUUID": "f60e0a4d-d4a7-4d8e-8c12-ec1ed131c7b0",
              "isHook": false,
              "skipped": false
            },
            {
              "title": "[Happy Case] Reject POBO_INTER_BANK FREE FEE successfully",
              "fullTitle": "Fee Module Tests [Happy Case] Reject POBO_INTER_BANK FREE FEE successfully",
              "timedOut": false,
              "duration": 4603,
              "state": "passed",
              "speed": "slow",
              "pass": true,
              "fail": false,
              "pending": false,
              "context": null,
              "code": "//Navigate to fee \nawait feePage.navigateFeeDetailByCode(feeCode);\nawait feePage.rejectFee();\nconst notification = await driver.wait(until.elementLocated(By.xpath('//p-toastitem')), 5000);\nconst message = await notification.getText();\n    \nconst regExpObject = new RegExp(\"Từ chối duyệt thành công\");\nassert.match(message, regExpObject);\nawait driver.wait(until.stalenessOf(notification), 10000);",
              "err": {},
              "uuid": "15f33ee3-1def-471a-9237-924f1bbbc442",
              "parentUUID": "f60e0a4d-d4a7-4d8e-8c12-ec1ed131c7b0",
              "isHook": false,
              "skipped": false
            },
            {
              "title": "[Happy Case] Edit POBO_INTER_BANK FREE FEE successfully",
              "fullTitle": "Fee Module Tests [Happy Case] Edit POBO_INTER_BANK FREE FEE successfully",
              "timedOut": false,
              "duration": 4994,
              "state": "passed",
              "speed": "slow",
              "pass": true,
              "fail": false,
              "pending": false,
              "context": null,
              "code": "//Navigate to fee detail by code\nawait feePage.navigateFeeDetailByCode(feeCode);\nconst vat = 5;\nawait feePage.editFeeVAT(vat);\nconst notification = await driver.wait(until.elementLocated(By.xpath('//p-toastitem')), 5000);\nconst message = await notification.getText();\n    \nconst regExpObject = new RegExp(\"Success\");\nassert.match(message, regExpObject);\nawait driver.wait(until.stalenessOf(notification), 10000);",
              "err": {},
              "uuid": "098a958c-11d0-48f4-b18b-1803b3412a32",
              "parentUUID": "f60e0a4d-d4a7-4d8e-8c12-ec1ed131c7b0",
              "isHook": false,
              "skipped": false
            },
            {
              "title": "[Happy Case] Approve POBO_INTER_BANK FREE FEE successfully",
              "fullTitle": "Fee Module Tests [Happy Case] Approve POBO_INTER_BANK FREE FEE successfully",
              "timedOut": false,
              "duration": 4545,
              "state": "passed",
              "speed": "slow",
              "pass": true,
              "fail": false,
              "pending": false,
              "context": null,
              "code": "//Navigate to fee detail by code\nawait feePage.navigateFeeDetailByCode(feeCode);\nawait feePage.approveFee();\nconst notification = await driver.wait(until.elementLocated(By.xpath('//p-toastitem')), 5000);\nconst message = await notification.getText();\n    \nconst regExpObject = new RegExp(\"Duyệt thành công\");\nassert.match(message, regExpObject);\nawait driver.wait(until.stalenessOf(notification), 10000);",
              "err": {},
              "uuid": "8b570066-fa88-4841-84c5-0b3d870c8a09",
              "parentUUID": "f60e0a4d-d4a7-4d8e-8c12-ec1ed131c7b0",
              "isHook": false,
              "skipped": false
            },
            {
              "title": "[Happy Case] Create POBO_INTER_BANK FIXED FEE WITH PRICES successfully",
              "fullTitle": "Fee Module Tests [Happy Case] Create POBO_INTER_BANK FIXED FEE WITH PRICES successfully",
              "timedOut": false,
              "duration": 7514,
              "state": "passed",
              "speed": "slow",
              "pass": true,
              "fail": false,
              "pending": false,
              "context": null,
              "code": "//Navigate to fee \nawait feePage.navigate();\n\n//fee data \nconst feeType = 'Chi hộ liên ngân hàng' \nconst vat = 10;\nconst feeMethod = 'Phí cố định'\nconst feeRule = 'Số tiền phí cố định'\nconst value = 1500\n//Create fee\nfeeCode = await feePage.createFee(feeType, vat, feeMethod, feeRule, value);\nconst notification = await driver.wait(until.elementLocated(By.xpath('//p-toastitem')), 5000);\nconst message = await notification.getText();\n    \nconst regExpObject = new RegExp(\"Success\");\nassert.match(message, regExpObject);\nawait driver.wait(until.stalenessOf(notification), 10000);",
              "err": {},
              "uuid": "66c8d13d-1496-45e8-b7bf-5a23b3e62e77",
              "parentUUID": "f60e0a4d-d4a7-4d8e-8c12-ec1ed131c7b0",
              "isHook": false,
              "skipped": false
            },
            {
              "title": "[Happy Case] Reject POBO_INTER_BANK FIXED FEE WITH PRICES successfully",
              "fullTitle": "Fee Module Tests [Happy Case] Reject POBO_INTER_BANK FIXED FEE WITH PRICES successfully",
              "timedOut": false,
              "duration": 4607,
              "state": "passed",
              "speed": "slow",
              "pass": true,
              "fail": false,
              "pending": false,
              "context": null,
              "code": "//Navigate to fee \nawait feePage.navigateFeeDetailByCode(feeCode);\nawait feePage.rejectFee();\nconst notification = await driver.wait(until.elementLocated(By.xpath('//p-toastitem')), 5000);\nconst message = await notification.getText();\n    \nconst regExpObject = new RegExp(\"Từ chối duyệt thành công\");\nassert.match(message, regExpObject);\nawait driver.wait(until.stalenessOf(notification), 10000);",
              "err": {},
              "uuid": "8125eb78-3f08-4d96-aec1-37860edd9b52",
              "parentUUID": "f60e0a4d-d4a7-4d8e-8c12-ec1ed131c7b0",
              "isHook": false,
              "skipped": false
            },
            {
              "title": "[Happy Case] Edit POBO_INTER_BANK FIXED FEE WITH PRICES successfully",
              "fullTitle": "Fee Module Tests [Happy Case] Edit POBO_INTER_BANK FIXED FEE WITH PRICES successfully",
              "timedOut": false,
              "duration": 5016,
              "state": "passed",
              "speed": "slow",
              "pass": true,
              "fail": false,
              "pending": false,
              "context": null,
              "code": "//Navigate to fee detail by code\nawait feePage.navigateFeeDetailByCode(feeCode);\nconst vat = 5;\nawait feePage.editFeeVAT(vat);\nconst notification = await driver.wait(until.elementLocated(By.xpath('//p-toastitem')), 5000);\nconst message = await notification.getText();\n    \nconst regExpObject = new RegExp(\"Success\");\nassert.match(message, regExpObject);\nawait driver.wait(until.stalenessOf(notification), 10000);",
              "err": {},
              "uuid": "ec8291ca-3133-485f-8b4e-fec870df1561",
              "parentUUID": "f60e0a4d-d4a7-4d8e-8c12-ec1ed131c7b0",
              "isHook": false,
              "skipped": false
            },
            {
              "title": "[Happy Case] Approve POBO_INTER_BANK FIXED FEE WITH PRICES successfully",
              "fullTitle": "Fee Module Tests [Happy Case] Approve POBO_INTER_BANK FIXED FEE WITH PRICES successfully",
              "timedOut": false,
              "duration": 4567,
              "state": "passed",
              "speed": "slow",
              "pass": true,
              "fail": false,
              "pending": false,
              "context": null,
              "code": "//Navigate to fee detail by code\nawait feePage.navigateFeeDetailByCode(feeCode);\nawait feePage.approveFee();\nconst notification = await driver.wait(until.elementLocated(By.xpath('//p-toastitem')), 5000);\nconst message = await notification.getText();\n    \nconst regExpObject = new RegExp(\"Duyệt thành công\");\nassert.match(message, regExpObject);\nawait driver.wait(until.stalenessOf(notification), 10000);",
              "err": {},
              "uuid": "50611b11-f509-4d56-b2f9-36c119a5caf2",
              "parentUUID": "f60e0a4d-d4a7-4d8e-8c12-ec1ed131c7b0",
              "isHook": false,
              "skipped": false
            },
            {
              "title": "[Happy Case] Create POBO_INTER_BANK FIXED FEE WITH PERCENT successfully",
              "fullTitle": "Fee Module Tests [Happy Case] Create POBO_INTER_BANK FIXED FEE WITH PERCENT successfully",
              "timedOut": false,
              "duration": 5741,
              "state": "passed",
              "speed": "slow",
              "pass": true,
              "fail": false,
              "pending": false,
              "context": null,
              "code": "//Navigate to fee \nawait feePage.navigate();\n\n//fee data \nconst feeType = 'Chi hộ liên ngân hàng' \nconst vat = 10;\nconst feeMethod = 'Phí cố định'\nconst feeRule = 'Số tiền phí theo tỷ lệ %'\nconst value = 10\n//Create fee\nfeeCode = await feePage.createFee(feeType, vat, feeMethod, feeRule, value);\nconst notification = await driver.wait(until.elementLocated(By.xpath('//p-toastitem')), 5000);\nconst message = await notification.getText();\n    \nconst regExpObject = new RegExp(\"Success\");\nassert.match(message, regExpObject);\nawait driver.wait(until.stalenessOf(notification), 10000);",
              "err": {},
              "uuid": "8358d70d-ca9f-4c05-bd26-8a86f38ae608",
              "parentUUID": "f60e0a4d-d4a7-4d8e-8c12-ec1ed131c7b0",
              "isHook": false,
              "skipped": false
            },
            {
              "title": "[Happy Case] Reject POBO_INTER_BANK FIXED FEE WITH PERCENT successfully",
              "fullTitle": "Fee Module Tests [Happy Case] Reject POBO_INTER_BANK FIXED FEE WITH PERCENT successfully",
              "timedOut": false,
              "duration": 4561,
              "state": "passed",
              "speed": "slow",
              "pass": true,
              "fail": false,
              "pending": false,
              "context": null,
              "code": "//Navigate to fee \nawait feePage.navigateFeeDetailByCode(feeCode);\nawait feePage.rejectFee();\nconst notification = await driver.wait(until.elementLocated(By.xpath('//p-toastitem')), 5000);\nconst message = await notification.getText();\n    \nconst regExpObject = new RegExp(\"Từ chối duyệt thành công\");\nassert.match(message, regExpObject);\nawait driver.wait(until.stalenessOf(notification), 10000);",
              "err": {},
              "uuid": "0e335070-b76a-4bc6-ba00-9c6546c12267",
              "parentUUID": "f60e0a4d-d4a7-4d8e-8c12-ec1ed131c7b0",
              "isHook": false,
              "skipped": false
            },
            {
              "title": "[Happy Case] Edit POBO_INTER_BANK FIXED FEE WITH PERCENT successfully",
              "fullTitle": "Fee Module Tests [Happy Case] Edit POBO_INTER_BANK FIXED FEE WITH PERCENT successfully",
              "timedOut": false,
              "duration": 5085,
              "state": "passed",
              "speed": "slow",
              "pass": true,
              "fail": false,
              "pending": false,
              "context": null,
              "code": "//Navigate to fee detail by code\nawait feePage.navigateFeeDetailByCode(feeCode);\nconst vat = 5;\nawait feePage.editFeeVAT(vat);\nconst notification = await driver.wait(until.elementLocated(By.xpath('//p-toastitem')), 5000);\nconst message = await notification.getText();\n    \nconst regExpObject = new RegExp(\"Success\");\nassert.match(message, regExpObject);\nawait driver.wait(until.stalenessOf(notification), 10000);",
              "err": {},
              "uuid": "69cf8e5e-0c69-45dd-ad10-3f141f4fb1e3",
              "parentUUID": "f60e0a4d-d4a7-4d8e-8c12-ec1ed131c7b0",
              "isHook": false,
              "skipped": false
            },
            {
              "title": "[Happy Case] Approve POBO_INTER_BANK FIXED FEE WITH PERCENT successfully",
              "fullTitle": "Fee Module Tests [Happy Case] Approve POBO_INTER_BANK FIXED FEE WITH PERCENT successfully",
              "timedOut": false,
              "duration": 4572,
              "state": "passed",
              "speed": "slow",
              "pass": true,
              "fail": false,
              "pending": false,
              "context": null,
              "code": "//Navigate to fee detail by code\nawait feePage.navigateFeeDetailByCode(feeCode);\nawait feePage.approveFee();\nconst notification = await driver.wait(until.elementLocated(By.xpath('//p-toastitem')), 5000);\nconst message = await notification.getText();\n    \nconst regExpObject = new RegExp(\"Duyệt thành công\");\nassert.match(message, regExpObject);\nawait driver.wait(until.stalenessOf(notification), 10000);",
              "err": {},
              "uuid": "f6793d20-11b9-45ec-a4ef-85b12db423ef",
              "parentUUID": "f60e0a4d-d4a7-4d8e-8c12-ec1ed131c7b0",
              "isHook": false,
              "skipped": false
            }
          ],
          "suites": [],
          "passes": [
            "1a80d4d2-b49c-4a4b-9084-d96423fdc908",
            "1f517038-1bb6-4b94-9926-80092df7327d",
            "269c11c3-6006-4f8a-854b-1df260c7da61",
            "40d51f3c-ea67-45dc-adf4-10fa23c8f106",
            "65f4c003-50db-434f-9d04-685559265c7b",
            "15d29501-913f-4f2f-8593-1a6017e6d166",
            "09fdaaeb-03bb-492b-9000-e8a4a8eb3aad",
            "92cc14ca-c63f-4d09-9f05-f90eedee0501",
            "1c8e670c-7035-4cb4-a777-2abb8803c2a1",
            "cbbe678a-317e-411f-91b8-f7d9c8df0ce4",
            "49c44bd1-9cc0-4a0c-8484-e6d25fba1d74",
            "4b036657-9a88-4a59-8c3e-d054a9f6219a",
            "441c018b-c972-4c10-af14-66eff6c4dbec",
            "47f088c5-fba4-497c-9773-53cd110ecb08",
            "6061b00a-b959-4819-bda5-73c5d4594b87",
            "3176fddc-fa5b-49a9-85f1-44f42951bf31",
            "2be0af2a-1311-45ec-a89f-45dd9f5e51ba",
            "50e4ec82-d616-47da-80d1-4ba62fa11b4d",
            "821ca1fd-f9e7-4dc8-8702-553d1df6eb82",
            "583fe5e2-cf5b-4f17-b3b4-9bbafb26f532",
            "cb2fab48-c887-4da8-8d3e-d2cb54442b4f",
            "f96ea9d0-297c-4efc-974b-ec594cca28f6",
            "04c7e9c7-0591-45ac-84f5-a2a4f79e9151",
            "a5035a7c-26df-4bfa-94eb-69eb82d4be8b",
            "30754d91-4044-4d70-9e24-032f149d8a8f",
            "15f33ee3-1def-471a-9237-924f1bbbc442",
            "098a958c-11d0-48f4-b18b-1803b3412a32",
            "8b570066-fa88-4841-84c5-0b3d870c8a09",
            "66c8d13d-1496-45e8-b7bf-5a23b3e62e77",
            "8125eb78-3f08-4d96-aec1-37860edd9b52",
            "ec8291ca-3133-485f-8b4e-fec870df1561",
            "50611b11-f509-4d56-b2f9-36c119a5caf2",
            "8358d70d-ca9f-4c05-bd26-8a86f38ae608",
            "0e335070-b76a-4bc6-ba00-9c6546c12267",
            "69cf8e5e-0c69-45dd-ad10-3f141f4fb1e3",
            "f6793d20-11b9-45ec-a4ef-85b12db423ef"
          ],
          "failures": [],
          "pending": [],
          "skipped": [],
          "duration": 183554,
          "root": false,
          "rootEmpty": false,
          "_timeout": 0
        },
        {
          "uuid": "a9f497fb-59e6-4906-a495-71910f23bdb0",
          "title": "Login Tests",
          "fullFile": "/home/unicloud/Documents/seleniumDemo/tests/loginTest.js",
          "file": "/tests/loginTest.js",
          "beforeHooks": [
            {
              "title": "\"before each\" hook in \"Login Tests\"",
              "fullTitle": "Login Tests \"before each\" hook in \"Login Tests\"",
              "timedOut": false,
              "duration": 2340,
              "state": null,
              "speed": null,
              "pass": false,
              "fail": false,
              "pending": false,
              "context": null,
              "code": "driver = await helper.initializeChromeDriver();",
              "err": {},
              "uuid": "022bfa70-598c-4a69-96b9-1994b7a0b74c",
              "parentUUID": "a9f497fb-59e6-4906-a495-71910f23bdb0",
              "isHook": true,
              "skipped": false
            }
          ],
          "afterHooks": [
            {
              "title": "\"after each\" hook in \"Login Tests\"",
              "fullTitle": "Login Tests \"after each\" hook in \"Login Tests\"",
              "timedOut": false,
              "duration": 52,
              "state": null,
              "speed": null,
              "pass": false,
              "fail": false,
              "pending": false,
              "context": null,
              "code": "await driver.quit();",
              "err": {},
              "uuid": "2da4e6c9-2039-49cd-a709-f527d4937868",
              "parentUUID": "a9f497fb-59e6-4906-a495-71910f23bdb0",
              "isHook": true,
              "skipped": false
            }
          ],
          "tests": [
            {
              "title": "[Happy Case] Login successfully",
              "fullTitle": "Login Tests [Happy Case] Login successfully",
              "timedOut": false,
              "duration": 2353,
              "state": "passed",
              "speed": "slow",
              "pass": true,
              "fail": false,
              "pending": false,
              "context": null,
              "code": "const loginPage = new LoginPage(driver);\n    const username = config.adminUsername;\n    const password = config.adminPassword; \n    \n    await loginPage.loginForTest(username, password);\n    await new Promise(resolve => setTimeout(resolve, 2000));\n    // Add assertions to verify successful login\n    var h4Element = await driver.wait(until.elementLocated(By.xpath(\"//div[@class='info']/h4\")), 10000);\n    const welcomeMessage = await h4Element.getText();\n    assert.equal(welcomeMessage, config.adminName);",
              "err": {},
              "uuid": "2d534589-4ea8-42fa-8f58-2db77be5d81a",
              "parentUUID": "a9f497fb-59e6-4906-a495-71910f23bdb0",
              "isHook": false,
              "skipped": false
            },
            {
              "title": "Show error on invalid login",
              "fullTitle": "Login Tests Show error on invalid login",
              "timedOut": false,
              "duration": 3930,
              "state": "passed",
              "speed": "slow",
              "pass": true,
              "fail": false,
              "pending": false,
              "context": null,
              "code": "const loginPage = new LoginPage(driver);\nconst username = 'invalid_username';\nconst password = 'invalid_password';\nawait loginPage.loginForTest(username, password);\n\nconst regExpObject = new RegExp(\"Đăng nhập không thành công, vui lòng thử lại.\");\nnotification = await driver.wait(until.elementLocated(By.xpath('//p-toastitem')), 5000);\nmessage = await notification.getText();\nassert.match(message, regExpObject);\nawait driver.wait(until.stalenessOf(notification), 10000);",
              "err": {},
              "uuid": "346c0e0f-b94a-442c-8084-91038378377a",
              "parentUUID": "a9f497fb-59e6-4906-a495-71910f23bdb0",
              "isHook": false,
              "skipped": false
            }
          ],
          "suites": [],
          "passes": [
            "2d534589-4ea8-42fa-8f58-2db77be5d81a",
            "346c0e0f-b94a-442c-8084-91038378377a"
          ],
          "failures": [],
          "pending": [],
          "skipped": [],
          "duration": 6283,
          "root": false,
          "rootEmpty": false,
          "_timeout": 0
        },
        {
          "uuid": "2d1644f6-036f-4c98-9c04-f11b51d635af",
          "title": "Merchant Module Tests",
          "fullFile": "/home/unicloud/Documents/seleniumDemo/tests/merchantTest.js",
          "file": "/tests/merchantTest.js",
          "beforeHooks": [
            {
              "title": "\"before all\" hook in \"Merchant Module Tests\"",
              "fullTitle": "Merchant Module Tests \"before all\" hook in \"Merchant Module Tests\"",
              "timedOut": false,
              "duration": 5702,
              "state": null,
              "speed": null,
              "pass": false,
              "fail": false,
              "pending": false,
              "context": null,
              "code": "driver = await helper.initializeChromeDriver();\nmerchantPage = new MerchantPage(driver);\nconst loginPage = new LoginPage(driver);\nconst username = config.adminUsername;\nconst password = config.adminPassword;\nconst adminName = config.adminName;\nawait loginPage.login(username, password, adminName);",
              "err": {},
              "uuid": "29af3147-54d6-4faa-be34-780f1316aa9b",
              "parentUUID": "2d1644f6-036f-4c98-9c04-f11b51d635af",
              "isHook": true,
              "skipped": false
            }
          ],
          "afterHooks": [
            {
              "title": "\"after all\" hook in \"Merchant Module Tests\"",
              "fullTitle": "Merchant Module Tests \"after all\" hook in \"Merchant Module Tests\"",
              "timedOut": false,
              "duration": 51,
              "state": null,
              "speed": null,
              "pass": false,
              "fail": false,
              "pending": false,
              "context": null,
              "code": "await driver.quit();",
              "err": {},
              "uuid": "b54fde8d-a633-4d21-b6a4-ef06eb4e53e8",
              "parentUUID": "2d1644f6-036f-4c98-9c04-f11b51d635af",
              "isHook": true,
              "skipped": false
            }
          ],
          "tests": [
            {
              "title": "[Happy Case] Create merchant successfully",
              "fullTitle": "Merchant Module Tests [Happy Case] Create merchant successfully",
              "timedOut": false,
              "duration": 3721,
              "state": "failed",
              "speed": null,
              "pass": false,
              "fail": true,
              "pending": false,
              "context": null,
              "code": "await merchantPage.navigate();\nconst merchantType = companyData.type;\nconst affiliate = companyData.affiliate;\nconst merchantCif = companyData.cif;\nconst companyName = companyData.companyName;\n\nconst limitPackageValue = PackageEnum.VIP;\nconst businessType = BusinessCateEnum.DICH_VU_AN_UONG;\nconst chargeTypeValue = ChargeTypeEnum.MONTHLY;\nconst repesentName = companyData.repesentName;\nconst repesentDoB = companyData.repesentDoB;\nconst sex = SexEnum.MALE;\nconst representEmail = companyData.representEmail;\nconst isWhiteList = true;\nmcID = await merchantPage.createMCProfile(\n  merchantType,\n  affiliate,\n  merchantCif,\n  companyName,\n  limitPackageValue,\n  businessType,\n  chargeTypeValue,\n  repesentName,\n  repesentDoB,\n  sex,\n  representEmail,\n  isWhiteList\n);\nconst notification = await driver.wait(until.elementLocated(By.xpath('//p-toastitem')), 5000);\nconst message = await notification.getText();\nconst regExpObject = new RegExp(\"Khởi tạo đối tác thành công\");\nassert.match(message, regExpObject);\n\nawait driver.wait(until.stalenessOf(notification), 10000);",
              "err": {
                "message": "AssertionError: Get merchant from core fail",
                "estack": "AssertionError [ERR_ASSERTION]: Get merchant from core fail\n    at MerchantPage.createMCProfile (pages/MerchantPage.js:59:16)\n    at process.processTicksAndRejections (node:internal/process/task_queues:95:5)\n    at async Context.<anonymous> (tests/merchantTest.js:72:12)",
                "diff": ""
              },
              "uuid": "f2fe663c-b056-4a99-8f7f-cf536afa9d79",
              "parentUUID": "2d1644f6-036f-4c98-9c04-f11b51d635af",
              "isHook": false,
              "skipped": false
            },
            {
              "title": "[Happy Case] Add account successfully",
              "fullTitle": "Merchant Module Tests [Happy Case] Add account successfully",
              "timedOut": false,
              "duration": 6188,
              "state": "failed",
              "speed": null,
              "pass": false,
              "fail": true,
              "pending": false,
              "context": null,
              "code": "//Start add account\nconst accountSelect = companyData.account_no\nawait merchantPage.addAccountForMC(accountSelect);\n//Expected 3 account add successfully to Mc \nconst tableBody = await driver.findElement(By.css('tbody[role=\"rowgroup\"]'));\nconst rows = await tableBody.findElements(By.css('tr[role=\"row\"]'));\nassert.equal(rows.length, 3, \"Gán tài khoản thất bại\");",
              "err": {
                "message": "TimeoutError: Waiting for element to be located By(xpath, //button[contains(span, 'Thêm mới')])\nWait timed out after 5187ms",
                "estack": "TimeoutError: Waiting for element to be located By(xpath, //button[contains(span, 'Thêm mới')])\nWait timed out after 5187ms\n    at /home/unicloud/Documents/seleniumDemo/node_modules/selenium-webdriver/lib/webdriver.js:929:17\n    at process.processTicksAndRejections (node:internal/process/task_queues:95:5)",
                "diff": null
              },
              "uuid": "fb539ec8-2d10-4251-b2c5-87470dea4c48",
              "parentUUID": "2d1644f6-036f-4c98-9c04-f11b51d635af",
              "isHook": false,
              "skipped": false
            },
            {
              "title": "[Happy Case] Add MC Fee successfully",
              "fullTitle": "Merchant Module Tests [Happy Case] Add MC Fee successfully",
              "timedOut": false,
              "duration": 1045,
              "state": "failed",
              "speed": null,
              "pass": false,
              "fail": true,
              "pending": false,
              "context": null,
              "code": "var continueButton = await driver.wait(until.elementLocated(By.xpath('//*[@id=\"cdk-step-content-0-2\"]/div/button[2]')), 1000);\nawait driver.wait(until.elementIsEnabled(continueButton), 1000);\nawait driver.wait(until.elementIsVisible(continueButton), 1000);\nawait continueButton.click();\nassert.equal(1, 1, \"Gán phí Thất bại\");",
              "err": {
                "message": "TimeoutError: Waiting until element is visible\nWait timed out after 1036ms",
                "estack": "TimeoutError: Waiting until element is visible\nWait timed out after 1036ms\n    at /home/unicloud/Documents/seleniumDemo/node_modules/selenium-webdriver/lib/webdriver.js:929:17\n    at process.processTicksAndRejections (node:internal/process/task_queues:95:5)",
                "diff": null
              },
              "uuid": "ead0e543-886d-49a2-89d6-d90badb9cf6b",
              "parentUUID": "2d1644f6-036f-4c98-9c04-f11b51d635af",
              "isHook": false,
              "skipped": false
            },
            {
              "title": "[Happy Case] Upload MC document successfully",
              "fullTitle": "Merchant Module Tests [Happy Case] Upload MC document successfully",
              "timedOut": false,
              "duration": 10221,
              "state": "failed",
              "speed": null,
              "pass": false,
              "fail": true,
              "pending": false,
              "context": null,
              "code": "const regExpObject = new RegExp(\"Upload file thành công\");\nlet notification;\nlet documentURL;\nlet message;\n//Upload Giấy phép đăng ký kinh doanh\ndocumentURL = '/home/unicloud/Documents/PDF example/Size_8.9MB.pdf'\nawait merchantPage.uploadDocument(DocEnum.BUSINESSLICENSE, documentURL)\nnotification = await driver.wait(until.elementLocated(By.xpath('//p-toastitem')), 5000);\nmessage = await notification.getText();\nassert.match(message, regExpObject, \"Upload Giấy phép KD thất bại\");\nawait driver.wait(until.stalenessOf(notification), 10000);\n//Upload Hợp đồng\ndocumentURL = '/home/unicloud/Pictures/Hop-dong.pdf'\nawait merchantPage.uploadDocument(DocEnum.BUSINESSCONTRACT, documentURL)\nnotification = await driver.wait(until.elementLocated(By.xpath('//p-toastitem')), 5000);\nmessage = await notification.getText();\nassert.match(message, regExpObject, \"Upload Hợp đồng thất bại\");\nawait driver.wait(until.stalenessOf(notification), 10000);\n//Upload Giấy chứng nhận đại diện hợp pháp\ndocumentURL = '/home/unicloud/Pictures/GIAY-PHEP-DKKD_001.jpg'\nawait merchantPage.uploadDocument(DocEnum.LEGALCONTRACT, documentURL)\nnotification = await driver.wait(until.elementLocated(By.xpath('//p-toastitem')), 5000);\nmessage = await notification.getText();\nassert.match(message, regExpObject, \"Upload Giấy chứng nhận đại diện thất bại\");\nawait driver.wait(until.stalenessOf(notification), 10000);\n//Upload CMND mặt trước\ndocumentURL = '/home/unicloud/Pictures/doggie_corgi-1280x600.jpg'\nawait merchantPage.uploadDocument(DocEnum.FRONTID, documentURL)\nnotification = await driver.wait(until.elementLocated(By.xpath('//p-toastitem')), 5000);\nmessage = await notification.getText();\nassert.match(message, regExpObject, \"Upload CMND mặt trước thất bại\");\nawait driver.wait(until.stalenessOf(notification), 10000);\n//Upload CMND mặt sau\ndocumentURL = '/home/unicloud/Pictures/Nengoro.full.2465602.jpg'\nawait merchantPage.uploadDocument(DocEnum.BACKID, documentURL)\nnotification = await driver.wait(until.elementLocated(By.xpath('//p-toastitem')), 5000);\nmessage = await notification.getText();\nassert.match(message, regExpObject, \"Upload CMND mặt sau thất bại\");\nawait driver.wait(until.stalenessOf(notification), 10000);\n//Upload giấy tờ khác \ndocumentURL = '/home/unicloud/Pictures/Facebook post 1.png'\nawait merchantPage.uploadDocument(DocEnum.ORTHERDOCUMENT, documentURL)\nnotification = await driver.wait(until.elementLocated(By.xpath('//p-toastitem')), 5000);\nmessage = await notification.getText();\nassert.match(message, regExpObject, \"Upload giấy tờ khác thất bại\");\nawait driver.wait(until.stalenessOf(notification), 10000);\nvar continueButton = await driver.wait(until.elementLocated(By.xpath('//*[@id=\"cdk-step-content-0-3\"]/div[2]/button[2]')), 1000);\nawait driver.wait(until.elementIsEnabled(continueButton), 1000);\nawait driver.wait(until.elementIsVisible(continueButton), 1000);\nawait continueButton.click();",
              "err": {
                "message": "TimeoutError: Waiting for element to be located By(xpath, /html/body/app-dashboard/div/main/div[2]/ngx-spinner/div)\nWait timed out after 10194ms",
                "estack": "TimeoutError: Waiting for element to be located By(xpath, /html/body/app-dashboard/div/main/div[2]/ngx-spinner/div)\nWait timed out after 10194ms\n    at /home/unicloud/Documents/seleniumDemo/node_modules/selenium-webdriver/lib/webdriver.js:929:17\n    at process.processTicksAndRejections (node:internal/process/task_queues:95:5)",
                "diff": null
              },
              "uuid": "99029335-3345-4fda-9fe6-9be0ed80c213",
              "parentUUID": "2d1644f6-036f-4c98-9c04-f11b51d635af",
              "isHook": false,
              "skipped": false
            },
            {
              "title": "[Happy Case] Generate integration Key",
              "fullTitle": "Merchant Module Tests [Happy Case] Generate integration Key",
              "timedOut": false,
              "duration": 26,
              "state": "failed",
              "speed": null,
              "pass": false,
              "fail": true,
              "pending": false,
              "context": null,
              "code": "const webhookURL = 'https://www.google.com/'\nconst retryValue = '100'\nawait merchantPage.generateIntergration(webhookURL, retryValue);\n\nnotification = await driver.wait(until.elementLocated(By.xpath('//p-toastitem')), 5000);\nmessage = await notification.getText();\nconst regExpObject = new RegExp(\"Success\");\nassert.match(message, regExpObject);\nawait driver.wait(until.stalenessOf(notification), 10000);",
              "err": {
                "message": "NoSuchElementError: no such element: Unable to locate element: {\"method\":\"css selector\",\"selector\":\"*[id=\"mat-input-16\"]\"}\n  (Session info: chrome=119.0.6045.123)",
                "estack": "NoSuchElementError: no such element: Unable to locate element: {\"method\":\"css selector\",\"selector\":\"*[id=\"mat-input-16\"]\"}\n  (Session info: chrome=119.0.6045.123)\n    at Object.throwDecodedError (node_modules/selenium-webdriver/lib/error.js:524:15)\n    at parseHttpResponse (node_modules/selenium-webdriver/lib/http.js:601:13)\n    at Executor.execute (node_modules/selenium-webdriver/lib/http.js:529:28)\n    at process.processTicksAndRejections (node:internal/process/task_queues:95:5)\n    at async Driver.execute (node_modules/selenium-webdriver/lib/webdriver.js:745:17)\n    at async MerchantPage.generateIntergration (pages/MerchantPage.js:260:30)\n    at async Context.<anonymous> (tests/merchantTest.js:196:5)",
                "diff": null
              },
              "uuid": "003a9b7d-cbcb-46db-a795-ba11ce26603c",
              "parentUUID": "2d1644f6-036f-4c98-9c04-f11b51d635af",
              "isHook": false,
              "skipped": false
            },
            {
              "title": "[Happy Case] Reject merchant successfully",
              "fullTitle": "Merchant Module Tests [Happy Case] Reject merchant successfully",
              "timedOut": false,
              "duration": 57,
              "state": "failed",
              "speed": null,
              "pass": false,
              "fail": true,
              "pending": false,
              "context": null,
              "code": "await merchantPage.navigateMerchantDetail(mcID);\nawait merchantPage.sendApproveRequest();\nconst regExpObject1 = new RegExp(\"Gửi duyệt thành công\");\nnotification1 = await driver.wait(until.elementLocated(By.xpath('//p-toastitem')), 5000);\nmessage1 = await notification1.getText();\nassert.match(message1, regExpObject1);\nawait driver.wait(until.stalenessOf(notification1), 10000);\nawait merchantPage.rejectMerchant();\nconst regExpObject = new RegExp(\"Từ chối duyệt thành công\");\nnotification = await driver.wait(until.elementLocated(By.xpath('//p-toastitem')), 5000);\nmessage = await notification.getText();\nassert.match(message, regExpObject);\nawait driver.wait(until.stalenessOf(notification), 10000);",
              "err": {
                "message": "TypeError: each key must be a number or string; got undefined",
                "estack": "TypeError: each key must be a number or string; got undefined\n    at /home/unicloud/Documents/seleniumDemo/node_modules/selenium-webdriver/lib/webdriver.js:2775:15\n    at Array.forEach (<anonymous>)\n    at WebElement.sendKeys (node_modules/selenium-webdriver/lib/webdriver.js:2770:32)\n    at process.processTicksAndRejections (node:internal/process/task_queues:95:5)\n    at async MerchantPage.navigateMerchantDetail (pages/MerchantPage.js:305:9)\n    at async Context.<anonymous> (tests/merchantTest.js:209:5)",
                "diff": null
              },
              "uuid": "8844497e-c1d2-4d61-9153-bf72a7942fb6",
              "parentUUID": "2d1644f6-036f-4c98-9c04-f11b51d635af",
              "isHook": false,
              "skipped": false
            },
            {
              "title": "[Happy Case] Approve merchant successfully",
              "fullTitle": "Merchant Module Tests [Happy Case] Approve merchant successfully",
              "timedOut": false,
              "duration": 18,
              "state": "failed",
              "speed": null,
              "pass": false,
              "fail": true,
              "pending": false,
              "context": null,
              "code": "await merchantPage.navigateMerchantDetail(mcID);\n    await merchantPage.sendApproveRequest();\n    const regExpObject1 = new RegExp(\"Gửi duyệt thành công\");\n    notification1 = await driver.wait(until.elementLocated(By.xpath('//p-toastitem')), 5000);\n    message1 = await notification1.getText();\n    assert.match(message1, regExpObject1);\n    await driver.wait(until.stalenessOf(notification1), 10000);\n    await merchantPage.approveMerchant();\n    const regExpObject = new RegExp(\"Duyệt thành công\");\n    notification = await driver.wait(until.elementLocated(By.xpath('//p-toastitem')), 5000);\n    message = await notification.getText();\n    assert.match(message, regExpObject);\n    await driver.wait(until.stalenessOf(notification), 10000);",
              "err": {
                "message": "TypeError: each key must be a number or string; got undefined",
                "estack": "TypeError: each key must be a number or string; got undefined\n    at /home/unicloud/Documents/seleniumDemo/node_modules/selenium-webdriver/lib/webdriver.js:2775:15\n    at Array.forEach (<anonymous>)\n    at WebElement.sendKeys (node_modules/selenium-webdriver/lib/webdriver.js:2770:32)\n    at process.processTicksAndRejections (node:internal/process/task_queues:95:5)\n    at async MerchantPage.navigateMerchantDetail (pages/MerchantPage.js:305:9)\n    at async Context.<anonymous> (tests/merchantTest.js:231:5)",
                "diff": null
              },
              "uuid": "998c570f-4367-4a16-bf82-5b3bd1277d3d",
              "parentUUID": "2d1644f6-036f-4c98-9c04-f11b51d635af",
              "isHook": false,
              "skipped": false
            }
          ],
          "suites": [],
          "passes": [],
          "failures": [
            "f2fe663c-b056-4a99-8f7f-cf536afa9d79",
            "fb539ec8-2d10-4251-b2c5-87470dea4c48",
            "ead0e543-886d-49a2-89d6-d90badb9cf6b",
            "99029335-3345-4fda-9fe6-9be0ed80c213",
            "003a9b7d-cbcb-46db-a795-ba11ce26603c",
            "8844497e-c1d2-4d61-9153-bf72a7942fb6",
            "998c570f-4367-4a16-bf82-5b3bd1277d3d"
          ],
          "pending": [],
          "skipped": [],
          "duration": 21276,
          "root": false,
          "rootEmpty": false,
          "_timeout": 0
        }
      ],
      "passes": [],
      "failures": [],
      "pending": [],
      "skipped": [],
      "duration": 0,
      "root": true,
      "rootEmpty": true,
      "_timeout": 0
    }
  ],
  "meta": {
    "mocha": {
      "version": "10.2.0"
    },
    "mochawesome": {
      "options": {
        "quiet": false,
        "reportFilename": "mochawesome",
        "saveHtml": true,
        "saveJson": true,
        "consoleReporter": "spec",
        "useInlineDiffs": false,
        "code": true
      },
      "version": "7.1.3"
    },
    "marge": {
      "options": null,
      "version": "6.2.0"
    }
  }
}