{
  "stats": {
    "suites": 4,
    "tests": 57,
    "passes": 57,
    "pending": 0,
    "failures": 0,
    "start": "2023-11-20T09:18:38.302Z",
    "end": "2023-11-20T09:25:04.914Z",
    "duration": 386612,
    "testsRegistered": 57,
    "passPercent": 100,
    "pendingPercent": 0,
    "other": 0,
    "hasOther": false,
    "skipped": 0,
    "hasSkipped": false
  },
  "results": [
    {
      "uuid": "611386e1-9b54-46d9-9de8-7870a3b86ca5",
      "title": "",
      "fullFile": "",
      "file": "",
      "beforeHooks": [],
      "afterHooks": [],
      "tests": [],
      "suites": [
        {
          "uuid": "1e0c3670-f931-4360-84cb-62b149ade6ba",
          "title": "Fee Module Tests",
          "fullFile": "/home/unicloud/klb-enterprise-sele/tests/feeTest.js",
          "file": "/tests/feeTest.js",
          "beforeHooks": [
            {
              "title": "\"before all\" hook in \"Fee Module Tests\"",
              "fullTitle": "Fee Module Tests \"before all\" hook in \"Fee Module Tests\"",
              "timedOut": false,
              "duration": 6635,
              "state": null,
              "speed": null,
              "pass": false,
              "fail": false,
              "pending": false,
              "context": null,
              "code": "driver = await helper.initializeChromeDriver();\nfeePage = new FeePage(driver);\nconst loginPage = new LoginPage(driver);\nconst username = config.adminUsername;\nconst password = config.adminPassword;\nconst adminName = config.adminName;\n    \nawait loginPage.login(username, password, adminName);",
              "err": {},
              "uuid": "cc357a3b-94e8-491b-b4cf-b56593f53a8e",
              "parentUUID": "1e0c3670-f931-4360-84cb-62b149ade6ba",
              "isHook": true,
              "skipped": false
            }
          ],
          "afterHooks": [
            {
              "title": "\"after all\" hook in \"Fee Module Tests\"",
              "fullTitle": "Fee Module Tests \"after all\" hook in \"Fee Module Tests\"",
              "timedOut": false,
              "duration": 52,
              "state": null,
              "speed": null,
              "pass": false,
              "fail": false,
              "pending": false,
              "context": null,
              "code": "await driver.quit();",
              "err": {},
              "uuid": "519785f2-6627-4ea8-b690-2f01e567831c",
              "parentUUID": "1e0c3670-f931-4360-84cb-62b149ade6ba",
              "isHook": true,
              "skipped": false
            }
          ],
          "tests": [
            {
              "title": "[Happy Case] Create COBO FREE FEE successfully",
              "fullTitle": "Fee Module Tests [Happy Case] Create COBO FREE FEE successfully",
              "timedOut": false,
              "duration": 6440,
              "state": "passed",
              "speed": "slow",
              "pass": true,
              "fail": false,
              "pending": false,
              "context": null,
              "code": "//Navigate to fee \nawait feePage.navigate();\nconst feeType = 'Thu hộ' \nconst vat = 10;\nconst feeMethod = 'Miễn phí'\nfeeCode = await feePage.createFee(feeType, vat, feeMethod);\nconst notification = await driver.wait(until.elementLocated(By.xpath('//p-toastitem')), 5000);\nconst message = await notification.getText();\n    \nconst regExpObject = new RegExp(\"Success\");\nassert.match(message, regExpObject);\nawait driver.wait(until.stalenessOf(notification), 10000);",
              "err": {},
              "uuid": "07b4dda8-f9ed-4e58-a451-f6abced4d9f1",
              "parentUUID": "1e0c3670-f931-4360-84cb-62b149ade6ba",
              "isHook": false,
              "skipped": false
            },
            {
              "title": "[Happy Case] Reject COBO FREE FEE successfully",
              "fullTitle": "Fee Module Tests [Happy Case] Reject COBO FREE FEE successfully",
              "timedOut": false,
              "duration": 4758,
              "state": "passed",
              "speed": "slow",
              "pass": true,
              "fail": false,
              "pending": false,
              "context": null,
              "code": "//Navigate to fee \nawait feePage.navigateFeeDetailByCode(feeCode);\nawait feePage.rejectFee();\nconst notification = await driver.wait(until.elementLocated(By.xpath('//p-toastitem')), 5000);\nconst message = await notification.getText();\n    \nconst regExpObject = new RegExp(\"Từ chối duyệt thành công\");\nassert.match(message, regExpObject);\nawait driver.wait(until.stalenessOf(notification), 10000);",
              "err": {},
              "uuid": "b82372d3-43dc-4a3e-af5a-4bb122b8b950",
              "parentUUID": "1e0c3670-f931-4360-84cb-62b149ade6ba",
              "isHook": false,
              "skipped": false
            },
            {
              "title": "[Happy Case] Edit COBO FREE FEE successfully",
              "fullTitle": "Fee Module Tests [Happy Case] Edit COBO FREE FEE successfully",
              "timedOut": false,
              "duration": 5011,
              "state": "passed",
              "speed": "slow",
              "pass": true,
              "fail": false,
              "pending": false,
              "context": null,
              "code": "//Navigate to fee detail by code\nawait feePage.navigateFeeDetailByCode(feeCode);\nconst vat = 5;\nawait feePage.editFeeVAT(vat);\nconst notification = await driver.wait(until.elementLocated(By.xpath('//p-toastitem')), 5000);\nconst message = await notification.getText();\n    \nconst regExpObject = new RegExp(\"Success\");\nassert.match(message, regExpObject);\nawait driver.wait(until.stalenessOf(notification), 10000);",
              "err": {},
              "uuid": "717603d5-bcf7-4824-9766-580d66e57120",
              "parentUUID": "1e0c3670-f931-4360-84cb-62b149ade6ba",
              "isHook": false,
              "skipped": false
            },
            {
              "title": "[Happy Case] Approve COBO FREE FEE successfully",
              "fullTitle": "Fee Module Tests [Happy Case] Approve COBO FREE FEE successfully",
              "timedOut": false,
              "duration": 4682,
              "state": "passed",
              "speed": "slow",
              "pass": true,
              "fail": false,
              "pending": false,
              "context": null,
              "code": "//Navigate to fee detail by code\nawait feePage.navigateFeeDetailByCode(feeCode);\nawait feePage.approveFee();\nconst notification = await driver.wait(until.elementLocated(By.xpath('//p-toastitem')), 5000);\nconst message = await notification.getText();\n    \nconst regExpObject = new RegExp(\"Duyệt thành công\");\nassert.match(message, regExpObject);\nawait driver.wait(until.stalenessOf(notification), 10000);",
              "err": {},
              "uuid": "82c7841c-dd2d-46d2-9831-8b3e1bb7a55a",
              "parentUUID": "1e0c3670-f931-4360-84cb-62b149ade6ba",
              "isHook": false,
              "skipped": false
            },
            {
              "title": "[Happy Case] Create COBO FIXED FEE WITH PRICES successfully",
              "fullTitle": "Fee Module Tests [Happy Case] Create COBO FIXED FEE WITH PRICES successfully",
              "timedOut": false,
              "duration": 6337,
              "state": "passed",
              "speed": "slow",
              "pass": true,
              "fail": false,
              "pending": false,
              "context": null,
              "code": "//Navigate to fee \nawait feePage.navigate();\n\n//fee data \nconst feeType = 'Thu hộ' \nconst vat = 10;\nconst feeMethod = 'Phí cố định'\nconst feeRule = 'Số tiền phí cố định'\nconst value = 1500\n//Create fee\nfeeCode = await feePage.createFee(feeType, vat, feeMethod, feeRule, value);\nconst notification = await driver.wait(until.elementLocated(By.xpath('//p-toastitem')), 5000);\nconst message = await notification.getText();\n    \nconst regExpObject = new RegExp(\"Success\");\nassert.match(message, regExpObject);\nawait driver.wait(until.stalenessOf(notification), 10000);",
              "err": {},
              "uuid": "aefc343c-aca1-4dc7-9c56-f6f3e873538e",
              "parentUUID": "1e0c3670-f931-4360-84cb-62b149ade6ba",
              "isHook": false,
              "skipped": false
            },
            {
              "title": "[Happy Case] Reject COBO FIXED FEE WITH PRICES successfully",
              "fullTitle": "Fee Module Tests [Happy Case] Reject COBO FIXED FEE WITH PRICES successfully",
              "timedOut": false,
              "duration": 4710,
              "state": "passed",
              "speed": "slow",
              "pass": true,
              "fail": false,
              "pending": false,
              "context": null,
              "code": "//Navigate to fee \nawait feePage.navigateFeeDetailByCode(feeCode);\nawait feePage.rejectFee();\nconst notification = await driver.wait(until.elementLocated(By.xpath('//p-toastitem')), 5000);\nconst message = await notification.getText();\n    \nconst regExpObject = new RegExp(\"Từ chối duyệt thành công\");\nassert.match(message, regExpObject);\nawait driver.wait(until.stalenessOf(notification), 10000);",
              "err": {},
              "uuid": "4f5c1cef-6d90-4283-8409-0f47ca109ed7",
              "parentUUID": "1e0c3670-f931-4360-84cb-62b149ade6ba",
              "isHook": false,
              "skipped": false
            },
            {
              "title": "[Happy Case] Edit COBO FIXED FEE WITH PRICES successfully",
              "fullTitle": "Fee Module Tests [Happy Case] Edit COBO FIXED FEE WITH PRICES successfully",
              "timedOut": false,
              "duration": 5230,
              "state": "passed",
              "speed": "slow",
              "pass": true,
              "fail": false,
              "pending": false,
              "context": null,
              "code": "//Navigate to fee detail by code\nawait feePage.navigateFeeDetailByCode(feeCode);\nconst vat = 5;\nawait feePage.editFeeVAT(vat);\nconst notification = await driver.wait(until.elementLocated(By.xpath('//p-toastitem')), 5000);\nconst message = await notification.getText();\n    \nconst regExpObject = new RegExp(\"Success\");\nassert.match(message, regExpObject);\nawait driver.wait(until.stalenessOf(notification), 10000);",
              "err": {},
              "uuid": "4de9872b-bd58-4f6d-a149-43146835be4a",
              "parentUUID": "1e0c3670-f931-4360-84cb-62b149ade6ba",
              "isHook": false,
              "skipped": false
            },
            {
              "title": "[Happy Case] Approve COBO FIXED FEE WITH PRICES successfully",
              "fullTitle": "Fee Module Tests [Happy Case] Approve COBO FIXED FEE WITH PRICES successfully",
              "timedOut": false,
              "duration": 4679,
              "state": "passed",
              "speed": "slow",
              "pass": true,
              "fail": false,
              "pending": false,
              "context": null,
              "code": "//Navigate to fee detail by code\nawait feePage.navigateFeeDetailByCode(feeCode);\nawait feePage.approveFee();\nconst notification = await driver.wait(until.elementLocated(By.xpath('//p-toastitem')), 5000);\nconst message = await notification.getText();\n    \nconst regExpObject = new RegExp(\"Duyệt thành công\");\nassert.match(message, regExpObject);\nawait driver.wait(until.stalenessOf(notification), 10000);",
              "err": {},
              "uuid": "fea99373-14a3-43ae-9813-9925a05a6293",
              "parentUUID": "1e0c3670-f931-4360-84cb-62b149ade6ba",
              "isHook": false,
              "skipped": false
            },
            {
              "title": "[Happy Case] Create COBO FIXED FEE WITH PERCENT successfully",
              "fullTitle": "Fee Module Tests [Happy Case] Create COBO FIXED FEE WITH PERCENT successfully",
              "timedOut": false,
              "duration": 5960,
              "state": "passed",
              "speed": "slow",
              "pass": true,
              "fail": false,
              "pending": false,
              "context": null,
              "code": "//Navigate to fee \nawait feePage.navigate();\n\n//fee data \nconst feeType = 'Thu hộ' \nconst vat = 10;\nconst feeMethod = 'Phí cố định'\nconst feeRule = 'Số tiền phí theo tỷ lệ %'\nconst value = 10\n//Create fee\nfeeCode = await feePage.createFee(feeType, vat, feeMethod, feeRule, value);\nconst notification = await driver.wait(until.elementLocated(By.xpath('//p-toastitem')), 5000);\nconst message = await notification.getText();\n    \nconst regExpObject = new RegExp(\"Success\");\nassert.match(message, regExpObject);\nawait driver.wait(until.stalenessOf(notification), 10000);",
              "err": {},
              "uuid": "a56008ca-6ddd-406e-9b3e-3b4236e84ca6",
              "parentUUID": "1e0c3670-f931-4360-84cb-62b149ade6ba",
              "isHook": false,
              "skipped": false
            },
            {
              "title": "[Happy Case] Reject COBO FIXED FEE WITH PERCENT successfully",
              "fullTitle": "Fee Module Tests [Happy Case] Reject COBO FIXED FEE WITH PERCENT successfully",
              "timedOut": false,
              "duration": 4798,
              "state": "passed",
              "speed": "slow",
              "pass": true,
              "fail": false,
              "pending": false,
              "context": null,
              "code": "//Navigate to fee \nawait feePage.navigateFeeDetailByCode(feeCode);\nawait feePage.rejectFee();\nconst notification = await driver.wait(until.elementLocated(By.xpath('//p-toastitem')), 5000);\nconst message = await notification.getText();\n    \nconst regExpObject = new RegExp(\"Từ chối duyệt thành công\");\nassert.match(message, regExpObject);\nawait driver.wait(until.stalenessOf(notification), 10000);",
              "err": {},
              "uuid": "a040166f-2ea2-4e03-a4fe-dc0fda3c757e",
              "parentUUID": "1e0c3670-f931-4360-84cb-62b149ade6ba",
              "isHook": false,
              "skipped": false
            },
            {
              "title": "[Happy Case] Edit COBO FIXED FEE WITH PERCENT successfully",
              "fullTitle": "Fee Module Tests [Happy Case] Edit COBO FIXED FEE WITH PERCENT successfully",
              "timedOut": false,
              "duration": 5180,
              "state": "passed",
              "speed": "slow",
              "pass": true,
              "fail": false,
              "pending": false,
              "context": null,
              "code": "//Navigate to fee detail by code\nawait feePage.navigateFeeDetailByCode(feeCode);\nconst vat = 5;\nawait feePage.editFeeVAT(vat);\nconst notification = await driver.wait(until.elementLocated(By.xpath('//p-toastitem')), 5000);\nconst message = await notification.getText();\n    \nconst regExpObject = new RegExp(\"Success\");\nassert.match(message, regExpObject);\nawait driver.wait(until.stalenessOf(notification), 10000);",
              "err": {},
              "uuid": "bdad1250-b8ad-4348-ad01-e8942fb84ff0",
              "parentUUID": "1e0c3670-f931-4360-84cb-62b149ade6ba",
              "isHook": false,
              "skipped": false
            },
            {
              "title": "[Happy Case] Approve COBO FIXED FEE WITH PERCENT successfully",
              "fullTitle": "Fee Module Tests [Happy Case] Approve COBO FIXED FEE WITH PERCENT successfully",
              "timedOut": false,
              "duration": 4532,
              "state": "passed",
              "speed": "slow",
              "pass": true,
              "fail": false,
              "pending": false,
              "context": null,
              "code": "//Navigate to fee detail by code\nawait feePage.navigateFeeDetailByCode(feeCode);\nawait feePage.approveFee();\nconst notification = await driver.wait(until.elementLocated(By.xpath('//p-toastitem')), 5000);\nconst message = await notification.getText();\n    \nconst regExpObject = new RegExp(\"Duyệt thành công\");\nassert.match(message, regExpObject);\nawait driver.wait(until.stalenessOf(notification), 10000);",
              "err": {},
              "uuid": "d58991db-79ed-412e-b7f9-79b4587b29ee",
              "parentUUID": "1e0c3670-f931-4360-84cb-62b149ade6ba",
              "isHook": false,
              "skipped": false
            },
            {
              "title": "[Happy Case] Create POBO FREE FEE successfully",
              "fullTitle": "Fee Module Tests [Happy Case] Create POBO FREE FEE successfully",
              "timedOut": false,
              "duration": 5838,
              "state": "passed",
              "speed": "slow",
              "pass": true,
              "fail": false,
              "pending": false,
              "context": null,
              "code": "//Navigate to fee \nawait feePage.navigate();\nconst feeType = 'Chi hộ nội bộ' \nconst vat = 10;\nconst feeMethod = 'Miễn phí'\nfeeCode = await feePage.createFee(feeType, vat, feeMethod);\nconst notification = await driver.wait(until.elementLocated(By.xpath('//p-toastitem')), 5000);\nconst message = await notification.getText();\n    \nconst regExpObject = new RegExp(\"Success\");\nassert.match(message, regExpObject);\nawait driver.wait(until.stalenessOf(notification), 10000);",
              "err": {},
              "uuid": "2736bf24-5442-4bd9-8892-638a2ef49916",
              "parentUUID": "1e0c3670-f931-4360-84cb-62b149ade6ba",
              "isHook": false,
              "skipped": false
            },
            {
              "title": "[Happy Case] Reject POBO FREE FEE successfully",
              "fullTitle": "Fee Module Tests [Happy Case] Reject POBO FREE FEE successfully",
              "timedOut": false,
              "duration": 4778,
              "state": "passed",
              "speed": "slow",
              "pass": true,
              "fail": false,
              "pending": false,
              "context": null,
              "code": "//Navigate to fee \nawait feePage.navigateFeeDetailByCode(feeCode);\nawait feePage.rejectFee();\nconst notification = await driver.wait(until.elementLocated(By.xpath('//p-toastitem')), 5000);\nconst message = await notification.getText();\n    \nconst regExpObject = new RegExp(\"Từ chối duyệt thành công\");\nassert.match(message, regExpObject);\nawait driver.wait(until.stalenessOf(notification), 10000);",
              "err": {},
              "uuid": "dabba6fa-9dd3-4b05-9025-7d7222d42e70",
              "parentUUID": "1e0c3670-f931-4360-84cb-62b149ade6ba",
              "isHook": false,
              "skipped": false
            },
            {
              "title": "[Happy Case] Edit POBO FREE FEE successfully",
              "fullTitle": "Fee Module Tests [Happy Case] Edit POBO FREE FEE successfully",
              "timedOut": false,
              "duration": 4970,
              "state": "passed",
              "speed": "slow",
              "pass": true,
              "fail": false,
              "pending": false,
              "context": null,
              "code": "//Navigate to fee detail by code\nawait feePage.navigateFeeDetailByCode(feeCode);\nconst vat = 5;\nawait feePage.editFeeVAT(vat);\nconst notification = await driver.wait(until.elementLocated(By.xpath('//p-toastitem')), 5000);\nconst message = await notification.getText();\n    \nconst regExpObject = new RegExp(\"Success\");\nassert.match(message, regExpObject);\nawait driver.wait(until.stalenessOf(notification), 10000);",
              "err": {},
              "uuid": "d9b55bdb-6b53-4dd4-821b-7b9b3c7ce1d7",
              "parentUUID": "1e0c3670-f931-4360-84cb-62b149ade6ba",
              "isHook": false,
              "skipped": false
            },
            {
              "title": "[Happy Case] Approve POBO FREE FEE successfully",
              "fullTitle": "Fee Module Tests [Happy Case] Approve POBO FREE FEE successfully",
              "timedOut": false,
              "duration": 4675,
              "state": "passed",
              "speed": "slow",
              "pass": true,
              "fail": false,
              "pending": false,
              "context": null,
              "code": "//Navigate to fee detail by code\nawait feePage.navigateFeeDetailByCode(feeCode);\nawait feePage.approveFee();\nconst notification = await driver.wait(until.elementLocated(By.xpath('//p-toastitem')), 5000);\nconst message = await notification.getText();\n    \nconst regExpObject = new RegExp(\"Duyệt thành công\");\nassert.match(message, regExpObject);\nawait driver.wait(until.stalenessOf(notification), 10000);",
              "err": {},
              "uuid": "48bc9dee-3665-4a6d-a26b-46b711ead2e5",
              "parentUUID": "1e0c3670-f931-4360-84cb-62b149ade6ba",
              "isHook": false,
              "skipped": false
            },
            {
              "title": "[Happy Case] Create POBO FIXED FEE WITH PRICES successfully",
              "fullTitle": "Fee Module Tests [Happy Case] Create POBO FIXED FEE WITH PRICES successfully",
              "timedOut": false,
              "duration": 6131,
              "state": "passed",
              "speed": "slow",
              "pass": true,
              "fail": false,
              "pending": false,
              "context": null,
              "code": "//Navigate to fee \nawait feePage.navigate();\n\n//fee data \nconst feeType = 'Chi hộ nội bộ' \nconst vat = 10;\nconst feeMethod = 'Phí cố định'\nconst feeRule = 'Số tiền phí cố định'\nconst value = 1500\n//Create fee\nfeeCode = await feePage.createFee(feeType, vat, feeMethod, feeRule, value);\nconst notification = await driver.wait(until.elementLocated(By.xpath('//p-toastitem')), 5000);\nconst message = await notification.getText();\n    \nconst regExpObject = new RegExp(\"Success\");\nassert.match(message, regExpObject);\nawait driver.wait(until.stalenessOf(notification), 10000);",
              "err": {},
              "uuid": "95d12cd0-45d6-485b-8ef9-23ee8bf9a552",
              "parentUUID": "1e0c3670-f931-4360-84cb-62b149ade6ba",
              "isHook": false,
              "skipped": false
            },
            {
              "title": "[Happy Case] Reject POBO FIXED FEE WITH PRICES successfully",
              "fullTitle": "Fee Module Tests [Happy Case] Reject POBO FIXED FEE WITH PRICES successfully",
              "timedOut": false,
              "duration": 4623,
              "state": "passed",
              "speed": "slow",
              "pass": true,
              "fail": false,
              "pending": false,
              "context": null,
              "code": "//Navigate to fee \nawait feePage.navigateFeeDetailByCode(feeCode);\nawait feePage.rejectFee();\nconst notification = await driver.wait(until.elementLocated(By.xpath('//p-toastitem')), 5000);\nconst message = await notification.getText();\n    \nconst regExpObject = new RegExp(\"Từ chối duyệt thành công\");\nassert.match(message, regExpObject);\nawait driver.wait(until.stalenessOf(notification), 10000);",
              "err": {},
              "uuid": "a8ae4104-0743-41d9-b87d-773145cb3783",
              "parentUUID": "1e0c3670-f931-4360-84cb-62b149ade6ba",
              "isHook": false,
              "skipped": false
            },
            {
              "title": "[Happy Case] Edit POBO FIXED FEE WITH PRICES successfully",
              "fullTitle": "Fee Module Tests [Happy Case] Edit POBO FIXED FEE WITH PRICES successfully",
              "timedOut": false,
              "duration": 5093,
              "state": "passed",
              "speed": "slow",
              "pass": true,
              "fail": false,
              "pending": false,
              "context": null,
              "code": "//Navigate to fee detail by code\nawait feePage.navigateFeeDetailByCode(feeCode);\nconst vat = 5;\nawait feePage.editFeeVAT(vat);\nconst notification = await driver.wait(until.elementLocated(By.xpath('//p-toastitem')), 5000);\nconst message = await notification.getText();\n    \nconst regExpObject = new RegExp(\"Success\");\nassert.match(message, regExpObject);\nawait driver.wait(until.stalenessOf(notification), 10000);",
              "err": {},
              "uuid": "dbedfef9-49cb-48e6-a485-988f5b54edd3",
              "parentUUID": "1e0c3670-f931-4360-84cb-62b149ade6ba",
              "isHook": false,
              "skipped": false
            },
            {
              "title": "[Happy Case] Approve POBO FIXED FEE WITH PRICES successfully",
              "fullTitle": "Fee Module Tests [Happy Case] Approve POBO FIXED FEE WITH PRICES successfully",
              "timedOut": false,
              "duration": 4517,
              "state": "passed",
              "speed": "slow",
              "pass": true,
              "fail": false,
              "pending": false,
              "context": null,
              "code": "//Navigate to fee detail by code\nawait feePage.navigateFeeDetailByCode(feeCode);\nawait feePage.approveFee();\nconst notification = await driver.wait(until.elementLocated(By.xpath('//p-toastitem')), 5000);\nconst message = await notification.getText();\n    \nconst regExpObject = new RegExp(\"Duyệt thành công\");\nassert.match(message, regExpObject);\nawait driver.wait(until.stalenessOf(notification), 10000);",
              "err": {},
              "uuid": "b20da496-a370-4e1a-8914-3de9afeb8712",
              "parentUUID": "1e0c3670-f931-4360-84cb-62b149ade6ba",
              "isHook": false,
              "skipped": false
            },
            {
              "title": "[Happy Case] Create POBO FIXED FEE WITH PERCENT successfully",
              "fullTitle": "Fee Module Tests [Happy Case] Create POBO FIXED FEE WITH PERCENT successfully",
              "timedOut": false,
              "duration": 5929,
              "state": "passed",
              "speed": "slow",
              "pass": true,
              "fail": false,
              "pending": false,
              "context": null,
              "code": "//Navigate to fee \nawait feePage.navigate();\n\n//fee data \nconst feeType = 'Chi hộ nội bộ' \nconst vat = 10;\nconst feeMethod = 'Phí cố định'\nconst feeRule = 'Số tiền phí theo tỷ lệ %'\nconst value = 10\n//Create fee\nfeeCode = await feePage.createFee(feeType, vat, feeMethod, feeRule, value);\nconst notification = await driver.wait(until.elementLocated(By.xpath('//p-toastitem')), 5000);\nconst message = await notification.getText();\n    \nconst regExpObject = new RegExp(\"Success\");\nassert.match(message, regExpObject);\nawait driver.wait(until.stalenessOf(notification), 10000);",
              "err": {},
              "uuid": "5c19a313-2816-424d-a285-effb213aa745",
              "parentUUID": "1e0c3670-f931-4360-84cb-62b149ade6ba",
              "isHook": false,
              "skipped": false
            },
            {
              "title": "[Happy Case] Reject POBO FIXED FEE WITH PERCENT successfully",
              "fullTitle": "Fee Module Tests [Happy Case] Reject POBO FIXED FEE WITH PERCENT successfully",
              "timedOut": false,
              "duration": 4602,
              "state": "passed",
              "speed": "slow",
              "pass": true,
              "fail": false,
              "pending": false,
              "context": null,
              "code": "//Navigate to fee \nawait feePage.navigateFeeDetailByCode(feeCode);\nawait feePage.rejectFee();\nconst notification = await driver.wait(until.elementLocated(By.xpath('//p-toastitem')), 5000);\nconst message = await notification.getText();\n    \nconst regExpObject = new RegExp(\"Từ chối duyệt thành công\");\nassert.match(message, regExpObject);\nawait driver.wait(until.stalenessOf(notification), 10000);",
              "err": {},
              "uuid": "2b9ef50d-c01f-42ef-999e-a8294ca7098e",
              "parentUUID": "1e0c3670-f931-4360-84cb-62b149ade6ba",
              "isHook": false,
              "skipped": false
            },
            {
              "title": "[Happy Case] Edit POBO FIXED FEE WITH PERCENT successfully",
              "fullTitle": "Fee Module Tests [Happy Case] Edit POBO FIXED FEE WITH PERCENT successfully",
              "timedOut": false,
              "duration": 5107,
              "state": "passed",
              "speed": "slow",
              "pass": true,
              "fail": false,
              "pending": false,
              "context": null,
              "code": "//Navigate to fee detail by code\nawait feePage.navigateFeeDetailByCode(feeCode);\nconst vat = 5;\nawait feePage.editFeeVAT(vat);\nconst notification = await driver.wait(until.elementLocated(By.xpath('//p-toastitem')), 5000);\nconst message = await notification.getText();\n    \nconst regExpObject = new RegExp(\"Success\");\nassert.match(message, regExpObject);\nawait driver.wait(until.stalenessOf(notification), 10000);",
              "err": {},
              "uuid": "c8075b14-2379-4ceb-88a4-e69f54180f88",
              "parentUUID": "1e0c3670-f931-4360-84cb-62b149ade6ba",
              "isHook": false,
              "skipped": false
            },
            {
              "title": "[Happy Case] Approve POBO FIXED FEE WITH PERCENT successfully",
              "fullTitle": "Fee Module Tests [Happy Case] Approve POBO FIXED FEE WITH PERCENT successfully",
              "timedOut": false,
              "duration": 4670,
              "state": "passed",
              "speed": "slow",
              "pass": true,
              "fail": false,
              "pending": false,
              "context": null,
              "code": "//Navigate to fee detail by code\nawait feePage.navigateFeeDetailByCode(feeCode);\nawait feePage.approveFee();\nconst notification = await driver.wait(until.elementLocated(By.xpath('//p-toastitem')), 5000);\nconst message = await notification.getText();\n    \nconst regExpObject = new RegExp(\"Duyệt thành công\");\nassert.match(message, regExpObject);\nawait driver.wait(until.stalenessOf(notification), 10000);",
              "err": {},
              "uuid": "2d46ea5a-aadc-4e72-af05-3f7a028f394f",
              "parentUUID": "1e0c3670-f931-4360-84cb-62b149ade6ba",
              "isHook": false,
              "skipped": false
            },
            {
              "title": "[Happy Case] Create POBO_INTER_BANK FREE FEE successfully",
              "fullTitle": "Fee Module Tests [Happy Case] Create POBO_INTER_BANK FREE FEE successfully",
              "timedOut": false,
              "duration": 6002,
              "state": "passed",
              "speed": "slow",
              "pass": true,
              "fail": false,
              "pending": false,
              "context": null,
              "code": "//Navigate to fee \nawait feePage.navigate();\nconst feeType = 'Chi hộ liên ngân hàng' \nconst vat = 10;\nconst feeMethod = 'Miễn phí'\nfeeCode = await feePage.createFee(feeType, vat, feeMethod);\nconst notification = await driver.wait(until.elementLocated(By.xpath('//p-toastitem')), 5000);\nconst message = await notification.getText();\n    \nconst regExpObject = new RegExp(\"Success\");\nassert.match(message, regExpObject);\nawait driver.wait(until.stalenessOf(notification), 10000);",
              "err": {},
              "uuid": "e6d2cd5e-2b10-4787-84eb-0636ef5ae296",
              "parentUUID": "1e0c3670-f931-4360-84cb-62b149ade6ba",
              "isHook": false,
              "skipped": false
            },
            {
              "title": "[Happy Case] Reject POBO_INTER_BANK FREE FEE successfully",
              "fullTitle": "Fee Module Tests [Happy Case] Reject POBO_INTER_BANK FREE FEE successfully",
              "timedOut": false,
              "duration": 4735,
              "state": "passed",
              "speed": "slow",
              "pass": true,
              "fail": false,
              "pending": false,
              "context": null,
              "code": "//Navigate to fee \nawait feePage.navigateFeeDetailByCode(feeCode);\nawait feePage.rejectFee();\nconst notification = await driver.wait(until.elementLocated(By.xpath('//p-toastitem')), 5000);\nconst message = await notification.getText();\n    \nconst regExpObject = new RegExp(\"Từ chối duyệt thành công\");\nassert.match(message, regExpObject);\nawait driver.wait(until.stalenessOf(notification), 10000);",
              "err": {},
              "uuid": "e93a12b6-613b-43af-8864-be308b64aa00",
              "parentUUID": "1e0c3670-f931-4360-84cb-62b149ade6ba",
              "isHook": false,
              "skipped": false
            },
            {
              "title": "[Happy Case] Edit POBO_INTER_BANK FREE FEE successfully",
              "fullTitle": "Fee Module Tests [Happy Case] Edit POBO_INTER_BANK FREE FEE successfully",
              "timedOut": false,
              "duration": 5009,
              "state": "passed",
              "speed": "slow",
              "pass": true,
              "fail": false,
              "pending": false,
              "context": null,
              "code": "//Navigate to fee detail by code\nawait feePage.navigateFeeDetailByCode(feeCode);\nconst vat = 5;\nawait feePage.editFeeVAT(vat);\nconst notification = await driver.wait(until.elementLocated(By.xpath('//p-toastitem')), 5000);\nconst message = await notification.getText();\n    \nconst regExpObject = new RegExp(\"Success\");\nassert.match(message, regExpObject);\nawait driver.wait(until.stalenessOf(notification), 10000);",
              "err": {},
              "uuid": "bdec3ada-5411-42a2-910f-cdc89152cf00",
              "parentUUID": "1e0c3670-f931-4360-84cb-62b149ade6ba",
              "isHook": false,
              "skipped": false
            },
            {
              "title": "[Happy Case] Approve POBO_INTER_BANK FREE FEE successfully",
              "fullTitle": "Fee Module Tests [Happy Case] Approve POBO_INTER_BANK FREE FEE successfully",
              "timedOut": false,
              "duration": 4611,
              "state": "passed",
              "speed": "slow",
              "pass": true,
              "fail": false,
              "pending": false,
              "context": null,
              "code": "//Navigate to fee detail by code\nawait feePage.navigateFeeDetailByCode(feeCode);\nawait feePage.approveFee();\nconst notification = await driver.wait(until.elementLocated(By.xpath('//p-toastitem')), 5000);\nconst message = await notification.getText();\n    \nconst regExpObject = new RegExp(\"Duyệt thành công\");\nassert.match(message, regExpObject);\nawait driver.wait(until.stalenessOf(notification), 10000);",
              "err": {},
              "uuid": "b4791825-1179-412e-b886-a83b2ad9dea3",
              "parentUUID": "1e0c3670-f931-4360-84cb-62b149ade6ba",
              "isHook": false,
              "skipped": false
            },
            {
              "title": "[Happy Case] Create POBO_INTER_BANK FIXED FEE WITH PRICES successfully",
              "fullTitle": "Fee Module Tests [Happy Case] Create POBO_INTER_BANK FIXED FEE WITH PRICES successfully",
              "timedOut": false,
              "duration": 5829,
              "state": "passed",
              "speed": "slow",
              "pass": true,
              "fail": false,
              "pending": false,
              "context": null,
              "code": "//Navigate to fee \nawait feePage.navigate();\n\n//fee data \nconst feeType = 'Chi hộ liên ngân hàng' \nconst vat = 10;\nconst feeMethod = 'Phí cố định'\nconst feeRule = 'Số tiền phí cố định'\nconst value = 1500\n//Create fee\nfeeCode = await feePage.createFee(feeType, vat, feeMethod, feeRule, value);\nconst notification = await driver.wait(until.elementLocated(By.xpath('//p-toastitem')), 5000);\nconst message = await notification.getText();\n    \nconst regExpObject = new RegExp(\"Success\");\nassert.match(message, regExpObject);\nawait driver.wait(until.stalenessOf(notification), 10000);",
              "err": {},
              "uuid": "eb530c1c-7add-479b-ac8d-2cfc26b72c83",
              "parentUUID": "1e0c3670-f931-4360-84cb-62b149ade6ba",
              "isHook": false,
              "skipped": false
            },
            {
              "title": "[Happy Case] Reject POBO_INTER_BANK FIXED FEE WITH PRICES successfully",
              "fullTitle": "Fee Module Tests [Happy Case] Reject POBO_INTER_BANK FIXED FEE WITH PRICES successfully",
              "timedOut": false,
              "duration": 4752,
              "state": "passed",
              "speed": "slow",
              "pass": true,
              "fail": false,
              "pending": false,
              "context": null,
              "code": "//Navigate to fee \nawait feePage.navigateFeeDetailByCode(feeCode);\nawait feePage.rejectFee();\nconst notification = await driver.wait(until.elementLocated(By.xpath('//p-toastitem')), 5000);\nconst message = await notification.getText();\n    \nconst regExpObject = new RegExp(\"Từ chối duyệt thành công\");\nassert.match(message, regExpObject);\nawait driver.wait(until.stalenessOf(notification), 10000);",
              "err": {},
              "uuid": "8a8bb4ca-fc33-4a15-a5b0-6e62a040638c",
              "parentUUID": "1e0c3670-f931-4360-84cb-62b149ade6ba",
              "isHook": false,
              "skipped": false
            },
            {
              "title": "[Happy Case] Edit POBO_INTER_BANK FIXED FEE WITH PRICES successfully",
              "fullTitle": "Fee Module Tests [Happy Case] Edit POBO_INTER_BANK FIXED FEE WITH PRICES successfully",
              "timedOut": false,
              "duration": 4947,
              "state": "passed",
              "speed": "slow",
              "pass": true,
              "fail": false,
              "pending": false,
              "context": null,
              "code": "//Navigate to fee detail by code\nawait feePage.navigateFeeDetailByCode(feeCode);\nconst vat = 5;\nawait feePage.editFeeVAT(vat);\nconst notification = await driver.wait(until.elementLocated(By.xpath('//p-toastitem')), 5000);\nconst message = await notification.getText();\n    \nconst regExpObject = new RegExp(\"Success\");\nassert.match(message, regExpObject);\nawait driver.wait(until.stalenessOf(notification), 10000);",
              "err": {},
              "uuid": "572d2c34-311d-48c8-b9f0-aa0ad1e8af83",
              "parentUUID": "1e0c3670-f931-4360-84cb-62b149ade6ba",
              "isHook": false,
              "skipped": false
            },
            {
              "title": "[Happy Case] Approve POBO_INTER_BANK FIXED FEE WITH PRICES successfully",
              "fullTitle": "Fee Module Tests [Happy Case] Approve POBO_INTER_BANK FIXED FEE WITH PRICES successfully",
              "timedOut": false,
              "duration": 5480,
              "state": "passed",
              "speed": "slow",
              "pass": true,
              "fail": false,
              "pending": false,
              "context": null,
              "code": "//Navigate to fee detail by code\nawait feePage.navigateFeeDetailByCode(feeCode);\nawait feePage.approveFee();\nconst notification = await driver.wait(until.elementLocated(By.xpath('//p-toastitem')), 5000);\nconst message = await notification.getText();\n    \nconst regExpObject = new RegExp(\"Duyệt thành công\");\nassert.match(message, regExpObject);\nawait driver.wait(until.stalenessOf(notification), 10000);",
              "err": {},
              "uuid": "b9bab5cf-644a-4614-bf84-153f0f1b8b21",
              "parentUUID": "1e0c3670-f931-4360-84cb-62b149ade6ba",
              "isHook": false,
              "skipped": false
            },
            {
              "title": "[Happy Case] Create POBO_INTER_BANK FIXED FEE WITH PERCENT successfully",
              "fullTitle": "Fee Module Tests [Happy Case] Create POBO_INTER_BANK FIXED FEE WITH PERCENT successfully",
              "timedOut": false,
              "duration": 5876,
              "state": "passed",
              "speed": "slow",
              "pass": true,
              "fail": false,
              "pending": false,
              "context": null,
              "code": "//Navigate to fee \nawait feePage.navigate();\n\n//fee data \nconst feeType = 'Chi hộ liên ngân hàng' \nconst vat = 10;\nconst feeMethod = 'Phí cố định'\nconst feeRule = 'Số tiền phí theo tỷ lệ %'\nconst value = 10\n//Create fee\nfeeCode = await feePage.createFee(feeType, vat, feeMethod, feeRule, value);\nconst notification = await driver.wait(until.elementLocated(By.xpath('//p-toastitem')), 5000);\nconst message = await notification.getText();\n    \nconst regExpObject = new RegExp(\"Success\");\nassert.match(message, regExpObject);\nawait driver.wait(until.stalenessOf(notification), 10000);",
              "err": {},
              "uuid": "5ac34e54-0f59-4515-90fa-c92235353495",
              "parentUUID": "1e0c3670-f931-4360-84cb-62b149ade6ba",
              "isHook": false,
              "skipped": false
            },
            {
              "title": "[Happy Case] Reject POBO_INTER_BANK FIXED FEE WITH PERCENT successfully",
              "fullTitle": "Fee Module Tests [Happy Case] Reject POBO_INTER_BANK FIXED FEE WITH PERCENT successfully",
              "timedOut": false,
              "duration": 4751,
              "state": "passed",
              "speed": "slow",
              "pass": true,
              "fail": false,
              "pending": false,
              "context": null,
              "code": "//Navigate to fee \nawait feePage.navigateFeeDetailByCode(feeCode);\nawait feePage.rejectFee();\nconst notification = await driver.wait(until.elementLocated(By.xpath('//p-toastitem')), 5000);\nconst message = await notification.getText();\n    \nconst regExpObject = new RegExp(\"Từ chối duyệt thành công\");\nassert.match(message, regExpObject);\nawait driver.wait(until.stalenessOf(notification), 10000);",
              "err": {},
              "uuid": "38281e71-05a6-42f9-84a0-f7ef00fd7b39",
              "parentUUID": "1e0c3670-f931-4360-84cb-62b149ade6ba",
              "isHook": false,
              "skipped": false
            },
            {
              "title": "[Happy Case] Edit POBO_INTER_BANK FIXED FEE WITH PERCENT successfully",
              "fullTitle": "Fee Module Tests [Happy Case] Edit POBO_INTER_BANK FIXED FEE WITH PERCENT successfully",
              "timedOut": false,
              "duration": 4987,
              "state": "passed",
              "speed": "slow",
              "pass": true,
              "fail": false,
              "pending": false,
              "context": null,
              "code": "//Navigate to fee detail by code\nawait feePage.navigateFeeDetailByCode(feeCode);\nconst vat = 5;\nawait feePage.editFeeVAT(vat);\nconst notification = await driver.wait(until.elementLocated(By.xpath('//p-toastitem')), 5000);\nconst message = await notification.getText();\n    \nconst regExpObject = new RegExp(\"Success\");\nassert.match(message, regExpObject);\nawait driver.wait(until.stalenessOf(notification), 10000);",
              "err": {},
              "uuid": "2f7a8849-11df-4317-9adc-f127ed13d1a6",
              "parentUUID": "1e0c3670-f931-4360-84cb-62b149ade6ba",
              "isHook": false,
              "skipped": false
            },
            {
              "title": "[Happy Case] Approve POBO_INTER_BANK FIXED FEE WITH PERCENT successfully",
              "fullTitle": "Fee Module Tests [Happy Case] Approve POBO_INTER_BANK FIXED FEE WITH PERCENT successfully",
              "timedOut": false,
              "duration": 4586,
              "state": "passed",
              "speed": "slow",
              "pass": true,
              "fail": false,
              "pending": false,
              "context": null,
              "code": "//Navigate to fee detail by code\nawait feePage.navigateFeeDetailByCode(feeCode);\nawait feePage.approveFee();\nconst notification = await driver.wait(until.elementLocated(By.xpath('//p-toastitem')), 5000);\nconst message = await notification.getText();\n    \nconst regExpObject = new RegExp(\"Duyệt thành công\");\nassert.match(message, regExpObject);\nawait driver.wait(until.stalenessOf(notification), 10000);",
              "err": {},
              "uuid": "71032e1a-7451-4bb4-9c89-1d9ed53f71d2",
              "parentUUID": "1e0c3670-f931-4360-84cb-62b149ade6ba",
              "isHook": false,
              "skipped": false
            }
          ],
          "suites": [],
          "passes": [
            "07b4dda8-f9ed-4e58-a451-f6abced4d9f1",
            "b82372d3-43dc-4a3e-af5a-4bb122b8b950",
            "717603d5-bcf7-4824-9766-580d66e57120",
            "82c7841c-dd2d-46d2-9831-8b3e1bb7a55a",
            "aefc343c-aca1-4dc7-9c56-f6f3e873538e",
            "4f5c1cef-6d90-4283-8409-0f47ca109ed7",
            "4de9872b-bd58-4f6d-a149-43146835be4a",
            "fea99373-14a3-43ae-9813-9925a05a6293",
            "a56008ca-6ddd-406e-9b3e-3b4236e84ca6",
            "a040166f-2ea2-4e03-a4fe-dc0fda3c757e",
            "bdad1250-b8ad-4348-ad01-e8942fb84ff0",
            "d58991db-79ed-412e-b7f9-79b4587b29ee",
            "2736bf24-5442-4bd9-8892-638a2ef49916",
            "dabba6fa-9dd3-4b05-9025-7d7222d42e70",
            "d9b55bdb-6b53-4dd4-821b-7b9b3c7ce1d7",
            "48bc9dee-3665-4a6d-a26b-46b711ead2e5",
            "95d12cd0-45d6-485b-8ef9-23ee8bf9a552",
            "a8ae4104-0743-41d9-b87d-773145cb3783",
            "dbedfef9-49cb-48e6-a485-988f5b54edd3",
            "b20da496-a370-4e1a-8914-3de9afeb8712",
            "5c19a313-2816-424d-a285-effb213aa745",
            "2b9ef50d-c01f-42ef-999e-a8294ca7098e",
            "c8075b14-2379-4ceb-88a4-e69f54180f88",
            "2d46ea5a-aadc-4e72-af05-3f7a028f394f",
            "e6d2cd5e-2b10-4787-84eb-0636ef5ae296",
            "e93a12b6-613b-43af-8864-be308b64aa00",
            "bdec3ada-5411-42a2-910f-cdc89152cf00",
            "b4791825-1179-412e-b886-a83b2ad9dea3",
            "eb530c1c-7add-479b-ac8d-2cfc26b72c83",
            "8a8bb4ca-fc33-4a15-a5b0-6e62a040638c",
            "572d2c34-311d-48c8-b9f0-aa0ad1e8af83",
            "b9bab5cf-644a-4614-bf84-153f0f1b8b21",
            "5ac34e54-0f59-4515-90fa-c92235353495",
            "38281e71-05a6-42f9-84a0-f7ef00fd7b39",
            "2f7a8849-11df-4317-9adc-f127ed13d1a6",
            "71032e1a-7451-4bb4-9c89-1d9ed53f71d2"
          ],
          "failures": [],
          "pending": [],
          "skipped": [],
          "duration": 184815,
          "root": false,
          "rootEmpty": false,
          "_timeout": 0
        },
        {
          "uuid": "950cfd38-ea63-4a8a-b2fa-425ba4b057a7",
          "title": "Login Tests",
          "fullFile": "/home/unicloud/klb-enterprise-sele/tests/loginTest.js",
          "file": "/tests/loginTest.js",
          "beforeHooks": [
            {
              "title": "\"before each\" hook in \"Login Tests\"",
              "fullTitle": "Login Tests \"before each\" hook in \"Login Tests\"",
              "timedOut": false,
              "duration": 2784,
              "state": null,
              "speed": null,
              "pass": false,
              "fail": false,
              "pending": false,
              "context": null,
              "code": "driver = await helper.initializeChromeDriver();",
              "err": {},
              "uuid": "bf50f66b-980d-4734-bf5e-73808eadd361",
              "parentUUID": "950cfd38-ea63-4a8a-b2fa-425ba4b057a7",
              "isHook": true,
              "skipped": false
            }
          ],
          "afterHooks": [
            {
              "title": "\"after each\" hook in \"Login Tests\"",
              "fullTitle": "Login Tests \"after each\" hook in \"Login Tests\"",
              "timedOut": false,
              "duration": 52,
              "state": null,
              "speed": null,
              "pass": false,
              "fail": false,
              "pending": false,
              "context": null,
              "code": "await driver.quit();",
              "err": {},
              "uuid": "39fccee6-8135-42f6-8de7-efb595e30b52",
              "parentUUID": "950cfd38-ea63-4a8a-b2fa-425ba4b057a7",
              "isHook": true,
              "skipped": false
            }
          ],
          "tests": [
            {
              "title": "[Happy Case] Login successfully",
              "fullTitle": "Login Tests [Happy Case] Login successfully",
              "timedOut": false,
              "duration": 2353,
              "state": "passed",
              "speed": "slow",
              "pass": true,
              "fail": false,
              "pending": false,
              "context": null,
              "code": "const loginPage = new LoginPage(driver);\n    const username = config.adminUsername;\n    const password = config.adminPassword; \n    \n    await loginPage.loginForTest(username, password);\n    await new Promise(resolve => setTimeout(resolve, 2000));\n    // Add assertions to verify successful login\n    var h4Element = await driver.wait(until.elementLocated(By.xpath(\"//div[@class='info']/h4\")), 10000);\n    const welcomeMessage = await h4Element.getText();\n    assert.equal(welcomeMessage, config.adminName);",
              "err": {},
              "uuid": "b2450708-9ff6-4080-bca4-43a156cff644",
              "parentUUID": "950cfd38-ea63-4a8a-b2fa-425ba4b057a7",
              "isHook": false,
              "skipped": false
            },
            {
              "title": "Show error on invalid login",
              "fullTitle": "Login Tests Show error on invalid login",
              "timedOut": false,
              "duration": 3905,
              "state": "passed",
              "speed": "slow",
              "pass": true,
              "fail": false,
              "pending": false,
              "context": null,
              "code": "const loginPage = new LoginPage(driver);\nconst username = 'invalid_username';\nconst password = 'invalid_password';\nawait loginPage.loginForTest(username, password);\n\nconst regExpObject = new RegExp(\"Đăng nhập không thành công, vui lòng thử lại.\");\nnotification = await driver.wait(until.elementLocated(By.xpath('//p-toastitem')), 5000);\nmessage = await notification.getText();\nassert.match(message, regExpObject);\nawait driver.wait(until.stalenessOf(notification), 10000);",
              "err": {},
              "uuid": "0f09df99-6c79-4b61-ac35-a3614bc71339",
              "parentUUID": "950cfd38-ea63-4a8a-b2fa-425ba4b057a7",
              "isHook": false,
              "skipped": false
            }
          ],
          "suites": [],
          "passes": [
            "b2450708-9ff6-4080-bca4-43a156cff644",
            "0f09df99-6c79-4b61-ac35-a3614bc71339"
          ],
          "failures": [],
          "pending": [],
          "skipped": [],
          "duration": 6258,
          "root": false,
          "rootEmpty": false,
          "_timeout": 0
        },
        {
          "uuid": "15c08262-c5a3-4800-8c70-7c85605dd89f",
          "title": "Merchant Module Tests",
          "fullFile": "/home/unicloud/klb-enterprise-sele/tests/merchantTest.js",
          "file": "/tests/merchantTest.js",
          "beforeHooks": [
            {
              "title": "\"before all\" hook in \"Merchant Module Tests\"",
              "fullTitle": "Merchant Module Tests \"before all\" hook in \"Merchant Module Tests\"",
              "timedOut": false,
              "duration": 5528,
              "state": null,
              "speed": null,
              "pass": false,
              "fail": false,
              "pending": false,
              "context": null,
              "code": "driver = await helper.initializeChromeDriver();\nmerchantPage = new MerchantPage(driver);\nconst loginPage = new LoginPage(driver);\nconst username = config.adminUsername;\nconst password = config.adminPassword;\nconst adminName = config.adminName;\nawait loginPage.login(username, password, adminName);",
              "err": {},
              "uuid": "9f5413c6-c2d1-4ae1-9b16-020605153761",
              "parentUUID": "15c08262-c5a3-4800-8c70-7c85605dd89f",
              "isHook": true,
              "skipped": false
            }
          ],
          "afterHooks": [
            {
              "title": "\"after all\" hook in \"Merchant Module Tests\"",
              "fullTitle": "Merchant Module Tests \"after all\" hook in \"Merchant Module Tests\"",
              "timedOut": false,
              "duration": 53,
              "state": null,
              "speed": null,
              "pass": false,
              "fail": false,
              "pending": false,
              "context": null,
              "code": "await driver.quit();",
              "err": {},
              "uuid": "b90910ed-7916-469d-a0ea-840d785e71e3",
              "parentUUID": "15c08262-c5a3-4800-8c70-7c85605dd89f",
              "isHook": true,
              "skipped": false
            }
          ],
          "tests": [
            {
              "title": "[Happy Case] Create merchant successfully",
              "fullTitle": "Merchant Module Tests [Happy Case] Create merchant successfully",
              "timedOut": false,
              "duration": 11523,
              "state": "passed",
              "speed": "slow",
              "pass": true,
              "fail": false,
              "pending": false,
              "context": null,
              "code": "await merchantPage.navigate();\nconst merchantType = companyData.type;\nconst affiliate = companyData.affiliate;\nconst merchantCif = companyData.cif;\nconst companyName = companyData.companyName;\n\nconst limitPackageValue = PackageEnum.VIP;\nconst businessType = BusinessCateEnum.DICH_VU_AN_UONG;\nconst chargeTypeValue = ChargeTypeEnum.MONTHLY;\nconst repesentName = companyData.repesentName;\nconst repesentDoB = companyData.repesentDoB;\nconst sex = SexEnum.MALE;\nconst representEmail = companyData.representEmail;\nconst isWhiteList = true;\nmcID = await merchantPage.createMCProfile(\n  merchantType,\n  affiliate,\n  merchantCif,\n  companyName,\n  limitPackageValue,\n  businessType,\n  chargeTypeValue,\n  repesentName,\n  repesentDoB,\n  sex,\n  representEmail,\n  isWhiteList\n);\nconst notification = await driver.wait(until.elementLocated(By.xpath('//p-toastitem')), 5000);\nconst message = await notification.getText();\nconst regExpObject = new RegExp(\"Khởi tạo đối tác thành công\");\nassert.match(message, regExpObject);\n\nawait driver.wait(until.stalenessOf(notification), 10000);",
              "err": {},
              "uuid": "d0176312-5512-4cb7-8ef6-d3fe29122cba",
              "parentUUID": "15c08262-c5a3-4800-8c70-7c85605dd89f",
              "isHook": false,
              "skipped": false
            },
            {
              "title": "[Happy Case] Add account successfully",
              "fullTitle": "Merchant Module Tests [Happy Case] Add account successfully",
              "timedOut": false,
              "duration": 10077,
              "state": "passed",
              "speed": "slow",
              "pass": true,
              "fail": false,
              "pending": false,
              "context": null,
              "code": "//Start add account\nconst accountSelect = companyData.account_no\nawait merchantPage.addAccountForMC(accountSelect);\n//Expected 3 account add successfully to Mc \nconst tableBody = await driver.findElement(By.css('tbody[role=\"rowgroup\"]'));\nconst rows = await tableBody.findElements(By.css('tr[role=\"row\"]'));\nassert.equal(rows.length, 3, \"Gán tài khoản thất bại\");",
              "err": {},
              "uuid": "9d65130e-460c-4f6e-8846-d214267c03de",
              "parentUUID": "15c08262-c5a3-4800-8c70-7c85605dd89f",
              "isHook": false,
              "skipped": false
            },
            {
              "title": "[Happy Case] Add MC Fee successfully",
              "fullTitle": "Merchant Module Tests [Happy Case] Add MC Fee successfully",
              "timedOut": false,
              "duration": 497,
              "state": "passed",
              "speed": "slow",
              "pass": true,
              "fail": false,
              "pending": false,
              "context": null,
              "code": "var continueButton = await driver.wait(until.elementLocated(By.xpath('//*[@id=\"cdk-step-content-0-2\"]/div/button[2]')), 1000);\nawait driver.wait(until.elementIsEnabled(continueButton), 1000);\nawait driver.wait(until.elementIsVisible(continueButton), 1000);\nawait continueButton.click();\nassert.equal(1, 1, \"Gán phí Thất bại\");",
              "err": {},
              "uuid": "212fd16d-6d46-467d-a691-c01e099d5c1a",
              "parentUUID": "15c08262-c5a3-4800-8c70-7c85605dd89f",
              "isHook": false,
              "skipped": false
            },
            {
              "title": "[Happy Case] Upload MC document successfully",
              "fullTitle": "Merchant Module Tests [Happy Case] Upload MC document successfully",
              "timedOut": false,
              "duration": 29459,
              "state": "passed",
              "speed": "slow",
              "pass": true,
              "fail": false,
              "pending": false,
              "context": null,
              "code": "const regExpObject = new RegExp(\"Upload file thành công\");\nlet notification;\nlet documentURL;\nlet message;\n//Upload Giấy phép đăng ký kinh doanh\ndocumentURL = '/home/unicloud/Documents/PDF example/Size_8.9MB.pdf'\nawait merchantPage.uploadDocument(DocEnum.BUSINESSLICENSE, documentURL)\nnotification = await driver.wait(until.elementLocated(By.xpath('//p-toastitem')), 5000);\nmessage = await notification.getText();\nassert.match(message, regExpObject, \"Upload Giấy phép KD thất bại\");\nawait driver.wait(until.stalenessOf(notification), 10000);\n//Upload Hợp đồng\ndocumentURL = '/home/unicloud/Pictures/Hop-dong.pdf'\nawait merchantPage.uploadDocument(DocEnum.BUSINESSCONTRACT, documentURL)\nnotification = await driver.wait(until.elementLocated(By.xpath('//p-toastitem')), 5000);\nmessage = await notification.getText();\nassert.match(message, regExpObject, \"Upload Hợp đồng thất bại\");\nawait driver.wait(until.stalenessOf(notification), 10000);\n//Upload Giấy chứng nhận đại diện hợp pháp\ndocumentURL = '/home/unicloud/Pictures/GIAY-PHEP-DKKD_001.jpg'\nawait merchantPage.uploadDocument(DocEnum.LEGALCONTRACT, documentURL)\nnotification = await driver.wait(until.elementLocated(By.xpath('//p-toastitem')), 5000);\nmessage = await notification.getText();\nassert.match(message, regExpObject, \"Upload Giấy chứng nhận đại diện thất bại\");\nawait driver.wait(until.stalenessOf(notification), 10000);\n//Upload CMND mặt trước\ndocumentURL = '/home/unicloud/Pictures/doggie_corgi-1280x600.jpg'\nawait merchantPage.uploadDocument(DocEnum.FRONTID, documentURL)\nnotification = await driver.wait(until.elementLocated(By.xpath('//p-toastitem')), 5000);\nmessage = await notification.getText();\nassert.match(message, regExpObject, \"Upload CMND mặt trước thất bại\");\nawait driver.wait(until.stalenessOf(notification), 10000);\n//Upload CMND mặt sau\ndocumentURL = '/home/unicloud/Pictures/Nengoro.full.2465602.jpg'\nawait merchantPage.uploadDocument(DocEnum.BACKID, documentURL)\nnotification = await driver.wait(until.elementLocated(By.xpath('//p-toastitem')), 5000);\nmessage = await notification.getText();\nassert.match(message, regExpObject, \"Upload CMND mặt sau thất bại\");\nawait driver.wait(until.stalenessOf(notification), 10000);\n//Upload giấy tờ khác \ndocumentURL = '/home/unicloud/Pictures/Facebook post 1.png'\nawait merchantPage.uploadDocument(DocEnum.ORTHERDOCUMENT, documentURL)\nnotification = await driver.wait(until.elementLocated(By.xpath('//p-toastitem')), 5000);\nmessage = await notification.getText();\nassert.match(message, regExpObject, \"Upload giấy tờ khác thất bại\");\nawait driver.wait(until.stalenessOf(notification), 10000);\nvar continueButton = await driver.wait(until.elementLocated(By.xpath('//*[@id=\"cdk-step-content-0-3\"]/div[2]/button[2]')), 1000);\nawait driver.wait(until.elementIsEnabled(continueButton), 1000);\nawait driver.wait(until.elementIsVisible(continueButton), 1000);\nawait continueButton.click();",
              "err": {},
              "uuid": "d18be623-e8c2-407e-8635-4e3d3a6ad9b8",
              "parentUUID": "15c08262-c5a3-4800-8c70-7c85605dd89f",
              "isHook": false,
              "skipped": false
            },
            {
              "title": "[Happy Case] Generate integration Key",
              "fullTitle": "Merchant Module Tests [Happy Case] Generate integration Key",
              "timedOut": false,
              "duration": 5102,
              "state": "passed",
              "speed": "slow",
              "pass": true,
              "fail": false,
              "pending": false,
              "context": null,
              "code": "const webhookURL = 'https://www.google.com/'\nconst retryValue = '100'\nawait merchantPage.generateIntergration(webhookURL, retryValue);\n\nnotification = await driver.wait(until.elementLocated(By.xpath('//p-toastitem')), 5000);\nmessage = await notification.getText();\nconst regExpObject = new RegExp(\"Success\");\nassert.match(message, regExpObject);\nawait driver.wait(until.stalenessOf(notification), 10000);",
              "err": {},
              "uuid": "c0c63d27-0e8f-41ce-95dd-fa411def8eda",
              "parentUUID": "15c08262-c5a3-4800-8c70-7c85605dd89f",
              "isHook": false,
              "skipped": false
            },
            {
              "title": "[Happy Case] Reject merchant successfully",
              "fullTitle": "Merchant Module Tests [Happy Case] Reject merchant successfully",
              "timedOut": false,
              "duration": 8816,
              "state": "passed",
              "speed": "slow",
              "pass": true,
              "fail": false,
              "pending": false,
              "context": null,
              "code": "await merchantPage.navigateMerchantDetail(mcID);\nawait merchantPage.sendApproveRequest();\nconst regExpObject1 = new RegExp(\"Gửi duyệt thành công\");\nnotification1 = await driver.wait(until.elementLocated(By.xpath('//p-toastitem')), 5000);\nmessage1 = await notification1.getText();\nassert.match(message1, regExpObject1);\nawait driver.wait(until.stalenessOf(notification1), 10000);\nawait merchantPage.rejectMerchant();\nconst regExpObject = new RegExp(\"Từ chối duyệt thành công\");\nnotification = await driver.wait(until.elementLocated(By.xpath('//p-toastitem')), 5000);\nmessage = await notification.getText();\nassert.match(message, regExpObject);\nawait driver.wait(until.stalenessOf(notification), 10000);",
              "err": {},
              "uuid": "a20ea833-6468-490d-9f1d-e0a9d56d9efa",
              "parentUUID": "15c08262-c5a3-4800-8c70-7c85605dd89f",
              "isHook": false,
              "skipped": false
            },
            {
              "title": "[Happy Case] Approve merchant successfully",
              "fullTitle": "Merchant Module Tests [Happy Case] Approve merchant successfully",
              "timedOut": false,
              "duration": 8738,
              "state": "passed",
              "speed": "slow",
              "pass": true,
              "fail": false,
              "pending": false,
              "context": null,
              "code": "await merchantPage.navigateMerchantDetail(mcID);\n    await merchantPage.sendApproveRequest();\n    const regExpObject1 = new RegExp(\"Gửi duyệt thành công\");\n    notification1 = await driver.wait(until.elementLocated(By.xpath('//p-toastitem')), 5000);\n    message1 = await notification1.getText();\n    assert.match(message1, regExpObject1);\n    await driver.wait(until.stalenessOf(notification1), 10000);\n    await merchantPage.approveMerchant();\n    const regExpObject = new RegExp(\"Duyệt thành công\");\n    notification = await driver.wait(until.elementLocated(By.xpath('//p-toastitem')), 5000);\n    message = await notification.getText();\n    assert.match(message, regExpObject);\n    await driver.wait(until.stalenessOf(notification), 10000);",
              "err": {},
              "uuid": "21da252d-31b8-4f96-89b1-cd69d1d02120",
              "parentUUID": "15c08262-c5a3-4800-8c70-7c85605dd89f",
              "isHook": false,
              "skipped": false
            }
          ],
          "suites": [],
          "passes": [
            "d0176312-5512-4cb7-8ef6-d3fe29122cba",
            "9d65130e-460c-4f6e-8846-d214267c03de",
            "212fd16d-6d46-467d-a691-c01e099d5c1a",
            "d18be623-e8c2-407e-8635-4e3d3a6ad9b8",
            "c0c63d27-0e8f-41ce-95dd-fa411def8eda",
            "a20ea833-6468-490d-9f1d-e0a9d56d9efa",
            "21da252d-31b8-4f96-89b1-cd69d1d02120"
          ],
          "failures": [],
          "pending": [],
          "skipped": [],
          "duration": 74212,
          "root": false,
          "rootEmpty": false,
          "_timeout": 0
        },
        {
          "uuid": "7fb4b080-3cb5-4b03-8b38-22b77adab43f",
          "title": "PROGRESSIVE Fee Module Tests",
          "fullFile": "/home/unicloud/klb-enterprise-sele/tests/progressiveFeeTest.js",
          "file": "/tests/progressiveFeeTest.js",
          "beforeHooks": [
            {
              "title": "\"before all\" hook in \"PROGRESSIVE Fee Module Tests\"",
              "fullTitle": "PROGRESSIVE Fee Module Tests \"before all\" hook in \"PROGRESSIVE Fee Module Tests\"",
              "timedOut": false,
              "duration": 6001,
              "state": null,
              "speed": null,
              "pass": false,
              "fail": false,
              "pending": false,
              "context": null,
              "code": "driver = await helper.initializeChromeDriver();\nfeePage = new FeePage(driver);\nconst loginPage = new LoginPage(driver);\nconst username = config.adminUsername;\nconst password = config.adminPassword;\nconst adminName = config.adminName;\nawait loginPage.login(username, password, adminName);",
              "err": {},
              "uuid": "d63642dd-f2f5-4cbe-b18c-c63a60292f11",
              "parentUUID": "7fb4b080-3cb5-4b03-8b38-22b77adab43f",
              "isHook": true,
              "skipped": false
            }
          ],
          "afterHooks": [
            {
              "title": "\"after all\" hook in \"PROGRESSIVE Fee Module Tests\"",
              "fullTitle": "PROGRESSIVE Fee Module Tests \"after all\" hook in \"PROGRESSIVE Fee Module Tests\"",
              "timedOut": false,
              "duration": 52,
              "state": null,
              "speed": null,
              "pass": false,
              "fail": false,
              "pending": false,
              "context": null,
              "code": "await driver.quit();",
              "err": {},
              "uuid": "b24283f5-4387-4ece-8d17-3aa3b9916564",
              "parentUUID": "7fb4b080-3cb5-4b03-8b38-22b77adab43f",
              "isHook": true,
              "skipped": false
            }
          ],
          "tests": [
            {
              "title": "[Happy Case] Create COBO PROGRESSIVE FEE successfully",
              "fullTitle": "PROGRESSIVE Fee Module Tests [Happy Case] Create COBO PROGRESSIVE FEE successfully",
              "timedOut": false,
              "duration": 17938,
              "state": "passed",
              "speed": "slow",
              "pass": true,
              "fail": false,
              "pending": false,
              "context": null,
              "code": "//Navigate to fee \nawait feePage.navigate();\nconst feeType = 'Thu hộ'\nconst vat = 10;\nconst feeMethod = 'Phí lũy tiến'\nconst feeLevelData = [\n    {\n        toValue: 19999999,\n        feeMoney: 0,\n        feePercent: 0.30,\n        minFeeMoney: 0\n    },\n    {\n        toValue: 199999999,\n        feeMoney: 0,\n        feePercent: 0.25,\n        minFeeMoney: 0\n    },\n    {\n        toValue: 499999999,\n        feeMoney: 0,\n        feePercent: 0.20,\n        minFeeMoney: 0\n    },\n    // Add more data as needed\n];\nfeeCode = await feePage.createFee(feeType, vat, feeMethod, null, null, feeLevelData);\nconst notification = await driver.wait(until.elementLocated(By.xpath('//p-toastitem')), 5000);\nconst message = await notification.getText();\nconst regExpObject = new RegExp(\"Success\");\nassert.match(message, regExpObject);\nawait driver.wait(until.stalenessOf(notification), 10000);",
              "err": {},
              "uuid": "5c05e545-881e-4946-b785-16ba97abe319",
              "parentUUID": "7fb4b080-3cb5-4b03-8b38-22b77adab43f",
              "isHook": false,
              "skipped": false
            },
            {
              "title": "[Happy Case] Reject COBO PROGRESSIVE FEE successfully",
              "fullTitle": "PROGRESSIVE Fee Module Tests [Happy Case] Reject COBO PROGRESSIVE FEE successfully",
              "timedOut": false,
              "duration": 4768,
              "state": "passed",
              "speed": "slow",
              "pass": true,
              "fail": false,
              "pending": false,
              "context": null,
              "code": "//Navigate to fee \nawait feePage.navigateFeeDetailByCode(feeCode);\nawait feePage.rejectFee();\nconst notification = await driver.wait(until.elementLocated(By.xpath('//p-toastitem')), 5000);\nconst message = await notification.getText();\nconst regExpObject = new RegExp(\"Từ chối duyệt thành công\");\nassert.match(message, regExpObject);\nawait driver.wait(until.stalenessOf(notification), 10000);",
              "err": {},
              "uuid": "99d2c5a2-0d51-41eb-8ba3-2282acf3e1ed",
              "parentUUID": "7fb4b080-3cb5-4b03-8b38-22b77adab43f",
              "isHook": false,
              "skipped": false
            },
            {
              "title": "[Happy Case] Edit COBO PROGRESSIVE FEE successfully",
              "fullTitle": "PROGRESSIVE Fee Module Tests [Happy Case] Edit COBO PROGRESSIVE FEE successfully",
              "timedOut": false,
              "duration": 5241,
              "state": "passed",
              "speed": "slow",
              "pass": true,
              "fail": false,
              "pending": false,
              "context": null,
              "code": "//Navigate to fee detail by code\nawait feePage.navigateFeeDetailByCode(feeCode);\nconst vat = 5;\nawait feePage.editFeeVAT(vat);\nconst notification = await driver.wait(until.elementLocated(By.xpath('//p-toastitem')), 5000);\nconst message = await notification.getText();\nconst regExpObject = new RegExp(\"Success\");\nassert.match(message, regExpObject);\nawait driver.wait(until.stalenessOf(notification), 10000);",
              "err": {},
              "uuid": "3c3de04f-f202-444b-91ca-361c320c81e6",
              "parentUUID": "7fb4b080-3cb5-4b03-8b38-22b77adab43f",
              "isHook": false,
              "skipped": false
            },
            {
              "title": "[Happy Case] Approve COBO PROGRESSIVE FEE successfully",
              "fullTitle": "PROGRESSIVE Fee Module Tests [Happy Case] Approve COBO PROGRESSIVE FEE successfully",
              "timedOut": false,
              "duration": 4666,
              "state": "passed",
              "speed": "slow",
              "pass": true,
              "fail": false,
              "pending": false,
              "context": null,
              "code": "//Navigate to fee detail by code\nawait feePage.navigateFeeDetailByCode(feeCode);\nawait feePage.approveFee();\nconst notification = await driver.wait(until.elementLocated(By.xpath('//p-toastitem')), 5000);\nconst message = await notification.getText();\nconst regExpObject = new RegExp(\"Duyệt thành công\");\nassert.match(message, regExpObject);\nawait driver.wait(until.stalenessOf(notification), 10000);",
              "err": {},
              "uuid": "84ee2974-a5fc-48dc-b850-30fe7608d58d",
              "parentUUID": "7fb4b080-3cb5-4b03-8b38-22b77adab43f",
              "isHook": false,
              "skipped": false
            },
            {
              "title": "[Happy Case] Create POBO PROGRESSIVE FEE successfully",
              "fullTitle": "PROGRESSIVE Fee Module Tests [Happy Case] Create POBO PROGRESSIVE FEE successfully",
              "timedOut": false,
              "duration": 18254,
              "state": "passed",
              "speed": "slow",
              "pass": true,
              "fail": false,
              "pending": false,
              "context": null,
              "code": "//Navigate to fee \nawait feePage.navigate();\nconst feeType = 'Chi hộ nội bộ'\nconst vat = 10;\nconst feeMethod = 'Phí lũy tiến'\nconst feeLevelData = [\n    {\n        toValue: 19999999,\n        feeMoney: 0,\n        feePercent: 0.30,\n        minFeeMoney: 0\n    },\n    {\n        toValue: 199999999,\n        feeMoney: 0,\n        feePercent: 0.25,\n        minFeeMoney: 0\n    },\n    {\n        toValue: 499999999,\n        feeMoney: 0,\n        feePercent: 0.20,\n        minFeeMoney: 0\n    },\n];\nfeeCode = await feePage.createFee(feeType, vat, feeMethod, null, null, feeLevelData);\nconst notification = await driver.wait(until.elementLocated(By.xpath('//p-toastitem')), 5000);\nconst message = await notification.getText();\nconst regExpObject = new RegExp(\"Success\");\nassert.match(message, regExpObject);\nawait driver.wait(until.stalenessOf(notification), 10000);",
              "err": {},
              "uuid": "139bbf52-6500-47db-a66d-aed5daadd00d",
              "parentUUID": "7fb4b080-3cb5-4b03-8b38-22b77adab43f",
              "isHook": false,
              "skipped": false
            },
            {
              "title": "[Happy Case] Reject POBO PROGRESSIVE FEE successfully",
              "fullTitle": "PROGRESSIVE Fee Module Tests [Happy Case] Reject POBO PROGRESSIVE FEE successfully",
              "timedOut": false,
              "duration": 4740,
              "state": "passed",
              "speed": "slow",
              "pass": true,
              "fail": false,
              "pending": false,
              "context": null,
              "code": "//Navigate to fee \nawait feePage.navigateFeeDetailByCode(feeCode);\nawait feePage.rejectFee();\nconst notification = await driver.wait(until.elementLocated(By.xpath('//p-toastitem')), 5000);\nconst message = await notification.getText();\nconst regExpObject = new RegExp(\"Từ chối duyệt thành công\");\nassert.match(message, regExpObject);\nawait driver.wait(until.stalenessOf(notification), 10000);",
              "err": {},
              "uuid": "5db61a4c-7cf1-419c-b06d-4c074615a654",
              "parentUUID": "7fb4b080-3cb5-4b03-8b38-22b77adab43f",
              "isHook": false,
              "skipped": false
            },
            {
              "title": "[Happy Case] Edit POBO PROGRESSIVE FEE successfully",
              "fullTitle": "PROGRESSIVE Fee Module Tests [Happy Case] Edit POBO PROGRESSIVE FEE successfully",
              "timedOut": false,
              "duration": 5308,
              "state": "passed",
              "speed": "slow",
              "pass": true,
              "fail": false,
              "pending": false,
              "context": null,
              "code": "//Navigate to fee detail by code\nawait feePage.navigateFeeDetailByCode(feeCode);\nconst vat = 5;\nawait feePage.editFeeVAT(vat);\nconst notification = await driver.wait(until.elementLocated(By.xpath('//p-toastitem')), 5000);\nconst message = await notification.getText();\nconst regExpObject = new RegExp(\"Success\");\nassert.match(message, regExpObject);\nawait driver.wait(until.stalenessOf(notification), 10000);",
              "err": {},
              "uuid": "e93454da-70cb-4ba5-8baf-e3ab863896d9",
              "parentUUID": "7fb4b080-3cb5-4b03-8b38-22b77adab43f",
              "isHook": false,
              "skipped": false
            },
            {
              "title": "[Happy Case] Approve POBO PROGRESSIVE FEE successfully",
              "fullTitle": "PROGRESSIVE Fee Module Tests [Happy Case] Approve POBO PROGRESSIVE FEE successfully",
              "timedOut": false,
              "duration": 4671,
              "state": "passed",
              "speed": "slow",
              "pass": true,
              "fail": false,
              "pending": false,
              "context": null,
              "code": "//Navigate to fee detail by code\nawait feePage.navigateFeeDetailByCode(feeCode);\nawait feePage.approveFee();\nconst notification = await driver.wait(until.elementLocated(By.xpath('//p-toastitem')), 5000);\nconst message = await notification.getText();\nconst regExpObject = new RegExp(\"Duyệt thành công\");\nassert.match(message, regExpObject);\nawait driver.wait(until.stalenessOf(notification), 10000);",
              "err": {},
              "uuid": "5366f2a7-7ab1-47bd-b0f0-584267fafa2c",
              "parentUUID": "7fb4b080-3cb5-4b03-8b38-22b77adab43f",
              "isHook": false,
              "skipped": false
            },
            {
              "title": "[Happy Case] Create POBO_INTER_BANK PROGRESSIVE FEE successfully",
              "fullTitle": "PROGRESSIVE Fee Module Tests [Happy Case] Create POBO_INTER_BANK PROGRESSIVE FEE successfully",
              "timedOut": false,
              "duration": 17191,
              "state": "passed",
              "speed": "slow",
              "pass": true,
              "fail": false,
              "pending": false,
              "context": null,
              "code": "//Navigate to fee \nawait feePage.navigate();\nconst feeType = 'Chi hộ liên ngân hàng'\nconst vat = 10;\nconst feeMethod = 'Phí lũy tiến'\nconst feeLevelData = [\n    {\n        toValue: 19999999,\n        feeMoney: 0,\n        feePercent: 0.30,\n        minFeeMoney: 0\n    },\n    {\n        toValue: 199999999,\n        feeMoney: 0,\n        feePercent: 0.25,\n        minFeeMoney: 0\n    },\n    {\n        toValue: 499999999,\n        feeMoney: 0,\n        feePercent: 0.20,\n        minFeeMoney: 0\n    },\n];\nfeeCode = await feePage.createFee(feeType, vat, feeMethod, null, null, feeLevelData);\n\nconst notification = await driver.wait(until.elementLocated(By.xpath('//p-toastitem')), 5000);\nconst message = await notification.getText();\nconst regExpObject = new RegExp(\"Success\");\nassert.match(message, regExpObject);\nawait driver.wait(until.stalenessOf(notification), 10000);",
              "err": {},
              "uuid": "03f2f128-7de3-4b52-8e98-2462cd71f1c9",
              "parentUUID": "7fb4b080-3cb5-4b03-8b38-22b77adab43f",
              "isHook": false,
              "skipped": false
            },
            {
              "title": "[Happy Case] Reject POBO_INTER_BANK PROGRESSIVE FEE successfully",
              "fullTitle": "PROGRESSIVE Fee Module Tests [Happy Case] Reject POBO_INTER_BANK PROGRESSIVE FEE successfully",
              "timedOut": false,
              "duration": 4760,
              "state": "passed",
              "speed": "slow",
              "pass": true,
              "fail": false,
              "pending": false,
              "context": null,
              "code": "//Navigate to fee \nawait feePage.navigateFeeDetailByCode(feeCode);\nawait feePage.rejectFee();\nconst notification = await driver.wait(until.elementLocated(By.xpath('//p-toastitem')), 5000);\nconst message = await notification.getText();\nconst regExpObject = new RegExp(\"Từ chối duyệt thành công\");\nassert.match(message, regExpObject);\nawait driver.wait(until.stalenessOf(notification), 10000);",
              "err": {},
              "uuid": "190581ab-b7c2-4f92-ae8d-d5b456a3f1ec",
              "parentUUID": "7fb4b080-3cb5-4b03-8b38-22b77adab43f",
              "isHook": false,
              "skipped": false
            },
            {
              "title": "[Happy Case] Edit POBO_INTER_BANK PROGRESSIVE FEE successfully",
              "fullTitle": "PROGRESSIVE Fee Module Tests [Happy Case] Edit POBO_INTER_BANK PROGRESSIVE FEE successfully",
              "timedOut": false,
              "duration": 5199,
              "state": "passed",
              "speed": "slow",
              "pass": true,
              "fail": false,
              "pending": false,
              "context": null,
              "code": "//Navigate to fee detail by code\nawait feePage.navigateFeeDetailByCode(feeCode);\nconst vat = 5;\nawait feePage.editFeeVAT(vat);\nconst notification = await driver.wait(until.elementLocated(By.xpath('//p-toastitem')), 5000);\nconst message = await notification.getText();\nconst regExpObject = new RegExp(\"Success\");\nassert.match(message, regExpObject);\nawait driver.wait(until.stalenessOf(notification), 10000);",
              "err": {},
              "uuid": "1f3327ce-663a-4155-ac54-541c75aab0ca",
              "parentUUID": "7fb4b080-3cb5-4b03-8b38-22b77adab43f",
              "isHook": false,
              "skipped": false
            },
            {
              "title": "[Happy Case] Approve POBO_INTER_BANK PROGRESSIVE FEE successfully",
              "fullTitle": "PROGRESSIVE Fee Module Tests [Happy Case] Approve POBO_INTER_BANK PROGRESSIVE FEE successfully",
              "timedOut": false,
              "duration": 4699,
              "state": "passed",
              "speed": "slow",
              "pass": true,
              "fail": false,
              "pending": false,
              "context": null,
              "code": "//Navigate to fee detail by code\nawait feePage.navigateFeeDetailByCode(feeCode);\nawait feePage.approveFee();\nconst notification = await driver.wait(until.elementLocated(By.xpath('//p-toastitem')), 5000);\nconst message = await notification.getText();\nconst regExpObject = new RegExp(\"Duyệt thành công\");\nassert.match(message, regExpObject);\nawait driver.wait(until.stalenessOf(notification), 10000);",
              "err": {},
              "uuid": "582cfeba-2f49-4981-a3c2-f1f9823ea388",
              "parentUUID": "7fb4b080-3cb5-4b03-8b38-22b77adab43f",
              "isHook": false,
              "skipped": false
            }
          ],
          "suites": [],
          "passes": [
            "5c05e545-881e-4946-b785-16ba97abe319",
            "99d2c5a2-0d51-41eb-8ba3-2282acf3e1ed",
            "3c3de04f-f202-444b-91ca-361c320c81e6",
            "84ee2974-a5fc-48dc-b850-30fe7608d58d",
            "139bbf52-6500-47db-a66d-aed5daadd00d",
            "5db61a4c-7cf1-419c-b06d-4c074615a654",
            "e93454da-70cb-4ba5-8baf-e3ab863896d9",
            "5366f2a7-7ab1-47bd-b0f0-584267fafa2c",
            "03f2f128-7de3-4b52-8e98-2462cd71f1c9",
            "190581ab-b7c2-4f92-ae8d-d5b456a3f1ec",
            "1f3327ce-663a-4155-ac54-541c75aab0ca",
            "582cfeba-2f49-4981-a3c2-f1f9823ea388"
          ],
          "failures": [],
          "pending": [],
          "skipped": [],
          "duration": 97435,
          "root": false,
          "rootEmpty": false,
          "_timeout": 0
        }
      ],
      "passes": [],
      "failures": [],
      "pending": [],
      "skipped": [],
      "duration": 0,
      "root": true,
      "rootEmpty": true,
      "_timeout": 0
    }
  ],
  "meta": {
    "mocha": {
      "version": "10.2.0"
    },
    "mochawesome": {
      "options": {
        "quiet": false,
        "reportFilename": "mochawesome",
        "saveHtml": true,
        "saveJson": true,
        "consoleReporter": "spec",
        "useInlineDiffs": false,
        "code": true
      },
      "version": "7.1.3"
    },
    "marge": {
      "options": null,
      "version": "6.2.0"
    }
  }
}