{
  "stats": {
    "suites": 5,
    "tests": 61,
    "passes": 49,
    "pending": 0,
    "failures": 12,
    "start": "2023-11-22T09:45:32.379Z",
    "end": "2023-11-22T09:52:52.151Z",
    "duration": 439772,
    "testsRegistered": 61,
    "passPercent": 80.32786885245902,
    "pendingPercent": 0,
    "other": 0,
    "hasOther": false,
    "skipped": 0,
    "hasSkipped": false
  },
  "results": [
    {
      "uuid": "189bf157-161d-4c1f-9ed2-3dfe8f2b7a98",
      "title": "",
      "fullFile": "",
      "file": "",
      "beforeHooks": [],
      "afterHooks": [],
      "tests": [],
      "suites": [
        {
          "uuid": "25c113b1-edff-461d-8513-7b2b6b18f03c",
          "title": "PROGRESSIVE Fee Module Tests",
          "fullFile": "/home/unicloud/klb-enterprise-sele/tests/editProgressiveFee.js",
          "file": "/tests/editProgressiveFee.js",
          "beforeHooks": [
            {
              "title": "\"before all\" hook in \"PROGRESSIVE Fee Module Tests\"",
              "fullTitle": "PROGRESSIVE Fee Module Tests \"before all\" hook in \"PROGRESSIVE Fee Module Tests\"",
              "timedOut": false,
              "duration": 10688,
              "state": null,
              "speed": null,
              "pass": false,
              "fail": false,
              "pending": false,
              "context": null,
              "code": "driver = await helper.initializeChromeDriver();\nfeePage = new FeePage(driver);\nconst loginPage = new LoginPage(driver);\nconst username = config.adminUsername;\nconst password = config.adminPassword;\nconst adminName = config.adminName;\nawait loginPage.login(username, password, adminName);",
              "err": {},
              "uuid": "12abf3ac-1259-4c72-832f-ca766c669e38",
              "parentUUID": "25c113b1-edff-461d-8513-7b2b6b18f03c",
              "isHook": true,
              "skipped": false
            }
          ],
          "afterHooks": [
            {
              "title": "\"after all\" hook in \"PROGRESSIVE Fee Module Tests\"",
              "fullTitle": "PROGRESSIVE Fee Module Tests \"after all\" hook in \"PROGRESSIVE Fee Module Tests\"",
              "timedOut": false,
              "duration": 53,
              "state": null,
              "speed": null,
              "pass": false,
              "fail": false,
              "pending": false,
              "context": null,
              "code": "await driver.quit();",
              "err": {},
              "uuid": "4d3ed12e-cbc8-40ef-89cc-8798dfa68b88",
              "parentUUID": "25c113b1-edff-461d-8513-7b2b6b18f03c",
              "isHook": true,
              "skipped": false
            }
          ],
          "tests": [
            {
              "title": "[Happy Case] Create COBO PROGRESSIVE FEE successfully",
              "fullTitle": "PROGRESSIVE Fee Module Tests [Happy Case] Create COBO PROGRESSIVE FEE successfully",
              "timedOut": false,
              "duration": 18291,
              "state": "passed",
              "speed": "slow",
              "pass": true,
              "fail": false,
              "pending": false,
              "context": null,
              "code": "//Navigate to fee \nawait feePage.navigate();\nconst vat = 10;\nconst feeType = 'Thu hộ'\nconst feeMethod = 'Phí lũy tiến'\nconst feeLevelData = [\n    {\n        toValue: 19999999,\n        feeMoney: 0,\n        feePercent: 0.30,\n        minFeeMoney: 0\n    },\n    {\n        toValue: 199999999,\n        feeMoney: 0,\n        feePercent: 0.25,\n        minFeeMoney: 0\n    },\n    {\n        toValue: 499999999,\n        feeMoney: 0,\n        feePercent: 0.20,\n        minFeeMoney: 0\n    },\n    // Add more data as needed\n];\nfeeCode = await feePage.createFee(feeType, vat, feeMethod, null, null, feeLevelData);\nconst notification = await driver.wait(until.elementLocated(By.xpath('//p-toastitem')), 5000);\nconst message = await notification.getText();\nconst regExpObject = new RegExp(\"Success\");\nassert.match(message, regExpObject);\nawait driver.wait(until.stalenessOf(notification), 10000);",
              "err": {},
              "uuid": "ad3ab719-16a6-4cdf-bb8f-b641cd580fcc",
              "parentUUID": "25c113b1-edff-461d-8513-7b2b6b18f03c",
              "isHook": false,
              "skipped": false
            },
            {
              "title": "[Happy Case] Edit VAT with different value than init",
              "fullTitle": "PROGRESSIVE Fee Module Tests [Happy Case] Edit VAT with different value than init",
              "timedOut": false,
              "duration": 5045,
              "state": "passed",
              "speed": "slow",
              "pass": true,
              "fail": false,
              "pending": false,
              "context": null,
              "code": "//Navigate to fee detail by code\nconst newVat = 5;\nawait feePage.navigateFeeDetailByCode(feeCode);\nawait helper.clickOnEditButton(driver);\nawait feePage.editFeeVAT(newVat);\nconst notification = await driver.wait(until.elementLocated(By.xpath('//p-toastitem')), 5000);\nconst message = await notification.getText();\nconst regExpObject = new RegExp(\"Success\");\nassert.match(message, regExpObject);\nawait driver.wait(until.stalenessOf(notification), 10000);",
              "err": {},
              "uuid": "e2e3f7c1-8ba4-4eda-ba9b-ac61a8af9c34",
              "parentUUID": "25c113b1-edff-461d-8513-7b2b6b18f03c",
              "isHook": false,
              "skipped": false
            },
            {
              "title": "[Happy Case] Edit Fee Name with different value than init",
              "fullTitle": "PROGRESSIVE Fee Module Tests [Happy Case] Edit Fee Name with different value than init",
              "timedOut": false,
              "duration": 5816,
              "state": "passed",
              "speed": "slow",
              "pass": true,
              "fail": false,
              "pending": false,
              "context": null,
              "code": "//Navigate to fee detail by code\nlet isFeeNameExisted = true;\nlet feeName;\nwhile (isFeeNameExisted) {\n    feeName = \"[AUTO] \" + helper.generateCompanyName() + \" \" + helper.generateRandomString(3);\n    const feesResult = await helper.getAllFeeBy(null, feeName);\n    if (feesResult.length === 0) {\n        isFeeNameExisted = false;\n    }\n}\nawait feePage.navigateFeeDetailByCode(feeCode);\nawait helper.clickOnEditButton(driver);\nawait feePage.editFeeName(feeName);\nconst notification = await driver.wait(until.elementLocated(By.xpath('//p-toastitem')), 5000);\nconst message = await notification.getText();\nconst regExpObject = new RegExp(\"Success\");\nassert.match(message, regExpObject);\nawait driver.wait(until.stalenessOf(notification), 10000);",
              "err": {},
              "uuid": "fa21ccb6-9cef-4426-ba4f-d519f0119c45",
              "parentUUID": "25c113b1-edff-461d-8513-7b2b6b18f03c",
              "isHook": false,
              "skipped": false
            },
            {
              "title": "[Happy Case] Edit Fee Name with different value than init",
              "fullTitle": "PROGRESSIVE Fee Module Tests [Happy Case] Edit Fee Name with different value than init",
              "timedOut": false,
              "duration": 5961,
              "state": "passed",
              "speed": "slow",
              "pass": true,
              "fail": false,
              "pending": false,
              "context": null,
              "code": "//Navigate to fee detail by code\nlet isFeeNameExisted = true;\nlet feeName;\nwhile (isFeeNameExisted) {\n    feeName = \"[AUTO] \" + helper.generateCompanyName() + \" \" + helper.generateRandomString(3);\n    const feesResult = await helper.getAllFeeBy(null, feeName);\n    if (feesResult.length === 0) {\n        isFeeNameExisted = false;\n    }\n}\nawait feePage.navigateFeeDetailByCode(feeCode);\nawait helper.clickOnEditButton(driver);\nawait feePage.editFeeName(feeName);\nconst notification = await driver.wait(until.elementLocated(By.xpath('//p-toastitem')), 5000);\nconst message = await notification.getText();\nconst regExpObject = new RegExp(\"Success\");\nassert.match(message, regExpObject);\nawait driver.wait(until.stalenessOf(notification), 10000);",
              "err": {},
              "uuid": "c112eb1f-749f-44a9-98ac-7f872f0eb261",
              "parentUUID": "25c113b1-edff-461d-8513-7b2b6b18f03c",
              "isHook": false,
              "skipped": false
            }
          ],
          "suites": [],
          "passes": [
            "ad3ab719-16a6-4cdf-bb8f-b641cd580fcc",
            "e2e3f7c1-8ba4-4eda-ba9b-ac61a8af9c34",
            "fa21ccb6-9cef-4426-ba4f-d519f0119c45",
            "c112eb1f-749f-44a9-98ac-7f872f0eb261"
          ],
          "failures": [],
          "pending": [],
          "skipped": [],
          "duration": 35113,
          "root": false,
          "rootEmpty": false,
          "_timeout": 0
        },
        {
          "uuid": "dd0207cf-7ec7-4591-9f77-2702a0276f1d",
          "title": "Fee Module Tests",
          "fullFile": "/home/unicloud/klb-enterprise-sele/tests/feeTest.js",
          "file": "/tests/feeTest.js",
          "beforeHooks": [
            {
              "title": "\"before all\" hook in \"Fee Module Tests\"",
              "fullTitle": "Fee Module Tests \"before all\" hook in \"Fee Module Tests\"",
              "timedOut": false,
              "duration": 6581,
              "state": null,
              "speed": null,
              "pass": false,
              "fail": false,
              "pending": false,
              "context": null,
              "code": "driver = await helper.initializeChromeDriver();\nfeePage = new FeePage(driver);\nconst loginPage = new LoginPage(driver);\nconst username = config.adminUsername;\nconst password = config.adminPassword;\nconst adminName = config.adminName;\n    \nawait loginPage.login(username, password, adminName);",
              "err": {},
              "uuid": "4e9d0897-2253-48ed-a227-505f6ad5f4f3",
              "parentUUID": "dd0207cf-7ec7-4591-9f77-2702a0276f1d",
              "isHook": true,
              "skipped": false
            }
          ],
          "afterHooks": [
            {
              "title": "\"after all\" hook in \"Fee Module Tests\"",
              "fullTitle": "Fee Module Tests \"after all\" hook in \"Fee Module Tests\"",
              "timedOut": false,
              "duration": 52,
              "state": null,
              "speed": null,
              "pass": false,
              "fail": false,
              "pending": false,
              "context": null,
              "code": "await driver.quit();",
              "err": {},
              "uuid": "a9aaf43a-d99e-4636-a784-4b119901b6b9",
              "parentUUID": "dd0207cf-7ec7-4591-9f77-2702a0276f1d",
              "isHook": true,
              "skipped": false
            }
          ],
          "tests": [
            {
              "title": "[Happy Case] Create COBO FREE FEE successfully",
              "fullTitle": "Fee Module Tests [Happy Case] Create COBO FREE FEE successfully",
              "timedOut": false,
              "duration": 6046,
              "state": "passed",
              "speed": "slow",
              "pass": true,
              "fail": false,
              "pending": false,
              "context": null,
              "code": "//Navigate to fee \nawait feePage.navigate();\nconst feeType = 'Thu hộ' \nconst vat = 10;\nconst feeMethod = 'Miễn phí'\nfeeCode = await feePage.createFee(feeType, vat, feeMethod);\nconst notification = await driver.wait(until.elementLocated(By.xpath('//p-toastitem')), 5000);\nconst message = await notification.getText();\n    \nconst regExpObject = new RegExp(\"Success\");\nassert.match(message, regExpObject);\nawait driver.wait(until.stalenessOf(notification), 10000);",
              "err": {},
              "uuid": "650503b1-1226-4459-9e78-cd5b1a134957",
              "parentUUID": "dd0207cf-7ec7-4591-9f77-2702a0276f1d",
              "isHook": false,
              "skipped": false
            },
            {
              "title": "[Happy Case] Reject COBO FREE FEE successfully",
              "fullTitle": "Fee Module Tests [Happy Case] Reject COBO FREE FEE successfully",
              "timedOut": false,
              "duration": 4595,
              "state": "passed",
              "speed": "slow",
              "pass": true,
              "fail": false,
              "pending": false,
              "context": null,
              "code": "//Navigate to fee \nawait feePage.navigateFeeDetailByCode(feeCode);\nawait feePage.rejectFee();\nconst notification = await driver.wait(until.elementLocated(By.xpath('//p-toastitem')), 5000);\nconst message = await notification.getText();\n    \nconst regExpObject = new RegExp(\"Từ chối duyệt thành công\");\nassert.match(message, regExpObject);\nawait driver.wait(until.stalenessOf(notification), 10000);",
              "err": {},
              "uuid": "20e17d8c-d01b-4d66-83c4-8610504be06c",
              "parentUUID": "dd0207cf-7ec7-4591-9f77-2702a0276f1d",
              "isHook": false,
              "skipped": false
            },
            {
              "title": "[Happy Case] Edit COBO FREE FEE successfully",
              "fullTitle": "Fee Module Tests [Happy Case] Edit COBO FREE FEE successfully",
              "timedOut": false,
              "duration": 4924,
              "state": "passed",
              "speed": "slow",
              "pass": true,
              "fail": false,
              "pending": false,
              "context": null,
              "code": "const vat = 5;\nawait feePage.navigateFeeDetailByCode(feeCode);\nawait helper.clickOnEditButton(driver);\nawait feePage.editFeeVAT(vat);\nconst notification = await driver.wait(until.elementLocated(By.xpath('//p-toastitem')), 5000);\nconst message = await notification.getText();\n    \nconst regExpObject = new RegExp(\"Success\");\nassert.match(message, regExpObject);\nawait driver.wait(until.stalenessOf(notification), 10000);",
              "err": {},
              "uuid": "17623602-3a91-463b-a685-ea13f2cc1e30",
              "parentUUID": "dd0207cf-7ec7-4591-9f77-2702a0276f1d",
              "isHook": false,
              "skipped": false
            },
            {
              "title": "[Happy Case] Approve COBO FREE FEE successfully",
              "fullTitle": "Fee Module Tests [Happy Case] Approve COBO FREE FEE successfully",
              "timedOut": false,
              "duration": 4722,
              "state": "passed",
              "speed": "slow",
              "pass": true,
              "fail": false,
              "pending": false,
              "context": null,
              "code": "//Navigate to fee detail by code\nawait feePage.navigateFeeDetailByCode(feeCode);\nawait feePage.approveFee();\nconst notification = await driver.wait(until.elementLocated(By.xpath('//p-toastitem')), 5000);\nconst message = await notification.getText();\n    \nconst regExpObject = new RegExp(\"Duyệt thành công\");\nassert.match(message, regExpObject);\nawait driver.wait(until.stalenessOf(notification), 10000);",
              "err": {},
              "uuid": "28eab8a7-1588-47aa-9f98-c79aea098fa4",
              "parentUUID": "dd0207cf-7ec7-4591-9f77-2702a0276f1d",
              "isHook": false,
              "skipped": false
            },
            {
              "title": "[Happy Case] Create COBO FIXED FEE WITH PRICES successfully",
              "fullTitle": "Fee Module Tests [Happy Case] Create COBO FIXED FEE WITH PRICES successfully",
              "timedOut": false,
              "duration": 5719,
              "state": "passed",
              "speed": "slow",
              "pass": true,
              "fail": false,
              "pending": false,
              "context": null,
              "code": "//Navigate to fee \nawait feePage.navigate();\n\n//fee data \nconst feeType = 'Thu hộ' \nconst vat = 10;\nconst feeMethod = 'Phí cố định'\nconst feeRule = 'Số tiền phí cố định'\nconst value = 1500\n//Create fee\nfeeCode = await feePage.createFee(feeType, vat, feeMethod, feeRule, value);\nconst notification = await driver.wait(until.elementLocated(By.xpath('//p-toastitem')), 5000);\nconst message = await notification.getText();\n    \nconst regExpObject = new RegExp(\"Success\");\nassert.match(message, regExpObject);\nawait driver.wait(until.stalenessOf(notification), 10000);",
              "err": {},
              "uuid": "4c98ef67-2905-4c0d-a945-13c9922133d0",
              "parentUUID": "dd0207cf-7ec7-4591-9f77-2702a0276f1d",
              "isHook": false,
              "skipped": false
            },
            {
              "title": "[Happy Case] Reject COBO FIXED FEE WITH PRICES successfully",
              "fullTitle": "Fee Module Tests [Happy Case] Reject COBO FIXED FEE WITH PRICES successfully",
              "timedOut": false,
              "duration": 4614,
              "state": "passed",
              "speed": "slow",
              "pass": true,
              "fail": false,
              "pending": false,
              "context": null,
              "code": "//Navigate to fee \nawait feePage.navigateFeeDetailByCode(feeCode);\nawait feePage.rejectFee();\nconst notification = await driver.wait(until.elementLocated(By.xpath('//p-toastitem')), 5000);\nconst message = await notification.getText();\n    \nconst regExpObject = new RegExp(\"Từ chối duyệt thành công\");\nassert.match(message, regExpObject);\nawait driver.wait(until.stalenessOf(notification), 10000);",
              "err": {},
              "uuid": "8aafe9d8-7e05-45d1-9101-1a0d159c7d79",
              "parentUUID": "dd0207cf-7ec7-4591-9f77-2702a0276f1d",
              "isHook": false,
              "skipped": false
            },
            {
              "title": "[Happy Case] Edit COBO FIXED FEE WITH PRICES successfully",
              "fullTitle": "Fee Module Tests [Happy Case] Edit COBO FIXED FEE WITH PRICES successfully",
              "timedOut": false,
              "duration": 5018,
              "state": "passed",
              "speed": "slow",
              "pass": true,
              "fail": false,
              "pending": false,
              "context": null,
              "code": "//Navigate to fee detail by code\nconst vat = 5;\nawait feePage.navigateFeeDetailByCode(feeCode);\nawait helper.clickOnEditButton(driver);\nawait feePage.editFeeVAT(vat);\nconst notification = await driver.wait(until.elementLocated(By.xpath('//p-toastitem')), 5000);\nconst message = await notification.getText();\n    \nconst regExpObject = new RegExp(\"Success\");\nassert.match(message, regExpObject);\nawait driver.wait(until.stalenessOf(notification), 10000);",
              "err": {},
              "uuid": "b7eab928-486d-4c01-9c1f-58286bd76df8",
              "parentUUID": "dd0207cf-7ec7-4591-9f77-2702a0276f1d",
              "isHook": false,
              "skipped": false
            },
            {
              "title": "[Happy Case] Approve COBO FIXED FEE WITH PRICES successfully",
              "fullTitle": "Fee Module Tests [Happy Case] Approve COBO FIXED FEE WITH PRICES successfully",
              "timedOut": false,
              "duration": 4570,
              "state": "passed",
              "speed": "slow",
              "pass": true,
              "fail": false,
              "pending": false,
              "context": null,
              "code": "//Navigate to fee detail by code\nawait feePage.navigateFeeDetailByCode(feeCode);\nawait feePage.approveFee();\nconst notification = await driver.wait(until.elementLocated(By.xpath('//p-toastitem')), 5000);\nconst message = await notification.getText();\n    \nconst regExpObject = new RegExp(\"Duyệt thành công\");\nassert.match(message, regExpObject);\nawait driver.wait(until.stalenessOf(notification), 10000);",
              "err": {},
              "uuid": "880f64c5-cb86-4081-ac46-a9db407bd5cb",
              "parentUUID": "dd0207cf-7ec7-4591-9f77-2702a0276f1d",
              "isHook": false,
              "skipped": false
            },
            {
              "title": "[Happy Case] Create COBO FIXED FEE WITH PERCENT successfully",
              "fullTitle": "Fee Module Tests [Happy Case] Create COBO FIXED FEE WITH PERCENT successfully",
              "timedOut": false,
              "duration": 5767,
              "state": "passed",
              "speed": "slow",
              "pass": true,
              "fail": false,
              "pending": false,
              "context": null,
              "code": "//Navigate to fee \nawait feePage.navigate();\n\n//fee data \nconst feeType = 'Thu hộ' \nconst vat = 10;\nconst feeMethod = 'Phí cố định'\nconst feeRule = 'Số tiền phí theo tỷ lệ %'\nconst value = 10\n//Create fee\nfeeCode = await feePage.createFee(feeType, vat, feeMethod, feeRule, value);\nconst notification = await driver.wait(until.elementLocated(By.xpath('//p-toastitem')), 5000);\nconst message = await notification.getText();\n    \nconst regExpObject = new RegExp(\"Success\");\nassert.match(message, regExpObject);\nawait driver.wait(until.stalenessOf(notification), 10000);",
              "err": {},
              "uuid": "52d0098f-cbd0-4ad5-8826-a85b0c73d4a5",
              "parentUUID": "dd0207cf-7ec7-4591-9f77-2702a0276f1d",
              "isHook": false,
              "skipped": false
            },
            {
              "title": "[Happy Case] Reject COBO FIXED FEE WITH PERCENT successfully",
              "fullTitle": "Fee Module Tests [Happy Case] Reject COBO FIXED FEE WITH PERCENT successfully",
              "timedOut": false,
              "duration": 4563,
              "state": "passed",
              "speed": "slow",
              "pass": true,
              "fail": false,
              "pending": false,
              "context": null,
              "code": "//Navigate to fee \nawait feePage.navigateFeeDetailByCode(feeCode);\nawait feePage.rejectFee();\nconst notification = await driver.wait(until.elementLocated(By.xpath('//p-toastitem')), 5000);\nconst message = await notification.getText();\n    \nconst regExpObject = new RegExp(\"Từ chối duyệt thành công\");\nassert.match(message, regExpObject);\nawait driver.wait(until.stalenessOf(notification), 10000);",
              "err": {},
              "uuid": "a1da51c9-aef1-42f5-b69f-b6969d1c9b12",
              "parentUUID": "dd0207cf-7ec7-4591-9f77-2702a0276f1d",
              "isHook": false,
              "skipped": false
            },
            {
              "title": "[Happy Case] Edit COBO FIXED FEE WITH PERCENT successfully",
              "fullTitle": "Fee Module Tests [Happy Case] Edit COBO FIXED FEE WITH PERCENT successfully",
              "timedOut": false,
              "duration": 5063,
              "state": "passed",
              "speed": "slow",
              "pass": true,
              "fail": false,
              "pending": false,
              "context": null,
              "code": "const vat = 5;\nawait feePage.navigateFeeDetailByCode(feeCode);\nawait helper.clickOnEditButton(driver);\nawait feePage.editFeeVAT(vat);\nconst notification = await driver.wait(until.elementLocated(By.xpath('//p-toastitem')), 5000);\nconst message = await notification.getText();\n    \nconst regExpObject = new RegExp(\"Success\");\nassert.match(message, regExpObject);\nawait driver.wait(until.stalenessOf(notification), 10000);",
              "err": {},
              "uuid": "a53e67fe-5ee7-40d1-a512-14fa571e84a0",
              "parentUUID": "dd0207cf-7ec7-4591-9f77-2702a0276f1d",
              "isHook": false,
              "skipped": false
            },
            {
              "title": "[Happy Case] Approve COBO FIXED FEE WITH PERCENT successfully",
              "fullTitle": "Fee Module Tests [Happy Case] Approve COBO FIXED FEE WITH PERCENT successfully",
              "timedOut": false,
              "duration": 4762,
              "state": "passed",
              "speed": "slow",
              "pass": true,
              "fail": false,
              "pending": false,
              "context": null,
              "code": "//Navigate to fee detail by code\nawait feePage.navigateFeeDetailByCode(feeCode);\nawait feePage.approveFee();\nconst notification = await driver.wait(until.elementLocated(By.xpath('//p-toastitem')), 5000);\nconst message = await notification.getText();\n    \nconst regExpObject = new RegExp(\"Duyệt thành công\");\nassert.match(message, regExpObject);\nawait driver.wait(until.stalenessOf(notification), 10000);",
              "err": {},
              "uuid": "78245cc1-e2d9-488a-b96c-4cf695c5f309",
              "parentUUID": "dd0207cf-7ec7-4591-9f77-2702a0276f1d",
              "isHook": false,
              "skipped": false
            },
            {
              "title": "[Happy Case] Create POBO FREE FEE successfully",
              "fullTitle": "Fee Module Tests [Happy Case] Create POBO FREE FEE successfully",
              "timedOut": false,
              "duration": 5862,
              "state": "passed",
              "speed": "slow",
              "pass": true,
              "fail": false,
              "pending": false,
              "context": null,
              "code": "//Navigate to fee \nawait feePage.navigate();\nconst feeType = 'Chi hộ nội bộ' \nconst vat = 10;\nconst feeMethod = 'Miễn phí'\nfeeCode = await feePage.createFee(feeType, vat, feeMethod);\nconst notification = await driver.wait(until.elementLocated(By.xpath('//p-toastitem')), 5000);\nconst message = await notification.getText();\n    \nconst regExpObject = new RegExp(\"Success\");\nassert.match(message, regExpObject);\nawait driver.wait(until.stalenessOf(notification), 10000);",
              "err": {},
              "uuid": "bfb4a3dd-be21-4109-9db2-49b4e3999eff",
              "parentUUID": "dd0207cf-7ec7-4591-9f77-2702a0276f1d",
              "isHook": false,
              "skipped": false
            },
            {
              "title": "[Happy Case] Reject POBO FREE FEE successfully",
              "fullTitle": "Fee Module Tests [Happy Case] Reject POBO FREE FEE successfully",
              "timedOut": false,
              "duration": 4634,
              "state": "passed",
              "speed": "slow",
              "pass": true,
              "fail": false,
              "pending": false,
              "context": null,
              "code": "//Navigate to fee \nawait feePage.navigateFeeDetailByCode(feeCode);\nawait feePage.rejectFee();\nconst notification = await driver.wait(until.elementLocated(By.xpath('//p-toastitem')), 5000);\nconst message = await notification.getText();\n    \nconst regExpObject = new RegExp(\"Từ chối duyệt thành công\");\nassert.match(message, regExpObject);\nawait driver.wait(until.stalenessOf(notification), 10000);",
              "err": {},
              "uuid": "28ef72fc-b5ab-42e2-8a4d-c95fb2ed5638",
              "parentUUID": "dd0207cf-7ec7-4591-9f77-2702a0276f1d",
              "isHook": false,
              "skipped": false
            },
            {
              "title": "[Happy Case] Edit POBO FREE FEE successfully",
              "fullTitle": "Fee Module Tests [Happy Case] Edit POBO FREE FEE successfully",
              "timedOut": false,
              "duration": 5063,
              "state": "passed",
              "speed": "slow",
              "pass": true,
              "fail": false,
              "pending": false,
              "context": null,
              "code": "//Navigate to fee detail by code\nconst vat = 5;\nawait feePage.navigateFeeDetailByCode(feeCode);\nawait helper.clickOnEditButton(driver);\nawait feePage.editFeeVAT(vat);\nconst notification = await driver.wait(until.elementLocated(By.xpath('//p-toastitem')), 5000);\nconst message = await notification.getText();\n    \nconst regExpObject = new RegExp(\"Success\");\nassert.match(message, regExpObject);\nawait driver.wait(until.stalenessOf(notification), 10000);",
              "err": {},
              "uuid": "5eb5dacb-fce9-48e0-ae9f-d0245a31792b",
              "parentUUID": "dd0207cf-7ec7-4591-9f77-2702a0276f1d",
              "isHook": false,
              "skipped": false
            },
            {
              "title": "[Happy Case] Approve POBO FREE FEE successfully",
              "fullTitle": "Fee Module Tests [Happy Case] Approve POBO FREE FEE successfully",
              "timedOut": false,
              "duration": 4569,
              "state": "passed",
              "speed": "slow",
              "pass": true,
              "fail": false,
              "pending": false,
              "context": null,
              "code": "//Navigate to fee detail by code\nawait feePage.navigateFeeDetailByCode(feeCode);\nawait feePage.approveFee();\nconst notification = await driver.wait(until.elementLocated(By.xpath('//p-toastitem')), 5000);\nconst message = await notification.getText();\n    \nconst regExpObject = new RegExp(\"Duyệt thành công\");\nassert.match(message, regExpObject);\nawait driver.wait(until.stalenessOf(notification), 10000);",
              "err": {},
              "uuid": "00ae657a-2186-4972-9305-7a3580cd7b17",
              "parentUUID": "dd0207cf-7ec7-4591-9f77-2702a0276f1d",
              "isHook": false,
              "skipped": false
            },
            {
              "title": "[Happy Case] Create POBO FIXED FEE WITH PRICES successfully",
              "fullTitle": "Fee Module Tests [Happy Case] Create POBO FIXED FEE WITH PRICES successfully",
              "timedOut": false,
              "duration": 5989,
              "state": "passed",
              "speed": "slow",
              "pass": true,
              "fail": false,
              "pending": false,
              "context": null,
              "code": "//Navigate to fee \nawait feePage.navigate();\n\n//fee data \nconst feeType = 'Chi hộ nội bộ' \nconst vat = 10;\nconst feeMethod = 'Phí cố định'\nconst feeRule = 'Số tiền phí cố định'\nconst value = 1500\n//Create fee\nfeeCode = await feePage.createFee(feeType, vat, feeMethod, feeRule, value);\nconst notification = await driver.wait(until.elementLocated(By.xpath('//p-toastitem')), 5000);\nconst message = await notification.getText();\n    \nconst regExpObject = new RegExp(\"Success\");\nassert.match(message, regExpObject);\nawait driver.wait(until.stalenessOf(notification), 10000);",
              "err": {},
              "uuid": "f5d6808a-3dee-47cb-95d2-1ec5099472a4",
              "parentUUID": "dd0207cf-7ec7-4591-9f77-2702a0276f1d",
              "isHook": false,
              "skipped": false
            },
            {
              "title": "[Happy Case] Reject POBO FIXED FEE WITH PRICES successfully",
              "fullTitle": "Fee Module Tests [Happy Case] Reject POBO FIXED FEE WITH PRICES successfully",
              "timedOut": false,
              "duration": 4588,
              "state": "passed",
              "speed": "slow",
              "pass": true,
              "fail": false,
              "pending": false,
              "context": null,
              "code": "//Navigate to fee \nawait feePage.navigateFeeDetailByCode(feeCode);\nawait feePage.rejectFee();\nconst notification = await driver.wait(until.elementLocated(By.xpath('//p-toastitem')), 5000);\nconst message = await notification.getText();\n    \nconst regExpObject = new RegExp(\"Từ chối duyệt thành công\");\nassert.match(message, regExpObject);\nawait driver.wait(until.stalenessOf(notification), 10000);",
              "err": {},
              "uuid": "70b1463f-0399-4834-b034-b0a2fe485e4a",
              "parentUUID": "dd0207cf-7ec7-4591-9f77-2702a0276f1d",
              "isHook": false,
              "skipped": false
            },
            {
              "title": "[Happy Case] Edit POBO FIXED FEE WITH PRICES successfully",
              "fullTitle": "Fee Module Tests [Happy Case] Edit POBO FIXED FEE WITH PRICES successfully",
              "timedOut": false,
              "duration": 4990,
              "state": "passed",
              "speed": "slow",
              "pass": true,
              "fail": false,
              "pending": false,
              "context": null,
              "code": "const vat = 5;\nawait feePage.navigateFeeDetailByCode(feeCode);\nawait helper.clickOnEditButton(driver);\nawait feePage.editFeeVAT(vat);\nconst notification = await driver.wait(until.elementLocated(By.xpath('//p-toastitem')), 5000);\nconst message = await notification.getText();\n    \nconst regExpObject = new RegExp(\"Success\");\nassert.match(message, regExpObject);\nawait driver.wait(until.stalenessOf(notification), 10000);",
              "err": {},
              "uuid": "1c8286dd-c08d-4bb6-aa42-a67e498bf339",
              "parentUUID": "dd0207cf-7ec7-4591-9f77-2702a0276f1d",
              "isHook": false,
              "skipped": false
            },
            {
              "title": "[Happy Case] Approve POBO FIXED FEE WITH PRICES successfully",
              "fullTitle": "Fee Module Tests [Happy Case] Approve POBO FIXED FEE WITH PRICES successfully",
              "timedOut": false,
              "duration": 4516,
              "state": "passed",
              "speed": "slow",
              "pass": true,
              "fail": false,
              "pending": false,
              "context": null,
              "code": "//Navigate to fee detail by code\nawait feePage.navigateFeeDetailByCode(feeCode);\nawait feePage.approveFee();\nconst notification = await driver.wait(until.elementLocated(By.xpath('//p-toastitem')), 5000);\nconst message = await notification.getText();\n    \nconst regExpObject = new RegExp(\"Duyệt thành công\");\nassert.match(message, regExpObject);\nawait driver.wait(until.stalenessOf(notification), 10000);",
              "err": {},
              "uuid": "32ff67f2-d73f-4ca9-a036-ba92c0bf15db",
              "parentUUID": "dd0207cf-7ec7-4591-9f77-2702a0276f1d",
              "isHook": false,
              "skipped": false
            },
            {
              "title": "[Happy Case] Create POBO FIXED FEE WITH PERCENT successfully",
              "fullTitle": "Fee Module Tests [Happy Case] Create POBO FIXED FEE WITH PERCENT successfully",
              "timedOut": false,
              "duration": 5819,
              "state": "passed",
              "speed": "slow",
              "pass": true,
              "fail": false,
              "pending": false,
              "context": null,
              "code": "//Navigate to fee \nawait feePage.navigate();\n\n//fee data \nconst feeType = 'Chi hộ nội bộ' \nconst vat = 10;\nconst feeMethod = 'Phí cố định'\nconst feeRule = 'Số tiền phí theo tỷ lệ %'\nconst value = 10\n//Create fee\nfeeCode = await feePage.createFee(feeType, vat, feeMethod, feeRule, value);\nconst notification = await driver.wait(until.elementLocated(By.xpath('//p-toastitem')), 5000);\nconst message = await notification.getText();\n    \nconst regExpObject = new RegExp(\"Success\");\nassert.match(message, regExpObject);\nawait driver.wait(until.stalenessOf(notification), 10000);",
              "err": {},
              "uuid": "8259ddbf-5561-45e1-8803-00668f4d3a76",
              "parentUUID": "dd0207cf-7ec7-4591-9f77-2702a0276f1d",
              "isHook": false,
              "skipped": false
            },
            {
              "title": "[Happy Case] Reject POBO FIXED FEE WITH PERCENT successfully",
              "fullTitle": "Fee Module Tests [Happy Case] Reject POBO FIXED FEE WITH PERCENT successfully",
              "timedOut": false,
              "duration": 4621,
              "state": "passed",
              "speed": "slow",
              "pass": true,
              "fail": false,
              "pending": false,
              "context": null,
              "code": "//Navigate to fee \nawait feePage.navigateFeeDetailByCode(feeCode);\nawait feePage.rejectFee();\nconst notification = await driver.wait(until.elementLocated(By.xpath('//p-toastitem')), 5000);\nconst message = await notification.getText();\n    \nconst regExpObject = new RegExp(\"Từ chối duyệt thành công\");\nassert.match(message, regExpObject);\nawait driver.wait(until.stalenessOf(notification), 10000);",
              "err": {},
              "uuid": "3b3818fe-9aa1-4464-ae87-6a23c3a53b99",
              "parentUUID": "dd0207cf-7ec7-4591-9f77-2702a0276f1d",
              "isHook": false,
              "skipped": false
            },
            {
              "title": "[Happy Case] Edit POBO FIXED FEE WITH PERCENT successfully",
              "fullTitle": "Fee Module Tests [Happy Case] Edit POBO FIXED FEE WITH PERCENT successfully",
              "timedOut": false,
              "duration": 5014,
              "state": "passed",
              "speed": "slow",
              "pass": true,
              "fail": false,
              "pending": false,
              "context": null,
              "code": "const vat = 5;\nawait feePage.navigateFeeDetailByCode(feeCode);\nawait helper.clickOnEditButton(driver);\nawait feePage.editFeeVAT(vat);\nconst notification = await driver.wait(until.elementLocated(By.xpath('//p-toastitem')), 5000);\nconst message = await notification.getText();\n    \nconst regExpObject = new RegExp(\"Success\");\nassert.match(message, regExpObject);\nawait driver.wait(until.stalenessOf(notification), 10000);",
              "err": {},
              "uuid": "39930f1f-82ac-4699-8cd2-0a1e30503155",
              "parentUUID": "dd0207cf-7ec7-4591-9f77-2702a0276f1d",
              "isHook": false,
              "skipped": false
            },
            {
              "title": "[Happy Case] Approve POBO FIXED FEE WITH PERCENT successfully",
              "fullTitle": "Fee Module Tests [Happy Case] Approve POBO FIXED FEE WITH PERCENT successfully",
              "timedOut": false,
              "duration": 4512,
              "state": "passed",
              "speed": "slow",
              "pass": true,
              "fail": false,
              "pending": false,
              "context": null,
              "code": "//Navigate to fee detail by code\nawait feePage.navigateFeeDetailByCode(feeCode);\nawait feePage.approveFee();\nconst notification = await driver.wait(until.elementLocated(By.xpath('//p-toastitem')), 5000);\nconst message = await notification.getText();\n    \nconst regExpObject = new RegExp(\"Duyệt thành công\");\nassert.match(message, regExpObject);\nawait driver.wait(until.stalenessOf(notification), 10000);",
              "err": {},
              "uuid": "4d7a1517-1a3f-46e1-873a-4c206a1243cb",
              "parentUUID": "dd0207cf-7ec7-4591-9f77-2702a0276f1d",
              "isHook": false,
              "skipped": false
            },
            {
              "title": "[Happy Case] Create POBO_INTER_BANK FREE FEE successfully",
              "fullTitle": "Fee Module Tests [Happy Case] Create POBO_INTER_BANK FREE FEE successfully",
              "timedOut": false,
              "duration": 5504,
              "state": "passed",
              "speed": "slow",
              "pass": true,
              "fail": false,
              "pending": false,
              "context": null,
              "code": "//Navigate to fee \nawait feePage.navigate();\nconst feeType = 'Chi hộ liên ngân hàng' \nconst vat = 10;\nconst feeMethod = 'Miễn phí'\nfeeCode = await feePage.createFee(feeType, vat, feeMethod);\nconst notification = await driver.wait(until.elementLocated(By.xpath('//p-toastitem')), 5000);\nconst message = await notification.getText();\n    \nconst regExpObject = new RegExp(\"Success\");\nassert.match(message, regExpObject);\nawait driver.wait(until.stalenessOf(notification), 10000);",
              "err": {},
              "uuid": "59875b49-0f82-402c-96c4-6cdf7f30a7e7",
              "parentUUID": "dd0207cf-7ec7-4591-9f77-2702a0276f1d",
              "isHook": false,
              "skipped": false
            },
            {
              "title": "[Happy Case] Reject POBO_INTER_BANK FREE FEE successfully",
              "fullTitle": "Fee Module Tests [Happy Case] Reject POBO_INTER_BANK FREE FEE successfully",
              "timedOut": false,
              "duration": 4553,
              "state": "passed",
              "speed": "slow",
              "pass": true,
              "fail": false,
              "pending": false,
              "context": null,
              "code": "//Navigate to fee \nawait feePage.navigateFeeDetailByCode(feeCode);\nawait feePage.rejectFee();\nconst notification = await driver.wait(until.elementLocated(By.xpath('//p-toastitem')), 5000);\nconst message = await notification.getText();\n    \nconst regExpObject = new RegExp(\"Từ chối duyệt thành công\");\nassert.match(message, regExpObject);\nawait driver.wait(until.stalenessOf(notification), 10000);",
              "err": {},
              "uuid": "a4848a00-e59c-49f8-99f7-4adb50da2bf6",
              "parentUUID": "dd0207cf-7ec7-4591-9f77-2702a0276f1d",
              "isHook": false,
              "skipped": false
            },
            {
              "title": "[Happy Case] Edit POBO_INTER_BANK FREE FEE successfully",
              "fullTitle": "Fee Module Tests [Happy Case] Edit POBO_INTER_BANK FREE FEE successfully",
              "timedOut": false,
              "duration": 5058,
              "state": "passed",
              "speed": "slow",
              "pass": true,
              "fail": false,
              "pending": false,
              "context": null,
              "code": "const vat = 5;\nawait feePage.navigateFeeDetailByCode(feeCode);\nawait helper.clickOnEditButton(driver);\nawait feePage.editFeeVAT(vat);\nconst notification = await driver.wait(until.elementLocated(By.xpath('//p-toastitem')), 5000);\nconst message = await notification.getText();\n    \nconst regExpObject = new RegExp(\"Success\");\nassert.match(message, regExpObject);\nawait driver.wait(until.stalenessOf(notification), 10000);",
              "err": {},
              "uuid": "56041841-b013-4c0e-885f-6b68258a048a",
              "parentUUID": "dd0207cf-7ec7-4591-9f77-2702a0276f1d",
              "isHook": false,
              "skipped": false
            },
            {
              "title": "[Happy Case] Approve POBO_INTER_BANK FREE FEE successfully",
              "fullTitle": "Fee Module Tests [Happy Case] Approve POBO_INTER_BANK FREE FEE successfully",
              "timedOut": false,
              "duration": 4532,
              "state": "passed",
              "speed": "slow",
              "pass": true,
              "fail": false,
              "pending": false,
              "context": null,
              "code": "//Navigate to fee detail by code\nawait feePage.navigateFeeDetailByCode(feeCode);\nawait feePage.approveFee();\nconst notification = await driver.wait(until.elementLocated(By.xpath('//p-toastitem')), 5000);\nconst message = await notification.getText();\n    \nconst regExpObject = new RegExp(\"Duyệt thành công\");\nassert.match(message, regExpObject);\nawait driver.wait(until.stalenessOf(notification), 10000);",
              "err": {},
              "uuid": "c8b8a65b-7f2f-43f7-973d-8078af6543f9",
              "parentUUID": "dd0207cf-7ec7-4591-9f77-2702a0276f1d",
              "isHook": false,
              "skipped": false
            },
            {
              "title": "[Happy Case] Create POBO_INTER_BANK FIXED FEE WITH PRICES successfully",
              "fullTitle": "Fee Module Tests [Happy Case] Create POBO_INTER_BANK FIXED FEE WITH PRICES successfully",
              "timedOut": false,
              "duration": 5898,
              "state": "passed",
              "speed": "slow",
              "pass": true,
              "fail": false,
              "pending": false,
              "context": null,
              "code": "//Navigate to fee \nawait feePage.navigate();\n\n//fee data \nconst feeType = 'Chi hộ liên ngân hàng' \nconst vat = 10;\nconst feeMethod = 'Phí cố định'\nconst feeRule = 'Số tiền phí cố định'\nconst value = 1500\n//Create fee\nfeeCode = await feePage.createFee(feeType, vat, feeMethod, feeRule, value);\nconst notification = await driver.wait(until.elementLocated(By.xpath('//p-toastitem')), 5000);\nconst message = await notification.getText();\n    \nconst regExpObject = new RegExp(\"Success\");\nassert.match(message, regExpObject);\nawait driver.wait(until.stalenessOf(notification), 10000);",
              "err": {},
              "uuid": "823de610-d188-4b22-a455-c360a7f00b8d",
              "parentUUID": "dd0207cf-7ec7-4591-9f77-2702a0276f1d",
              "isHook": false,
              "skipped": false
            },
            {
              "title": "[Happy Case] Reject POBO_INTER_BANK FIXED FEE WITH PRICES successfully",
              "fullTitle": "Fee Module Tests [Happy Case] Reject POBO_INTER_BANK FIXED FEE WITH PRICES successfully",
              "timedOut": false,
              "duration": 6277,
              "state": "passed",
              "speed": "slow",
              "pass": true,
              "fail": false,
              "pending": false,
              "context": null,
              "code": "//Navigate to fee \nawait feePage.navigateFeeDetailByCode(feeCode);\nawait feePage.rejectFee();\nconst notification = await driver.wait(until.elementLocated(By.xpath('//p-toastitem')), 5000);\nconst message = await notification.getText();\n    \nconst regExpObject = new RegExp(\"Từ chối duyệt thành công\");\nassert.match(message, regExpObject);\nawait driver.wait(until.stalenessOf(notification), 10000);",
              "err": {},
              "uuid": "8932ac7e-c700-4af8-9c2c-d2c693ce7bf8",
              "parentUUID": "dd0207cf-7ec7-4591-9f77-2702a0276f1d",
              "isHook": false,
              "skipped": false
            },
            {
              "title": "[Happy Case] Edit POBO_INTER_BANK FIXED FEE WITH PRICES successfully",
              "fullTitle": "Fee Module Tests [Happy Case] Edit POBO_INTER_BANK FIXED FEE WITH PRICES successfully",
              "timedOut": false,
              "duration": 6255,
              "state": "passed",
              "speed": "slow",
              "pass": true,
              "fail": false,
              "pending": false,
              "context": null,
              "code": "//Navigate to fee detail by code\nconst vat = 5;\nawait feePage.navigateFeeDetailByCode(feeCode);\nawait helper.clickOnEditButton(driver);\nawait feePage.editFeeVAT(vat);\nconst notification = await driver.wait(until.elementLocated(By.xpath('//p-toastitem')), 5000);\nconst message = await notification.getText();\n    \nconst regExpObject = new RegExp(\"Success\");\nassert.match(message, regExpObject);\nawait driver.wait(until.stalenessOf(notification), 10000);",
              "err": {},
              "uuid": "54dade0e-18c8-4a08-b3e5-7b062c5a6ed8",
              "parentUUID": "dd0207cf-7ec7-4591-9f77-2702a0276f1d",
              "isHook": false,
              "skipped": false
            },
            {
              "title": "[Happy Case] Approve POBO_INTER_BANK FIXED FEE WITH PRICES successfully",
              "fullTitle": "Fee Module Tests [Happy Case] Approve POBO_INTER_BANK FIXED FEE WITH PRICES successfully",
              "timedOut": false,
              "duration": 5182,
              "state": "passed",
              "speed": "slow",
              "pass": true,
              "fail": false,
              "pending": false,
              "context": null,
              "code": "//Navigate to fee detail by code\nawait feePage.navigateFeeDetailByCode(feeCode);\nawait feePage.approveFee();\nconst notification = await driver.wait(until.elementLocated(By.xpath('//p-toastitem')), 5000);\nconst message = await notification.getText();\n    \nconst regExpObject = new RegExp(\"Duyệt thành công\");\nassert.match(message, regExpObject);\nawait driver.wait(until.stalenessOf(notification), 10000);",
              "err": {},
              "uuid": "3e6dac6d-5747-412c-b70e-6a113c802ca3",
              "parentUUID": "dd0207cf-7ec7-4591-9f77-2702a0276f1d",
              "isHook": false,
              "skipped": false
            },
            {
              "title": "[Happy Case] Create POBO_INTER_BANK FIXED FEE WITH PERCENT successfully",
              "fullTitle": "Fee Module Tests [Happy Case] Create POBO_INTER_BANK FIXED FEE WITH PERCENT successfully",
              "timedOut": false,
              "duration": 13099,
              "state": "passed",
              "speed": "slow",
              "pass": true,
              "fail": false,
              "pending": false,
              "context": null,
              "code": "//Navigate to fee \nawait feePage.navigate();\n\n//fee data \nconst feeType = 'Chi hộ liên ngân hàng' \nconst vat = 10;\nconst feeMethod = 'Phí cố định'\nconst feeRule = 'Số tiền phí theo tỷ lệ %'\nconst value = 10\n//Create fee\nfeeCode = await feePage.createFee(feeType, vat, feeMethod, feeRule, value);\nconst notification = await driver.wait(until.elementLocated(By.xpath('//p-toastitem')), 5000);\nconst message = await notification.getText();\n    \nconst regExpObject = new RegExp(\"Success\");\nassert.match(message, regExpObject);\nawait driver.wait(until.stalenessOf(notification), 10000);",
              "err": {},
              "uuid": "004b522d-bd25-4946-8d9a-621309d9c64b",
              "parentUUID": "dd0207cf-7ec7-4591-9f77-2702a0276f1d",
              "isHook": false,
              "skipped": false
            },
            {
              "title": "[Happy Case] Reject POBO_INTER_BANK FIXED FEE WITH PERCENT successfully",
              "fullTitle": "Fee Module Tests [Happy Case] Reject POBO_INTER_BANK FIXED FEE WITH PERCENT successfully",
              "timedOut": false,
              "duration": 8027,
              "state": "passed",
              "speed": "slow",
              "pass": true,
              "fail": false,
              "pending": false,
              "context": null,
              "code": "//Navigate to fee \nawait feePage.navigateFeeDetailByCode(feeCode);\nawait feePage.rejectFee();\nconst notification = await driver.wait(until.elementLocated(By.xpath('//p-toastitem')), 5000);\nconst message = await notification.getText();\n    \nconst regExpObject = new RegExp(\"Từ chối duyệt thành công\");\nassert.match(message, regExpObject);\nawait driver.wait(until.stalenessOf(notification), 10000);",
              "err": {},
              "uuid": "4f043c05-0bf8-4e22-9554-574dbd30a4e4",
              "parentUUID": "dd0207cf-7ec7-4591-9f77-2702a0276f1d",
              "isHook": false,
              "skipped": false
            },
            {
              "title": "[Happy Case] Edit POBO_INTER_BANK FIXED FEE WITH PERCENT successfully",
              "fullTitle": "Fee Module Tests [Happy Case] Edit POBO_INTER_BANK FIXED FEE WITH PERCENT successfully",
              "timedOut": false,
              "duration": 9948,
              "state": "passed",
              "speed": "slow",
              "pass": true,
              "fail": false,
              "pending": false,
              "context": null,
              "code": "//Navigate to fee detail by code\nconst vat = 5;\nawait feePage.navigateFeeDetailByCode(feeCode);\nawait helper.clickOnEditButton(driver);\nawait feePage.editFeeVAT(vat);\nconst notification = await driver.wait(until.elementLocated(By.xpath('//p-toastitem')), 5000);\nconst message = await notification.getText();\n    \nconst regExpObject = new RegExp(\"Success\");\nassert.match(message, regExpObject);\nawait driver.wait(until.stalenessOf(notification), 10000);",
              "err": {},
              "uuid": "611b1048-866b-4556-980e-b68fe80bcf2a",
              "parentUUID": "dd0207cf-7ec7-4591-9f77-2702a0276f1d",
              "isHook": false,
              "skipped": false
            },
            {
              "title": "[Happy Case] Approve POBO_INTER_BANK FIXED FEE WITH PERCENT successfully",
              "fullTitle": "Fee Module Tests [Happy Case] Approve POBO_INTER_BANK FIXED FEE WITH PERCENT successfully",
              "timedOut": false,
              "duration": 5587,
              "state": "passed",
              "speed": "slow",
              "pass": true,
              "fail": false,
              "pending": false,
              "context": null,
              "code": "//Navigate to fee detail by code\nawait feePage.navigateFeeDetailByCode(feeCode);\nawait feePage.approveFee();\nconst notification = await driver.wait(until.elementLocated(By.xpath('//p-toastitem')), 5000);\nconst message = await notification.getText();\n    \nconst regExpObject = new RegExp(\"Duyệt thành công\");\nassert.match(message, regExpObject);\nawait driver.wait(until.stalenessOf(notification), 10000);",
              "err": {},
              "uuid": "1d9d17c2-eecd-4215-ac10-e16ddcddb331",
              "parentUUID": "dd0207cf-7ec7-4591-9f77-2702a0276f1d",
              "isHook": false,
              "skipped": false
            }
          ],
          "suites": [],
          "passes": [
            "650503b1-1226-4459-9e78-cd5b1a134957",
            "20e17d8c-d01b-4d66-83c4-8610504be06c",
            "17623602-3a91-463b-a685-ea13f2cc1e30",
            "28eab8a7-1588-47aa-9f98-c79aea098fa4",
            "4c98ef67-2905-4c0d-a945-13c9922133d0",
            "8aafe9d8-7e05-45d1-9101-1a0d159c7d79",
            "b7eab928-486d-4c01-9c1f-58286bd76df8",
            "880f64c5-cb86-4081-ac46-a9db407bd5cb",
            "52d0098f-cbd0-4ad5-8826-a85b0c73d4a5",
            "a1da51c9-aef1-42f5-b69f-b6969d1c9b12",
            "a53e67fe-5ee7-40d1-a512-14fa571e84a0",
            "78245cc1-e2d9-488a-b96c-4cf695c5f309",
            "bfb4a3dd-be21-4109-9db2-49b4e3999eff",
            "28ef72fc-b5ab-42e2-8a4d-c95fb2ed5638",
            "5eb5dacb-fce9-48e0-ae9f-d0245a31792b",
            "00ae657a-2186-4972-9305-7a3580cd7b17",
            "f5d6808a-3dee-47cb-95d2-1ec5099472a4",
            "70b1463f-0399-4834-b034-b0a2fe485e4a",
            "1c8286dd-c08d-4bb6-aa42-a67e498bf339",
            "32ff67f2-d73f-4ca9-a036-ba92c0bf15db",
            "8259ddbf-5561-45e1-8803-00668f4d3a76",
            "3b3818fe-9aa1-4464-ae87-6a23c3a53b99",
            "39930f1f-82ac-4699-8cd2-0a1e30503155",
            "4d7a1517-1a3f-46e1-873a-4c206a1243cb",
            "59875b49-0f82-402c-96c4-6cdf7f30a7e7",
            "a4848a00-e59c-49f8-99f7-4adb50da2bf6",
            "56041841-b013-4c0e-885f-6b68258a048a",
            "c8b8a65b-7f2f-43f7-973d-8078af6543f9",
            "823de610-d188-4b22-a455-c360a7f00b8d",
            "8932ac7e-c700-4af8-9c2c-d2c693ce7bf8",
            "54dade0e-18c8-4a08-b3e5-7b062c5a6ed8",
            "3e6dac6d-5747-412c-b70e-6a113c802ca3",
            "004b522d-bd25-4946-8d9a-621309d9c64b",
            "4f043c05-0bf8-4e22-9554-574dbd30a4e4",
            "611b1048-866b-4556-980e-b68fe80bcf2a",
            "1d9d17c2-eecd-4215-ac10-e16ddcddb331"
          ],
          "failures": [],
          "pending": [],
          "skipped": [],
          "duration": 200460,
          "root": false,
          "rootEmpty": false,
          "_timeout": 0
        },
        {
          "uuid": "673695d5-d348-4976-a4be-e3fee71a8e53",
          "title": "Login Tests",
          "fullFile": "/home/unicloud/klb-enterprise-sele/tests/loginTest.js",
          "file": "/tests/loginTest.js",
          "beforeHooks": [
            {
              "title": "\"before each\" hook in \"Login Tests\"",
              "fullTitle": "Login Tests \"before each\" hook in \"Login Tests\"",
              "timedOut": false,
              "duration": 7206,
              "state": null,
              "speed": null,
              "pass": false,
              "fail": false,
              "pending": false,
              "context": null,
              "code": "driver = await helper.initializeChromeDriver();",
              "err": {},
              "uuid": "64fda03d-eee2-46d6-9ea3-fedd6876a390",
              "parentUUID": "673695d5-d348-4976-a4be-e3fee71a8e53",
              "isHook": true,
              "skipped": false
            }
          ],
          "afterHooks": [
            {
              "title": "\"after each\" hook in \"Login Tests\"",
              "fullTitle": "Login Tests \"after each\" hook in \"Login Tests\"",
              "timedOut": false,
              "duration": 53,
              "state": null,
              "speed": null,
              "pass": false,
              "fail": false,
              "pending": false,
              "context": null,
              "code": "await driver.quit();",
              "err": {},
              "uuid": "3ef77795-28c2-4f2f-8acb-9980d7c9e108",
              "parentUUID": "673695d5-d348-4976-a4be-e3fee71a8e53",
              "isHook": true,
              "skipped": false
            }
          ],
          "tests": [
            {
              "title": "[Happy Case] Login successfully",
              "fullTitle": "Login Tests [Happy Case] Login successfully",
              "timedOut": false,
              "duration": 2372,
              "state": "passed",
              "speed": "slow",
              "pass": true,
              "fail": false,
              "pending": false,
              "context": null,
              "code": "const loginPage = new LoginPage(driver);\n    const username = config.adminUsername;\n    const password = config.adminPassword; \n    \n    await loginPage.loginForTest(username, password);\n    await new Promise(resolve => setTimeout(resolve, 2000));\n    // Add assertions to verify successful login\n    var h4Element = await driver.wait(until.elementLocated(By.xpath(\"//div[@class='info']/h4\")), 10000);\n    const welcomeMessage = await h4Element.getText();\n    assert.equal(welcomeMessage, config.adminName);",
              "err": {},
              "uuid": "c9908f04-77dd-45e4-972c-9340953dbf3b",
              "parentUUID": "673695d5-d348-4976-a4be-e3fee71a8e53",
              "isHook": false,
              "skipped": false
            },
            {
              "title": "Show error on invalid login",
              "fullTitle": "Login Tests Show error on invalid login",
              "timedOut": false,
              "duration": 3950,
              "state": "passed",
              "speed": "slow",
              "pass": true,
              "fail": false,
              "pending": false,
              "context": null,
              "code": "const loginPage = new LoginPage(driver);\nconst username = 'invalid_username';\nconst password = 'invalid_password';\nawait loginPage.loginForTest(username, password);\n\nconst regExpObject = new RegExp(\"Đăng nhập không thành công, vui lòng thử lại.\");\nnotification = await driver.wait(until.elementLocated(By.xpath('//p-toastitem')), 5000);\nmessage = await notification.getText();\nassert.match(message, regExpObject);\nawait driver.wait(until.stalenessOf(notification), 10000);",
              "err": {},
              "uuid": "7df4cebc-caa8-43fd-87aa-e7525292ecdf",
              "parentUUID": "673695d5-d348-4976-a4be-e3fee71a8e53",
              "isHook": false,
              "skipped": false
            }
          ],
          "suites": [],
          "passes": [
            "c9908f04-77dd-45e4-972c-9340953dbf3b",
            "7df4cebc-caa8-43fd-87aa-e7525292ecdf"
          ],
          "failures": [],
          "pending": [],
          "skipped": [],
          "duration": 6322,
          "root": false,
          "rootEmpty": false,
          "_timeout": 0
        },
        {
          "uuid": "4a4d54aa-04c2-40f6-90f6-6761a5899d52",
          "title": "Merchant Module Tests",
          "fullFile": "/home/unicloud/klb-enterprise-sele/tests/merchantTest.js",
          "file": "/tests/merchantTest.js",
          "beforeHooks": [
            {
              "title": "\"before all\" hook in \"Merchant Module Tests\"",
              "fullTitle": "Merchant Module Tests \"before all\" hook in \"Merchant Module Tests\"",
              "timedOut": false,
              "duration": 6493,
              "state": null,
              "speed": null,
              "pass": false,
              "fail": false,
              "pending": false,
              "context": null,
              "code": "driver = await helper.initializeChromeDriver();\nmerchantPage = new MerchantPage(driver);\nconst loginPage = new LoginPage(driver);\nconst username = config.adminUsername;\nconst password = config.adminPassword;\nconst adminName = config.adminName;\nawait loginPage.login(username, password, adminName);",
              "err": {},
              "uuid": "b8543727-ddf8-49fb-8adc-c00f545ed10c",
              "parentUUID": "4a4d54aa-04c2-40f6-90f6-6761a5899d52",
              "isHook": true,
              "skipped": false
            }
          ],
          "afterHooks": [
            {
              "title": "\"after all\" hook in \"Merchant Module Tests\"",
              "fullTitle": "Merchant Module Tests \"after all\" hook in \"Merchant Module Tests\"",
              "timedOut": false,
              "duration": 52,
              "state": null,
              "speed": null,
              "pass": false,
              "fail": false,
              "pending": false,
              "context": null,
              "code": "await driver.quit();",
              "err": {},
              "uuid": "6ad59858-2f37-4703-b343-1b71b5eedbe8",
              "parentUUID": "4a4d54aa-04c2-40f6-90f6-6761a5899d52",
              "isHook": true,
              "skipped": false
            }
          ],
          "tests": [
            {
              "title": "[Happy Case] Create merchant successfully",
              "fullTitle": "Merchant Module Tests [Happy Case] Create merchant successfully",
              "timedOut": false,
              "duration": 12539,
              "state": "passed",
              "speed": "slow",
              "pass": true,
              "fail": false,
              "pending": false,
              "context": null,
              "code": "await merchantPage.navigate();\nconst merchantType = companyData.type;\nconst affiliate = companyData.affiliate;\nconst merchantCif = companyData.cif;\nconst companyName = companyData.companyName;\n\nconst limitPackageValue = PackageEnum.VIP;\nconst businessType = BusinessCateEnum.DICH_VU_AN_UONG;\nconst chargeTypeValue = ChargeTypeEnum.MONTHLY;\nconst repesentName = companyData.repesentName;\nconst repesentDoB = companyData.repesentDoB;\nconst sex = SexEnum.MALE;\nconst representEmail = companyData.representEmail;\nconst isWhiteList = true;\nmcID = await merchantPage.createMCProfile(\n  merchantType,\n  affiliate,\n  merchantCif,\n  companyName,\n  limitPackageValue,\n  businessType,\n  chargeTypeValue,\n  repesentName,\n  repesentDoB,\n  sex,\n  representEmail,\n  isWhiteList\n);\nconst notification = await driver.wait(until.elementLocated(By.xpath('//p-toastitem')), 5000);\nconst message = await notification.getText();\nconst regExpObject = new RegExp(\"Khởi tạo đối tác thành công\");\nassert.match(message, regExpObject);\n\nawait driver.wait(until.stalenessOf(notification), 10000);",
              "err": {},
              "uuid": "33cffdd8-f96c-4355-9af2-443f74086157",
              "parentUUID": "4a4d54aa-04c2-40f6-90f6-6761a5899d52",
              "isHook": false,
              "skipped": false
            },
            {
              "title": "[Happy Case] Add account successfully",
              "fullTitle": "Merchant Module Tests [Happy Case] Add account successfully",
              "timedOut": false,
              "duration": 10040,
              "state": "passed",
              "speed": "slow",
              "pass": true,
              "fail": false,
              "pending": false,
              "context": null,
              "code": "//Start add account\nconst accountSelect = companyData.account_no\nawait merchantPage.addAccountForMC(accountSelect);\n//Expected 3 account add successfully to Mc \nconst tableBody = await driver.findElement(By.css('tbody[role=\"rowgroup\"]'));\nconst rows = await tableBody.findElements(By.css('tr[role=\"row\"]'));\nassert.equal(rows.length, 3, \"Gán tài khoản thất bại\");",
              "err": {},
              "uuid": "498dd510-bd39-4065-818d-8c10436de5f4",
              "parentUUID": "4a4d54aa-04c2-40f6-90f6-6761a5899d52",
              "isHook": false,
              "skipped": false
            },
            {
              "title": "[Happy Case] Add MC Fee successfully",
              "fullTitle": "Merchant Module Tests [Happy Case] Add MC Fee successfully",
              "timedOut": false,
              "duration": 460,
              "state": "passed",
              "speed": "slow",
              "pass": true,
              "fail": false,
              "pending": false,
              "context": null,
              "code": "var continueButton = await driver.wait(until.elementLocated(By.xpath('//*[@id=\"cdk-step-content-0-2\"]/div/button[2]')), 1000);\nawait driver.wait(until.elementIsEnabled(continueButton), 1000);\nawait driver.wait(until.elementIsVisible(continueButton), 1000);\nawait continueButton.click();\nassert.equal(1, 1, \"Gán phí Thất bại\");",
              "err": {},
              "uuid": "d371275f-d168-4895-88bb-819c5281d1ce",
              "parentUUID": "4a4d54aa-04c2-40f6-90f6-6761a5899d52",
              "isHook": false,
              "skipped": false
            },
            {
              "title": "[Happy Case] Upload MC document successfully",
              "fullTitle": "Merchant Module Tests [Happy Case] Upload MC document successfully",
              "timedOut": false,
              "duration": 33744,
              "state": "passed",
              "speed": "slow",
              "pass": true,
              "fail": false,
              "pending": false,
              "context": null,
              "code": "const regExpObject = new RegExp(\"Upload file thành công\");\nlet notification;\nlet documentURL;\nlet message;\n//Upload Giấy phép đăng ký kinh doanh\n\ndocumentURL = resolve('./test_data/pdf/Size_8.9MB.pdf');\nawait merchantPage.uploadDocument(DocEnum.BUSINESSLICENSE, documentURL)\nnotification = await driver.wait(until.elementLocated(By.xpath('//p-toastitem')), 5000);\nmessage = await notification.getText();\nassert.match(message, regExpObject, \"Upload Giấy phép KD thất bại\");\nawait driver.wait(until.stalenessOf(notification), 10000);\n//Upload Hợp đồng\ndocumentURL = resolve('./test_data/pdf/Hop-dong.pdf')\nawait merchantPage.uploadDocument(DocEnum.BUSINESSCONTRACT, documentURL)\nnotification = await driver.wait(until.elementLocated(By.xpath('//p-toastitem')), 5000);\nmessage = await notification.getText();\nassert.match(message, regExpObject, \"Upload Hợp đồng thất bại\");\nawait driver.wait(until.stalenessOf(notification), 10000);\n//Upload Giấy chứng nhận đại diện hợp pháp\ndocumentURL = resolve('./test_data/image/GIAY-PHEP-DKKD_001.jpg')\nawait merchantPage.uploadDocument(DocEnum.LEGALCONTRACT, documentURL)\nnotification = await driver.wait(until.elementLocated(By.xpath('//p-toastitem')), 5000);\nmessage = await notification.getText();\nassert.match(message, regExpObject, \"Upload Giấy chứng nhận đại diện thất bại\");\nawait driver.wait(until.stalenessOf(notification), 10000);\n//Upload CMND mặt trước\ndocumentURL = resolve('./test_data/image/fakeFrontID.jpg')\nawait merchantPage.uploadDocument(DocEnum.FRONTID, documentURL)\nnotification = await driver.wait(until.elementLocated(By.xpath('//p-toastitem')), 5000);\nmessage = await notification.getText();\nassert.match(message, regExpObject, \"Upload CMND mặt trước thất bại\");\nawait driver.wait(until.stalenessOf(notification), 10000);\n//Upload CMND mặt sau\ndocumentURL = resolve('./test_data/image/fakeBackID.jpg')\nawait merchantPage.uploadDocument(DocEnum.BACKID, documentURL)\nnotification = await driver.wait(until.elementLocated(By.xpath('//p-toastitem')), 5000);\nmessage = await notification.getText();\nassert.match(message, regExpObject, \"Upload CMND mặt sau thất bại\");\nawait driver.wait(until.stalenessOf(notification), 10000);\n//Upload giấy tờ khác \ndocumentURL = resolve('./test_data/image/images.png')\nawait merchantPage.uploadDocument(DocEnum.ORTHERDOCUMENT, documentURL)\nnotification = await driver.wait(until.elementLocated(By.xpath('//p-toastitem')), 5000);\nmessage = await notification.getText();\nassert.match(message, regExpObject, \"Upload giấy tờ khác thất bại\");\nawait driver.wait(until.stalenessOf(notification), 10000);\nvar continueButton = await driver.wait(until.elementLocated(By.xpath('//*[@id=\"cdk-step-content-0-3\"]/div[2]/button[2]')), 1000);\nawait driver.wait(until.elementIsEnabled(continueButton), 1000);\nawait driver.wait(until.elementIsVisible(continueButton), 1000);\nawait continueButton.click();",
              "err": {},
              "uuid": "ea781f1c-5f26-4054-b320-d3db4e375470",
              "parentUUID": "4a4d54aa-04c2-40f6-90f6-6761a5899d52",
              "isHook": false,
              "skipped": false
            },
            {
              "title": "[Happy Case] Generate integration Key",
              "fullTitle": "Merchant Module Tests [Happy Case] Generate integration Key",
              "timedOut": false,
              "duration": 12037,
              "state": "passed",
              "speed": "slow",
              "pass": true,
              "fail": false,
              "pending": false,
              "context": null,
              "code": "const webhookURL = 'https://www.google.com/'\nconst retryValue = '100'\nawait merchantPage.generateIntergration(webhookURL, retryValue);\n\nnotification = await driver.wait(until.elementLocated(By.xpath('//p-toastitem')), 5000);\nmessage = await notification.getText();\nconst regExpObject = new RegExp(\"Success\");\nassert.match(message, regExpObject);\nawait driver.wait(until.stalenessOf(notification), 10000);",
              "err": {},
              "uuid": "f9d0d011-2895-42ec-86ab-084548e3f6e5",
              "parentUUID": "4a4d54aa-04c2-40f6-90f6-6761a5899d52",
              "isHook": false,
              "skipped": false
            },
            {
              "title": "[Happy Case] Reject merchant successfully",
              "fullTitle": "Merchant Module Tests [Happy Case] Reject merchant successfully",
              "timedOut": false,
              "duration": 4351,
              "state": "failed",
              "speed": null,
              "pass": false,
              "fail": true,
              "pending": false,
              "context": null,
              "code": "await merchantPage.navigateMerchantDetail(mcID);\nawait merchantPage.sendApproveRequest();\nconst regExpObject1 = new RegExp(\"Gửi duyệt thành công\");\nnotification1 = await driver.wait(until.elementLocated(By.xpath('//p-toastitem')), 5000);\nmessage1 = await notification1.getText();\nassert.match(message1, regExpObject1);\nawait driver.wait(until.stalenessOf(notification1), 10000);\nawait merchantPage.rejectMerchant();\nconst regExpObject = new RegExp(\"Từ chối duyệt thành công\");\nnotification = await driver.wait(until.elementLocated(By.xpath('//p-toastitem')), 5000);\nmessage = await notification.getText();\nassert.match(message, regExpObject);\nawait driver.wait(until.stalenessOf(notification), 10000);",
              "err": {
                "message": "ElementClickInterceptedError: element click intercepted: Element <button _ngcontent-bqb-c395=\"\" mat-button=\"\" class=\"mat-focus-indicator btn-material mat-btn-footer mat-btn-left mat-button mat-button-base ng-star-inserted\" style=\"\">...</button> is not clickable at point (1780, 908). Other element would receive the click: <div _ngcontent-bqb-c105=\"\" class=\"ngx-spinner-overlay ng-tns-c105-9 ng-trigger ng-trigger-fadeIn ng-star-inserted ng-animating\" style=\"background-color: rgba(0, 0, 0, 0.8); z-index: 99999; position: fixed;\">...</div>\n  (Session info: chrome=119.0.6045.159)",
                "estack": "ElementClickInterceptedError: element click intercepted: Element <button _ngcontent-bqb-c395=\"\" mat-button=\"\" class=\"mat-focus-indicator btn-material mat-btn-footer mat-btn-left mat-button mat-button-base ng-star-inserted\" style=\"\">...</button> is not clickable at point (1780, 908). Other element would receive the click: <div _ngcontent-bqb-c105=\"\" class=\"ngx-spinner-overlay ng-tns-c105-9 ng-trigger ng-trigger-fadeIn ng-star-inserted ng-animating\" style=\"background-color: rgba(0, 0, 0, 0.8); z-index: 99999; position: fixed;\">...</div>\n  (Session info: chrome=119.0.6045.159)\n    at Object.throwDecodedError (node_modules/selenium-webdriver/lib/error.js:524:15)\n    at parseHttpResponse (node_modules/selenium-webdriver/lib/http.js:601:13)\n    at Executor.execute (node_modules/selenium-webdriver/lib/http.js:529:28)\n    at process.processTicksAndRejections (node:internal/process/task_queues:95:5)\n    at async Driver.execute (node_modules/selenium-webdriver/lib/webdriver.js:745:17)\n    at async MerchantPage.sendApproveRequest (pages/MerchantPage.js:320:9)\n    at async Context.<anonymous> (tests/merchantTest.js:213:5)",
                "diff": null
              },
              "uuid": "54df9d03-b1cb-444b-b012-68fbebe0050c",
              "parentUUID": "4a4d54aa-04c2-40f6-90f6-6761a5899d52",
              "isHook": false,
              "skipped": false
            },
            {
              "title": "[Happy Case] Approve merchant successfully",
              "fullTitle": "Merchant Module Tests [Happy Case] Approve merchant successfully",
              "timedOut": false,
              "duration": 3966,
              "state": "failed",
              "speed": null,
              "pass": false,
              "fail": true,
              "pending": false,
              "context": null,
              "code": "await merchantPage.navigateMerchantDetail(mcID);\n    await merchantPage.sendApproveRequest();\n    const regExpObject1 = new RegExp(\"Gửi duyệt thành công\");\n    notification1 = await driver.wait(until.elementLocated(By.xpath('//p-toastitem')), 5000);\n    message1 = await notification1.getText();\n    assert.match(message1, regExpObject1);\n    await driver.wait(until.stalenessOf(notification1), 10000);\n    await merchantPage.approveMerchant();\n    const regExpObject = new RegExp(\"Duyệt thành công\");\n    notification = await driver.wait(until.elementLocated(By.xpath('//p-toastitem')), 5000);\n    message = await notification.getText();\n    assert.match(message, regExpObject);\n    await driver.wait(until.stalenessOf(notification), 10000);",
              "err": {
                "message": "ElementClickInterceptedError: element click intercepted: Element <button _ngcontent-bqb-c395=\"\" mat-button=\"\" class=\"mat-focus-indicator btn-material mat-btn-footer mat-btn-left mat-button mat-button-base ng-star-inserted\" style=\"\">...</button> is not clickable at point (1780, 908). Other element would receive the click: <div _ngcontent-bqb-c105=\"\" class=\"ngx-spinner-overlay ng-tns-c105-9 ng-trigger ng-trigger-fadeIn ng-star-inserted ng-animating\" style=\"background-color: rgba(0, 0, 0, 0.8); z-index: 99999; position: fixed;\">...</div>\n  (Session info: chrome=119.0.6045.159)",
                "estack": "ElementClickInterceptedError: element click intercepted: Element <button _ngcontent-bqb-c395=\"\" mat-button=\"\" class=\"mat-focus-indicator btn-material mat-btn-footer mat-btn-left mat-button mat-button-base ng-star-inserted\" style=\"\">...</button> is not clickable at point (1780, 908). Other element would receive the click: <div _ngcontent-bqb-c105=\"\" class=\"ngx-spinner-overlay ng-tns-c105-9 ng-trigger ng-trigger-fadeIn ng-star-inserted ng-animating\" style=\"background-color: rgba(0, 0, 0, 0.8); z-index: 99999; position: fixed;\">...</div>\n  (Session info: chrome=119.0.6045.159)\n    at Object.throwDecodedError (node_modules/selenium-webdriver/lib/error.js:524:15)\n    at parseHttpResponse (node_modules/selenium-webdriver/lib/http.js:601:13)\n    at Executor.execute (node_modules/selenium-webdriver/lib/http.js:529:28)\n    at process.processTicksAndRejections (node:internal/process/task_queues:95:5)\n    at async Driver.execute (node_modules/selenium-webdriver/lib/webdriver.js:745:17)\n    at async MerchantPage.sendApproveRequest (pages/MerchantPage.js:320:9)\n    at async Context.<anonymous> (tests/merchantTest.js:235:5)",
                "diff": null
              },
              "uuid": "b635cb55-c91f-4746-a0ec-f2d5952cb787",
              "parentUUID": "4a4d54aa-04c2-40f6-90f6-6761a5899d52",
              "isHook": false,
              "skipped": false
            }
          ],
          "suites": [],
          "passes": [
            "33cffdd8-f96c-4355-9af2-443f74086157",
            "498dd510-bd39-4065-818d-8c10436de5f4",
            "d371275f-d168-4895-88bb-819c5281d1ce",
            "ea781f1c-5f26-4054-b320-d3db4e375470",
            "f9d0d011-2895-42ec-86ab-084548e3f6e5"
          ],
          "failures": [
            "54df9d03-b1cb-444b-b012-68fbebe0050c",
            "b635cb55-c91f-4746-a0ec-f2d5952cb787"
          ],
          "pending": [],
          "skipped": [],
          "duration": 77137,
          "root": false,
          "rootEmpty": false,
          "_timeout": 0
        },
        {
          "uuid": "0f3dee23-8f4a-4197-b5b3-df1c34a97984",
          "title": "PROGRESSIVE Fee Module Tests",
          "fullFile": "/home/unicloud/klb-enterprise-sele/tests/progressiveFeeTest.js",
          "file": "/tests/progressiveFeeTest.js",
          "beforeHooks": [
            {
              "title": "\"before all\" hook in \"PROGRESSIVE Fee Module Tests\"",
              "fullTitle": "PROGRESSIVE Fee Module Tests \"before all\" hook in \"PROGRESSIVE Fee Module Tests\"",
              "timedOut": false,
              "duration": 17931,
              "state": null,
              "speed": null,
              "pass": false,
              "fail": false,
              "pending": false,
              "context": null,
              "code": "driver = await helper.initializeChromeDriver();\nfeePage = new FeePage(driver);\nconst loginPage = new LoginPage(driver);\nconst username = config.adminUsername;\nconst password = config.adminPassword;\nconst adminName = config.adminName;\nawait loginPage.login(username, password, adminName);",
              "err": {},
              "uuid": "82cb12cd-6d25-4477-a642-2e5e3f49bcae",
              "parentUUID": "0f3dee23-8f4a-4197-b5b3-df1c34a97984",
              "isHook": true,
              "skipped": false
            }
          ],
          "afterHooks": [
            {
              "title": "\"after all\" hook in \"PROGRESSIVE Fee Module Tests\"",
              "fullTitle": "PROGRESSIVE Fee Module Tests \"after all\" hook in \"PROGRESSIVE Fee Module Tests\"",
              "timedOut": false,
              "duration": 52,
              "state": null,
              "speed": null,
              "pass": false,
              "fail": false,
              "pending": false,
              "context": null,
              "code": "await driver.quit();",
              "err": {},
              "uuid": "cade672b-fb5d-4f38-ba03-78603e24e1bf",
              "parentUUID": "0f3dee23-8f4a-4197-b5b3-df1c34a97984",
              "isHook": true,
              "skipped": false
            }
          ],
          "tests": [
            {
              "title": "[Happy Case] Create COBO PROGRESSIVE FEE successfully",
              "fullTitle": "PROGRESSIVE Fee Module Tests [Happy Case] Create COBO PROGRESSIVE FEE successfully",
              "timedOut": false,
              "duration": 1592,
              "state": "failed",
              "speed": null,
              "pass": false,
              "fail": true,
              "pending": false,
              "context": null,
[...]
              "err": {
                "message": "TypeError: each key must be a number or string; got undefined",
                "estack": "TypeError: each key must be a number or string; got undefined\n    at /home/unicloud/klb-enterprise-sele/node_modules/selenium-webdriver/lib/webdriver.js:2775:15\n    at Array.forEach (<anonymous>)\n    at WebElement.sendKeys (node_modules/selenium-webdriver/lib/webdriver.js:2770:32)\n    at process.processTicksAndRejections (node:internal/process/task_queues:95:5)\n    at async FeePage.navigateFeeDetailByCode (pages/FeePage.js:30:9)\n    at async Context.<anonymous> (tests/progressiveFeeTest.js:96:9)",
                "diff": null
              },
              "uuid": "e18bc75d-a072-4ebb-8729-f1bccd718324",
              "parentUUID": "0f3dee23-8f4a-4197-b5b3-df1c34a97984",
              "isHook": false,
              "skipped": false
            },
            {
              "title": "[Happy Case] Approve COBO PROGRESSIVE FEE successfully",
              "fullTitle": "PROGRESSIVE Fee Module Tests [Happy Case] Approve COBO PROGRESSIVE FEE successfully",
              "timedOut": false,
              "duration": 13,
              "state": "failed",
              "speed": null,
              "pass": false,
              "fail": true,
              "pending": false,
              "context": null,
              "code": "//Navigate to fee detail by code\nawait feePage.navigateFeeDetailByCode(feeCode);\nawait feePage.approveFee();\nconst notification = await driver.wait(until.elementLocated(By.xpath('//p-toastitem')), 5000);\nconst message = await notification.getText();\nconst regExpObject = new RegExp(\"Duyệt thành công\");\nassert.match(message, regExpObject);\nawait driver.wait(until.stalenessOf(notification), 10000);",
              "err": {
                "message": "TypeError: each key must be a number or string; got undefined",
                "estack": "TypeError: each key must be a number or string; got undefined\n    at /home/unicloud/klb-enterprise-sele/node_modules/selenium-webdriver/lib/webdriver.js:2775:15\n    at Array.forEach (<anonymous>)\n    at WebElement.sendKeys (node_modules/selenium-webdriver/lib/webdriver.js:2770:32)\n    at process.processTicksAndRejections (node:internal/process/task_queues:95:5)\n    at async FeePage.navigateFeeDetailByCode (pages/FeePage.js:30:9)\n    at async Context.<anonymous> (tests/progressiveFeeTest.js:109:9)",
                "diff": null
              },
              "uuid": "b2332181-63c9-4a19-90da-fa1505c138e7",
              "parentUUID": "0f3dee23-8f4a-4197-b5b3-df1c34a97984",
              "isHook": false,
              "skipped": false
            },
            {
              "title": "[Happy Case] Create POBO PROGRESSIVE FEE successfully",
              "fullTitle": "PROGRESSIVE Fee Module Tests [Happy Case] Create POBO PROGRESSIVE FEE successfully",
              "timedOut": false,
              "duration": 1083,
              "state": "failed",
              "speed": null,
              "pass": false,
              "fail": true,
              "pending": false,
              "context": null,
              "code": "//Navigate to fee \nawait feePage.navigate();\nconst feeType = 'Chi hộ nội bộ'\nconst vat = 10;\nconst feeMethod = 'Phí lũy tiến'\nconst feeLevelData = [\n    {\n        toValue: 19999999,\n        feeMoney: 0,\n        feePercent: 0.30,\n        minFeeMoney: 0\n    },\n    {\n        toValue: 199999999,\n        feeMoney: 0,\n        feePercent: 0.25,\n        minFeeMoney: 0\n    },\n    {\n        toValue: 499999999,\n        feeMoney: 0,\n        feePercent: 0.20,\n        minFeeMoney: 0\n    },\n];\nfeeCode = await feePage.createFee(feeType, vat, feeMethod, null, null, feeLevelData);\nconst notification = await driver.wait(until.elementLocated(By.xpath('//p-toastitem')), 5000);\nconst message = await notification.getText();\nconst regExpObject = new RegExp(\"Success\");\nassert.match(message, regExpObject);\nawait driver.wait(until.stalenessOf(notification), 10000);",
              "err": {
                "message": "ElementClickInterceptedError: element click intercepted: Element <button _ngcontent-adl-c414=\"\" mat-button=\"\" class=\"mat-focus-indicator btn-material mat-btn-add mat-button mat-button-base ng-star-inserted\" style=\"color: white;\">...</button> is not clickable at point (1790, 223). Other element would receive the click: <div _ngcontent-adl-c105=\"\" class=\"ngx-spinner-overlay ng-tns-c105-9 ng-trigger ng-trigger-fadeIn ng-star-inserted ng-animating\" style=\"background-color: rgba(0, 0, 0, 0.8); z-index: 99999; position: fixed;\">...</div>\n  (Session info: chrome=119.0.6045.159)",
                "estack": "ElementClickInterceptedError: element click intercepted: Element <button _ngcontent-adl-c414=\"\" mat-button=\"\" class=\"mat-focus-indicator btn-material mat-btn-add mat-button mat-button-base ng-star-inserted\" style=\"color: white;\">...</button> is not clickable at point (1790, 223). Other element would receive the click: <div _ngcontent-adl-c105=\"\" class=\"ngx-spinner-overlay ng-tns-c105-9 ng-trigger ng-trigger-fadeIn ng-star-inserted ng-animating\" style=\"background-color: rgba(0, 0, 0, 0.8); z-index: 99999; position: fixed;\">...</div>\n  (Session info: chrome=119.0.6045.159)\n    at Object.throwDecodedError (node_modules/selenium-webdriver/lib/error.js:524:15)\n    at parseHttpResponse (node_modules/selenium-webdriver/lib/http.js:601:13)\n    at Executor.execute (node_modules/selenium-webdriver/lib/http.js:529:28)\n    at process.processTicksAndRejections (node:internal/process/task_queues:95:5)\n    at async Driver.execute (node_modules/selenium-webdriver/lib/webdriver.js:745:17)\n    at async FeePage.createFee (pages/FeePage.js:48:9)\n    at async Context.<anonymous> (tests/progressiveFeeTest.js:152:19)",
                "diff": null
              },
              "uuid": "359071b9-3f08-4551-b9eb-5341f177f15e",
              "parentUUID": "0f3dee23-8f4a-4197-b5b3-df1c34a97984",
              "isHook": false,
              "skipped": false
            },
            {
              "title": "[Happy Case] Reject POBO PROGRESSIVE FEE successfully",
              "fullTitle": "PROGRESSIVE Fee Module Tests [Happy Case] Reject POBO PROGRESSIVE FEE successfully",
              "timedOut": false,
              "duration": 60,
              "state": "failed",
              "speed": null,
              "pass": false,
              "fail": true,
              "pending": false,
              "context": null,
              "code": "//Navigate to fee \nawait feePage.navigateFeeDetailByCode(feeCode);\nawait feePage.rejectFee();\nconst notification = await driver.wait(until.elementLocated(By.xpath('//p-toastitem')), 5000);\nconst message = await notification.getText();\nconst regExpObject = new RegExp(\"Từ chối duyệt thành công\");\nassert.match(message, regExpObject);\nawait driver.wait(until.stalenessOf(notification), 10000);",
              "err": {
                "message": "TypeError: each key must be a number or string; got undefined",
                "estack": "TypeError: each key must be a number or string; got undefined\n    at /home/unicloud/klb-enterprise-sele/node_modules/selenium-webdriver/lib/webdriver.js:2775:15\n    at Array.forEach (<anonymous>)\n    at WebElement.sendKeys (node_modules/selenium-webdriver/lib/webdriver.js:2770:32)\n    at process.processTicksAndRejections (node:internal/process/task_queues:95:5)\n    at async FeePage.navigateFeeDetailByCode (pages/FeePage.js:30:9)\n    at async Context.<anonymous> (tests/progressiveFeeTest.js:163:9)",
                "diff": null
              },
              "uuid": "12939bc0-dd60-4f6b-8680-923f7af7eae8",
              "parentUUID": "0f3dee23-8f4a-4197-b5b3-df1c34a97984",
              "isHook": false,
              "skipped": false
            },
            {
              "title": "[Happy Case] Edit POBO PROGRESSIVE FEE successfully",
              "fullTitle": "PROGRESSIVE Fee Module Tests [Happy Case] Edit POBO PROGRESSIVE FEE successfully",
              "timedOut": false,
              "duration": 13,
              "state": "failed",
              "speed": null,
              "pass": false,
              "fail": true,
              "pending": false,
              "context": null,
              "code": "//Navigate to fee detail by code\nawait feePage.navigateFeeDetailByCode(feeCode);\nconst vat = 5;\nawait feePage.editFeeVAT(vat);\nconst notification = await driver.wait(until.elementLocated(By.xpath('//p-toastitem')), 5000);\nconst message = await notification.getText();\nconst regExpObject = new RegExp(\"Success\");\nassert.match(message, regExpObject);\nawait driver.wait(until.stalenessOf(notification), 10000);",
              "err": {
                "message": "TypeError: each key must be a number or string; got undefined",
                "estack": "TypeError: each key must be a number or string; got undefined\n    at /home/unicloud/klb-enterprise-sele/node_modules/selenium-webdriver/lib/webdriver.js:2775:15\n    at Array.forEach (<anonymous>)\n    at WebElement.sendKeys (node_modules/selenium-webdriver/lib/webdriver.js:2770:32)\n    at process.processTicksAndRejections (node:internal/process/task_queues:95:5)\n    at async FeePage.navigateFeeDetailByCode (pages/FeePage.js:30:9)\n    at async Context.<anonymous> (tests/progressiveFeeTest.js:176:9)",
                "diff": null
              },
              "uuid": "07631269-188c-4ffc-9caf-62681cd807fe",
              "parentUUID": "0f3dee23-8f4a-4197-b5b3-df1c34a97984",
              "isHook": false,
              "skipped": false
            },
            {
              "title": "[Happy Case] Approve POBO PROGRESSIVE FEE successfully",
              "fullTitle": "PROGRESSIVE Fee Module Tests [Happy Case] Approve POBO PROGRESSIVE FEE successfully",
              "timedOut": false,
              "duration": 12,
              "state": "failed",
              "speed": null,
              "pass": false,
              "fail": true,
              "pending": false,
              "context": null,
              "code": "//Navigate to fee detail by code\nawait feePage.navigateFeeDetailByCode(feeCode);\nawait feePage.approveFee();\nconst notification = await driver.wait(until.elementLocated(By.xpath('//p-toastitem')), 5000);\nconst message = await notification.getText();\nconst regExpObject = new RegExp(\"Duyệt thành công\");\nassert.match(message, regExpObject);\nawait driver.wait(until.stalenessOf(notification), 10000);",
              "err": {
                "message": "TypeError: each key must be a number or string; got undefined",
                "estack": "TypeError: each key must be a number or string; got undefined\n    at /home/unicloud/klb-enterprise-sele/node_modules/selenium-webdriver/lib/webdriver.js:2775:15\n    at Array.forEach (<anonymous>)\n    at WebElement.sendKeys (node_modules/selenium-webdriver/lib/webdriver.js:2770:32)\n    at process.processTicksAndRejections (node:internal/process/task_queues:95:5)\n    at async FeePage.navigateFeeDetailByCode (pages/FeePage.js:30:9)\n    at async Context.<anonymous> (tests/progressiveFeeTest.js:189:9)",
                "diff": null
              },
              "uuid": "a9479559-e98c-433f-b088-5b4c549d1ff4",
              "parentUUID": "0f3dee23-8f4a-4197-b5b3-df1c34a97984",
              "isHook": false,
              "skipped": false
            },
            {
              "title": "[Happy Case] Create POBO_INTER_BANK PROGRESSIVE FEE successfully",
              "fullTitle": "PROGRESSIVE Fee Module Tests [Happy Case] Create POBO_INTER_BANK PROGRESSIVE FEE successfully",
              "timedOut": false,
              "duration": 30580,
              "state": "passed",
              "speed": "slow",
              "pass": true,
              "fail": false,
              "pending": false,
              "context": null,
              "code": "//Navigate to fee \nawait feePage.navigate();\nconst feeType = 'Chi hộ liên ngân hàng'\nconst vat = 10;\nconst feeMethod = 'Phí lũy tiến'\nconst feeLevelData = [\n    {\n        toValue: 19999999,\n        feeMoney: 0,\n        feePercent: 0.30,\n        minFeeMoney: 0\n    },\n    {\n        toValue: 199999999,\n        feeMoney: 0,\n        feePercent: 0.25,\n        minFeeMoney: 0\n    },\n    {\n        toValue: 499999999,\n        feeMoney: 0,\n        feePercent: 0.20,\n        minFeeMoney: 0\n    },\n];\nfeeCode = await feePage.createFee(feeType, vat, feeMethod, null, null, feeLevelData);\n\nconst notification = await driver.wait(until.elementLocated(By.xpath('//p-toastitem')), 5000);\nconst message = await notification.getText();\nconst regExpObject = new RegExp(\"Success\");\nassert.match(message, regExpObject);\nawait driver.wait(until.stalenessOf(notification), 10000);",
              "err": {},
              "uuid": "60e27b30-928b-444f-83d2-bbedaa25066d",
              "parentUUID": "0f3dee23-8f4a-4197-b5b3-df1c34a97984",
              "isHook": false,
              "skipped": false
            },
            {
              "title": "[Happy Case] Reject POBO_INTER_BANK PROGRESSIVE FEE successfully",
              "fullTitle": "PROGRESSIVE Fee Module Tests [Happy Case] Reject POBO_INTER_BANK PROGRESSIVE FEE successfully",
              "timedOut": false,
              "duration": 11104,
              "state": "passed",
              "speed": "slow",
              "pass": true,
              "fail": false,
              "pending": false,
              "context": null,
              "code": "//Navigate to fee \nawait feePage.navigateFeeDetailByCode(feeCode);\nawait feePage.rejectFee();\nconst notification = await driver.wait(until.elementLocated(By.xpath('//p-toastitem')), 5000);\nconst message = await notification.getText();\nconst regExpObject = new RegExp(\"Từ chối duyệt thành công\");\nassert.match(message, regExpObject);\nawait driver.wait(until.stalenessOf(notification), 10000);",
              "err": {},
              "uuid": "b241d6c9-73c7-485b-97aa-85edde4186d7",
              "parentUUID": "0f3dee23-8f4a-4197-b5b3-df1c34a97984",
              "isHook": false,
              "skipped": false
            },
            {
              "title": "[Happy Case] Edit POBO_INTER_BANK PROGRESSIVE FEE successfully",
              "fullTitle": "PROGRESSIVE Fee Module Tests [Happy Case] Edit POBO_INTER_BANK PROGRESSIVE FEE successfully",
              "timedOut": false,
              "duration": 6078,
              "state": "failed",
              "speed": null,
              "pass": false,
              "fail": true,
              "pending": false,
              "context": null,
              "code": "//Navigate to fee detail by code\nawait feePage.navigateFeeDetailByCode(feeCode);\nconst vat = 5;\nawait feePage.editFeeVAT(vat);\nconst notification = await driver.wait(until.elementLocated(By.xpath('//p-toastitem')), 5000);\nconst message = await notification.getText();\nconst regExpObject = new RegExp(\"Success\");\nassert.match(message, regExpObject);\nawait driver.wait(until.stalenessOf(notification), 10000);",
              "err": {
                "message": "NoSuchElementError: no such element: Unable to locate element: {\"method\":\"xpath\",\"selector\":\"//input[contains(@data-placeholder, 'Nhập % VAT')]\"}\n  (Session info: chrome=119.0.6045.159)",
                "estack": "NoSuchElementError: no such element: Unable to locate element: {\"method\":\"xpath\",\"selector\":\"//input[contains(@data-placeholder, 'Nhập % VAT')]\"}\n  (Session info: chrome=119.0.6045.159)\n    at Object.throwDecodedError (node_modules/selenium-webdriver/lib/error.js:524:15)\n    at parseHttpResponse (node_modules/selenium-webdriver/lib/http.js:601:13)\n    at Executor.execute (node_modules/selenium-webdriver/lib/http.js:529:28)\n    at process.processTicksAndRejections (node:internal/process/task_queues:95:5)\n    at async Driver.execute (node_modules/selenium-webdriver/lib/webdriver.js:745:17)\n    at async FeePage.editFeeVAT (pages/FeePage.js:248:29)\n    at async Context.<anonymous> (tests/progressiveFeeTest.js:259:9)",
                "diff": null
              },
              "uuid": "f4edf733-e3a7-4320-a005-71e08ae18475",
              "parentUUID": "0f3dee23-8f4a-4197-b5b3-df1c34a97984",
              "isHook": false,
              "skipped": false
            },
            {
              "title": "[Happy Case] Approve POBO_INTER_BANK PROGRESSIVE FEE successfully",
              "fullTitle": "PROGRESSIVE Fee Module Tests [Happy Case] Approve POBO_INTER_BANK PROGRESSIVE FEE successfully",
              "timedOut": false,
              "duration": 7125,
              "state": "failed",
              "speed": null,
              "pass": false,
              "fail": true,
              "pending": false,
              "context": null,
              "code": "//Navigate to fee detail by code\nawait feePage.navigateFeeDetailByCode(feeCode);\nawait feePage.approveFee();\nconst notification = await driver.wait(until.elementLocated(By.xpath('//p-toastitem')), 5000);\nconst message = await notification.getText();\nconst regExpObject = new RegExp(\"Duyệt thành công\");\nassert.match(message, regExpObject);\nawait driver.wait(until.stalenessOf(notification), 10000);",
              "err": {
                "message": "TimeoutError: Waiting for element to be located By(xpath, //button[contains(span, 'Duyệt')])\nWait timed out after 1104ms",
                "estack": "TimeoutError: Waiting for element to be located By(xpath, //button[contains(span, 'Duyệt')])\nWait timed out after 1104ms\n    at /home/unicloud/klb-enterprise-sele/node_modules/selenium-webdriver/lib/webdriver.js:929:17\n    at process.processTicksAndRejections (node:internal/process/task_queues:95:5)",
                "diff": null
              },
              "uuid": "2f630892-f231-433c-8510-327f32c46b41",
              "parentUUID": "0f3dee23-8f4a-4197-b5b3-df1c34a97984",
              "isHook": false,
              "skipped": false
            }
          ],
          "suites": [],
          "passes": [
            "60e27b30-928b-444f-83d2-bbedaa25066d",
            "b241d6c9-73c7-485b-97aa-85edde4186d7"
          ],
          "failures": [
            "6edfabc1-2b88-40a1-9d43-d4e75667057f",
            "aced1384-5aba-421b-ad6d-3913a96d337a",
            "e18bc75d-a072-4ebb-8729-f1bccd718324",
            "b2332181-63c9-4a19-90da-fa1505c138e7",
            "359071b9-3f08-4551-b9eb-5341f177f15e",
            "12939bc0-dd60-4f6b-8680-923f7af7eae8",
            "07631269-188c-4ffc-9caf-62681cd807fe",
            "a9479559-e98c-433f-b088-5b4c549d1ff4",
            "f4edf733-e3a7-4320-a005-71e08ae18475",
            "2f630892-f231-433c-8510-327f32c46b41"
          ],
          "pending": [],
          "skipped": [],
          "duration": 57719,
          "root": false,
          "rootEmpty": false,
          "_timeout": 0
        }
      ],
      "passes": [],
      "failures": [],
      "pending": [],
      "skipped": [],
      "duration": 0,
      "root": true,
      "rootEmpty": true,
      "_timeout": 0
    }
  ],
  "meta": {
    "mocha": {
      "version": "10.2.0"
    },
    "mochawesome": {
      "options": {
        "quiet": false,
        "reportFilename": "mochawesome",
        "saveHtml": true,
        "saveJson": true,
        "consoleReporter": "spec",
        "useInlineDiffs": false,
        "code": true
      },
      "version": "7.1.3"
    },
    "marge": {
      "options": null,
      "version": "6.2.0"
    }
  }
}