{
  "stats": {
    "suites": 4,
    "tests": 57,
    "passes": 57,
    "pending": 0,
    "failures": 0,
    "start": "2023-11-21T02:02:30.511Z",
    "end": "2023-11-21T02:09:09.557Z",
    "duration": 399046,
    "testsRegistered": 57,
    "passPercent": 100,
    "pendingPercent": 0,
    "other": 0,
    "hasOther": false,
    "skipped": 0,
    "hasSkipped": false
  },
  "results": [
    {
      "uuid": "b93904e2-68dc-46af-ae3a-db168f9ce096",
      "title": "",
      "fullFile": "",
      "file": "",
      "beforeHooks": [],
      "afterHooks": [],
      "tests": [],
      "suites": [
        {
          "uuid": "f669c5dd-2279-4816-a2dd-ed2b6cb83f86",
          "title": "Fee Module Tests",
          "fullFile": "/home/unicloud/klb-enterprise-sele/tests/feeTest.js",
          "file": "/tests/feeTest.js",
          "beforeHooks": [
            {
              "title": "\"before all\" hook in \"Fee Module Tests\"",
              "fullTitle": "Fee Module Tests \"before all\" hook in \"Fee Module Tests\"",
              "timedOut": false,
              "duration": 6499,
              "state": null,
              "speed": null,
              "pass": false,
              "fail": false,
              "pending": false,
              "context": null,
              "code": "driver = await helper.initializeChromeDriver();\nfeePage = new FeePage(driver);\nconst loginPage = new LoginPage(driver);\nconst username = config.adminUsername;\nconst password = config.adminPassword;\nconst adminName = config.adminName;\n    \nawait loginPage.login(username, password, adminName);",
              "err": {},
              "uuid": "88a30137-f36b-4a36-a361-9d36146353a0",
              "parentUUID": "f669c5dd-2279-4816-a2dd-ed2b6cb83f86",
              "isHook": true,
              "skipped": false
            }
          ],
          "afterHooks": [
            {
              "title": "\"after all\" hook in \"Fee Module Tests\"",
              "fullTitle": "Fee Module Tests \"after all\" hook in \"Fee Module Tests\"",
              "timedOut": false,
              "duration": 52,
              "state": null,
              "speed": null,
              "pass": false,
              "fail": false,
              "pending": false,
              "context": null,
              "code": "await driver.quit();",
              "err": {},
              "uuid": "c3ed7413-b3d5-4a21-a70c-c07efb155dc0",
              "parentUUID": "f669c5dd-2279-4816-a2dd-ed2b6cb83f86",
              "isHook": true,
              "skipped": false
            }
          ],
          "tests": [
            {
              "title": "[Happy Case] Create COBO FREE FEE successfully",
              "fullTitle": "Fee Module Tests [Happy Case] Create COBO FREE FEE successfully",
              "timedOut": false,
              "duration": 6224,
              "state": "passed",
              "speed": "slow",
              "pass": true,
              "fail": false,
              "pending": false,
              "context": null,
              "code": "//Navigate to fee \nawait feePage.navigate();\nconst feeType = 'Thu hộ' \nconst vat = 10;\nconst feeMethod = 'Miễn phí'\nfeeCode = await feePage.createFee(feeType, vat, feeMethod);\nconst notification = await driver.wait(until.elementLocated(By.xpath('//p-toastitem')), 5000);\nconst message = await notification.getText();\n    \nconst regExpObject = new RegExp(\"Success\");\nassert.match(message, regExpObject);\nawait driver.wait(until.stalenessOf(notification), 10000);",
              "err": {},
              "uuid": "8d22432a-75c7-40ac-8045-ddf978d4c943",
              "parentUUID": "f669c5dd-2279-4816-a2dd-ed2b6cb83f86",
              "isHook": false,
              "skipped": false
            },
            {
              "title": "[Happy Case] Reject COBO FREE FEE successfully",
              "fullTitle": "Fee Module Tests [Happy Case] Reject COBO FREE FEE successfully",
              "timedOut": false,
              "duration": 4704,
              "state": "passed",
              "speed": "slow",
              "pass": true,
              "fail": false,
              "pending": false,
              "context": null,
              "code": "//Navigate to fee \nawait feePage.navigateFeeDetailByCode(feeCode);\nawait feePage.rejectFee();\nconst notification = await driver.wait(until.elementLocated(By.xpath('//p-toastitem')), 5000);\nconst message = await notification.getText();\n    \nconst regExpObject = new RegExp(\"Từ chối duyệt thành công\");\nassert.match(message, regExpObject);\nawait driver.wait(until.stalenessOf(notification), 10000);",
              "err": {},
              "uuid": "fabb24be-bfb4-4946-aca9-513d72f6195e",
              "parentUUID": "f669c5dd-2279-4816-a2dd-ed2b6cb83f86",
              "isHook": false,
              "skipped": false
            },
            {
              "title": "[Happy Case] Edit COBO FREE FEE successfully",
              "fullTitle": "Fee Module Tests [Happy Case] Edit COBO FREE FEE successfully",
              "timedOut": false,
              "duration": 5014,
              "state": "passed",
              "speed": "slow",
              "pass": true,
              "fail": false,
              "pending": false,
              "context": null,
              "code": "//Navigate to fee detail by code\nawait feePage.navigateFeeDetailByCode(feeCode);\nconst vat = 5;\nawait feePage.editFeeVAT(vat);\nconst notification = await driver.wait(until.elementLocated(By.xpath('//p-toastitem')), 5000);\nconst message = await notification.getText();\n    \nconst regExpObject = new RegExp(\"Success\");\nassert.match(message, regExpObject);\nawait driver.wait(until.stalenessOf(notification), 10000);",
              "err": {},
              "uuid": "b9289d4c-a525-4b99-9ccf-afed04b439fc",
              "parentUUID": "f669c5dd-2279-4816-a2dd-ed2b6cb83f86",
              "isHook": false,
              "skipped": false
            },
            {
              "title": "[Happy Case] Approve COBO FREE FEE successfully",
              "fullTitle": "Fee Module Tests [Happy Case] Approve COBO FREE FEE successfully",
              "timedOut": false,
              "duration": 4499,
              "state": "passed",
              "speed": "slow",
              "pass": true,
              "fail": false,
              "pending": false,
              "context": null,
              "code": "//Navigate to fee detail by code\nawait feePage.navigateFeeDetailByCode(feeCode);\nawait feePage.approveFee();\nconst notification = await driver.wait(until.elementLocated(By.xpath('//p-toastitem')), 5000);\nconst message = await notification.getText();\n    \nconst regExpObject = new RegExp(\"Duyệt thành công\");\nassert.match(message, regExpObject);\nawait driver.wait(until.stalenessOf(notification), 10000);",
              "err": {},
              "uuid": "526bbf98-e4af-49b1-bb04-33d63fbd62a1",
              "parentUUID": "f669c5dd-2279-4816-a2dd-ed2b6cb83f86",
              "isHook": false,
              "skipped": false
            },
            {
              "title": "[Happy Case] Create COBO FIXED FEE WITH PRICES successfully",
              "fullTitle": "Fee Module Tests [Happy Case] Create COBO FIXED FEE WITH PRICES successfully",
              "timedOut": false,
              "duration": 6115,
              "state": "passed",
              "speed": "slow",
              "pass": true,
              "fail": false,
              "pending": false,
              "context": null,
              "code": "//Navigate to fee \nawait feePage.navigate();\n\n//fee data \nconst feeType = 'Thu hộ' \nconst vat = 10;\nconst feeMethod = 'Phí cố định'\nconst feeRule = 'Số tiền phí cố định'\nconst value = 1500\n//Create fee\nfeeCode = await feePage.createFee(feeType, vat, feeMethod, feeRule, value);\nconst notification = await driver.wait(until.elementLocated(By.xpath('//p-toastitem')), 5000);\nconst message = await notification.getText();\n    \nconst regExpObject = new RegExp(\"Success\");\nassert.match(message, regExpObject);\nawait driver.wait(until.stalenessOf(notification), 10000);",
              "err": {},
              "uuid": "751e4210-8abc-4ac5-a6dc-6d9dfe13dd32",
              "parentUUID": "f669c5dd-2279-4816-a2dd-ed2b6cb83f86",
              "isHook": false,
              "skipped": false
            },
            {
              "title": "[Happy Case] Reject COBO FIXED FEE WITH PRICES successfully",
              "fullTitle": "Fee Module Tests [Happy Case] Reject COBO FIXED FEE WITH PRICES successfully",
              "timedOut": false,
              "duration": 4594,
              "state": "passed",
              "speed": "slow",
              "pass": true,
              "fail": false,
              "pending": false,
              "context": null,
              "code": "//Navigate to fee \nawait feePage.navigateFeeDetailByCode(feeCode);\nawait feePage.rejectFee();\nconst notification = await driver.wait(until.elementLocated(By.xpath('//p-toastitem')), 5000);\nconst message = await notification.getText();\n    \nconst regExpObject = new RegExp(\"Từ chối duyệt thành công\");\nassert.match(message, regExpObject);\nawait driver.wait(until.stalenessOf(notification), 10000);",
              "err": {},
              "uuid": "12abc40a-ff05-4522-b3f4-f68de15322d6",
              "parentUUID": "f669c5dd-2279-4816-a2dd-ed2b6cb83f86",
              "isHook": false,
              "skipped": false
            },
            {
              "title": "[Happy Case] Edit COBO FIXED FEE WITH PRICES successfully",
              "fullTitle": "Fee Module Tests [Happy Case] Edit COBO FIXED FEE WITH PRICES successfully",
              "timedOut": false,
              "duration": 5144,
              "state": "passed",
              "speed": "slow",
              "pass": true,
              "fail": false,
              "pending": false,
              "context": null,
              "code": "//Navigate to fee detail by code\nawait feePage.navigateFeeDetailByCode(feeCode);\nconst vat = 5;\nawait feePage.editFeeVAT(vat);\nconst notification = await driver.wait(until.elementLocated(By.xpath('//p-toastitem')), 5000);\nconst message = await notification.getText();\n    \nconst regExpObject = new RegExp(\"Success\");\nassert.match(message, regExpObject);\nawait driver.wait(until.stalenessOf(notification), 10000);",
              "err": {},
              "uuid": "2efaa627-6bd1-40da-8bad-c77d85398109",
              "parentUUID": "f669c5dd-2279-4816-a2dd-ed2b6cb83f86",
              "isHook": false,
              "skipped": false
            },
            {
              "title": "[Happy Case] Approve COBO FIXED FEE WITH PRICES successfully",
              "fullTitle": "Fee Module Tests [Happy Case] Approve COBO FIXED FEE WITH PRICES successfully",
              "timedOut": false,
              "duration": 4530,
              "state": "passed",
              "speed": "slow",
              "pass": true,
              "fail": false,
              "pending": false,
              "context": null,
              "code": "//Navigate to fee detail by code\nawait feePage.navigateFeeDetailByCode(feeCode);\nawait feePage.approveFee();\nconst notification = await driver.wait(until.elementLocated(By.xpath('//p-toastitem')), 5000);\nconst message = await notification.getText();\n    \nconst regExpObject = new RegExp(\"Duyệt thành công\");\nassert.match(message, regExpObject);\nawait driver.wait(until.stalenessOf(notification), 10000);",
              "err": {},
              "uuid": "15ebe43d-ff3c-468e-a99b-2bfe81a6626c",
              "parentUUID": "f669c5dd-2279-4816-a2dd-ed2b6cb83f86",
              "isHook": false,
              "skipped": false
            },
            {
              "title": "[Happy Case] Create COBO FIXED FEE WITH PERCENT successfully",
              "fullTitle": "Fee Module Tests [Happy Case] Create COBO FIXED FEE WITH PERCENT successfully",
              "timedOut": false,
              "duration": 5756,
              "state": "passed",
              "speed": "slow",
              "pass": true,
              "fail": false,
              "pending": false,
              "context": null,
              "code": "//Navigate to fee \nawait feePage.navigate();\n\n//fee data \nconst feeType = 'Thu hộ' \nconst vat = 10;\nconst feeMethod = 'Phí cố định'\nconst feeRule = 'Số tiền phí theo tỷ lệ %'\nconst value = 10\n//Create fee\nfeeCode = await feePage.createFee(feeType, vat, feeMethod, feeRule, value);\nconst notification = await driver.wait(until.elementLocated(By.xpath('//p-toastitem')), 5000);\nconst message = await notification.getText();\n    \nconst regExpObject = new RegExp(\"Success\");\nassert.match(message, regExpObject);\nawait driver.wait(until.stalenessOf(notification), 10000);",
              "err": {},
              "uuid": "7aa0280d-501a-4100-bcf6-ff9781682124",
              "parentUUID": "f669c5dd-2279-4816-a2dd-ed2b6cb83f86",
              "isHook": false,
              "skipped": false
            },
            {
              "title": "[Happy Case] Reject COBO FIXED FEE WITH PERCENT successfully",
              "fullTitle": "Fee Module Tests [Happy Case] Reject COBO FIXED FEE WITH PERCENT successfully",
              "timedOut": false,
              "duration": 4594,
              "state": "passed",
              "speed": "slow",
              "pass": true,
              "fail": false,
              "pending": false,
              "context": null,
              "code": "//Navigate to fee \nawait feePage.navigateFeeDetailByCode(feeCode);\nawait feePage.rejectFee();\nconst notification = await driver.wait(until.elementLocated(By.xpath('//p-toastitem')), 5000);\nconst message = await notification.getText();\n    \nconst regExpObject = new RegExp(\"Từ chối duyệt thành công\");\nassert.match(message, regExpObject);\nawait driver.wait(until.stalenessOf(notification), 10000);",
              "err": {},
              "uuid": "fd56bdf0-f3d0-4430-917f-243ccf59c3ef",
              "parentUUID": "f669c5dd-2279-4816-a2dd-ed2b6cb83f86",
              "isHook": false,
              "skipped": false
            },
            {
              "title": "[Happy Case] Edit COBO FIXED FEE WITH PERCENT successfully",
              "fullTitle": "Fee Module Tests [Happy Case] Edit COBO FIXED FEE WITH PERCENT successfully",
              "timedOut": false,
              "duration": 5123,
              "state": "passed",
              "speed": "slow",
              "pass": true,
              "fail": false,
              "pending": false,
              "context": null,
              "code": "//Navigate to fee detail by code\nawait feePage.navigateFeeDetailByCode(feeCode);\nconst vat = 5;\nawait feePage.editFeeVAT(vat);\nconst notification = await driver.wait(until.elementLocated(By.xpath('//p-toastitem')), 5000);\nconst message = await notification.getText();\n    \nconst regExpObject = new RegExp(\"Success\");\nassert.match(message, regExpObject);\nawait driver.wait(until.stalenessOf(notification), 10000);",
              "err": {},
              "uuid": "ca9e80b1-076a-4fcb-8b15-7e6e2953a6fb",
              "parentUUID": "f669c5dd-2279-4816-a2dd-ed2b6cb83f86",
              "isHook": false,
              "skipped": false
            },
            {
              "title": "[Happy Case] Approve COBO FIXED FEE WITH PERCENT successfully",
              "fullTitle": "Fee Module Tests [Happy Case] Approve COBO FIXED FEE WITH PERCENT successfully",
              "timedOut": false,
              "duration": 4963,
              "state": "passed",
              "speed": "slow",
              "pass": true,
              "fail": false,
              "pending": false,
              "context": null,
              "code": "//Navigate to fee detail by code\nawait feePage.navigateFeeDetailByCode(feeCode);\nawait feePage.approveFee();\nconst notification = await driver.wait(until.elementLocated(By.xpath('//p-toastitem')), 5000);\nconst message = await notification.getText();\n    \nconst regExpObject = new RegExp(\"Duyệt thành công\");\nassert.match(message, regExpObject);\nawait driver.wait(until.stalenessOf(notification), 10000);",
              "err": {},
              "uuid": "4719e430-cd44-476e-a4fc-90103989b8c2",
              "parentUUID": "f669c5dd-2279-4816-a2dd-ed2b6cb83f86",
              "isHook": false,
              "skipped": false
            },
            {
              "title": "[Happy Case] Create POBO FREE FEE successfully",
              "fullTitle": "Fee Module Tests [Happy Case] Create POBO FREE FEE successfully",
              "timedOut": false,
              "duration": 5533,
              "state": "passed",
              "speed": "slow",
              "pass": true,
              "fail": false,
              "pending": false,
              "context": null,
              "code": "//Navigate to fee \nawait feePage.navigate();\nconst feeType = 'Chi hộ nội bộ' \nconst vat = 10;\nconst feeMethod = 'Miễn phí'\nfeeCode = await feePage.createFee(feeType, vat, feeMethod);\nconst notification = await driver.wait(until.elementLocated(By.xpath('//p-toastitem')), 5000);\nconst message = await notification.getText();\n    \nconst regExpObject = new RegExp(\"Success\");\nassert.match(message, regExpObject);\nawait driver.wait(until.stalenessOf(notification), 10000);",
              "err": {},
              "uuid": "efddf13e-4272-42b3-9ed1-3287ac976bdc",
              "parentUUID": "f669c5dd-2279-4816-a2dd-ed2b6cb83f86",
              "isHook": false,
              "skipped": false
            },
            {
              "title": "[Happy Case] Reject POBO FREE FEE successfully",
              "fullTitle": "Fee Module Tests [Happy Case] Reject POBO FREE FEE successfully",
              "timedOut": false,
              "duration": 4743,
              "state": "passed",
              "speed": "slow",
              "pass": true,
              "fail": false,
              "pending": false,
              "context": null,
              "code": "//Navigate to fee \nawait feePage.navigateFeeDetailByCode(feeCode);\nawait feePage.rejectFee();\nconst notification = await driver.wait(until.elementLocated(By.xpath('//p-toastitem')), 5000);\nconst message = await notification.getText();\n    \nconst regExpObject = new RegExp(\"Từ chối duyệt thành công\");\nassert.match(message, regExpObject);\nawait driver.wait(until.stalenessOf(notification), 10000);",
              "err": {},
              "uuid": "f10493f7-85a3-4f4f-9e0a-8f2efe325e91",
              "parentUUID": "f669c5dd-2279-4816-a2dd-ed2b6cb83f86",
              "isHook": false,
              "skipped": false
            },
            {
              "title": "[Happy Case] Edit POBO FREE FEE successfully",
              "fullTitle": "Fee Module Tests [Happy Case] Edit POBO FREE FEE successfully",
              "timedOut": false,
              "duration": 5013,
              "state": "passed",
              "speed": "slow",
              "pass": true,
              "fail": false,
              "pending": false,
              "context": null,
              "code": "//Navigate to fee detail by code\nawait feePage.navigateFeeDetailByCode(feeCode);\nconst vat = 5;\nawait feePage.editFeeVAT(vat);\nconst notification = await driver.wait(until.elementLocated(By.xpath('//p-toastitem')), 5000);\nconst message = await notification.getText();\n    \nconst regExpObject = new RegExp(\"Success\");\nassert.match(message, regExpObject);\nawait driver.wait(until.stalenessOf(notification), 10000);",
              "err": {},
              "uuid": "27fc4009-8907-4f33-bdb9-23322107cf7a",
              "parentUUID": "f669c5dd-2279-4816-a2dd-ed2b6cb83f86",
              "isHook": false,
              "skipped": false
            },
            {
              "title": "[Happy Case] Approve POBO FREE FEE successfully",
              "fullTitle": "Fee Module Tests [Happy Case] Approve POBO FREE FEE successfully",
              "timedOut": false,
              "duration": 4743,
              "state": "passed",
              "speed": "slow",
              "pass": true,
              "fail": false,
              "pending": false,
              "context": null,
              "code": "//Navigate to fee detail by code\nawait feePage.navigateFeeDetailByCode(feeCode);\nawait feePage.approveFee();\nconst notification = await driver.wait(until.elementLocated(By.xpath('//p-toastitem')), 5000);\nconst message = await notification.getText();\n    \nconst regExpObject = new RegExp(\"Duyệt thành công\");\nassert.match(message, regExpObject);\nawait driver.wait(until.stalenessOf(notification), 10000);",
              "err": {},
              "uuid": "33740dcf-7f2a-4423-b306-98ecc38cd2f2",
              "parentUUID": "f669c5dd-2279-4816-a2dd-ed2b6cb83f86",
              "isHook": false,
              "skipped": false
            },
            {
              "title": "[Happy Case] Create POBO FIXED FEE WITH PRICES successfully",
              "fullTitle": "Fee Module Tests [Happy Case] Create POBO FIXED FEE WITH PRICES successfully",
              "timedOut": false,
              "duration": 5929,
              "state": "passed",
              "speed": "slow",
              "pass": true,
              "fail": false,
              "pending": false,
              "context": null,
              "code": "//Navigate to fee \nawait feePage.navigate();\n\n//fee data \nconst feeType = 'Chi hộ nội bộ' \nconst vat = 10;\nconst feeMethod = 'Phí cố định'\nconst feeRule = 'Số tiền phí cố định'\nconst value = 1500\n//Create fee\nfeeCode = await feePage.createFee(feeType, vat, feeMethod, feeRule, value);\nconst notification = await driver.wait(until.elementLocated(By.xpath('//p-toastitem')), 5000);\nconst message = await notification.getText();\n    \nconst regExpObject = new RegExp(\"Success\");\nassert.match(message, regExpObject);\nawait driver.wait(until.stalenessOf(notification), 10000);",
              "err": {},
              "uuid": "00552c8b-a85d-4b70-a983-44cc4eb547b5",
              "parentUUID": "f669c5dd-2279-4816-a2dd-ed2b6cb83f86",
              "isHook": false,
              "skipped": false
            },
            {
              "title": "[Happy Case] Reject POBO FIXED FEE WITH PRICES successfully",
              "fullTitle": "Fee Module Tests [Happy Case] Reject POBO FIXED FEE WITH PRICES successfully",
              "timedOut": false,
              "duration": 4622,
              "state": "passed",
              "speed": "slow",
              "pass": true,
              "fail": false,
              "pending": false,
              "context": null,
              "code": "//Navigate to fee \nawait feePage.navigateFeeDetailByCode(feeCode);\nawait feePage.rejectFee();\nconst notification = await driver.wait(until.elementLocated(By.xpath('//p-toastitem')), 5000);\nconst message = await notification.getText();\n    \nconst regExpObject = new RegExp(\"Từ chối duyệt thành công\");\nassert.match(message, regExpObject);\nawait driver.wait(until.stalenessOf(notification), 10000);",
              "err": {},
              "uuid": "4fb763fd-85e4-42ef-acd7-5acdd4790d7f",
              "parentUUID": "f669c5dd-2279-4816-a2dd-ed2b6cb83f86",
              "isHook": false,
              "skipped": false
            },
            {
              "title": "[Happy Case] Edit POBO FIXED FEE WITH PRICES successfully",
              "fullTitle": "Fee Module Tests [Happy Case] Edit POBO FIXED FEE WITH PRICES successfully",
              "timedOut": false,
              "duration": 5017,
              "state": "passed",
              "speed": "slow",
              "pass": true,
              "fail": false,
              "pending": false,
              "context": null,
              "code": "//Navigate to fee detail by code\nawait feePage.navigateFeeDetailByCode(feeCode);\nconst vat = 5;\nawait feePage.editFeeVAT(vat);\nconst notification = await driver.wait(until.elementLocated(By.xpath('//p-toastitem')), 5000);\nconst message = await notification.getText();\n    \nconst regExpObject = new RegExp(\"Success\");\nassert.match(message, regExpObject);\nawait driver.wait(until.stalenessOf(notification), 10000);",
              "err": {},
              "uuid": "5929d1e0-fb00-4d82-90ee-5b584dd76393",
              "parentUUID": "f669c5dd-2279-4816-a2dd-ed2b6cb83f86",
              "isHook": false,
              "skipped": false
            },
            {
              "title": "[Happy Case] Approve POBO FIXED FEE WITH PRICES successfully",
              "fullTitle": "Fee Module Tests [Happy Case] Approve POBO FIXED FEE WITH PRICES successfully",
              "timedOut": false,
              "duration": 4532,
              "state": "passed",
              "speed": "slow",
              "pass": true,
              "fail": false,
              "pending": false,
              "context": null,
              "code": "//Navigate to fee detail by code\nawait feePage.navigateFeeDetailByCode(feeCode);\nawait feePage.approveFee();\nconst notification = await driver.wait(until.elementLocated(By.xpath('//p-toastitem')), 5000);\nconst message = await notification.getText();\n    \nconst regExpObject = new RegExp(\"Duyệt thành công\");\nassert.match(message, regExpObject);\nawait driver.wait(until.stalenessOf(notification), 10000);",
              "err": {},
              "uuid": "4c0696a9-a5cd-4741-b1d8-54ee3170ebae",
              "parentUUID": "f669c5dd-2279-4816-a2dd-ed2b6cb83f86",
              "isHook": false,
              "skipped": false
            },
            {
              "title": "[Happy Case] Create POBO FIXED FEE WITH PERCENT successfully",
              "fullTitle": "Fee Module Tests [Happy Case] Create POBO FIXED FEE WITH PERCENT successfully",
              "timedOut": false,
              "duration": 5917,
              "state": "passed",
              "speed": "slow",
              "pass": true,
              "fail": false,
              "pending": false,
              "context": null,
              "code": "//Navigate to fee \nawait feePage.navigate();\n\n//fee data \nconst feeType = 'Chi hộ nội bộ' \nconst vat = 10;\nconst feeMethod = 'Phí cố định'\nconst feeRule = 'Số tiền phí theo tỷ lệ %'\nconst value = 10\n//Create fee\nfeeCode = await feePage.createFee(feeType, vat, feeMethod, feeRule, value);\nconst notification = await driver.wait(until.elementLocated(By.xpath('//p-toastitem')), 5000);\nconst message = await notification.getText();\n    \nconst regExpObject = new RegExp(\"Success\");\nassert.match(message, regExpObject);\nawait driver.wait(until.stalenessOf(notification), 10000);",
              "err": {},
              "uuid": "c01d63c6-f08a-43c0-bd5b-70e1a5ac4efb",
              "parentUUID": "f669c5dd-2279-4816-a2dd-ed2b6cb83f86",
              "isHook": false,
              "skipped": false
            },
            {
              "title": "[Happy Case] Reject POBO FIXED FEE WITH PERCENT successfully",
              "fullTitle": "Fee Module Tests [Happy Case] Reject POBO FIXED FEE WITH PERCENT successfully",
              "timedOut": false,
              "duration": 4761,
              "state": "passed",
              "speed": "slow",
              "pass": true,
              "fail": false,
              "pending": false,
              "context": null,
              "code": "//Navigate to fee \nawait feePage.navigateFeeDetailByCode(feeCode);\nawait feePage.rejectFee();\nconst notification = await driver.wait(until.elementLocated(By.xpath('//p-toastitem')), 5000);\nconst message = await notification.getText();\n    \nconst regExpObject = new RegExp(\"Từ chối duyệt thành công\");\nassert.match(message, regExpObject);\nawait driver.wait(until.stalenessOf(notification), 10000);",
              "err": {},
              "uuid": "ba0c7db8-b919-43c0-83d2-4ac7e40c077d",
              "parentUUID": "f669c5dd-2279-4816-a2dd-ed2b6cb83f86",
              "isHook": false,
              "skipped": false
            },
            {
              "title": "[Happy Case] Edit POBO FIXED FEE WITH PERCENT successfully",
              "fullTitle": "Fee Module Tests [Happy Case] Edit POBO FIXED FEE WITH PERCENT successfully",
              "timedOut": false,
              "duration": 5149,
              "state": "passed",
              "speed": "slow",
              "pass": true,
              "fail": false,
              "pending": false,
              "context": null,
              "code": "//Navigate to fee detail by code\nawait feePage.navigateFeeDetailByCode(feeCode);\nconst vat = 5;\nawait feePage.editFeeVAT(vat);\nconst notification = await driver.wait(until.elementLocated(By.xpath('//p-toastitem')), 5000);\nconst message = await notification.getText();\n    \nconst regExpObject = new RegExp(\"Success\");\nassert.match(message, regExpObject);\nawait driver.wait(until.stalenessOf(notification), 10000);",
              "err": {},
              "uuid": "b76834bc-ae04-4384-8012-40a3c9e3e9a6",
              "parentUUID": "f669c5dd-2279-4816-a2dd-ed2b6cb83f86",
              "isHook": false,
              "skipped": false
            },
            {
              "title": "[Happy Case] Approve POBO FIXED FEE WITH PERCENT successfully",
              "fullTitle": "Fee Module Tests [Happy Case] Approve POBO FIXED FEE WITH PERCENT successfully",
              "timedOut": false,
              "duration": 4718,
              "state": "passed",
              "speed": "slow",
              "pass": true,
              "fail": false,
              "pending": false,
              "context": null,
              "code": "//Navigate to fee detail by code\nawait feePage.navigateFeeDetailByCode(feeCode);\nawait feePage.approveFee();\nconst notification = await driver.wait(until.elementLocated(By.xpath('//p-toastitem')), 5000);\nconst message = await notification.getText();\n    \nconst regExpObject = new RegExp(\"Duyệt thành công\");\nassert.match(message, regExpObject);\nawait driver.wait(until.stalenessOf(notification), 10000);",
              "err": {},
              "uuid": "d838c890-efc4-4b37-a1c3-ffe22ed1e5f0",
              "parentUUID": "f669c5dd-2279-4816-a2dd-ed2b6cb83f86",
              "isHook": false,
              "skipped": false
            },
            {
              "title": "[Happy Case] Create POBO_INTER_BANK FREE FEE successfully",
              "fullTitle": "Fee Module Tests [Happy Case] Create POBO_INTER_BANK FREE FEE successfully",
              "timedOut": false,
              "duration": 5536,
              "state": "passed",
              "speed": "slow",
              "pass": true,
              "fail": false,
              "pending": false,
              "context": null,
              "code": "//Navigate to fee \nawait feePage.navigate();\nconst feeType = 'Chi hộ liên ngân hàng' \nconst vat = 10;\nconst feeMethod = 'Miễn phí'\nfeeCode = await feePage.createFee(feeType, vat, feeMethod);\nconst notification = await driver.wait(until.elementLocated(By.xpath('//p-toastitem')), 5000);\nconst message = await notification.getText();\n    \nconst regExpObject = new RegExp(\"Success\");\nassert.match(message, regExpObject);\nawait driver.wait(until.stalenessOf(notification), 10000);",
              "err": {},
              "uuid": "b786639b-c5f6-4119-aa6a-ae553a73f1aa",
              "parentUUID": "f669c5dd-2279-4816-a2dd-ed2b6cb83f86",
              "isHook": false,
              "skipped": false
            },
            {
              "title": "[Happy Case] Reject POBO_INTER_BANK FREE FEE successfully",
              "fullTitle": "Fee Module Tests [Happy Case] Reject POBO_INTER_BANK FREE FEE successfully",
              "timedOut": false,
              "duration": 4610,
              "state": "passed",
              "speed": "slow",
              "pass": true,
              "fail": false,
              "pending": false,
              "context": null,
              "code": "//Navigate to fee \nawait feePage.navigateFeeDetailByCode(feeCode);\nawait feePage.rejectFee();\nconst notification = await driver.wait(until.elementLocated(By.xpath('//p-toastitem')), 5000);\nconst message = await notification.getText();\n    \nconst regExpObject = new RegExp(\"Từ chối duyệt thành công\");\nassert.match(message, regExpObject);\nawait driver.wait(until.stalenessOf(notification), 10000);",
              "err": {},
              "uuid": "91f1c83c-237d-42b9-82b4-7a3d4bc069e5",
              "parentUUID": "f669c5dd-2279-4816-a2dd-ed2b6cb83f86",
              "isHook": false,
              "skipped": false
            },
            {
              "title": "[Happy Case] Edit POBO_INTER_BANK FREE FEE successfully",
              "fullTitle": "Fee Module Tests [Happy Case] Edit POBO_INTER_BANK FREE FEE successfully",
              "timedOut": false,
              "duration": 4944,
              "state": "passed",
              "speed": "slow",
              "pass": true,
              "fail": false,
              "pending": false,
              "context": null,
              "code": "//Navigate to fee detail by code\nawait feePage.navigateFeeDetailByCode(feeCode);\nconst vat = 5;\nawait feePage.editFeeVAT(vat);\nconst notification = await driver.wait(until.elementLocated(By.xpath('//p-toastitem')), 5000);\nconst message = await notification.getText();\n    \nconst regExpObject = new RegExp(\"Success\");\nassert.match(message, regExpObject);\nawait driver.wait(until.stalenessOf(notification), 10000);",
              "err": {},
              "uuid": "f77c1622-dc4e-4f5d-812a-4fd3132d6028",
              "parentUUID": "f669c5dd-2279-4816-a2dd-ed2b6cb83f86",
              "isHook": false,
              "skipped": false
            },
            {
              "title": "[Happy Case] Approve POBO_INTER_BANK FREE FEE successfully",
              "fullTitle": "Fee Module Tests [Happy Case] Approve POBO_INTER_BANK FREE FEE successfully",
              "timedOut": false,
              "duration": 4551,
              "state": "passed",
              "speed": "slow",
              "pass": true,
              "fail": false,
              "pending": false,
              "context": null,
              "code": "//Navigate to fee detail by code\nawait feePage.navigateFeeDetailByCode(feeCode);\nawait feePage.approveFee();\nconst notification = await driver.wait(until.elementLocated(By.xpath('//p-toastitem')), 5000);\nconst message = await notification.getText();\n    \nconst regExpObject = new RegExp(\"Duyệt thành công\");\nassert.match(message, regExpObject);\nawait driver.wait(until.stalenessOf(notification), 10000);",
              "err": {},
              "uuid": "ce5cf117-f4e3-42be-adbe-a369560ecdce",
              "parentUUID": "f669c5dd-2279-4816-a2dd-ed2b6cb83f86",
              "isHook": false,
              "skipped": false
            },
            {
              "title": "[Happy Case] Create POBO_INTER_BANK FIXED FEE WITH PRICES successfully",
              "fullTitle": "Fee Module Tests [Happy Case] Create POBO_INTER_BANK FIXED FEE WITH PRICES successfully",
              "timedOut": false,
              "duration": 6117,
              "state": "passed",
              "speed": "slow",
              "pass": true,
              "fail": false,
              "pending": false,
              "context": null,
              "code": "//Navigate to fee \nawait feePage.navigate();\n\n//fee data \nconst feeType = 'Chi hộ liên ngân hàng' \nconst vat = 10;\nconst feeMethod = 'Phí cố định'\nconst feeRule = 'Số tiền phí cố định'\nconst value = 1500\n//Create fee\nfeeCode = await feePage.createFee(feeType, vat, feeMethod, feeRule, value);\nconst notification = await driver.wait(until.elementLocated(By.xpath('//p-toastitem')), 5000);\nconst message = await notification.getText();\n    \nconst regExpObject = new RegExp(\"Success\");\nassert.match(message, regExpObject);\nawait driver.wait(until.stalenessOf(notification), 10000);",
              "err": {},
              "uuid": "623f9a17-2382-4e5e-a5e6-3e7483f07f14",
              "parentUUID": "f669c5dd-2279-4816-a2dd-ed2b6cb83f86",
              "isHook": false,
              "skipped": false
            },
            {
              "title": "[Happy Case] Reject POBO_INTER_BANK FIXED FEE WITH PRICES successfully",
              "fullTitle": "Fee Module Tests [Happy Case] Reject POBO_INTER_BANK FIXED FEE WITH PRICES successfully",
              "timedOut": false,
              "duration": 5181,
              "state": "passed",
              "speed": "slow",
              "pass": true,
              "fail": false,
              "pending": false,
              "context": null,
              "code": "//Navigate to fee \nawait feePage.navigateFeeDetailByCode(feeCode);\nawait feePage.rejectFee();\nconst notification = await driver.wait(until.elementLocated(By.xpath('//p-toastitem')), 5000);\nconst message = await notification.getText();\n    \nconst regExpObject = new RegExp(\"Từ chối duyệt thành công\");\nassert.match(message, regExpObject);\nawait driver.wait(until.stalenessOf(notification), 10000);",
              "err": {},
              "uuid": "0accc73d-b638-4b8e-a3c9-a4e187c16004",
              "parentUUID": "f669c5dd-2279-4816-a2dd-ed2b6cb83f86",
              "isHook": false,
              "skipped": false
            },
            {
              "title": "[Happy Case] Edit POBO_INTER_BANK FIXED FEE WITH PRICES successfully",
              "fullTitle": "Fee Module Tests [Happy Case] Edit POBO_INTER_BANK FIXED FEE WITH PRICES successfully",
              "timedOut": false,
              "duration": 5155,
              "state": "passed",
              "speed": "slow",
              "pass": true,
              "fail": false,
              "pending": false,
              "context": null,
              "code": "//Navigate to fee detail by code\nawait feePage.navigateFeeDetailByCode(feeCode);\nconst vat = 5;\nawait feePage.editFeeVAT(vat);\nconst notification = await driver.wait(until.elementLocated(By.xpath('//p-toastitem')), 5000);\nconst message = await notification.getText();\n    \nconst regExpObject = new RegExp(\"Success\");\nassert.match(message, regExpObject);\nawait driver.wait(until.stalenessOf(notification), 10000);",
              "err": {},
              "uuid": "f13e896d-14bf-4c62-83c6-fa5afb00b508",
              "parentUUID": "f669c5dd-2279-4816-a2dd-ed2b6cb83f86",
              "isHook": false,
              "skipped": false
            },
            {
              "title": "[Happy Case] Approve POBO_INTER_BANK FIXED FEE WITH PRICES successfully",
              "fullTitle": "Fee Module Tests [Happy Case] Approve POBO_INTER_BANK FIXED FEE WITH PRICES successfully",
              "timedOut": false,
              "duration": 4703,
              "state": "passed",
              "speed": "slow",
              "pass": true,
              "fail": false,
              "pending": false,
              "context": null,
              "code": "//Navigate to fee detail by code\nawait feePage.navigateFeeDetailByCode(feeCode);\nawait feePage.approveFee();\nconst notification = await driver.wait(until.elementLocated(By.xpath('//p-toastitem')), 5000);\nconst message = await notification.getText();\n    \nconst regExpObject = new RegExp(\"Duyệt thành công\");\nassert.match(message, regExpObject);\nawait driver.wait(until.stalenessOf(notification), 10000);",
              "err": {},
              "uuid": "0944d0b7-881f-4502-a6cb-54d96563fcb8",
              "parentUUID": "f669c5dd-2279-4816-a2dd-ed2b6cb83f86",
              "isHook": false,
              "skipped": false
            },
            {
              "title": "[Happy Case] Create POBO_INTER_BANK FIXED FEE WITH PERCENT successfully",
              "fullTitle": "Fee Module Tests [Happy Case] Create POBO_INTER_BANK FIXED FEE WITH PERCENT successfully",
              "timedOut": false,
              "duration": 5827,
              "state": "passed",
              "speed": "slow",
              "pass": true,
              "fail": false,
              "pending": false,
              "context": null,
              "code": "//Navigate to fee \nawait feePage.navigate();\n\n//fee data \nconst feeType = 'Chi hộ liên ngân hàng' \nconst vat = 10;\nconst feeMethod = 'Phí cố định'\nconst feeRule = 'Số tiền phí theo tỷ lệ %'\nconst value = 10\n//Create fee\nfeeCode = await feePage.createFee(feeType, vat, feeMethod, feeRule, value);\nconst notification = await driver.wait(until.elementLocated(By.xpath('//p-toastitem')), 5000);\nconst message = await notification.getText();\n    \nconst regExpObject = new RegExp(\"Success\");\nassert.match(message, regExpObject);\nawait driver.wait(until.stalenessOf(notification), 10000);",
              "err": {},
              "uuid": "b4878806-6030-4078-a649-b984ed28bf61",
              "parentUUID": "f669c5dd-2279-4816-a2dd-ed2b6cb83f86",
              "isHook": false,
              "skipped": false
            },
            {
              "title": "[Happy Case] Reject POBO_INTER_BANK FIXED FEE WITH PERCENT successfully",
              "fullTitle": "Fee Module Tests [Happy Case] Reject POBO_INTER_BANK FIXED FEE WITH PERCENT successfully",
              "timedOut": false,
              "duration": 4560,
              "state": "passed",
              "speed": "slow",
              "pass": true,
              "fail": false,
              "pending": false,
              "context": null,
              "code": "//Navigate to fee \nawait feePage.navigateFeeDetailByCode(feeCode);\nawait feePage.rejectFee();\nconst notification = await driver.wait(until.elementLocated(By.xpath('//p-toastitem')), 5000);\nconst message = await notification.getText();\n    \nconst regExpObject = new RegExp(\"Từ chối duyệt thành công\");\nassert.match(message, regExpObject);\nawait driver.wait(until.stalenessOf(notification), 10000);",
              "err": {},
              "uuid": "947d78e0-3ab8-48fd-85ed-be4fbbb549a9",
              "parentUUID": "f669c5dd-2279-4816-a2dd-ed2b6cb83f86",
              "isHook": false,
              "skipped": false
            },
            {
              "title": "[Happy Case] Edit POBO_INTER_BANK FIXED FEE WITH PERCENT successfully",
              "fullTitle": "Fee Module Tests [Happy Case] Edit POBO_INTER_BANK FIXED FEE WITH PERCENT successfully",
              "timedOut": false,
              "duration": 4926,
              "state": "passed",
              "speed": "slow",
              "pass": true,
              "fail": false,
              "pending": false,
              "context": null,
              "code": "//Navigate to fee detail by code\nawait feePage.navigateFeeDetailByCode(feeCode);\nconst vat = 5;\nawait feePage.editFeeVAT(vat);\nconst notification = await driver.wait(until.elementLocated(By.xpath('//p-toastitem')), 5000);\nconst message = await notification.getText();\n    \nconst regExpObject = new RegExp(\"Success\");\nassert.match(message, regExpObject);\nawait driver.wait(until.stalenessOf(notification), 10000);",
              "err": {},
              "uuid": "d322bfa9-780f-4015-b492-b8ec43c236e5",
              "parentUUID": "f669c5dd-2279-4816-a2dd-ed2b6cb83f86",
              "isHook": false,
              "skipped": false
            },
            {
              "title": "[Happy Case] Approve POBO_INTER_BANK FIXED FEE WITH PERCENT successfully",
              "fullTitle": "Fee Module Tests [Happy Case] Approve POBO_INTER_BANK FIXED FEE WITH PERCENT successfully",
              "timedOut": false,
              "duration": 4726,
              "state": "passed",
              "speed": "slow",
              "pass": true,
              "fail": false,
              "pending": false,
              "context": null,
              "code": "//Navigate to fee detail by code\nawait feePage.navigateFeeDetailByCode(feeCode);\nawait feePage.approveFee();\nconst notification = await driver.wait(until.elementLocated(By.xpath('//p-toastitem')), 5000);\nconst message = await notification.getText();\n    \nconst regExpObject = new RegExp(\"Duyệt thành công\");\nassert.match(message, regExpObject);\nawait driver.wait(until.stalenessOf(notification), 10000);",
              "err": {},
              "uuid": "ef12de85-cfb1-4ba6-951e-97f581ca8469",
              "parentUUID": "f669c5dd-2279-4816-a2dd-ed2b6cb83f86",
              "isHook": false,
              "skipped": false
            }
          ],
          "suites": [],
          "passes": [
            "8d22432a-75c7-40ac-8045-ddf978d4c943",
            "fabb24be-bfb4-4946-aca9-513d72f6195e",
            "b9289d4c-a525-4b99-9ccf-afed04b439fc",
            "526bbf98-e4af-49b1-bb04-33d63fbd62a1",
            "751e4210-8abc-4ac5-a6dc-6d9dfe13dd32",
            "12abc40a-ff05-4522-b3f4-f68de15322d6",
            "2efaa627-6bd1-40da-8bad-c77d85398109",
            "15ebe43d-ff3c-468e-a99b-2bfe81a6626c",
            "7aa0280d-501a-4100-bcf6-ff9781682124",
            "fd56bdf0-f3d0-4430-917f-243ccf59c3ef",
            "ca9e80b1-076a-4fcb-8b15-7e6e2953a6fb",
            "4719e430-cd44-476e-a4fc-90103989b8c2",
            "efddf13e-4272-42b3-9ed1-3287ac976bdc",
            "f10493f7-85a3-4f4f-9e0a-8f2efe325e91",
            "27fc4009-8907-4f33-bdb9-23322107cf7a",
            "33740dcf-7f2a-4423-b306-98ecc38cd2f2",
            "00552c8b-a85d-4b70-a983-44cc4eb547b5",
            "4fb763fd-85e4-42ef-acd7-5acdd4790d7f",
            "5929d1e0-fb00-4d82-90ee-5b584dd76393",
            "4c0696a9-a5cd-4741-b1d8-54ee3170ebae",
            "c01d63c6-f08a-43c0-bd5b-70e1a5ac4efb",
            "ba0c7db8-b919-43c0-83d2-4ac7e40c077d",
            "b76834bc-ae04-4384-8012-40a3c9e3e9a6",
            "d838c890-efc4-4b37-a1c3-ffe22ed1e5f0",
            "b786639b-c5f6-4119-aa6a-ae553a73f1aa",
            "91f1c83c-237d-42b9-82b4-7a3d4bc069e5",
            "f77c1622-dc4e-4f5d-812a-4fd3132d6028",
            "ce5cf117-f4e3-42be-adbe-a369560ecdce",
            "623f9a17-2382-4e5e-a5e6-3e7483f07f14",
            "0accc73d-b638-4b8e-a3c9-a4e187c16004",
            "f13e896d-14bf-4c62-83c6-fa5afb00b508",
            "0944d0b7-881f-4502-a6cb-54d96563fcb8",
            "b4878806-6030-4078-a649-b984ed28bf61",
            "947d78e0-3ab8-48fd-85ed-be4fbbb549a9",
            "d322bfa9-780f-4015-b492-b8ec43c236e5",
            "ef12de85-cfb1-4ba6-951e-97f581ca8469"
          ],
          "failures": [],
          "pending": [],
          "skipped": [],
          "duration": 182773,
          "root": false,
          "rootEmpty": false,
          "_timeout": 0
        },
        {
          "uuid": "63f5ab36-e0ca-4af8-80ae-6e252aff6542",
          "title": "Login Tests",
          "fullFile": "/home/unicloud/klb-enterprise-sele/tests/loginTest.js",
          "file": "/tests/loginTest.js",
          "beforeHooks": [
            {
              "title": "\"before each\" hook in \"Login Tests\"",
              "fullTitle": "Login Tests \"before each\" hook in \"Login Tests\"",
              "timedOut": false,
              "duration": 7124,
              "state": null,
              "speed": null,
              "pass": false,
              "fail": false,
              "pending": false,
              "context": null,
              "code": "driver = await helper.initializeChromeDriver();",
              "err": {},
              "uuid": "1b7ef0c7-67bc-4232-a774-b4870764e897",
              "parentUUID": "63f5ab36-e0ca-4af8-80ae-6e252aff6542",
              "isHook": true,
              "skipped": false
            }
          ],
          "afterHooks": [
            {
              "title": "\"after each\" hook in \"Login Tests\"",
              "fullTitle": "Login Tests \"after each\" hook in \"Login Tests\"",
              "timedOut": false,
              "duration": 52,
              "state": null,
              "speed": null,
              "pass": false,
              "fail": false,
              "pending": false,
              "context": null,
              "code": "await driver.quit();",
              "err": {},
              "uuid": "7f719dab-3466-4eed-82eb-111442afff66",
              "parentUUID": "63f5ab36-e0ca-4af8-80ae-6e252aff6542",
              "isHook": true,
              "skipped": false
            }
          ],
          "tests": [
            {
              "title": "[Happy Case] Login successfully",
              "fullTitle": "Login Tests [Happy Case] Login successfully",
              "timedOut": false,
              "duration": 2923,
              "state": "passed",
              "speed": "slow",
              "pass": true,
              "fail": false,
              "pending": false,
              "context": null,
              "code": "const loginPage = new LoginPage(driver);\n    const username = config.adminUsername;\n    const password = config.adminPassword; \n    \n    await loginPage.loginForTest(username, password);\n    await new Promise(resolve => setTimeout(resolve, 2000));\n    // Add assertions to verify successful login\n    var h4Element = await driver.wait(until.elementLocated(By.xpath(\"//div[@class='info']/h4\")), 10000);\n    const welcomeMessage = await h4Element.getText();\n    assert.equal(welcomeMessage, config.adminName);",
              "err": {},
              "uuid": "f6fe526e-eb58-4828-adea-2bcc291e6bd9",
              "parentUUID": "63f5ab36-e0ca-4af8-80ae-6e252aff6542",
              "isHook": false,
              "skipped": false
            },
            {
              "title": "Show error on invalid login",
              "fullTitle": "Login Tests Show error on invalid login",
              "timedOut": false,
              "duration": 3928,
              "state": "passed",
              "speed": "slow",
              "pass": true,
              "fail": false,
              "pending": false,
              "context": null,
              "code": "const loginPage = new LoginPage(driver);\nconst username = 'invalid_username';\nconst password = 'invalid_password';\nawait loginPage.loginForTest(username, password);\n\nconst regExpObject = new RegExp(\"Đăng nhập không thành công, vui lòng thử lại.\");\nnotification = await driver.wait(until.elementLocated(By.xpath('//p-toastitem')), 5000);\nmessage = await notification.getText();\nassert.match(message, regExpObject);\nawait driver.wait(until.stalenessOf(notification), 10000);",
              "err": {},
              "uuid": "c4bf7049-491b-409f-bb69-7faba1adfa4a",
              "parentUUID": "63f5ab36-e0ca-4af8-80ae-6e252aff6542",
              "isHook": false,
              "skipped": false
            }
          ],
          "suites": [],
          "passes": [
            "f6fe526e-eb58-4828-adea-2bcc291e6bd9",
            "c4bf7049-491b-409f-bb69-7faba1adfa4a"
          ],
          "failures": [],
          "pending": [],
          "skipped": [],
          "duration": 6851,
          "root": false,
          "rootEmpty": false,
          "_timeout": 0
        },
        {
          "uuid": "978dca29-c9aa-429e-828c-113866cad163",
          "title": "Merchant Module Tests",
          "fullFile": "/home/unicloud/klb-enterprise-sele/tests/merchantTest.js",
          "file": "/tests/merchantTest.js",
          "beforeHooks": [
            {
              "title": "\"before all\" hook in \"Merchant Module Tests\"",
              "fullTitle": "Merchant Module Tests \"before all\" hook in \"Merchant Module Tests\"",
              "timedOut": false,
              "duration": 6005,
              "state": null,
              "speed": null,
              "pass": false,
              "fail": false,
              "pending": false,
              "context": null,
              "code": "driver = await helper.initializeChromeDriver();\nmerchantPage = new MerchantPage(driver);\nconst loginPage = new LoginPage(driver);\nconst username = config.adminUsername;\nconst password = config.adminPassword;\nconst adminName = config.adminName;\nawait loginPage.login(username, password, adminName);",
              "err": {},
              "uuid": "3fc0caab-f2a4-4841-9cc4-f977bc5efcf7",
              "parentUUID": "978dca29-c9aa-429e-828c-113866cad163",
              "isHook": true,
              "skipped": false
            }
          ],
          "afterHooks": [
            {
              "title": "\"after all\" hook in \"Merchant Module Tests\"",
              "fullTitle": "Merchant Module Tests \"after all\" hook in \"Merchant Module Tests\"",
              "timedOut": false,
              "duration": 52,
              "state": null,
              "speed": null,
              "pass": false,
              "fail": false,
              "pending": false,
              "context": null,
              "code": "await driver.quit();",
              "err": {},
              "uuid": "ad7cb2ea-b961-4ae6-b7b2-f52e2acb734d",
              "parentUUID": "978dca29-c9aa-429e-828c-113866cad163",
              "isHook": true,
              "skipped": false
            }
          ],
          "tests": [
            {
              "title": "[Happy Case] Create merchant successfully",
              "fullTitle": "Merchant Module Tests [Happy Case] Create merchant successfully",
              "timedOut": false,
              "duration": 12879,
              "state": "passed",
              "speed": "slow",
              "pass": true,
              "fail": false,
              "pending": false,
              "context": null,
              "code": "await merchantPage.navigate();\nconst merchantType = companyData.type;\nconst affiliate = companyData.affiliate;\nconst merchantCif = companyData.cif;\nconst companyName = companyData.companyName;\n\nconst limitPackageValue = PackageEnum.VIP;\nconst businessType = BusinessCateEnum.DICH_VU_AN_UONG;\nconst chargeTypeValue = ChargeTypeEnum.MONTHLY;\nconst repesentName = companyData.repesentName;\nconst repesentDoB = companyData.repesentDoB;\nconst sex = SexEnum.MALE;\nconst representEmail = companyData.representEmail;\nconst isWhiteList = true;\nmcID = await merchantPage.createMCProfile(\n  merchantType,\n  affiliate,\n  merchantCif,\n  companyName,\n  limitPackageValue,\n  businessType,\n  chargeTypeValue,\n  repesentName,\n  repesentDoB,\n  sex,\n  representEmail,\n  isWhiteList\n);\nconst notification = await driver.wait(until.elementLocated(By.xpath('//p-toastitem')), 5000);\nconst message = await notification.getText();\nconst regExpObject = new RegExp(\"Khởi tạo đối tác thành công\");\nassert.match(message, regExpObject);\n\nawait driver.wait(until.stalenessOf(notification), 10000);",
              "err": {},
              "uuid": "b2a8dd5f-a695-4ca6-9d6e-337044c0d536",
              "parentUUID": "978dca29-c9aa-429e-828c-113866cad163",
              "isHook": false,
              "skipped": false
            },
            {
              "title": "[Happy Case] Add account successfully",
              "fullTitle": "Merchant Module Tests [Happy Case] Add account successfully",
              "timedOut": false,
              "duration": 13016,
              "state": "passed",
              "speed": "slow",
              "pass": true,
              "fail": false,
              "pending": false,
              "context": null,
              "code": "//Start add account\nconst accountSelect = companyData.account_no\nawait merchantPage.addAccountForMC(accountSelect);\n//Expected 3 account add successfully to Mc \nconst tableBody = await driver.findElement(By.css('tbody[role=\"rowgroup\"]'));\nconst rows = await tableBody.findElements(By.css('tr[role=\"row\"]'));\nassert.equal(rows.length, 3, \"Gán tài khoản thất bại\");",
              "err": {},
              "uuid": "de44b18a-e1c8-4f83-9af3-a683b35ae278",
              "parentUUID": "978dca29-c9aa-429e-828c-113866cad163",
              "isHook": false,
              "skipped": false
            },
            {
              "title": "[Happy Case] Add MC Fee successfully",
              "fullTitle": "Merchant Module Tests [Happy Case] Add MC Fee successfully",
              "timedOut": false,
              "duration": 494,
              "state": "passed",
              "speed": "slow",
              "pass": true,
              "fail": false,
              "pending": false,
              "context": null,
              "code": "var continueButton = await driver.wait(until.elementLocated(By.xpath('//*[@id=\"cdk-step-content-0-2\"]/div/button[2]')), 1000);\nawait driver.wait(until.elementIsEnabled(continueButton), 1000);\nawait driver.wait(until.elementIsVisible(continueButton), 1000);\nawait continueButton.click();\nassert.equal(1, 1, \"Gán phí Thất bại\");",
              "err": {},
              "uuid": "5387b3bf-0c53-4978-a48f-ccb5cdf47933",
              "parentUUID": "978dca29-c9aa-429e-828c-113866cad163",
              "isHook": false,
              "skipped": false
            },
            {
              "title": "[Happy Case] Upload MC document successfully",
              "fullTitle": "Merchant Module Tests [Happy Case] Upload MC document successfully",
              "timedOut": false,
              "duration": 28681,
              "state": "passed",
              "speed": "slow",
              "pass": true,
              "fail": false,
              "pending": false,
              "context": null,
              "code": "const regExpObject = new RegExp(\"Upload file thành công\");\nlet notification;\nlet documentURL;\nlet message;\n//Upload Giấy phép đăng ký kinh doanh\ndocumentURL = '/home/unicloud/Documents/PDF example/Size_8.9MB.pdf'\nawait merchantPage.uploadDocument(DocEnum.BUSINESSLICENSE, documentURL)\nnotification = await driver.wait(until.elementLocated(By.xpath('//p-toastitem')), 5000);\nmessage = await notification.getText();\nassert.match(message, regExpObject, \"Upload Giấy phép KD thất bại\");\nawait driver.wait(until.stalenessOf(notification), 10000);\n//Upload Hợp đồng\ndocumentURL = '/home/unicloud/Pictures/Hop-dong.pdf'\nawait merchantPage.uploadDocument(DocEnum.BUSINESSCONTRACT, documentURL)\nnotification = await driver.wait(until.elementLocated(By.xpath('//p-toastitem')), 5000);\nmessage = await notification.getText();\nassert.match(message, regExpObject, \"Upload Hợp đồng thất bại\");\nawait driver.wait(until.stalenessOf(notification), 10000);\n//Upload Giấy chứng nhận đại diện hợp pháp\ndocumentURL = '/home/unicloud/Pictures/GIAY-PHEP-DKKD_001.jpg'\nawait merchantPage.uploadDocument(DocEnum.LEGALCONTRACT, documentURL)\nnotification = await driver.wait(until.elementLocated(By.xpath('//p-toastitem')), 5000);\nmessage = await notification.getText();\nassert.match(message, regExpObject, \"Upload Giấy chứng nhận đại diện thất bại\");\nawait driver.wait(until.stalenessOf(notification), 10000);\n//Upload CMND mặt trước\ndocumentURL = '/home/unicloud/Pictures/doggie_corgi-1280x600.jpg'\nawait merchantPage.uploadDocument(DocEnum.FRONTID, documentURL)\nnotification = await driver.wait(until.elementLocated(By.xpath('//p-toastitem')), 5000);\nmessage = await notification.getText();\nassert.match(message, regExpObject, \"Upload CMND mặt trước thất bại\");\nawait driver.wait(until.stalenessOf(notification), 10000);\n//Upload CMND mặt sau\ndocumentURL = '/home/unicloud/Pictures/Nengoro.full.2465602.jpg'\nawait merchantPage.uploadDocument(DocEnum.BACKID, documentURL)\nnotification = await driver.wait(until.elementLocated(By.xpath('//p-toastitem')), 5000);\nmessage = await notification.getText();\nassert.match(message, regExpObject, \"Upload CMND mặt sau thất bại\");\nawait driver.wait(until.stalenessOf(notification), 10000);\n//Upload giấy tờ khác \ndocumentURL = '/home/unicloud/Pictures/Facebook post 1.png'\nawait merchantPage.uploadDocument(DocEnum.ORTHERDOCUMENT, documentURL)\nnotification = await driver.wait(until.elementLocated(By.xpath('//p-toastitem')), 5000);\nmessage = await notification.getText();\nassert.match(message, regExpObject, \"Upload giấy tờ khác thất bại\");\nawait driver.wait(until.stalenessOf(notification), 10000);\nvar continueButton = await driver.wait(until.elementLocated(By.xpath('//*[@id=\"cdk-step-content-0-3\"]/div[2]/button[2]')), 1000);\nawait driver.wait(until.elementIsEnabled(continueButton), 1000);\nawait driver.wait(until.elementIsVisible(continueButton), 1000);\nawait continueButton.click();",
              "err": {},
              "uuid": "34258271-19cf-40f1-afee-427d0f34ab7a",
              "parentUUID": "978dca29-c9aa-429e-828c-113866cad163",
              "isHook": false,
              "skipped": false
            },
            {
              "title": "[Happy Case] Generate integration Key",
              "fullTitle": "Merchant Module Tests [Happy Case] Generate integration Key",
              "timedOut": false,
              "duration": 5266,
              "state": "passed",
              "speed": "slow",
              "pass": true,
              "fail": false,
              "pending": false,
              "context": null,
              "code": "const webhookURL = 'https://www.google.com/'\nconst retryValue = '100'\nawait merchantPage.generateIntergration(webhookURL, retryValue);\n\nnotification = await driver.wait(until.elementLocated(By.xpath('//p-toastitem')), 5000);\nmessage = await notification.getText();\nconst regExpObject = new RegExp(\"Success\");\nassert.match(message, regExpObject);\nawait driver.wait(until.stalenessOf(notification), 10000);",
              "err": {},
              "uuid": "3b9d6a4d-554a-44de-9a44-c0abcb82f072",
              "parentUUID": "978dca29-c9aa-429e-828c-113866cad163",
              "isHook": false,
              "skipped": false
            },
            {
              "title": "[Happy Case] Reject merchant successfully",
              "fullTitle": "Merchant Module Tests [Happy Case] Reject merchant successfully",
              "timedOut": false,
              "duration": 8699,
              "state": "passed",
              "speed": "slow",
              "pass": true,
              "fail": false,
              "pending": false,
              "context": null,
              "code": "await merchantPage.navigateMerchantDetail(mcID);\nawait merchantPage.sendApproveRequest();\nconst regExpObject1 = new RegExp(\"Gửi duyệt thành công\");\nnotification1 = await driver.wait(until.elementLocated(By.xpath('//p-toastitem')), 5000);\nmessage1 = await notification1.getText();\nassert.match(message1, regExpObject1);\nawait driver.wait(until.stalenessOf(notification1), 10000);\nawait merchantPage.rejectMerchant();\nconst regExpObject = new RegExp(\"Từ chối duyệt thành công\");\nnotification = await driver.wait(until.elementLocated(By.xpath('//p-toastitem')), 5000);\nmessage = await notification.getText();\nassert.match(message, regExpObject);\nawait driver.wait(until.stalenessOf(notification), 10000);",
              "err": {},
              "uuid": "0614e12b-3cbf-4bb5-a675-4e7aa6b2078b",
              "parentUUID": "978dca29-c9aa-429e-828c-113866cad163",
              "isHook": false,
              "skipped": false
            },
            {
              "title": "[Happy Case] Approve merchant successfully",
              "fullTitle": "Merchant Module Tests [Happy Case] Approve merchant successfully",
              "timedOut": false,
              "duration": 8926,
              "state": "passed",
              "speed": "slow",
              "pass": true,
              "fail": false,
              "pending": false,
              "context": null,
              "code": "await merchantPage.navigateMerchantDetail(mcID);\n    await merchantPage.sendApproveRequest();\n    const regExpObject1 = new RegExp(\"Gửi duyệt thành công\");\n    notification1 = await driver.wait(until.elementLocated(By.xpath('//p-toastitem')), 5000);\n    message1 = await notification1.getText();\n    assert.match(message1, regExpObject1);\n    await driver.wait(until.stalenessOf(notification1), 10000);\n    await merchantPage.approveMerchant();\n    const regExpObject = new RegExp(\"Duyệt thành công\");\n    notification = await driver.wait(until.elementLocated(By.xpath('//p-toastitem')), 5000);\n    message = await notification.getText();\n    assert.match(message, regExpObject);\n    await driver.wait(until.stalenessOf(notification), 10000);",
              "err": {},
              "uuid": "66314b64-7540-4585-aa3d-b4f428ae7cbd",
              "parentUUID": "978dca29-c9aa-429e-828c-113866cad163",
              "isHook": false,
              "skipped": false
            }
          ],
          "suites": [],
          "passes": [
            "b2a8dd5f-a695-4ca6-9d6e-337044c0d536",
            "de44b18a-e1c8-4f83-9af3-a683b35ae278",
            "5387b3bf-0c53-4978-a48f-ccb5cdf47933",
            "34258271-19cf-40f1-afee-427d0f34ab7a",
            "3b9d6a4d-554a-44de-9a44-c0abcb82f072",
            "0614e12b-3cbf-4bb5-a675-4e7aa6b2078b",
            "66314b64-7540-4585-aa3d-b4f428ae7cbd"
          ],
          "failures": [],
          "pending": [],
          "skipped": [],
          "duration": 77961,
          "root": false,
          "rootEmpty": false,
          "_timeout": 0
        },
        {
          "uuid": "26064bff-618d-4c22-bac6-94e40be78a4c",
          "title": "PROGRESSIVE Fee Module Tests",
          "fullFile": "/home/unicloud/klb-enterprise-sele/tests/progressiveFeeTest.js",
          "file": "/tests/progressiveFeeTest.js",
          "beforeHooks": [
            {
              "title": "\"before all\" hook in \"PROGRESSIVE Fee Module Tests\"",
              "fullTitle": "PROGRESSIVE Fee Module Tests \"before all\" hook in \"PROGRESSIVE Fee Module Tests\"",
              "timedOut": false,
              "duration": 6012,
              "state": null,
              "speed": null,
              "pass": false,
              "fail": false,
              "pending": false,
              "context": null,
              "code": "driver = await helper.initializeChromeDriver();\nfeePage = new FeePage(driver);\nconst loginPage = new LoginPage(driver);\nconst username = config.adminUsername;\nconst password = config.adminPassword;\nconst adminName = config.adminName;\nawait loginPage.login(username, password, adminName);",
              "err": {},
              "uuid": "00fb5134-3dbb-4925-94ba-9f8e56605e02",
              "parentUUID": "26064bff-618d-4c22-bac6-94e40be78a4c",
              "isHook": true,
              "skipped": false
            }
          ],
          "afterHooks": [
            {
              "title": "\"after all\" hook in \"PROGRESSIVE Fee Module Tests\"",
              "fullTitle": "PROGRESSIVE Fee Module Tests \"after all\" hook in \"PROGRESSIVE Fee Module Tests\"",
              "timedOut": false,
              "duration": 52,
              "state": null,
              "speed": null,
              "pass": false,
              "fail": false,
              "pending": false,
              "context": null,
              "code": "await driver.quit();",
              "err": {},
              "uuid": "346a3eee-b716-4cd8-998e-f75ddfe743d4",
              "parentUUID": "26064bff-618d-4c22-bac6-94e40be78a4c",
              "isHook": true,
              "skipped": false
            }
          ],
          "tests": [
            {
              "title": "[Happy Case] Create COBO PROGRESSIVE FEE successfully",
              "fullTitle": "PROGRESSIVE Fee Module Tests [Happy Case] Create COBO PROGRESSIVE FEE successfully",
              "timedOut": false,
              "duration": 17843,
              "state": "passed",
              "speed": "slow",
              "pass": true,
              "fail": false,
              "pending": false,
              "context": null,
              "code": "//Navigate to fee \nawait feePage.navigate();\nconst feeType = 'Thu hộ'\nconst vat = 10;\nconst feeMethod = 'Phí lũy tiến'\nconst feeLevelData = [\n    {\n        toValue: 19999999,\n        feeMoney: 0,\n        feePercent: 0.30,\n        minFeeMoney: 0\n    },\n    {\n        toValue: 199999999,\n        feeMoney: 0,\n        feePercent: 0.25,\n        minFeeMoney: 0\n    },\n    {\n        toValue: 499999999,\n        feeMoney: 0,\n        feePercent: 0.20,\n        minFeeMoney: 0\n    },\n    // Add more data as needed\n];\nfeeCode = await feePage.createFee(feeType, vat, feeMethod, null, null, feeLevelData);\nconst notification = await driver.wait(until.elementLocated(By.xpath('//p-toastitem')), 5000);\nconst message = await notification.getText();\nconst regExpObject = new RegExp(\"Success\");\nassert.match(message, regExpObject);\nawait driver.wait(until.stalenessOf(notification), 10000);",
              "err": {},
              "uuid": "1b3ef0ed-a8c1-449a-a238-a72afd87ccdb",
              "parentUUID": "26064bff-618d-4c22-bac6-94e40be78a4c",
              "isHook": false,
              "skipped": false
            },
            {
              "title": "[Happy Case] Reject COBO PROGRESSIVE FEE successfully",
              "fullTitle": "PROGRESSIVE Fee Module Tests [Happy Case] Reject COBO PROGRESSIVE FEE successfully",
              "timedOut": false,
              "duration": 4782,
              "state": "passed",
              "speed": "slow",
              "pass": true,
              "fail": false,
              "pending": false,
              "context": null,
              "code": "//Navigate to fee \nawait feePage.navigateFeeDetailByCode(feeCode);\nawait feePage.rejectFee();\nconst notification = await driver.wait(until.elementLocated(By.xpath('//p-toastitem')), 5000);\nconst message = await notification.getText();\nconst regExpObject = new RegExp(\"Từ chối duyệt thành công\");\nassert.match(message, regExpObject);\nawait driver.wait(until.stalenessOf(notification), 10000);",
              "err": {},
              "uuid": "7118a089-0362-427c-8a31-1bf47308abb4",
              "parentUUID": "26064bff-618d-4c22-bac6-94e40be78a4c",
              "isHook": false,
              "skipped": false
            },
            {
              "title": "[Happy Case] Edit COBO PROGRESSIVE FEE successfully",
              "fullTitle": "PROGRESSIVE Fee Module Tests [Happy Case] Edit COBO PROGRESSIVE FEE successfully",
              "timedOut": false,
              "duration": 5237,
              "state": "passed",
              "speed": "slow",
              "pass": true,
              "fail": false,
              "pending": false,
              "context": null,
              "code": "//Navigate to fee detail by code\nawait feePage.navigateFeeDetailByCode(feeCode);\nconst vat = 5;\nawait feePage.editFeeVAT(vat);\nconst notification = await driver.wait(until.elementLocated(By.xpath('//p-toastitem')), 5000);\nconst message = await notification.getText();\nconst regExpObject = new RegExp(\"Success\");\nassert.match(message, regExpObject);\nawait driver.wait(until.stalenessOf(notification), 10000);",
              "err": {},
              "uuid": "e0c9b7cc-e63c-4646-b19a-d8d438d9622d",
              "parentUUID": "26064bff-618d-4c22-bac6-94e40be78a4c",
              "isHook": false,
              "skipped": false
            },
            {
              "title": "[Happy Case] Approve COBO PROGRESSIVE FEE successfully",
              "fullTitle": "PROGRESSIVE Fee Module Tests [Happy Case] Approve COBO PROGRESSIVE FEE successfully",
              "timedOut": false,
              "duration": 4699,
              "state": "passed",
              "speed": "slow",
              "pass": true,
              "fail": false,
              "pending": false,
              "context": null,
              "code": "//Navigate to fee detail by code\nawait feePage.navigateFeeDetailByCode(feeCode);\nawait feePage.approveFee();\nconst notification = await driver.wait(until.elementLocated(By.xpath('//p-toastitem')), 5000);\nconst message = await notification.getText();\nconst regExpObject = new RegExp(\"Duyệt thành công\");\nassert.match(message, regExpObject);\nawait driver.wait(until.stalenessOf(notification), 10000);",
              "err": {},
              "uuid": "fdd511ba-c18f-4a46-a3cc-d8150b15e865",
              "parentUUID": "26064bff-618d-4c22-bac6-94e40be78a4c",
              "isHook": false,
              "skipped": false
            },
            {
              "title": "[Happy Case] Create POBO PROGRESSIVE FEE successfully",
              "fullTitle": "PROGRESSIVE Fee Module Tests [Happy Case] Create POBO PROGRESSIVE FEE successfully",
              "timedOut": false,
              "duration": 18078,
              "state": "passed",
              "speed": "slow",
              "pass": true,
              "fail": false,
              "pending": false,
              "context": null,
              "code": "//Navigate to fee \nawait feePage.navigate();\nconst feeType = 'Chi hộ nội bộ'\nconst vat = 10;\nconst feeMethod = 'Phí lũy tiến'\nconst feeLevelData = [\n    {\n        toValue: 19999999,\n        feeMoney: 0,\n        feePercent: 0.30,\n        minFeeMoney: 0\n    },\n    {\n        toValue: 199999999,\n        feeMoney: 0,\n        feePercent: 0.25,\n        minFeeMoney: 0\n    },\n    {\n        toValue: 499999999,\n        feeMoney: 0,\n        feePercent: 0.20,\n        minFeeMoney: 0\n    },\n];\nfeeCode = await feePage.createFee(feeType, vat, feeMethod, null, null, feeLevelData);\nconst notification = await driver.wait(until.elementLocated(By.xpath('//p-toastitem')), 5000);\nconst message = await notification.getText();\nconst regExpObject = new RegExp(\"Success\");\nassert.match(message, regExpObject);\nawait driver.wait(until.stalenessOf(notification), 10000);",
              "err": {},
              "uuid": "b277d535-09f8-4a78-a35e-75a512982bbc",
              "parentUUID": "26064bff-618d-4c22-bac6-94e40be78a4c",
              "isHook": false,
              "skipped": false
            },
            {
              "title": "[Happy Case] Reject POBO PROGRESSIVE FEE successfully",
              "fullTitle": "PROGRESSIVE Fee Module Tests [Happy Case] Reject POBO PROGRESSIVE FEE successfully",
              "timedOut": false,
              "duration": 4765,
              "state": "passed",
              "speed": "slow",
              "pass": true,
              "fail": false,
              "pending": false,
              "context": null,
              "code": "//Navigate to fee \nawait feePage.navigateFeeDetailByCode(feeCode);\nawait feePage.rejectFee();\nconst notification = await driver.wait(until.elementLocated(By.xpath('//p-toastitem')), 5000);\nconst message = await notification.getText();\nconst regExpObject = new RegExp(\"Từ chối duyệt thành công\");\nassert.match(message, regExpObject);\nawait driver.wait(until.stalenessOf(notification), 10000);",
              "err": {},
              "uuid": "b5588b4f-082b-49ef-9254-d29b793c3ae0",
              "parentUUID": "26064bff-618d-4c22-bac6-94e40be78a4c",
              "isHook": false,
              "skipped": false
            },
            {
              "title": "[Happy Case] Edit POBO PROGRESSIVE FEE successfully",
              "fullTitle": "PROGRESSIVE Fee Module Tests [Happy Case] Edit POBO PROGRESSIVE FEE successfully",
              "timedOut": false,
              "duration": 5205,
              "state": "passed",
              "speed": "slow",
              "pass": true,
              "fail": false,
              "pending": false,
              "context": null,
              "code": "//Navigate to fee detail by code\nawait feePage.navigateFeeDetailByCode(feeCode);\nconst vat = 5;\nawait feePage.editFeeVAT(vat);\nconst notification = await driver.wait(until.elementLocated(By.xpath('//p-toastitem')), 5000);\nconst message = await notification.getText();\nconst regExpObject = new RegExp(\"Success\");\nassert.match(message, regExpObject);\nawait driver.wait(until.stalenessOf(notification), 10000);",
              "err": {},
              "uuid": "c2d71233-57b1-40fa-a0a4-73e5a0ddbcba",
              "parentUUID": "26064bff-618d-4c22-bac6-94e40be78a4c",
              "isHook": false,
              "skipped": false
            },
            {
              "title": "[Happy Case] Approve POBO PROGRESSIVE FEE successfully",
              "fullTitle": "PROGRESSIVE Fee Module Tests [Happy Case] Approve POBO PROGRESSIVE FEE successfully",
              "timedOut": false,
              "duration": 4682,
              "state": "passed",
              "speed": "slow",
              "pass": true,
              "fail": false,
              "pending": false,
              "context": null,
              "code": "//Navigate to fee detail by code\nawait feePage.navigateFeeDetailByCode(feeCode);\nawait feePage.approveFee();\nconst notification = await driver.wait(until.elementLocated(By.xpath('//p-toastitem')), 5000);\nconst message = await notification.getText();\nconst regExpObject = new RegExp(\"Duyệt thành công\");\nassert.match(message, regExpObject);\nawait driver.wait(until.stalenessOf(notification), 10000);",
              "err": {},
              "uuid": "9bfc74a5-39e0-44bb-ba1e-3633e0c84373",
              "parentUUID": "26064bff-618d-4c22-bac6-94e40be78a4c",
              "isHook": false,
              "skipped": false
            },
            {
              "title": "[Happy Case] Create POBO_INTER_BANK PROGRESSIVE FEE successfully",
              "fullTitle": "PROGRESSIVE Fee Module Tests [Happy Case] Create POBO_INTER_BANK PROGRESSIVE FEE successfully",
              "timedOut": false,
              "duration": 18127,
              "state": "passed",
              "speed": "slow",
              "pass": true,
              "fail": false,
              "pending": false,
              "context": null,
              "code": "//Navigate to fee \nawait feePage.navigate();\nconst feeType = 'Chi hộ liên ngân hàng'\nconst vat = 10;\nconst feeMethod = 'Phí lũy tiến'\nconst feeLevelData = [\n    {\n        toValue: 19999999,\n        feeMoney: 0,\n        feePercent: 0.30,\n        minFeeMoney: 0\n    },\n    {\n        toValue: 199999999,\n        feeMoney: 0,\n        feePercent: 0.25,\n        minFeeMoney: 0\n    },\n    {\n        toValue: 499999999,\n        feeMoney: 0,\n        feePercent: 0.20,\n        minFeeMoney: 0\n    },\n];\nfeeCode = await feePage.createFee(feeType, vat, feeMethod, null, null, feeLevelData);\n\nconst notification = await driver.wait(until.elementLocated(By.xpath('//p-toastitem')), 5000);\nconst message = await notification.getText();\nconst regExpObject = new RegExp(\"Success\");\nassert.match(message, regExpObject);\nawait driver.wait(until.stalenessOf(notification), 10000);",
              "err": {},
              "uuid": "7c0e7523-9921-4c68-9e64-be109e8dce97",
              "parentUUID": "26064bff-618d-4c22-bac6-94e40be78a4c",
              "isHook": false,
              "skipped": false
            },
            {
              "title": "[Happy Case] Reject POBO_INTER_BANK PROGRESSIVE FEE successfully",
              "fullTitle": "PROGRESSIVE Fee Module Tests [Happy Case] Reject POBO_INTER_BANK PROGRESSIVE FEE successfully",
              "timedOut": false,
              "duration": 4793,
              "state": "passed",
              "speed": "slow",
              "pass": true,
              "fail": false,
              "pending": false,
              "context": null,
              "code": "//Navigate to fee \nawait feePage.navigateFeeDetailByCode(feeCode);\nawait feePage.rejectFee();\nconst notification = await driver.wait(until.elementLocated(By.xpath('//p-toastitem')), 5000);\nconst message = await notification.getText();\nconst regExpObject = new RegExp(\"Từ chối duyệt thành công\");\nassert.match(message, regExpObject);\nawait driver.wait(until.stalenessOf(notification), 10000);",
              "err": {},
              "uuid": "24729337-0701-426e-9a25-e77ce7553f7b",
              "parentUUID": "26064bff-618d-4c22-bac6-94e40be78a4c",
              "isHook": false,
              "skipped": false
            },
            {
              "title": "[Happy Case] Edit POBO_INTER_BANK PROGRESSIVE FEE successfully",
              "fullTitle": "PROGRESSIVE Fee Module Tests [Happy Case] Edit POBO_INTER_BANK PROGRESSIVE FEE successfully",
              "timedOut": false,
              "duration": 5117,
              "state": "passed",
              "speed": "slow",
              "pass": true,
              "fail": false,
              "pending": false,
              "context": null,
              "code": "//Navigate to fee detail by code\nawait feePage.navigateFeeDetailByCode(feeCode);\nconst vat = 5;\nawait feePage.editFeeVAT(vat);\nconst notification = await driver.wait(until.elementLocated(By.xpath('//p-toastitem')), 5000);\nconst message = await notification.getText();\nconst regExpObject = new RegExp(\"Success\");\nassert.match(message, regExpObject);\nawait driver.wait(until.stalenessOf(notification), 10000);",
              "err": {},
              "uuid": "17646010-c646-4f33-8216-f51f0cf079c1",
              "parentUUID": "26064bff-618d-4c22-bac6-94e40be78a4c",
              "isHook": false,
              "skipped": false
            },
            {
              "title": "[Happy Case] Approve POBO_INTER_BANK PROGRESSIVE FEE successfully",
              "fullTitle": "PROGRESSIVE Fee Module Tests [Happy Case] Approve POBO_INTER_BANK PROGRESSIVE FEE successfully",
              "timedOut": false,
              "duration": 4710,
              "state": "passed",
              "speed": "slow",
              "pass": true,
              "fail": false,
              "pending": false,
              "context": null,
              "code": "//Navigate to fee detail by code\nawait feePage.navigateFeeDetailByCode(feeCode);\nawait feePage.approveFee();\nconst notification = await driver.wait(until.elementLocated(By.xpath('//p-toastitem')), 5000);\nconst message = await notification.getText();\nconst regExpObject = new RegExp(\"Duyệt thành công\");\nassert.match(message, regExpObject);\nawait driver.wait(until.stalenessOf(notification), 10000);",
              "err": {},
              "uuid": "0ac1e198-f55f-46ba-942a-a6b64de38c5d",
              "parentUUID": "26064bff-618d-4c22-bac6-94e40be78a4c",
              "isHook": false,
              "skipped": false
            }
          ],
          "suites": [],
          "passes": [
            "1b3ef0ed-a8c1-449a-a238-a72afd87ccdb",
            "7118a089-0362-427c-8a31-1bf47308abb4",
            "e0c9b7cc-e63c-4646-b19a-d8d438d9622d",
            "fdd511ba-c18f-4a46-a3cc-d8150b15e865",
            "b277d535-09f8-4a78-a35e-75a512982bbc",
            "b5588b4f-082b-49ef-9254-d29b793c3ae0",
            "c2d71233-57b1-40fa-a0a4-73e5a0ddbcba",
            "9bfc74a5-39e0-44bb-ba1e-3633e0c84373",
            "7c0e7523-9921-4c68-9e64-be109e8dce97",
            "24729337-0701-426e-9a25-e77ce7553f7b",
            "17646010-c646-4f33-8216-f51f0cf079c1",
            "0ac1e198-f55f-46ba-942a-a6b64de38c5d"
          ],
          "failures": [],
          "pending": [],
          "skipped": [],
          "duration": 98038,
          "root": false,
          "rootEmpty": false,
          "_timeout": 0
        }
      ],
      "passes": [],
      "failures": [],
      "pending": [],
      "skipped": [],
      "duration": 0,
      "root": true,
      "rootEmpty": true,
      "_timeout": 0
    }
  ],
  "meta": {
    "mocha": {
      "version": "10.2.0"
    },
    "mochawesome": {
      "options": {
        "quiet": false,
        "reportFilename": "mochawesome",
        "saveHtml": true,
        "saveJson": true,
        "consoleReporter": "spec",
        "useInlineDiffs": false,
        "code": true
      },
      "version": "7.1.3"
    },
    "marge": {
      "options": null,
      "version": "6.2.0"
    }
  }
}