{
  "stats": {
    "suites": 3,
    "tests": 45,
    "passes": 43,
    "pending": 0,
    "failures": 2,
    "start": "2023-11-15T07:54:09.077Z",
    "end": "2023-11-15T07:58:47.435Z",
    "duration": 278358,
    "testsRegistered": 45,
    "passPercent": 95.55555555555556,
    "pendingPercent": 0,
    "other": 0,
    "hasOther": false,
    "skipped": 0,
    "hasSkipped": false
  },
  "results": [
    {
      "uuid": "1641a680-8562-4567-9bba-718f18477a5c",
      "title": "",
      "fullFile": "",
      "file": "",
      "beforeHooks": [],
      "afterHooks": [],
      "tests": [],
      "suites": [
        {
          "uuid": "9c8aae34-b1d5-4b81-86a7-93c4a972c698",
          "title": "Fee Module Tests",
          "fullFile": "/home/unicloud/Documents/seleniumDemo/tests/feeTest.js",
          "file": "/tests/feeTest.js",
          "beforeHooks": [
            {
              "title": "\"before all\" hook in \"Fee Module Tests\"",
              "fullTitle": "Fee Module Tests \"before all\" hook in \"Fee Module Tests\"",
              "timedOut": false,
              "duration": 5999,
              "state": null,
              "speed": null,
              "pass": false,
              "fail": false,
              "pending": false,
              "context": null,
              "code": "driver = await helper.initializeChromeDriver();\nfeePage = new FeePage(driver);\nconst loginPage = new LoginPage(driver);\nconst username = config.adminUsername;\nconst password = config.adminPassword;\nconst adminName = config.adminName;\n    \nawait loginPage.login(username, password, adminName);",
              "err": {},
              "uuid": "75a1a4b6-6e6b-4928-aeab-89e50df26475",
              "parentUUID": "9c8aae34-b1d5-4b81-86a7-93c4a972c698",
              "isHook": true,
              "skipped": false
            }
          ],
          "afterHooks": [
            {
              "title": "\"after all\" hook in \"Fee Module Tests\"",
              "fullTitle": "Fee Module Tests \"after all\" hook in \"Fee Module Tests\"",
              "timedOut": false,
              "duration": 54,
              "state": null,
              "speed": null,
              "pass": false,
              "fail": false,
              "pending": false,
              "context": null,
              "code": "await driver.quit();",
              "err": {},
              "uuid": "b91708bf-449a-4fe4-9570-121557806596",
              "parentUUID": "9c8aae34-b1d5-4b81-86a7-93c4a972c698",
              "isHook": true,
              "skipped": false
            }
          ],
          "tests": [
            {
              "title": "[Happy Case] Create COBO FREE FEE successfully",
              "fullTitle": "Fee Module Tests [Happy Case] Create COBO FREE FEE successfully",
              "timedOut": false,
              "duration": 6234,
              "state": "passed",
              "speed": "slow",
              "pass": true,
              "fail": false,
              "pending": false,
              "context": null,
              "code": "//Navigate to fee \nawait feePage.navigate();\nconst feeType = 'Thu hộ' \nconst vat = 10;\nconst feeMethod = 'Miễn phí'\nfeeCode = await feePage.createFee(feeType, vat, feeMethod);\nconst notification = await driver.wait(until.elementLocated(By.xpath('//p-toastitem')), 5000);\nconst message = await notification.getText();\n    \nconst regExpObject = new RegExp(\"Success\");\nassert.match(message, regExpObject);\nawait driver.wait(until.stalenessOf(notification), 10000);",
              "err": {},
              "uuid": "d86d5fad-d3f2-4cde-b928-cd369c6259f9",
              "parentUUID": "9c8aae34-b1d5-4b81-86a7-93c4a972c698",
              "isHook": false,
              "skipped": false
            },
            {
              "title": "[Happy Case] Reject COBO FREE FEE successfully",
              "fullTitle": "Fee Module Tests [Happy Case] Reject COBO FREE FEE successfully",
              "timedOut": false,
              "duration": 4744,
              "state": "passed",
              "speed": "slow",
              "pass": true,
              "fail": false,
              "pending": false,
              "context": null,
              "code": "//Navigate to fee \nawait feePage.navigateFeeDetailByCode(feeCode);\nawait feePage.rejectFee();\nconst notification = await driver.wait(until.elementLocated(By.xpath('//p-toastitem')), 5000);\nconst message = await notification.getText();\n    \nconst regExpObject = new RegExp(\"Từ chối duyệt thành công\");\nassert.match(message, regExpObject);\nawait driver.wait(until.stalenessOf(notification), 10000);",
              "err": {},
              "uuid": "27366f2d-3d1e-46ad-8930-4673997f33f0",
              "parentUUID": "9c8aae34-b1d5-4b81-86a7-93c4a972c698",
              "isHook": false,
              "skipped": false
            },
            {
              "title": "[Happy Case] Edit COBO FREE FEE successfully",
              "fullTitle": "Fee Module Tests [Happy Case] Edit COBO FREE FEE successfully",
              "timedOut": false,
              "duration": 5022,
              "state": "passed",
              "speed": "slow",
              "pass": true,
              "fail": false,
              "pending": false,
              "context": null,
              "code": "//Navigate to fee detail by code\nawait feePage.navigateFeeDetailByCode(feeCode);\nconst vat = 5;\nawait feePage.editFeeVAT(vat);\nconst notification = await driver.wait(until.elementLocated(By.xpath('//p-toastitem')), 5000);\nconst message = await notification.getText();\n    \nconst regExpObject = new RegExp(\"Success\");\nassert.match(message, regExpObject);\nawait driver.wait(until.stalenessOf(notification), 10000);",
              "err": {},
              "uuid": "58ff4c71-a409-4633-97e1-ec86eaeda885",
              "parentUUID": "9c8aae34-b1d5-4b81-86a7-93c4a972c698",
              "isHook": false,
              "skipped": false
            },
            {
              "title": "[Happy Case] Approve COBO FREE FEE successfully",
              "fullTitle": "Fee Module Tests [Happy Case] Approve COBO FREE FEE successfully",
              "timedOut": false,
              "duration": 4715,
              "state": "passed",
              "speed": "slow",
              "pass": true,
              "fail": false,
              "pending": false,
              "context": null,
              "code": "//Navigate to fee detail by code\nawait feePage.navigateFeeDetailByCode(feeCode);\nawait feePage.approveFee();\nconst notification = await driver.wait(until.elementLocated(By.xpath('//p-toastitem')), 5000);\nconst message = await notification.getText();\n    \nconst regExpObject = new RegExp(\"Duyệt thành công\");\nassert.match(message, regExpObject);\nawait driver.wait(until.stalenessOf(notification), 10000);",
              "err": {},
              "uuid": "1971e3c5-e268-4964-bb1d-4301d40a230b",
              "parentUUID": "9c8aae34-b1d5-4b81-86a7-93c4a972c698",
              "isHook": false,
              "skipped": false
            },
            {
              "title": "[Happy Case] Create COBO FIXED FEE WITH PRICES successfully",
              "fullTitle": "Fee Module Tests [Happy Case] Create COBO FIXED FEE WITH PRICES successfully",
              "timedOut": false,
              "duration": 6129,
              "state": "passed",
              "speed": "slow",
              "pass": true,
              "fail": false,
              "pending": false,
              "context": null,
              "code": "//Navigate to fee \nawait feePage.navigate();\n\n//fee data \nconst feeType = 'Thu hộ' \nconst vat = 10;\nconst feeMethod = 'Phí cố định'\nconst feeRule = 'Số tiền phí cố định'\nconst value = 1500\n//Create fee\nfeeCode = await feePage.createFee(feeType, vat, feeMethod, feeRule, value);\nconst notification = await driver.wait(until.elementLocated(By.xpath('//p-toastitem')), 5000);\nconst message = await notification.getText();\n    \nconst regExpObject = new RegExp(\"Success\");\nassert.match(message, regExpObject);\nawait driver.wait(until.stalenessOf(notification), 10000);",
              "err": {},
              "uuid": "e4a5a596-8065-4bb1-b87a-ec1eb39f1fb5",
              "parentUUID": "9c8aae34-b1d5-4b81-86a7-93c4a972c698",
              "isHook": false,
              "skipped": false
            },
            {
              "title": "[Happy Case] Reject COBO FIXED FEE WITH PRICES successfully",
              "fullTitle": "Fee Module Tests [Happy Case] Reject COBO FIXED FEE WITH PRICES successfully",
              "timedOut": false,
              "duration": 4829,
              "state": "passed",
              "speed": "slow",
              "pass": true,
              "fail": false,
              "pending": false,
              "context": null,
              "code": "//Navigate to fee \nawait feePage.navigateFeeDetailByCode(feeCode);\nawait feePage.rejectFee();\nconst notification = await driver.wait(until.elementLocated(By.xpath('//p-toastitem')), 5000);\nconst message = await notification.getText();\n    \nconst regExpObject = new RegExp(\"Từ chối duyệt thành công\");\nassert.match(message, regExpObject);\nawait driver.wait(until.stalenessOf(notification), 10000);",
              "err": {},
              "uuid": "fb8f3bb3-8386-48ab-b60c-649c973f1546",
              "parentUUID": "9c8aae34-b1d5-4b81-86a7-93c4a972c698",
              "isHook": false,
              "skipped": false
            },
            {
              "title": "[Happy Case] Edit COBO FIXED FEE WITH PRICES successfully",
              "fullTitle": "Fee Module Tests [Happy Case] Edit COBO FIXED FEE WITH PRICES successfully",
              "timedOut": false,
              "duration": 5175,
              "state": "passed",
              "speed": "slow",
              "pass": true,
              "fail": false,
              "pending": false,
              "context": null,
              "code": "//Navigate to fee detail by code\nawait feePage.navigateFeeDetailByCode(feeCode);\nconst vat = 5;\nawait feePage.editFeeVAT(vat);\nconst notification = await driver.wait(until.elementLocated(By.xpath('//p-toastitem')), 5000);\nconst message = await notification.getText();\n    \nconst regExpObject = new RegExp(\"Success\");\nassert.match(message, regExpObject);\nawait driver.wait(until.stalenessOf(notification), 10000);",
              "err": {},
              "uuid": "fce777e5-5563-4c96-aa90-b8e5a6f6dc85",
              "parentUUID": "9c8aae34-b1d5-4b81-86a7-93c4a972c698",
              "isHook": false,
              "skipped": false
            },
            {
              "title": "[Happy Case] Approve COBO FIXED FEE WITH PRICES successfully",
              "fullTitle": "Fee Module Tests [Happy Case] Approve COBO FIXED FEE WITH PRICES successfully",
              "timedOut": false,
              "duration": 4739,
              "state": "passed",
              "speed": "slow",
              "pass": true,
              "fail": false,
              "pending": false,
              "context": null,
              "code": "//Navigate to fee detail by code\nawait feePage.navigateFeeDetailByCode(feeCode);\nawait feePage.approveFee();\nconst notification = await driver.wait(until.elementLocated(By.xpath('//p-toastitem')), 5000);\nconst message = await notification.getText();\n    \nconst regExpObject = new RegExp(\"Duyệt thành công\");\nassert.match(message, regExpObject);\nawait driver.wait(until.stalenessOf(notification), 10000);",
              "err": {},
              "uuid": "0f448973-c02d-4961-b6cc-9a90c6daf000",
              "parentUUID": "9c8aae34-b1d5-4b81-86a7-93c4a972c698",
              "isHook": false,
              "skipped": false
            },
            {
              "title": "[Happy Case] Create COBO FIXED FEE WITH PERCENT successfully",
              "fullTitle": "Fee Module Tests [Happy Case] Create COBO FIXED FEE WITH PERCENT successfully",
              "timedOut": false,
              "duration": 6013,
              "state": "passed",
              "speed": "slow",
              "pass": true,
              "fail": false,
              "pending": false,
              "context": null,
              "code": "//Navigate to fee \nawait feePage.navigate();\n\n//fee data \nconst feeType = 'Thu hộ' \nconst vat = 10;\nconst feeMethod = 'Phí cố định'\nconst feeRule = 'Số tiền phí theo tỷ lệ %'\nconst value = 10\n//Create fee\nfeeCode = await feePage.createFee(feeType, vat, feeMethod, feeRule, value);\nconst notification = await driver.wait(until.elementLocated(By.xpath('//p-toastitem')), 5000);\nconst message = await notification.getText();\n    \nconst regExpObject = new RegExp(\"Success\");\nassert.match(message, regExpObject);\nawait driver.wait(until.stalenessOf(notification), 10000);",
              "err": {},
              "uuid": "23989318-b45b-4d13-8c15-e0cebd3e1497",
              "parentUUID": "9c8aae34-b1d5-4b81-86a7-93c4a972c698",
              "isHook": false,
              "skipped": false
            },
            {
              "title": "[Happy Case] Reject COBO FIXED FEE WITH PERCENT successfully",
              "fullTitle": "Fee Module Tests [Happy Case] Reject COBO FIXED FEE WITH PERCENT successfully",
              "timedOut": false,
              "duration": 4605,
              "state": "passed",
              "speed": "slow",
              "pass": true,
              "fail": false,
              "pending": false,
              "context": null,
              "code": "//Navigate to fee \nawait feePage.navigateFeeDetailByCode(feeCode);\nawait feePage.rejectFee();\nconst notification = await driver.wait(until.elementLocated(By.xpath('//p-toastitem')), 5000);\nconst message = await notification.getText();\n    \nconst regExpObject = new RegExp(\"Từ chối duyệt thành công\");\nassert.match(message, regExpObject);\nawait driver.wait(until.stalenessOf(notification), 10000);",
              "err": {},
              "uuid": "2d674431-a3ea-4096-af98-e679a6d2c57f",
              "parentUUID": "9c8aae34-b1d5-4b81-86a7-93c4a972c698",
              "isHook": false,
              "skipped": false
            },
            {
              "title": "[Happy Case] Edit COBO FIXED FEE WITH PERCENT successfully",
              "fullTitle": "Fee Module Tests [Happy Case] Edit COBO FIXED FEE WITH PERCENT successfully",
              "timedOut": false,
              "duration": 5163,
              "state": "passed",
              "speed": "slow",
              "pass": true,
              "fail": false,
              "pending": false,
              "context": null,
              "code": "//Navigate to fee detail by code\nawait feePage.navigateFeeDetailByCode(feeCode);\nconst vat = 5;\nawait feePage.editFeeVAT(vat);\nconst notification = await driver.wait(until.elementLocated(By.xpath('//p-toastitem')), 5000);\nconst message = await notification.getText();\n    \nconst regExpObject = new RegExp(\"Success\");\nassert.match(message, regExpObject);\nawait driver.wait(until.stalenessOf(notification), 10000);",
              "err": {},
              "uuid": "b057ead1-cc2d-4d43-8b5e-896f2e0829ab",
              "parentUUID": "9c8aae34-b1d5-4b81-86a7-93c4a972c698",
              "isHook": false,
              "skipped": false
            },
            {
              "title": "[Happy Case] Approve COBO FIXED FEE WITH PERCENT successfully",
              "fullTitle": "Fee Module Tests [Happy Case] Approve COBO FIXED FEE WITH PERCENT successfully",
              "timedOut": false,
              "duration": 4930,
              "state": "passed",
              "speed": "slow",
              "pass": true,
              "fail": false,
              "pending": false,
              "context": null,
              "code": "//Navigate to fee detail by code\nawait feePage.navigateFeeDetailByCode(feeCode);\nawait feePage.approveFee();\nconst notification = await driver.wait(until.elementLocated(By.xpath('//p-toastitem')), 5000);\nconst message = await notification.getText();\n    \nconst regExpObject = new RegExp(\"Duyệt thành công\");\nassert.match(message, regExpObject);\nawait driver.wait(until.stalenessOf(notification), 10000);",
              "err": {},
              "uuid": "b6e23068-b2ed-4706-9078-6ebc083be725",
              "parentUUID": "9c8aae34-b1d5-4b81-86a7-93c4a972c698",
              "isHook": false,
              "skipped": false
            },
            {
              "title": "[Happy Case] Create POBO FREE FEE successfully",
              "fullTitle": "Fee Module Tests [Happy Case] Create POBO FREE FEE successfully",
              "timedOut": false,
              "duration": 5492,
              "state": "passed",
              "speed": "slow",
              "pass": true,
              "fail": false,
              "pending": false,
              "context": null,
              "code": "//Navigate to fee \nawait feePage.navigate();\nconst feeType = 'Chi hộ nội bộ' \nconst vat = 10;\nconst feeMethod = 'Miễn phí'\nfeeCode = await feePage.createFee(feeType, vat, feeMethod);\nconst notification = await driver.wait(until.elementLocated(By.xpath('//p-toastitem')), 5000);\nconst message = await notification.getText();\n    \nconst regExpObject = new RegExp(\"Success\");\nassert.match(message, regExpObject);\nawait driver.wait(until.stalenessOf(notification), 10000);",
              "err": {},
              "uuid": "c4ebd3ad-8d74-4b45-b399-bc8605e2f1dc",
              "parentUUID": "9c8aae34-b1d5-4b81-86a7-93c4a972c698",
              "isHook": false,
              "skipped": false
            },
            {
              "title": "[Happy Case] Reject POBO FREE FEE successfully",
              "fullTitle": "Fee Module Tests [Happy Case] Reject POBO FREE FEE successfully",
              "timedOut": false,
              "duration": 4790,
              "state": "passed",
              "speed": "slow",
              "pass": true,
              "fail": false,
              "pending": false,
              "context": null,
              "code": "//Navigate to fee \nawait feePage.navigateFeeDetailByCode(feeCode);\nawait feePage.rejectFee();\nconst notification = await driver.wait(until.elementLocated(By.xpath('//p-toastitem')), 5000);\nconst message = await notification.getText();\n    \nconst regExpObject = new RegExp(\"Từ chối duyệt thành công\");\nassert.match(message, regExpObject);\nawait driver.wait(until.stalenessOf(notification), 10000);",
              "err": {},
              "uuid": "c7520782-0ed4-4af8-90df-0493d578a213",
              "parentUUID": "9c8aae34-b1d5-4b81-86a7-93c4a972c698",
              "isHook": false,
              "skipped": false
            },
            {
              "title": "[Happy Case] Edit POBO FREE FEE successfully",
              "fullTitle": "Fee Module Tests [Happy Case] Edit POBO FREE FEE successfully",
              "timedOut": false,
              "duration": 5112,
              "state": "passed",
              "speed": "slow",
              "pass": true,
              "fail": false,
              "pending": false,
              "context": null,
              "code": "//Navigate to fee detail by code\nawait feePage.navigateFeeDetailByCode(feeCode);\nconst vat = 5;\nawait feePage.editFeeVAT(vat);\nconst notification = await driver.wait(until.elementLocated(By.xpath('//p-toastitem')), 5000);\nconst message = await notification.getText();\n    \nconst regExpObject = new RegExp(\"Success\");\nassert.match(message, regExpObject);\nawait driver.wait(until.stalenessOf(notification), 10000);",
              "err": {},
              "uuid": "b477ecf8-ee25-4e19-aa32-907abc4c58b8",
              "parentUUID": "9c8aae34-b1d5-4b81-86a7-93c4a972c698",
              "isHook": false,
              "skipped": false
            },
            {
              "title": "[Happy Case] Approve POBO FREE FEE successfully",
              "fullTitle": "Fee Module Tests [Happy Case] Approve POBO FREE FEE successfully",
              "timedOut": false,
              "duration": 4736,
              "state": "passed",
              "speed": "slow",
              "pass": true,
              "fail": false,
              "pending": false,
              "context": null,
              "code": "//Navigate to fee detail by code\nawait feePage.navigateFeeDetailByCode(feeCode);\nawait feePage.approveFee();\nconst notification = await driver.wait(until.elementLocated(By.xpath('//p-toastitem')), 5000);\nconst message = await notification.getText();\n    \nconst regExpObject = new RegExp(\"Duyệt thành công\");\nassert.match(message, regExpObject);\nawait driver.wait(until.stalenessOf(notification), 10000);",
              "err": {},
              "uuid": "98754bad-69f0-4f40-9564-22b3e43a080a",
              "parentUUID": "9c8aae34-b1d5-4b81-86a7-93c4a972c698",
              "isHook": false,
              "skipped": false
            },
            {
              "title": "[Happy Case] Create POBO FIXED FEE WITH PRICES successfully",
              "fullTitle": "Fee Module Tests [Happy Case] Create POBO FIXED FEE WITH PRICES successfully",
              "timedOut": false,
              "duration": 6033,
              "state": "passed",
              "speed": "slow",
              "pass": true,
              "fail": false,
              "pending": false,
              "context": null,
              "code": "//Navigate to fee \nawait feePage.navigate();\n\n//fee data \nconst feeType = 'Chi hộ nội bộ' \nconst vat = 10;\nconst feeMethod = 'Phí cố định'\nconst feeRule = 'Số tiền phí cố định'\nconst value = 1500\n//Create fee\nfeeCode = await feePage.createFee(feeType, vat, feeMethod, feeRule, value);\nconst notification = await driver.wait(until.elementLocated(By.xpath('//p-toastitem')), 5000);\nconst message = await notification.getText();\n    \nconst regExpObject = new RegExp(\"Success\");\nassert.match(message, regExpObject);\nawait driver.wait(until.stalenessOf(notification), 10000);",
              "err": {},
              "uuid": "b7183a3c-0d29-4d04-8c7f-26b9b6e2ef9c",
              "parentUUID": "9c8aae34-b1d5-4b81-86a7-93c4a972c698",
              "isHook": false,
              "skipped": false
            },
            {
              "title": "[Happy Case] Reject POBO FIXED FEE WITH PRICES successfully",
              "fullTitle": "Fee Module Tests [Happy Case] Reject POBO FIXED FEE WITH PRICES successfully",
              "timedOut": false,
              "duration": 4592,
              "state": "passed",
              "speed": "slow",
              "pass": true,
              "fail": false,
              "pending": false,
              "context": null,
              "code": "//Navigate to fee \nawait feePage.navigateFeeDetailByCode(feeCode);\nawait feePage.rejectFee();\nconst notification = await driver.wait(until.elementLocated(By.xpath('//p-toastitem')), 5000);\nconst message = await notification.getText();\n    \nconst regExpObject = new RegExp(\"Từ chối duyệt thành công\");\nassert.match(message, regExpObject);\nawait driver.wait(until.stalenessOf(notification), 10000);",
              "err": {},
              "uuid": "6bc0ab9e-cf06-4c4d-bd9a-f1ef38b468e4",
              "parentUUID": "9c8aae34-b1d5-4b81-86a7-93c4a972c698",
              "isHook": false,
              "skipped": false
            },
            {
              "title": "[Happy Case] Edit POBO FIXED FEE WITH PRICES successfully",
              "fullTitle": "Fee Module Tests [Happy Case] Edit POBO FIXED FEE WITH PRICES successfully",
              "timedOut": false,
              "duration": 2002,
              "state": "failed",
              "speed": null,
              "pass": false,
              "fail": true,
              "pending": false,
              "context": null,
              "code": "//Navigate to fee detail by code\nawait feePage.navigateFeeDetailByCode(feeCode);\nconst vat = 5;\nawait feePage.editFeeVAT(vat);\nconst notification = await driver.wait(until.elementLocated(By.xpath('//p-toastitem')), 5000);\nconst message = await notification.getText();\n    \nconst regExpObject = new RegExp(\"Success\");\nassert.match(message, regExpObject);\nawait driver.wait(until.stalenessOf(notification), 10000);",
              "err": {
                "message": "AssertionError: The input did not match the regular expression /Success/. Input:\n\n''\n",
                "estack": "AssertionError [ERR_ASSERTION]: The input did not match the regular expression /Success/. Input:\n\n''\n\n    at Context.<anonymous> (tests/feeTest.js:323:16)\n    at process.processTicksAndRejections (node:internal/process/task_queues:95:5)",
                "diff": null
              },
              "uuid": "9367f8ef-0da6-4cc7-af13-aef2d624286f",
              "parentUUID": "9c8aae34-b1d5-4b81-86a7-93c4a972c698",
              "isHook": false,
              "skipped": false
            },
            {
              "title": "[Happy Case] Approve POBO FIXED FEE WITH PRICES successfully",
              "fullTitle": "Fee Module Tests [Happy Case] Approve POBO FIXED FEE WITH PRICES successfully",
              "timedOut": false,
              "duration": 1653,
              "state": "failed",
              "speed": null,
              "pass": false,
              "fail": true,
              "pending": false,
              "context": null,
              "code": "//Navigate to fee detail by code\nawait feePage.navigateFeeDetailByCode(feeCode);\nawait feePage.approveFee();\nconst notification = await driver.wait(until.elementLocated(By.xpath('//p-toastitem')), 5000);\nconst message = await notification.getText();\n    \nconst regExpObject = new RegExp(\"Duyệt thành công\");\nassert.match(message, regExpObject);\nawait driver.wait(until.stalenessOf(notification), 10000);",
              "err": {
                "message": "AssertionError: The input did not match the regular expression /Duyệt thành công/. Input:\n\n'Thông báo\\nSuccess'\n",
                "estack": "AssertionError [ERR_ASSERTION]: The input did not match the regular expression /Duyệt thành công/. Input:\n\n'Thông báo\\nSuccess'\n\n    at Context.<anonymous> (tests/feeTest.js:336:16)\n    at process.processTicksAndRejections (node:internal/process/task_queues:95:5)",
                "diff": null
              },
              "uuid": "c8f91a43-3644-4913-9993-47c4e26db255",
              "parentUUID": "9c8aae34-b1d5-4b81-86a7-93c4a972c698",
              "isHook": false,
              "skipped": false
            },
            {
              "title": "[Happy Case] Create POBO FIXED FEE WITH PERCENT successfully",
              "fullTitle": "Fee Module Tests [Happy Case] Create POBO FIXED FEE WITH PERCENT successfully",
              "timedOut": false,
              "duration": 6032,
              "state": "passed",
              "speed": "slow",
              "pass": true,
              "fail": false,
              "pending": false,
              "context": null,
              "code": "//Navigate to fee \nawait feePage.navigate();\n\n//fee data \nconst feeType = 'Chi hộ nội bộ' \nconst vat = 10;\nconst feeMethod = 'Phí cố định'\nconst feeRule = 'Số tiền phí theo tỷ lệ %'\nconst value = 10\n//Create fee\nfeeCode = await feePage.createFee(feeType, vat, feeMethod, feeRule, value);\nconst notification = await driver.wait(until.elementLocated(By.xpath('//p-toastitem')), 5000);\nconst message = await notification.getText();\n    \nconst regExpObject = new RegExp(\"Success\");\nassert.match(message, regExpObject);\nawait driver.wait(until.stalenessOf(notification), 10000);",
              "err": {},
              "uuid": "07e61de3-9e05-45fe-b50b-26c1d2e58cba",
              "parentUUID": "9c8aae34-b1d5-4b81-86a7-93c4a972c698",
              "isHook": false,
              "skipped": false
            },
            {
              "title": "[Happy Case] Reject POBO FIXED FEE WITH PERCENT successfully",
              "fullTitle": "Fee Module Tests [Happy Case] Reject POBO FIXED FEE WITH PERCENT successfully",
              "timedOut": false,
              "duration": 4783,
              "state": "passed",
              "speed": "slow",
              "pass": true,
              "fail": false,
              "pending": false,
              "context": null,
              "code": "//Navigate to fee \nawait feePage.navigateFeeDetailByCode(feeCode);\nawait feePage.rejectFee();\nconst notification = await driver.wait(until.elementLocated(By.xpath('//p-toastitem')), 5000);\nconst message = await notification.getText();\n    \nconst regExpObject = new RegExp(\"Từ chối duyệt thành công\");\nassert.match(message, regExpObject);\nawait driver.wait(until.stalenessOf(notification), 10000);",
              "err": {},
              "uuid": "95570515-5085-43bb-9388-1caf0f977151",
              "parentUUID": "9c8aae34-b1d5-4b81-86a7-93c4a972c698",
              "isHook": false,
              "skipped": false
            },
            {
              "title": "[Happy Case] Edit POBO FIXED FEE WITH PERCENT successfully",
              "fullTitle": "Fee Module Tests [Happy Case] Edit POBO FIXED FEE WITH PERCENT successfully",
              "timedOut": false,
              "duration": 5134,
              "state": "passed",
              "speed": "slow",
              "pass": true,
              "fail": false,
              "pending": false,
              "context": null,
              "code": "//Navigate to fee detail by code\nawait feePage.navigateFeeDetailByCode(feeCode);\nconst vat = 5;\nawait feePage.editFeeVAT(vat);\nconst notification = await driver.wait(until.elementLocated(By.xpath('//p-toastitem')), 5000);\nconst message = await notification.getText();\n    \nconst regExpObject = new RegExp(\"Success\");\nassert.match(message, regExpObject);\nawait driver.wait(until.stalenessOf(notification), 10000);",
              "err": {},
              "uuid": "bf21e6c1-2196-48be-b333-a337a62a4624",
              "parentUUID": "9c8aae34-b1d5-4b81-86a7-93c4a972c698",
              "isHook": false,
              "skipped": false
            },
            {
              "title": "[Happy Case] Approve POBO FIXED FEE WITH PERCENT successfully",
              "fullTitle": "Fee Module Tests [Happy Case] Approve POBO FIXED FEE WITH PERCENT successfully",
              "timedOut": false,
              "duration": 4622,
              "state": "passed",
              "speed": "slow",
              "pass": true,
              "fail": false,
              "pending": false,
              "context": null,
              "code": "//Navigate to fee detail by code\nawait feePage.navigateFeeDetailByCode(feeCode);\nawait feePage.approveFee();\nconst notification = await driver.wait(until.elementLocated(By.xpath('//p-toastitem')), 5000);\nconst message = await notification.getText();\n    \nconst regExpObject = new RegExp(\"Duyệt thành công\");\nassert.match(message, regExpObject);\nawait driver.wait(until.stalenessOf(notification), 10000);",
              "err": {},
              "uuid": "1dcc6893-14ae-4e0f-9904-152e9fff04e8",
              "parentUUID": "9c8aae34-b1d5-4b81-86a7-93c4a972c698",
              "isHook": false,
              "skipped": false
            },
            {
              "title": "[Happy Case] Create POBO_INTER_BANK FREE FEE successfully",
              "fullTitle": "Fee Module Tests [Happy Case] Create POBO_INTER_BANK FREE FEE successfully",
              "timedOut": false,
              "duration": 6017,
              "state": "passed",
              "speed": "slow",
              "pass": true,
              "fail": false,
              "pending": false,
              "context": null,
              "code": "//Navigate to fee \nawait feePage.navigate();\nconst feeType = 'Chi hộ liên ngân hàng' \nconst vat = 10;\nconst feeMethod = 'Miễn phí'\nfeeCode = await feePage.createFee(feeType, vat, feeMethod);\nconst notification = await driver.wait(until.elementLocated(By.xpath('//p-toastitem')), 5000);\nconst message = await notification.getText();\n    \nconst regExpObject = new RegExp(\"Success\");\nassert.match(message, regExpObject);\nawait driver.wait(until.stalenessOf(notification), 10000);",
              "err": {},
              "uuid": "8ca1803f-0cbc-4404-bb9c-59a0bebc8c21",
              "parentUUID": "9c8aae34-b1d5-4b81-86a7-93c4a972c698",
              "isHook": false,
              "skipped": false
            },
            {
              "title": "[Happy Case] Reject POBO_INTER_BANK FREE FEE successfully",
              "fullTitle": "Fee Module Tests [Happy Case] Reject POBO_INTER_BANK FREE FEE successfully",
              "timedOut": false,
              "duration": 4806,
              "state": "passed",
              "speed": "slow",
              "pass": true,
              "fail": false,
              "pending": false,
              "context": null,
              "code": "//Navigate to fee \nawait feePage.navigateFeeDetailByCode(feeCode);\nawait feePage.rejectFee();\nconst notification = await driver.wait(until.elementLocated(By.xpath('//p-toastitem')), 5000);\nconst message = await notification.getText();\n    \nconst regExpObject = new RegExp(\"Từ chối duyệt thành công\");\nassert.match(message, regExpObject);\nawait driver.wait(until.stalenessOf(notification), 10000);",
              "err": {},
              "uuid": "115ca0dd-92e4-493b-ba61-af7bba0c12d1",
              "parentUUID": "9c8aae34-b1d5-4b81-86a7-93c4a972c698",
              "isHook": false,
              "skipped": false
            },
            {
              "title": "[Happy Case] Edit POBO_INTER_BANK FREE FEE successfully",
              "fullTitle": "Fee Module Tests [Happy Case] Edit POBO_INTER_BANK FREE FEE successfully",
              "timedOut": false,
              "duration": 5106,
              "state": "passed",
              "speed": "slow",
              "pass": true,
              "fail": false,
              "pending": false,
              "context": null,
              "code": "//Navigate to fee detail by code\nawait feePage.navigateFeeDetailByCode(feeCode);\nconst vat = 5;\nawait feePage.editFeeVAT(vat);\nconst notification = await driver.wait(until.elementLocated(By.xpath('//p-toastitem')), 5000);\nconst message = await notification.getText();\n    \nconst regExpObject = new RegExp(\"Success\");\nassert.match(message, regExpObject);\nawait driver.wait(until.stalenessOf(notification), 10000);",
              "err": {},
              "uuid": "cf0c7ad6-a3b8-4f3c-8d16-21488676bf09",
              "parentUUID": "9c8aae34-b1d5-4b81-86a7-93c4a972c698",
              "isHook": false,
              "skipped": false
            },
            {
              "title": "[Happy Case] Approve POBO_INTER_BANK FREE FEE successfully",
              "fullTitle": "Fee Module Tests [Happy Case] Approve POBO_INTER_BANK FREE FEE successfully",
              "timedOut": false,
              "duration": 4520,
              "state": "passed",
              "speed": "slow",
              "pass": true,
              "fail": false,
              "pending": false,
              "context": null,
              "code": "//Navigate to fee detail by code\nawait feePage.navigateFeeDetailByCode(feeCode);\nawait feePage.approveFee();\nconst notification = await driver.wait(until.elementLocated(By.xpath('//p-toastitem')), 5000);\nconst message = await notification.getText();\n    \nconst regExpObject = new RegExp(\"Duyệt thành công\");\nassert.match(message, regExpObject);\nawait driver.wait(until.stalenessOf(notification), 10000);",
              "err": {},
              "uuid": "d7c98dfa-a47c-4126-a774-1d065db933cc",
              "parentUUID": "9c8aae34-b1d5-4b81-86a7-93c4a972c698",
              "isHook": false,
              "skipped": false
            },
            {
              "title": "[Happy Case] Create POBO_INTER_BANK FIXED FEE WITH PRICES successfully",
              "fullTitle": "Fee Module Tests [Happy Case] Create POBO_INTER_BANK FIXED FEE WITH PRICES successfully",
              "timedOut": false,
              "duration": 5950,
              "state": "passed",
              "speed": "slow",
              "pass": true,
              "fail": false,
              "pending": false,
              "context": null,
              "code": "//Navigate to fee \nawait feePage.navigate();\n\n//fee data \nconst feeType = 'Chi hộ liên ngân hàng' \nconst vat = 10;\nconst feeMethod = 'Phí cố định'\nconst feeRule = 'Số tiền phí cố định'\nconst value = 1500\n//Create fee\nfeeCode = await feePage.createFee(feeType, vat, feeMethod, feeRule, value);\nconst notification = await driver.wait(until.elementLocated(By.xpath('//p-toastitem')), 5000);\nconst message = await notification.getText();\n    \nconst regExpObject = new RegExp(\"Success\");\nassert.match(message, regExpObject);\nawait driver.wait(until.stalenessOf(notification), 10000);",
              "err": {},
              "uuid": "a5015583-fb06-4247-b95d-b7463913f043",
              "parentUUID": "9c8aae34-b1d5-4b81-86a7-93c4a972c698",
              "isHook": false,
              "skipped": false
            },
            {
              "title": "[Happy Case] Reject POBO_INTER_BANK FIXED FEE WITH PRICES successfully",
              "fullTitle": "Fee Module Tests [Happy Case] Reject POBO_INTER_BANK FIXED FEE WITH PRICES successfully",
              "timedOut": false,
              "duration": 4780,
              "state": "passed",
              "speed": "slow",
              "pass": true,
              "fail": false,
              "pending": false,
              "context": null,
              "code": "//Navigate to fee \nawait feePage.navigateFeeDetailByCode(feeCode);\nawait feePage.rejectFee();\nconst notification = await driver.wait(until.elementLocated(By.xpath('//p-toastitem')), 5000);\nconst message = await notification.getText();\n    \nconst regExpObject = new RegExp(\"Từ chối duyệt thành công\");\nassert.match(message, regExpObject);\nawait driver.wait(until.stalenessOf(notification), 10000);",
              "err": {},
              "uuid": "6e5d484c-84bf-4d4b-9e55-57fcefbb67b8",
              "parentUUID": "9c8aae34-b1d5-4b81-86a7-93c4a972c698",
              "isHook": false,
              "skipped": false
            },
            {
              "title": "[Happy Case] Edit POBO_INTER_BANK FIXED FEE WITH PRICES successfully",
              "fullTitle": "Fee Module Tests [Happy Case] Edit POBO_INTER_BANK FIXED FEE WITH PRICES successfully",
              "timedOut": false,
              "duration": 5122,
              "state": "passed",
              "speed": "slow",
              "pass": true,
              "fail": false,
              "pending": false,
              "context": null,
              "code": "//Navigate to fee detail by code\nawait feePage.navigateFeeDetailByCode(feeCode);\nconst vat = 5;\nawait feePage.editFeeVAT(vat);\nconst notification = await driver.wait(until.elementLocated(By.xpath('//p-toastitem')), 5000);\nconst message = await notification.getText();\n    \nconst regExpObject = new RegExp(\"Success\");\nassert.match(message, regExpObject);\nawait driver.wait(until.stalenessOf(notification), 10000);",
              "err": {},
              "uuid": "057085c2-2928-4457-a88e-f112a94fdf48",
              "parentUUID": "9c8aae34-b1d5-4b81-86a7-93c4a972c698",
              "isHook": false,
              "skipped": false
            },
            {
              "title": "[Happy Case] Approve POBO_INTER_BANK FIXED FEE WITH PRICES successfully",
              "fullTitle": "Fee Module Tests [Happy Case] Approve POBO_INTER_BANK FIXED FEE WITH PRICES successfully",
              "timedOut": false,
              "duration": 4721,
              "state": "passed",
              "speed": "slow",
              "pass": true,
              "fail": false,
              "pending": false,
              "context": null,
              "code": "//Navigate to fee detail by code\nawait feePage.navigateFeeDetailByCode(feeCode);\nawait feePage.approveFee();\nconst notification = await driver.wait(until.elementLocated(By.xpath('//p-toastitem')), 5000);\nconst message = await notification.getText();\n    \nconst regExpObject = new RegExp(\"Duyệt thành công\");\nassert.match(message, regExpObject);\nawait driver.wait(until.stalenessOf(notification), 10000);",
              "err": {},
              "uuid": "a69f46c7-cbf4-4693-8163-9bb8b8357c22",
              "parentUUID": "9c8aae34-b1d5-4b81-86a7-93c4a972c698",
              "isHook": false,
              "skipped": false
            },
            {
              "title": "[Happy Case] Create POBO_INTER_BANK FIXED FEE WITH PERCENT successfully",
              "fullTitle": "Fee Module Tests [Happy Case] Create POBO_INTER_BANK FIXED FEE WITH PERCENT successfully",
              "timedOut": false,
              "duration": 6121,
              "state": "passed",
              "speed": "slow",
              "pass": true,
              "fail": false,
              "pending": false,
              "context": null,
              "code": "//Navigate to fee \nawait feePage.navigate();\n\n//fee data \nconst feeType = 'Chi hộ liên ngân hàng' \nconst vat = 10;\nconst feeMethod = 'Phí cố định'\nconst feeRule = 'Số tiền phí theo tỷ lệ %'\nconst value = 10\n//Create fee\nfeeCode = await feePage.createFee(feeType, vat, feeMethod, feeRule, value);\nconst notification = await driver.wait(until.elementLocated(By.xpath('//p-toastitem')), 5000);\nconst message = await notification.getText();\n    \nconst regExpObject = new RegExp(\"Success\");\nassert.match(message, regExpObject);\nawait driver.wait(until.stalenessOf(notification), 10000);",
              "err": {},
              "uuid": "ac218528-73b7-4e88-a968-89ba864a782a",
              "parentUUID": "9c8aae34-b1d5-4b81-86a7-93c4a972c698",
              "isHook": false,
              "skipped": false
            },
            {
              "title": "[Happy Case] Reject POBO_INTER_BANK FIXED FEE WITH PERCENT successfully",
              "fullTitle": "Fee Module Tests [Happy Case] Reject POBO_INTER_BANK FIXED FEE WITH PERCENT successfully",
              "timedOut": false,
              "duration": 4589,
              "state": "passed",
              "speed": "slow",
              "pass": true,
              "fail": false,
              "pending": false,
              "context": null,
              "code": "//Navigate to fee \nawait feePage.navigateFeeDetailByCode(feeCode);\nawait feePage.rejectFee();\nconst notification = await driver.wait(until.elementLocated(By.xpath('//p-toastitem')), 5000);\nconst message = await notification.getText();\n    \nconst regExpObject = new RegExp(\"Từ chối duyệt thành công\");\nassert.match(message, regExpObject);\nawait driver.wait(until.stalenessOf(notification), 10000);",
              "err": {},
              "uuid": "e2d69fd2-8839-4584-9f39-c32b1397f31d",
              "parentUUID": "9c8aae34-b1d5-4b81-86a7-93c4a972c698",
              "isHook": false,
              "skipped": false
            },
            {
              "title": "[Happy Case] Edit POBO_INTER_BANK FIXED FEE WITH PERCENT successfully",
              "fullTitle": "Fee Module Tests [Happy Case] Edit POBO_INTER_BANK FIXED FEE WITH PERCENT successfully",
              "timedOut": false,
              "duration": 5119,
              "state": "passed",
              "speed": "slow",
              "pass": true,
              "fail": false,
              "pending": false,
              "context": null,
              "code": "//Navigate to fee detail by code\nawait feePage.navigateFeeDetailByCode(feeCode);\nconst vat = 5;\nawait feePage.editFeeVAT(vat);\nconst notification = await driver.wait(until.elementLocated(By.xpath('//p-toastitem')), 5000);\nconst message = await notification.getText();\n    \nconst regExpObject = new RegExp(\"Success\");\nassert.match(message, regExpObject);\nawait driver.wait(until.stalenessOf(notification), 10000);",
              "err": {},
              "uuid": "7ccf22f7-951e-45e5-8660-79a40cfbc9ab",
              "parentUUID": "9c8aae34-b1d5-4b81-86a7-93c4a972c698",
              "isHook": false,
              "skipped": false
            },
            {
              "title": "[Happy Case] Approve POBO_INTER_BANK FIXED FEE WITH PERCENT successfully",
              "fullTitle": "Fee Module Tests [Happy Case] Approve POBO_INTER_BANK FIXED FEE WITH PERCENT successfully",
              "timedOut": false,
              "duration": 4542,
              "state": "passed",
              "speed": "slow",
              "pass": true,
              "fail": false,
              "pending": false,
              "context": null,
              "code": "//Navigate to fee detail by code\nawait feePage.navigateFeeDetailByCode(feeCode);\nawait feePage.approveFee();\nconst notification = await driver.wait(until.elementLocated(By.xpath('//p-toastitem')), 5000);\nconst message = await notification.getText();\n    \nconst regExpObject = new RegExp(\"Duyệt thành công\");\nassert.match(message, regExpObject);\nawait driver.wait(until.stalenessOf(notification), 10000);",
              "err": {},
              "uuid": "63b11220-3920-43b0-a3c8-89201a8e6049",
              "parentUUID": "9c8aae34-b1d5-4b81-86a7-93c4a972c698",
              "isHook": false,
              "skipped": false
            }
          ],
          "suites": [],
          "passes": [
            "d86d5fad-d3f2-4cde-b928-cd369c6259f9",
            "27366f2d-3d1e-46ad-8930-4673997f33f0",
            "58ff4c71-a409-4633-97e1-ec86eaeda885",
            "1971e3c5-e268-4964-bb1d-4301d40a230b",
            "e4a5a596-8065-4bb1-b87a-ec1eb39f1fb5",
            "fb8f3bb3-8386-48ab-b60c-649c973f1546",
            "fce777e5-5563-4c96-aa90-b8e5a6f6dc85",
            "0f448973-c02d-4961-b6cc-9a90c6daf000",
            "23989318-b45b-4d13-8c15-e0cebd3e1497",
            "2d674431-a3ea-4096-af98-e679a6d2c57f",
            "b057ead1-cc2d-4d43-8b5e-896f2e0829ab",
            "b6e23068-b2ed-4706-9078-6ebc083be725",
            "c4ebd3ad-8d74-4b45-b399-bc8605e2f1dc",
            "c7520782-0ed4-4af8-90df-0493d578a213",
            "b477ecf8-ee25-4e19-aa32-907abc4c58b8",
            "98754bad-69f0-4f40-9564-22b3e43a080a",
            "b7183a3c-0d29-4d04-8c7f-26b9b6e2ef9c",
            "6bc0ab9e-cf06-4c4d-bd9a-f1ef38b468e4",
            "07e61de3-9e05-45fe-b50b-26c1d2e58cba",
            "95570515-5085-43bb-9388-1caf0f977151",
            "bf21e6c1-2196-48be-b333-a337a62a4624",
            "1dcc6893-14ae-4e0f-9904-152e9fff04e8",
            "8ca1803f-0cbc-4404-bb9c-59a0bebc8c21",
            "115ca0dd-92e4-493b-ba61-af7bba0c12d1",
            "cf0c7ad6-a3b8-4f3c-8d16-21488676bf09",
            "d7c98dfa-a47c-4126-a774-1d065db933cc",
            "a5015583-fb06-4247-b95d-b7463913f043",
            "6e5d484c-84bf-4d4b-9e55-57fcefbb67b8",
            "057085c2-2928-4457-a88e-f112a94fdf48",
            "a69f46c7-cbf4-4693-8163-9bb8b8357c22",
            "ac218528-73b7-4e88-a968-89ba864a782a",
            "e2d69fd2-8839-4584-9f39-c32b1397f31d",
            "7ccf22f7-951e-45e5-8660-79a40cfbc9ab",
            "63b11220-3920-43b0-a3c8-89201a8e6049"
          ],
          "failures": [
            "9367f8ef-0da6-4cc7-af13-aef2d624286f",
            "c8f91a43-3644-4913-9993-47c4e26db255"
          ],
          "pending": [],
          "skipped": [],
          "duration": 178672,
          "root": false,
          "rootEmpty": false,
          "_timeout": 0
        },
        {
          "uuid": "7cb7bc58-1605-473f-9f82-426dee9a7d76",
          "title": "Login Tests",
          "fullFile": "/home/unicloud/Documents/seleniumDemo/tests/loginTest.js",
          "file": "/tests/loginTest.js",
          "beforeHooks": [
            {
              "title": "\"before each\" hook in \"Login Tests\"",
              "fullTitle": "Login Tests \"before each\" hook in \"Login Tests\"",
              "timedOut": false,
              "duration": 2917,
              "state": null,
              "speed": null,
              "pass": false,
              "fail": false,
              "pending": false,
              "context": null,
              "code": "driver = await helper.initializeChromeDriver();",
              "err": {},
              "uuid": "1a20efb4-e5cb-404a-8ed5-4308686e2793",
              "parentUUID": "7cb7bc58-1605-473f-9f82-426dee9a7d76",
              "isHook": true,
              "skipped": false
            }
          ],
          "afterHooks": [
            {
              "title": "\"after each\" hook in \"Login Tests\"",
              "fullTitle": "Login Tests \"after each\" hook in \"Login Tests\"",
              "timedOut": false,
              "duration": 53,
              "state": null,
              "speed": null,
              "pass": false,
              "fail": false,
              "pending": false,
              "context": null,
              "code": "await driver.quit();",
              "err": {},
              "uuid": "4aef83e4-d59c-405d-bf91-5de2817d006d",
              "parentUUID": "7cb7bc58-1605-473f-9f82-426dee9a7d76",
              "isHook": true,
              "skipped": false
            }
          ],
          "tests": [
            {
              "title": "[Happy Case] Login successfully",
              "fullTitle": "Login Tests [Happy Case] Login successfully",
              "timedOut": false,
              "duration": 2383,
              "state": "passed",
              "speed": "slow",
              "pass": true,
              "fail": false,
              "pending": false,
              "context": null,
              "code": "const loginPage = new LoginPage(driver);\n    const username = config.adminUsername;\n    const password = config.adminPassword; \n    \n    await loginPage.loginForTest(username, password);\n    await new Promise(resolve => setTimeout(resolve, 2000));\n    // Add assertions to verify successful login\n    var h4Element = await driver.wait(until.elementLocated(By.xpath(\"//div[@class='info']/h4\")), 10000);\n    const welcomeMessage = await h4Element.getText();\n    assert.equal(welcomeMessage, config.adminName);",
              "err": {},
              "uuid": "0f732895-02f7-49ca-80ba-19a3c0b5c6c9",
              "parentUUID": "7cb7bc58-1605-473f-9f82-426dee9a7d76",
              "isHook": false,
              "skipped": false
            },
            {
              "title": "Show error on invalid login",
              "fullTitle": "Login Tests Show error on invalid login",
              "timedOut": false,
              "duration": 3963,
              "state": "passed",
              "speed": "slow",
              "pass": true,
              "fail": false,
              "pending": false,
              "context": null,
              "code": "const loginPage = new LoginPage(driver);\nconst username = 'invalid_username';\nconst password = 'invalid_password';\nawait loginPage.loginForTest(username, password);\n\nconst regExpObject = new RegExp(\"Đăng nhập không thành công, vui lòng thử lại.\");\nnotification = await driver.wait(until.elementLocated(By.xpath('//p-toastitem')), 5000);\nmessage = await notification.getText();\nassert.match(message, regExpObject);\nawait driver.wait(until.stalenessOf(notification), 10000);",
              "err": {},
              "uuid": "ce6cbc93-ac4d-4b20-9301-1297ad54f80a",
              "parentUUID": "7cb7bc58-1605-473f-9f82-426dee9a7d76",
              "isHook": false,
              "skipped": false
            }
          ],
          "suites": [],
          "passes": [
            "0f732895-02f7-49ca-80ba-19a3c0b5c6c9",
            "ce6cbc93-ac4d-4b20-9301-1297ad54f80a"
          ],
          "failures": [],
          "pending": [],
          "skipped": [],
          "duration": 6346,
          "root": false,
          "rootEmpty": false,
          "_timeout": 0
        },
        {
          "uuid": "3b4ddb8e-5cb5-499a-a028-3373728e47d8",
          "title": "Merchant Module Tests",
          "fullFile": "/home/unicloud/Documents/seleniumDemo/tests/merchantTest.js",
          "file": "/tests/merchantTest.js",
          "beforeHooks": [
            {
              "title": "\"before all\" hook in \"Merchant Module Tests\"",
              "fullTitle": "Merchant Module Tests \"before all\" hook in \"Merchant Module Tests\"",
              "timedOut": false,
              "duration": 6109,
              "state": null,
              "speed": null,
              "pass": false,
              "fail": false,
              "pending": false,
              "context": null,
              "code": "driver = await helper.initializeChromeDriver();\nmerchantPage = new MerchantPage(driver);\nconst loginPage = new LoginPage(driver);\nconst username = config.adminUsername;\nconst password = config.adminPassword;\nconst adminName = config.adminName;\nawait loginPage.login(username, password, adminName);",
              "err": {},
              "uuid": "fc6e3341-253a-46b8-b88a-196285202949",
              "parentUUID": "3b4ddb8e-5cb5-499a-a028-3373728e47d8",
              "isHook": true,
              "skipped": false
            }
          ],
          "afterHooks": [
            {
              "title": "\"after all\" hook in \"Merchant Module Tests\"",
              "fullTitle": "Merchant Module Tests \"after all\" hook in \"Merchant Module Tests\"",
              "timedOut": false,
              "duration": 53,
              "state": null,
              "speed": null,
              "pass": false,
              "fail": false,
              "pending": false,
              "context": null,
              "code": "await driver.quit();",
              "err": {},
              "uuid": "6ca22462-2227-4838-852c-80287c960a1b",
              "parentUUID": "3b4ddb8e-5cb5-499a-a028-3373728e47d8",
              "isHook": true,
              "skipped": false
            }
          ],
          "tests": [
            {
              "title": "[Happy Case] Create merchant successfully",
              "fullTitle": "Merchant Module Tests [Happy Case] Create merchant successfully",
              "timedOut": false,
              "duration": 11922,
              "state": "passed",
              "speed": "slow",
              "pass": true,
              "fail": false,
              "pending": false,
              "context": null,
              "code": "await merchantPage.navigate();\nconst merchantType = companyData.type;\nconst affiliate = companyData.affiliate;\nconst merchantCif = companyData.cif;\nconst companyName = companyData.companyName;\n\nconst limitPackageValue = PackageEnum.VIP;\nconst businessType = BusinessCateEnum.DICH_VU_AN_UONG;\nconst chargeTypeValue = ChargeTypeEnum.MONTHLY;\nconst repesentName = companyData.repesentName;\nconst repesentDoB = companyData.repesentDoB;\nconst sex = SexEnum.MALE;\nconst representEmail = companyData.representEmail;\nconst isWhiteList = true;\nmcID = await merchantPage.createMCProfile(\n  merchantType,\n  affiliate,\n  merchantCif,\n  companyName,\n  limitPackageValue,\n  businessType,\n  chargeTypeValue,\n  repesentName,\n  repesentDoB,\n  sex,\n  representEmail,\n  isWhiteList\n);\nconst notification = await driver.wait(until.elementLocated(By.xpath('//p-toastitem')), 5000);\nconst message = await notification.getText();\nconst regExpObject = new RegExp(\"Khởi tạo đối tác thành công\");\nassert.match(message, regExpObject);\n\nawait driver.wait(until.stalenessOf(notification), 10000);",
              "err": {},
              "uuid": "9b9ddacc-42fa-47bf-b757-6f900b51e18f",
              "parentUUID": "3b4ddb8e-5cb5-499a-a028-3373728e47d8",
              "isHook": false,
              "skipped": false
            },
            {
              "title": "[Happy Case] Add account successfully",
              "fullTitle": "Merchant Module Tests [Happy Case] Add account successfully",
              "timedOut": false,
              "duration": 10115,
              "state": "passed",
              "speed": "slow",
              "pass": true,
              "fail": false,
              "pending": false,
              "context": null,
              "code": "//Start add account\nconst accountSelect = companyData.account_no\nawait merchantPage.addAccountForMC(accountSelect);\n//Expected 3 account add successfully to Mc \nconst tableBody = await driver.findElement(By.css('tbody[role=\"rowgroup\"]'));\nconst rows = await tableBody.findElements(By.css('tr[role=\"row\"]'));\nassert.equal(rows.length, 3, \"Gán tài khoản thất bại\");",
              "err": {},
              "uuid": "fc6c2492-2b32-460e-9ec3-a5d828211689",
              "parentUUID": "3b4ddb8e-5cb5-499a-a028-3373728e47d8",
              "isHook": false,
              "skipped": false
            },
            {
              "title": "[Happy Case] Add MC Fee successfully",
              "fullTitle": "Merchant Module Tests [Happy Case] Add MC Fee successfully",
              "timedOut": false,
              "duration": 505,
              "state": "passed",
              "speed": "slow",
              "pass": true,
              "fail": false,
              "pending": false,
              "context": null,
              "code": "var continueButton = await driver.wait(until.elementLocated(By.xpath('//*[@id=\"cdk-step-content-0-2\"]/div/button[2]')), 1000);\nawait driver.wait(until.elementIsEnabled(continueButton), 1000);\nawait driver.wait(until.elementIsVisible(continueButton), 1000);\nawait continueButton.click();\nassert.equal(1, 1, \"Gán phí Thất bại\");",
              "err": {},
              "uuid": "0c1d7295-48df-407e-b5d8-b72c71124eeb",
              "parentUUID": "3b4ddb8e-5cb5-499a-a028-3373728e47d8",
              "isHook": false,
              "skipped": false
            },
            {
              "title": "[Happy Case] Upload MC document successfully",
              "fullTitle": "Merchant Module Tests [Happy Case] Upload MC document successfully",
              "timedOut": false,
              "duration": 29749,
              "state": "passed",
              "speed": "slow",
              "pass": true,
              "fail": false,
              "pending": false,
              "context": null,
              "code": "const regExpObject = new RegExp(\"Upload file thành công\");\nlet notification;\nlet documentURL;\nlet message;\n//Upload Giấy phép đăng ký kinh doanh\ndocumentURL = '/home/unicloud/Documents/PDF example/Size_8.9MB.pdf'\nawait merchantPage.uploadDocument(DocEnum.BUSINESSLICENSE, documentURL)\nnotification = await driver.wait(until.elementLocated(By.xpath('//p-toastitem')), 5000);\nmessage = await notification.getText();\nassert.match(message, regExpObject, \"Upload Giấy phép KD thất bại\");\nawait driver.wait(until.stalenessOf(notification), 10000);\n//Upload Hợp đồng\ndocumentURL = '/home/unicloud/Pictures/Hop-dong.pdf'\nawait merchantPage.uploadDocument(DocEnum.BUSINESSCONTRACT, documentURL)\nnotification = await driver.wait(until.elementLocated(By.xpath('//p-toastitem')), 5000);\nmessage = await notification.getText();\nassert.match(message, regExpObject, \"Upload Hợp đồng thất bại\");\nawait driver.wait(until.stalenessOf(notification), 10000);\n//Upload Giấy chứng nhận đại diện hợp pháp\ndocumentURL = '/home/unicloud/Pictures/GIAY-PHEP-DKKD_001.jpg'\nawait merchantPage.uploadDocument(DocEnum.LEGALCONTRACT, documentURL)\nnotification = await driver.wait(until.elementLocated(By.xpath('//p-toastitem')), 5000);\nmessage = await notification.getText();\nassert.match(message, regExpObject, \"Upload Giấy chứng nhận đại diện thất bại\");\nawait driver.wait(until.stalenessOf(notification), 10000);\n//Upload CMND mặt trước\ndocumentURL = '/home/unicloud/Pictures/doggie_corgi-1280x600.jpg'\nawait merchantPage.uploadDocument(DocEnum.FRONTID, documentURL)\nnotification = await driver.wait(until.elementLocated(By.xpath('//p-toastitem')), 5000);\nmessage = await notification.getText();\nassert.match(message, regExpObject, \"Upload CMND mặt trước thất bại\");\nawait driver.wait(until.stalenessOf(notification), 10000);\n//Upload CMND mặt sau\ndocumentURL = '/home/unicloud/Pictures/Nengoro.full.2465602.jpg'\nawait merchantPage.uploadDocument(DocEnum.BACKID, documentURL)\nnotification = await driver.wait(until.elementLocated(By.xpath('//p-toastitem')), 5000);\nmessage = await notification.getText();\nassert.match(message, regExpObject, \"Upload CMND mặt sau thất bại\");\nawait driver.wait(until.stalenessOf(notification), 10000);\n//Upload giấy tờ khác \ndocumentURL = '/home/unicloud/Pictures/Facebook post 1.png'\nawait merchantPage.uploadDocument(DocEnum.ORTHERDOCUMENT, documentURL)\nnotification = await driver.wait(until.elementLocated(By.xpath('//p-toastitem')), 5000);\nmessage = await notification.getText();\nassert.match(message, regExpObject, \"Upload giấy tờ khác thất bại\");\nawait driver.wait(until.stalenessOf(notification), 10000);\nvar continueButton = await driver.wait(until.elementLocated(By.xpath('//*[@id=\"cdk-step-content-0-3\"]/div[2]/button[2]')), 1000);\nawait driver.wait(until.elementIsEnabled(continueButton), 1000);\nawait driver.wait(until.elementIsVisible(continueButton), 1000);\nawait continueButton.click();",
              "err": {},
              "uuid": "3fdb7084-d162-468d-9172-b8169b08173e",
              "parentUUID": "3b4ddb8e-5cb5-499a-a028-3373728e47d8",
              "isHook": false,
              "skipped": false
            },
            {
              "title": "[Happy Case] Generate integration Key",
              "fullTitle": "Merchant Module Tests [Happy Case] Generate integration Key",
              "timedOut": false,
              "duration": 5059,
              "state": "passed",
              "speed": "slow",
              "pass": true,
              "fail": false,
              "pending": false,
              "context": null,
              "code": "const webhookURL = 'https://www.google.com/'\nconst retryValue = '100'\nawait merchantPage.generateIntergration(webhookURL, retryValue);\n\nnotification = await driver.wait(until.elementLocated(By.xpath('//p-toastitem')), 5000);\nmessage = await notification.getText();\nconst regExpObject = new RegExp(\"Success\");\nassert.match(message, regExpObject);\nawait driver.wait(until.stalenessOf(notification), 10000);",
              "err": {},
              "uuid": "6029dee7-a43a-45a4-893b-d4ad8edaa3b4",
              "parentUUID": "3b4ddb8e-5cb5-499a-a028-3373728e47d8",
              "isHook": false,
              "skipped": false
            },
            {
              "title": "[Happy Case] Reject merchant successfully",
              "fullTitle": "Merchant Module Tests [Happy Case] Reject merchant successfully",
              "timedOut": false,
              "duration": 8753,
              "state": "passed",
              "speed": "slow",
              "pass": true,
              "fail": false,
              "pending": false,
              "context": null,
              "code": "await merchantPage.navigateMerchantDetail(mcID);\nawait merchantPage.sendApproveRequest();\nconst regExpObject1 = new RegExp(\"Gửi duyệt thành công\");\nnotification1 = await driver.wait(until.elementLocated(By.xpath('//p-toastitem')), 5000);\nmessage1 = await notification1.getText();\nassert.match(message1, regExpObject1);\nawait driver.wait(until.stalenessOf(notification1), 10000);\nawait merchantPage.rejectMerchant();\nconst regExpObject = new RegExp(\"Từ chối duyệt thành công\");\nnotification = await driver.wait(until.elementLocated(By.xpath('//p-toastitem')), 5000);\nmessage = await notification.getText();\nassert.match(message, regExpObject);\nawait driver.wait(until.stalenessOf(notification), 10000);",
              "err": {},
              "uuid": "f0f05588-283c-48bf-a4aa-1a1be2c4d4ba",
              "parentUUID": "3b4ddb8e-5cb5-499a-a028-3373728e47d8",
              "isHook": false,
              "skipped": false
            },
            {
              "title": "[Happy Case] Approve merchant successfully",
              "fullTitle": "Merchant Module Tests [Happy Case] Approve merchant successfully",
              "timedOut": false,
              "duration": 8894,
              "state": "passed",
              "speed": "slow",
              "pass": true,
              "fail": false,
              "pending": false,
              "context": null,
              "code": "await merchantPage.navigateMerchantDetail(mcID);\n    await merchantPage.sendApproveRequest();\n    const regExpObject1 = new RegExp(\"Gửi duyệt thành công\");\n    notification1 = await driver.wait(until.elementLocated(By.xpath('//p-toastitem')), 5000);\n    message1 = await notification1.getText();\n    assert.match(message1, regExpObject1);\n    await driver.wait(until.stalenessOf(notification1), 10000);\n    await merchantPage.approveMerchant();\n    const regExpObject = new RegExp(\"Duyệt thành công\");\n    notification = await driver.wait(until.elementLocated(By.xpath('//p-toastitem')), 5000);\n    message = await notification.getText();\n    assert.match(message, regExpObject);\n    await driver.wait(until.stalenessOf(notification), 10000);",
              "err": {},
              "uuid": "c4f1379e-33b0-491d-8d1a-b0725ab4fe12",
              "parentUUID": "3b4ddb8e-5cb5-499a-a028-3373728e47d8",
              "isHook": false,
              "skipped": false
            }
          ],
          "suites": [],
          "passes": [
            "9b9ddacc-42fa-47bf-b757-6f900b51e18f",
            "fc6c2492-2b32-460e-9ec3-a5d828211689",
            "0c1d7295-48df-407e-b5d8-b72c71124eeb",
            "3fdb7084-d162-468d-9172-b8169b08173e",
            "6029dee7-a43a-45a4-893b-d4ad8edaa3b4",
            "f0f05588-283c-48bf-a4aa-1a1be2c4d4ba",
            "c4f1379e-33b0-491d-8d1a-b0725ab4fe12"
          ],
          "failures": [],
          "pending": [],
          "skipped": [],
          "duration": 74997,
          "root": false,
          "rootEmpty": false,
          "_timeout": 0
        }
      ],
      "passes": [],
      "failures": [],
      "pending": [],
      "skipped": [],
      "duration": 0,
      "root": true,
      "rootEmpty": true,
      "_timeout": 0
    }
  ],
  "meta": {
    "mocha": {
      "version": "10.2.0"
    },
    "mochawesome": {
      "options": {
        "quiet": false,
        "reportFilename": "mochawesome",
        "saveHtml": true,
        "saveJson": true,
        "consoleReporter": "spec",
        "useInlineDiffs": false,
        "code": true
      },
      "version": "7.1.3"
    },
    "marge": {
      "options": null,
      "version": "6.2.0"
    }
  }
}