{
  "stats": {
    "suites": 4,
    "tests": 57,
    "passes": 57,
    "pending": 0,
    "failures": 0,
    "start": "2023-11-20T02:11:46.509Z",
    "end": "2023-11-20T02:18:39.635Z",
    "duration": 413126,
    "testsRegistered": 57,
    "passPercent": 100,
    "pendingPercent": 0,
    "other": 0,
    "hasOther": false,
    "skipped": 0,
    "hasSkipped": false
  },
  "results": [
    {
      "uuid": "4fcc0410-9950-4d60-8266-51415b936164",
      "title": "",
      "fullFile": "",
      "file": "",
      "beforeHooks": [],
      "afterHooks": [],
      "tests": [],
      "suites": [
        {
          "uuid": "5aaeff29-6bf9-43b4-ad8f-dccbcdfc3bb3",
          "title": "Fee Module Tests",
          "fullFile": "/home/unicloud/klb-enterprise-sele/tests/feeTest.js",
          "file": "/tests/feeTest.js",
          "beforeHooks": [
            {
              "title": "\"before all\" hook in \"Fee Module Tests\"",
              "fullTitle": "Fee Module Tests \"before all\" hook in \"Fee Module Tests\"",
              "timedOut": false,
              "duration": 10908,
              "state": null,
              "speed": null,
              "pass": false,
              "fail": false,
              "pending": false,
              "context": null,
              "code": "driver = await helper.initializeChromeDriver();\nfeePage = new FeePage(driver);\nconst loginPage = new LoginPage(driver);\nconst username = config.adminUsername;\nconst password = config.adminPassword;\nconst adminName = config.adminName;\n    \nawait loginPage.login(username, password, adminName);",
              "err": {},
              "uuid": "740918d2-5582-4b1d-8fdd-c55ef312be9c",
              "parentUUID": "5aaeff29-6bf9-43b4-ad8f-dccbcdfc3bb3",
              "isHook": true,
              "skipped": false
            }
          ],
          "afterHooks": [
            {
              "title": "\"after all\" hook in \"Fee Module Tests\"",
              "fullTitle": "Fee Module Tests \"after all\" hook in \"Fee Module Tests\"",
              "timedOut": false,
              "duration": 52,
              "state": null,
              "speed": null,
              "pass": false,
              "fail": false,
              "pending": false,
              "context": null,
              "code": "await driver.quit();",
              "err": {},
              "uuid": "e6a12075-9262-4d1f-8535-04a9b144b8ef",
              "parentUUID": "5aaeff29-6bf9-43b4-ad8f-dccbcdfc3bb3",
              "isHook": true,
              "skipped": false
            }
          ],
          "tests": [
            {
              "title": "[Happy Case] Create COBO FREE FEE successfully",
              "fullTitle": "Fee Module Tests [Happy Case] Create COBO FREE FEE successfully",
              "timedOut": false,
              "duration": 6788,
              "state": "passed",
              "speed": "slow",
              "pass": true,
              "fail": false,
              "pending": false,
              "context": null,
              "code": "//Navigate to fee \nawait feePage.navigate();\nconst feeType = 'Thu hộ' \nconst vat = 10;\nconst feeMethod = 'Miễn phí'\nfeeCode = await feePage.createFee(feeType, vat, feeMethod);\nconst notification = await driver.wait(until.elementLocated(By.xpath('//p-toastitem')), 5000);\nconst message = await notification.getText();\n    \nconst regExpObject = new RegExp(\"Success\");\nassert.match(message, regExpObject);\nawait driver.wait(until.stalenessOf(notification), 10000);",
              "err": {},
              "uuid": "d4d4398e-611d-412d-9998-be5bf9073e54",
              "parentUUID": "5aaeff29-6bf9-43b4-ad8f-dccbcdfc3bb3",
              "isHook": false,
              "skipped": false
            },
            {
              "title": "[Happy Case] Reject COBO FREE FEE successfully",
              "fullTitle": "Fee Module Tests [Happy Case] Reject COBO FREE FEE successfully",
              "timedOut": false,
              "duration": 4755,
              "state": "passed",
              "speed": "slow",
              "pass": true,
              "fail": false,
              "pending": false,
              "context": null,
              "code": "//Navigate to fee \nawait feePage.navigateFeeDetailByCode(feeCode);\nawait feePage.rejectFee();\nconst notification = await driver.wait(until.elementLocated(By.xpath('//p-toastitem')), 5000);\nconst message = await notification.getText();\n    \nconst regExpObject = new RegExp(\"Từ chối duyệt thành công\");\nassert.match(message, regExpObject);\nawait driver.wait(until.stalenessOf(notification), 10000);",
              "err": {},
              "uuid": "46a2656e-9bf6-4a0a-ab9e-33cdda1b9f1c",
              "parentUUID": "5aaeff29-6bf9-43b4-ad8f-dccbcdfc3bb3",
              "isHook": false,
              "skipped": false
            },
            {
              "title": "[Happy Case] Edit COBO FREE FEE successfully",
              "fullTitle": "Fee Module Tests [Happy Case] Edit COBO FREE FEE successfully",
              "timedOut": false,
              "duration": 4955,
              "state": "passed",
              "speed": "slow",
              "pass": true,
              "fail": false,
              "pending": false,
              "context": null,
              "code": "//Navigate to fee detail by code\nawait feePage.navigateFeeDetailByCode(feeCode);\nconst vat = 5;\nawait feePage.editFeeVAT(vat);\nconst notification = await driver.wait(until.elementLocated(By.xpath('//p-toastitem')), 5000);\nconst message = await notification.getText();\n    \nconst regExpObject = new RegExp(\"Success\");\nassert.match(message, regExpObject);\nawait driver.wait(until.stalenessOf(notification), 10000);",
              "err": {},
              "uuid": "26724c87-cac1-46ec-8158-23b25cf9ebd7",
              "parentUUID": "5aaeff29-6bf9-43b4-ad8f-dccbcdfc3bb3",
              "isHook": false,
              "skipped": false
            },
            {
              "title": "[Happy Case] Approve COBO FREE FEE successfully",
              "fullTitle": "Fee Module Tests [Happy Case] Approve COBO FREE FEE successfully",
              "timedOut": false,
              "duration": 4731,
              "state": "passed",
              "speed": "slow",
              "pass": true,
              "fail": false,
              "pending": false,
              "context": null,
              "code": "//Navigate to fee detail by code\nawait feePage.navigateFeeDetailByCode(feeCode);\nawait feePage.approveFee();\nconst notification = await driver.wait(until.elementLocated(By.xpath('//p-toastitem')), 5000);\nconst message = await notification.getText();\n    \nconst regExpObject = new RegExp(\"Duyệt thành công\");\nassert.match(message, regExpObject);\nawait driver.wait(until.stalenessOf(notification), 10000);",
              "err": {},
              "uuid": "bc792eda-ab66-4a37-90b6-23d362295479",
              "parentUUID": "5aaeff29-6bf9-43b4-ad8f-dccbcdfc3bb3",
              "isHook": false,
              "skipped": false
            },
            {
              "title": "[Happy Case] Create COBO FIXED FEE WITH PRICES successfully",
              "fullTitle": "Fee Module Tests [Happy Case] Create COBO FIXED FEE WITH PRICES successfully",
              "timedOut": false,
              "duration": 7941,
              "state": "passed",
              "speed": "slow",
              "pass": true,
              "fail": false,
              "pending": false,
              "context": null,
              "code": "//Navigate to fee \nawait feePage.navigate();\n\n//fee data \nconst feeType = 'Thu hộ' \nconst vat = 10;\nconst feeMethod = 'Phí cố định'\nconst feeRule = 'Số tiền phí cố định'\nconst value = 1500\n//Create fee\nfeeCode = await feePage.createFee(feeType, vat, feeMethod, feeRule, value);\nconst notification = await driver.wait(until.elementLocated(By.xpath('//p-toastitem')), 5000);\nconst message = await notification.getText();\n    \nconst regExpObject = new RegExp(\"Success\");\nassert.match(message, regExpObject);\nawait driver.wait(until.stalenessOf(notification), 10000);",
              "err": {},
              "uuid": "84937447-09fc-4111-9926-fa7d83b8bab6",
              "parentUUID": "5aaeff29-6bf9-43b4-ad8f-dccbcdfc3bb3",
              "isHook": false,
              "skipped": false
            },
            {
              "title": "[Happy Case] Reject COBO FIXED FEE WITH PRICES successfully",
              "fullTitle": "Fee Module Tests [Happy Case] Reject COBO FIXED FEE WITH PRICES successfully",
              "timedOut": false,
              "duration": 4837,
              "state": "passed",
              "speed": "slow",
              "pass": true,
              "fail": false,
              "pending": false,
              "context": null,
              "code": "//Navigate to fee \nawait feePage.navigateFeeDetailByCode(feeCode);\nawait feePage.rejectFee();\nconst notification = await driver.wait(until.elementLocated(By.xpath('//p-toastitem')), 5000);\nconst message = await notification.getText();\n    \nconst regExpObject = new RegExp(\"Từ chối duyệt thành công\");\nassert.match(message, regExpObject);\nawait driver.wait(until.stalenessOf(notification), 10000);",
              "err": {},
              "uuid": "9df0e05b-ed39-4af0-b4fd-9c9c0387fdfa",
              "parentUUID": "5aaeff29-6bf9-43b4-ad8f-dccbcdfc3bb3",
              "isHook": false,
              "skipped": false
            },
            {
              "title": "[Happy Case] Edit COBO FIXED FEE WITH PRICES successfully",
              "fullTitle": "Fee Module Tests [Happy Case] Edit COBO FIXED FEE WITH PRICES successfully",
              "timedOut": false,
              "duration": 4937,
              "state": "passed",
              "speed": "slow",
              "pass": true,
              "fail": false,
              "pending": false,
              "context": null,
              "code": "//Navigate to fee detail by code\nawait feePage.navigateFeeDetailByCode(feeCode);\nconst vat = 5;\nawait feePage.editFeeVAT(vat);\nconst notification = await driver.wait(until.elementLocated(By.xpath('//p-toastitem')), 5000);\nconst message = await notification.getText();\n    \nconst regExpObject = new RegExp(\"Success\");\nassert.match(message, regExpObject);\nawait driver.wait(until.stalenessOf(notification), 10000);",
              "err": {},
              "uuid": "e61c5b7c-adc5-4a69-8c29-1222970cd87d",
              "parentUUID": "5aaeff29-6bf9-43b4-ad8f-dccbcdfc3bb3",
              "isHook": false,
              "skipped": false
            },
            {
              "title": "[Happy Case] Approve COBO FIXED FEE WITH PRICES successfully",
              "fullTitle": "Fee Module Tests [Happy Case] Approve COBO FIXED FEE WITH PRICES successfully",
              "timedOut": false,
              "duration": 4491,
              "state": "passed",
              "speed": "slow",
              "pass": true,
              "fail": false,
              "pending": false,
              "context": null,
              "code": "//Navigate to fee detail by code\nawait feePage.navigateFeeDetailByCode(feeCode);\nawait feePage.approveFee();\nconst notification = await driver.wait(until.elementLocated(By.xpath('//p-toastitem')), 5000);\nconst message = await notification.getText();\n    \nconst regExpObject = new RegExp(\"Duyệt thành công\");\nassert.match(message, regExpObject);\nawait driver.wait(until.stalenessOf(notification), 10000);",
              "err": {},
              "uuid": "1ac449c8-37e4-46e7-976d-5fdd2880275a",
              "parentUUID": "5aaeff29-6bf9-43b4-ad8f-dccbcdfc3bb3",
              "isHook": false,
              "skipped": false
            },
            {
              "title": "[Happy Case] Create COBO FIXED FEE WITH PERCENT successfully",
              "fullTitle": "Fee Module Tests [Happy Case] Create COBO FIXED FEE WITH PERCENT successfully",
              "timedOut": false,
              "duration": 6254,
              "state": "passed",
              "speed": "slow",
              "pass": true,
              "fail": false,
              "pending": false,
              "context": null,
              "code": "//Navigate to fee \nawait feePage.navigate();\n\n//fee data \nconst feeType = 'Thu hộ' \nconst vat = 10;\nconst feeMethod = 'Phí cố định'\nconst feeRule = 'Số tiền phí theo tỷ lệ %'\nconst value = 10\n//Create fee\nfeeCode = await feePage.createFee(feeType, vat, feeMethod, feeRule, value);\nconst notification = await driver.wait(until.elementLocated(By.xpath('//p-toastitem')), 5000);\nconst message = await notification.getText();\n    \nconst regExpObject = new RegExp(\"Success\");\nassert.match(message, regExpObject);\nawait driver.wait(until.stalenessOf(notification), 10000);",
              "err": {},
              "uuid": "d627c5bf-4980-4c70-a352-ab87d689df62",
              "parentUUID": "5aaeff29-6bf9-43b4-ad8f-dccbcdfc3bb3",
              "isHook": false,
              "skipped": false
            },
            {
              "title": "[Happy Case] Reject COBO FIXED FEE WITH PERCENT successfully",
              "fullTitle": "Fee Module Tests [Happy Case] Reject COBO FIXED FEE WITH PERCENT successfully",
              "timedOut": false,
              "duration": 4721,
              "state": "passed",
              "speed": "slow",
              "pass": true,
              "fail": false,
              "pending": false,
              "context": null,
              "code": "//Navigate to fee \nawait feePage.navigateFeeDetailByCode(feeCode);\nawait feePage.rejectFee();\nconst notification = await driver.wait(until.elementLocated(By.xpath('//p-toastitem')), 5000);\nconst message = await notification.getText();\n    \nconst regExpObject = new RegExp(\"Từ chối duyệt thành công\");\nassert.match(message, regExpObject);\nawait driver.wait(until.stalenessOf(notification), 10000);",
              "err": {},
              "uuid": "b6f2a7e6-cad6-4c87-ac88-3bb30ed32f19",
              "parentUUID": "5aaeff29-6bf9-43b4-ad8f-dccbcdfc3bb3",
              "isHook": false,
              "skipped": false
            },
            {
              "title": "[Happy Case] Edit COBO FIXED FEE WITH PERCENT successfully",
              "fullTitle": "Fee Module Tests [Happy Case] Edit COBO FIXED FEE WITH PERCENT successfully",
              "timedOut": false,
              "duration": 4978,
              "state": "passed",
              "speed": "slow",
              "pass": true,
              "fail": false,
              "pending": false,
              "context": null,
              "code": "//Navigate to fee detail by code\nawait feePage.navigateFeeDetailByCode(feeCode);\nconst vat = 5;\nawait feePage.editFeeVAT(vat);\nconst notification = await driver.wait(until.elementLocated(By.xpath('//p-toastitem')), 5000);\nconst message = await notification.getText();\n    \nconst regExpObject = new RegExp(\"Success\");\nassert.match(message, regExpObject);\nawait driver.wait(until.stalenessOf(notification), 10000);",
              "err": {},
              "uuid": "5ff754a1-13ed-4705-ae4a-4574cb474519",
              "parentUUID": "5aaeff29-6bf9-43b4-ad8f-dccbcdfc3bb3",
              "isHook": false,
              "skipped": false
            },
            {
              "title": "[Happy Case] Approve COBO FIXED FEE WITH PERCENT successfully",
              "fullTitle": "Fee Module Tests [Happy Case] Approve COBO FIXED FEE WITH PERCENT successfully",
              "timedOut": false,
              "duration": 5164,
              "state": "passed",
              "speed": "slow",
              "pass": true,
              "fail": false,
              "pending": false,
              "context": null,
              "code": "//Navigate to fee detail by code\nawait feePage.navigateFeeDetailByCode(feeCode);\nawait feePage.approveFee();\nconst notification = await driver.wait(until.elementLocated(By.xpath('//p-toastitem')), 5000);\nconst message = await notification.getText();\n    \nconst regExpObject = new RegExp(\"Duyệt thành công\");\nassert.match(message, regExpObject);\nawait driver.wait(until.stalenessOf(notification), 10000);",
              "err": {},
              "uuid": "7207972f-cc33-4692-8801-2f5fe58991b4",
              "parentUUID": "5aaeff29-6bf9-43b4-ad8f-dccbcdfc3bb3",
              "isHook": false,
              "skipped": false
            },
            {
              "title": "[Happy Case] Create POBO FREE FEE successfully",
              "fullTitle": "Fee Module Tests [Happy Case] Create POBO FREE FEE successfully",
              "timedOut": false,
              "duration": 6435,
              "state": "passed",
              "speed": "slow",
              "pass": true,
              "fail": false,
              "pending": false,
              "context": null,
              "code": "//Navigate to fee \nawait feePage.navigate();\nconst feeType = 'Chi hộ nội bộ' \nconst vat = 10;\nconst feeMethod = 'Miễn phí'\nfeeCode = await feePage.createFee(feeType, vat, feeMethod);\nconst notification = await driver.wait(until.elementLocated(By.xpath('//p-toastitem')), 5000);\nconst message = await notification.getText();\n    \nconst regExpObject = new RegExp(\"Success\");\nassert.match(message, regExpObject);\nawait driver.wait(until.stalenessOf(notification), 10000);",
              "err": {},
              "uuid": "c19daa6d-e990-40ed-8c8f-e7c78c3e03df",
              "parentUUID": "5aaeff29-6bf9-43b4-ad8f-dccbcdfc3bb3",
              "isHook": false,
              "skipped": false
            },
            {
              "title": "[Happy Case] Reject POBO FREE FEE successfully",
              "fullTitle": "Fee Module Tests [Happy Case] Reject POBO FREE FEE successfully",
              "timedOut": false,
              "duration": 4752,
              "state": "passed",
              "speed": "slow",
              "pass": true,
              "fail": false,
              "pending": false,
              "context": null,
              "code": "//Navigate to fee \nawait feePage.navigateFeeDetailByCode(feeCode);\nawait feePage.rejectFee();\nconst notification = await driver.wait(until.elementLocated(By.xpath('//p-toastitem')), 5000);\nconst message = await notification.getText();\n    \nconst regExpObject = new RegExp(\"Từ chối duyệt thành công\");\nassert.match(message, regExpObject);\nawait driver.wait(until.stalenessOf(notification), 10000);",
              "err": {},
              "uuid": "45b08595-fca2-4447-9104-a4566c571dc4",
              "parentUUID": "5aaeff29-6bf9-43b4-ad8f-dccbcdfc3bb3",
              "isHook": false,
              "skipped": false
            },
            {
              "title": "[Happy Case] Edit POBO FREE FEE successfully",
              "fullTitle": "Fee Module Tests [Happy Case] Edit POBO FREE FEE successfully",
              "timedOut": false,
              "duration": 5039,
              "state": "passed",
              "speed": "slow",
              "pass": true,
              "fail": false,
              "pending": false,
              "context": null,
              "code": "//Navigate to fee detail by code\nawait feePage.navigateFeeDetailByCode(feeCode);\nconst vat = 5;\nawait feePage.editFeeVAT(vat);\nconst notification = await driver.wait(until.elementLocated(By.xpath('//p-toastitem')), 5000);\nconst message = await notification.getText();\n    \nconst regExpObject = new RegExp(\"Success\");\nassert.match(message, regExpObject);\nawait driver.wait(until.stalenessOf(notification), 10000);",
              "err": {},
              "uuid": "31d10037-7baa-4dea-801c-99b04b8dfad4",
              "parentUUID": "5aaeff29-6bf9-43b4-ad8f-dccbcdfc3bb3",
              "isHook": false,
              "skipped": false
            },
            {
              "title": "[Happy Case] Approve POBO FREE FEE successfully",
              "fullTitle": "Fee Module Tests [Happy Case] Approve POBO FREE FEE successfully",
              "timedOut": false,
              "duration": 4695,
              "state": "passed",
              "speed": "slow",
              "pass": true,
              "fail": false,
              "pending": false,
              "context": null,
              "code": "//Navigate to fee detail by code\nawait feePage.navigateFeeDetailByCode(feeCode);\nawait feePage.approveFee();\nconst notification = await driver.wait(until.elementLocated(By.xpath('//p-toastitem')), 5000);\nconst message = await notification.getText();\n    \nconst regExpObject = new RegExp(\"Duyệt thành công\");\nassert.match(message, regExpObject);\nawait driver.wait(until.stalenessOf(notification), 10000);",
              "err": {},
              "uuid": "c0a0d8e3-7da4-409c-8692-266b7ff24fcf",
              "parentUUID": "5aaeff29-6bf9-43b4-ad8f-dccbcdfc3bb3",
              "isHook": false,
              "skipped": false
            },
            {
              "title": "[Happy Case] Create POBO FIXED FEE WITH PRICES successfully",
              "fullTitle": "Fee Module Tests [Happy Case] Create POBO FIXED FEE WITH PRICES successfully",
              "timedOut": false,
              "duration": 6683,
              "state": "passed",
              "speed": "slow",
              "pass": true,
              "fail": false,
              "pending": false,
              "context": null,
              "code": "//Navigate to fee \nawait feePage.navigate();\n\n//fee data \nconst feeType = 'Chi hộ nội bộ' \nconst vat = 10;\nconst feeMethod = 'Phí cố định'\nconst feeRule = 'Số tiền phí cố định'\nconst value = 1500\n//Create fee\nfeeCode = await feePage.createFee(feeType, vat, feeMethod, feeRule, value);\nconst notification = await driver.wait(until.elementLocated(By.xpath('//p-toastitem')), 5000);\nconst message = await notification.getText();\n    \nconst regExpObject = new RegExp(\"Success\");\nassert.match(message, regExpObject);\nawait driver.wait(until.stalenessOf(notification), 10000);",
              "err": {},
              "uuid": "6fcd94a4-1382-43e2-96f8-9d6167c1320b",
              "parentUUID": "5aaeff29-6bf9-43b4-ad8f-dccbcdfc3bb3",
              "isHook": false,
              "skipped": false
            },
            {
              "title": "[Happy Case] Reject POBO FIXED FEE WITH PRICES successfully",
              "fullTitle": "Fee Module Tests [Happy Case] Reject POBO FIXED FEE WITH PRICES successfully",
              "timedOut": false,
              "duration": 4790,
              "state": "passed",
              "speed": "slow",
              "pass": true,
              "fail": false,
              "pending": false,
              "context": null,
              "code": "//Navigate to fee \nawait feePage.navigateFeeDetailByCode(feeCode);\nawait feePage.rejectFee();\nconst notification = await driver.wait(until.elementLocated(By.xpath('//p-toastitem')), 5000);\nconst message = await notification.getText();\n    \nconst regExpObject = new RegExp(\"Từ chối duyệt thành công\");\nassert.match(message, regExpObject);\nawait driver.wait(until.stalenessOf(notification), 10000);",
              "err": {},
              "uuid": "c0fb92d9-05e3-4641-8b1e-2892eac21d65",
              "parentUUID": "5aaeff29-6bf9-43b4-ad8f-dccbcdfc3bb3",
              "isHook": false,
              "skipped": false
            },
            {
              "title": "[Happy Case] Edit POBO FIXED FEE WITH PRICES successfully",
              "fullTitle": "Fee Module Tests [Happy Case] Edit POBO FIXED FEE WITH PRICES successfully",
              "timedOut": false,
              "duration": 4997,
              "state": "passed",
              "speed": "slow",
              "pass": true,
              "fail": false,
              "pending": false,
              "context": null,
              "code": "//Navigate to fee detail by code\nawait feePage.navigateFeeDetailByCode(feeCode);\nconst vat = 5;\nawait feePage.editFeeVAT(vat);\nconst notification = await driver.wait(until.elementLocated(By.xpath('//p-toastitem')), 5000);\nconst message = await notification.getText();\n    \nconst regExpObject = new RegExp(\"Success\");\nassert.match(message, regExpObject);\nawait driver.wait(until.stalenessOf(notification), 10000);",
              "err": {},
              "uuid": "83026bf8-058b-4d38-93b6-5cd8b6a4916e",
              "parentUUID": "5aaeff29-6bf9-43b4-ad8f-dccbcdfc3bb3",
              "isHook": false,
              "skipped": false
            },
            {
              "title": "[Happy Case] Approve POBO FIXED FEE WITH PRICES successfully",
              "fullTitle": "Fee Module Tests [Happy Case] Approve POBO FIXED FEE WITH PRICES successfully",
              "timedOut": false,
              "duration": 4670,
              "state": "passed",
              "speed": "slow",
              "pass": true,
              "fail": false,
              "pending": false,
              "context": null,
              "code": "//Navigate to fee detail by code\nawait feePage.navigateFeeDetailByCode(feeCode);\nawait feePage.approveFee();\nconst notification = await driver.wait(until.elementLocated(By.xpath('//p-toastitem')), 5000);\nconst message = await notification.getText();\n    \nconst regExpObject = new RegExp(\"Duyệt thành công\");\nassert.match(message, regExpObject);\nawait driver.wait(until.stalenessOf(notification), 10000);",
              "err": {},
              "uuid": "d18331aa-90ea-41cc-82f3-77f49c1b2163",
              "parentUUID": "5aaeff29-6bf9-43b4-ad8f-dccbcdfc3bb3",
              "isHook": false,
              "skipped": false
            },
            {
              "title": "[Happy Case] Create POBO FIXED FEE WITH PERCENT successfully",
              "fullTitle": "Fee Module Tests [Happy Case] Create POBO FIXED FEE WITH PERCENT successfully",
              "timedOut": false,
              "duration": 7565,
              "state": "passed",
              "speed": "slow",
              "pass": true,
              "fail": false,
              "pending": false,
              "context": null,
              "code": "//Navigate to fee \nawait feePage.navigate();\n\n//fee data \nconst feeType = 'Chi hộ nội bộ' \nconst vat = 10;\nconst feeMethod = 'Phí cố định'\nconst feeRule = 'Số tiền phí theo tỷ lệ %'\nconst value = 10\n//Create fee\nfeeCode = await feePage.createFee(feeType, vat, feeMethod, feeRule, value);\nconst notification = await driver.wait(until.elementLocated(By.xpath('//p-toastitem')), 5000);\nconst message = await notification.getText();\n    \nconst regExpObject = new RegExp(\"Success\");\nassert.match(message, regExpObject);\nawait driver.wait(until.stalenessOf(notification), 10000);",
              "err": {},
              "uuid": "71278994-9ec6-42b0-aaa9-55630de10ec3",
              "parentUUID": "5aaeff29-6bf9-43b4-ad8f-dccbcdfc3bb3",
              "isHook": false,
              "skipped": false
            },
            {
              "title": "[Happy Case] Reject POBO FIXED FEE WITH PERCENT successfully",
              "fullTitle": "Fee Module Tests [Happy Case] Reject POBO FIXED FEE WITH PERCENT successfully",
              "timedOut": false,
              "duration": 4788,
              "state": "passed",
              "speed": "slow",
              "pass": true,
              "fail": false,
              "pending": false,
              "context": null,
              "code": "//Navigate to fee \nawait feePage.navigateFeeDetailByCode(feeCode);\nawait feePage.rejectFee();\nconst notification = await driver.wait(until.elementLocated(By.xpath('//p-toastitem')), 5000);\nconst message = await notification.getText();\n    \nconst regExpObject = new RegExp(\"Từ chối duyệt thành công\");\nassert.match(message, regExpObject);\nawait driver.wait(until.stalenessOf(notification), 10000);",
              "err": {},
              "uuid": "9ac54ce8-dc3e-4896-8802-6c03db07d76e",
              "parentUUID": "5aaeff29-6bf9-43b4-ad8f-dccbcdfc3bb3",
              "isHook": false,
              "skipped": false
            },
            {
              "title": "[Happy Case] Edit POBO FIXED FEE WITH PERCENT successfully",
              "fullTitle": "Fee Module Tests [Happy Case] Edit POBO FIXED FEE WITH PERCENT successfully",
              "timedOut": false,
              "duration": 5048,
              "state": "passed",
              "speed": "slow",
              "pass": true,
              "fail": false,
              "pending": false,
              "context": null,
              "code": "//Navigate to fee detail by code\nawait feePage.navigateFeeDetailByCode(feeCode);\nconst vat = 5;\nawait feePage.editFeeVAT(vat);\nconst notification = await driver.wait(until.elementLocated(By.xpath('//p-toastitem')), 5000);\nconst message = await notification.getText();\n    \nconst regExpObject = new RegExp(\"Success\");\nassert.match(message, regExpObject);\nawait driver.wait(until.stalenessOf(notification), 10000);",
              "err": {},
              "uuid": "88714647-7226-489f-ad9e-5f90eab24951",
              "parentUUID": "5aaeff29-6bf9-43b4-ad8f-dccbcdfc3bb3",
              "isHook": false,
              "skipped": false
            },
            {
              "title": "[Happy Case] Approve POBO FIXED FEE WITH PERCENT successfully",
              "fullTitle": "Fee Module Tests [Happy Case] Approve POBO FIXED FEE WITH PERCENT successfully",
              "timedOut": false,
              "duration": 4719,
              "state": "passed",
              "speed": "slow",
              "pass": true,
              "fail": false,
              "pending": false,
              "context": null,
              "code": "//Navigate to fee detail by code\nawait feePage.navigateFeeDetailByCode(feeCode);\nawait feePage.approveFee();\nconst notification = await driver.wait(until.elementLocated(By.xpath('//p-toastitem')), 5000);\nconst message = await notification.getText();\n    \nconst regExpObject = new RegExp(\"Duyệt thành công\");\nassert.match(message, regExpObject);\nawait driver.wait(until.stalenessOf(notification), 10000);",
              "err": {},
              "uuid": "8c7d1460-e065-4291-b39b-4914c98b70ec",
              "parentUUID": "5aaeff29-6bf9-43b4-ad8f-dccbcdfc3bb3",
              "isHook": false,
              "skipped": false
            },
            {
              "title": "[Happy Case] Create POBO_INTER_BANK FREE FEE successfully",
              "fullTitle": "Fee Module Tests [Happy Case] Create POBO_INTER_BANK FREE FEE successfully",
              "timedOut": false,
              "duration": 7249,
              "state": "passed",
              "speed": "slow",
              "pass": true,
              "fail": false,
              "pending": false,
              "context": null,
              "code": "//Navigate to fee \nawait feePage.navigate();\nconst feeType = 'Chi hộ liên ngân hàng' \nconst vat = 10;\nconst feeMethod = 'Miễn phí'\nfeeCode = await feePage.createFee(feeType, vat, feeMethod);\nconst notification = await driver.wait(until.elementLocated(By.xpath('//p-toastitem')), 5000);\nconst message = await notification.getText();\n    \nconst regExpObject = new RegExp(\"Success\");\nassert.match(message, regExpObject);\nawait driver.wait(until.stalenessOf(notification), 10000);",
              "err": {},
              "uuid": "53561289-de55-40ae-8ba0-943b9061216c",
              "parentUUID": "5aaeff29-6bf9-43b4-ad8f-dccbcdfc3bb3",
              "isHook": false,
              "skipped": false
            },
            {
              "title": "[Happy Case] Reject POBO_INTER_BANK FREE FEE successfully",
              "fullTitle": "Fee Module Tests [Happy Case] Reject POBO_INTER_BANK FREE FEE successfully",
              "timedOut": false,
              "duration": 4778,
              "state": "passed",
              "speed": "slow",
              "pass": true,
              "fail": false,
              "pending": false,
              "context": null,
              "code": "//Navigate to fee \nawait feePage.navigateFeeDetailByCode(feeCode);\nawait feePage.rejectFee();\nconst notification = await driver.wait(until.elementLocated(By.xpath('//p-toastitem')), 5000);\nconst message = await notification.getText();\n    \nconst regExpObject = new RegExp(\"Từ chối duyệt thành công\");\nassert.match(message, regExpObject);\nawait driver.wait(until.stalenessOf(notification), 10000);",
              "err": {},
              "uuid": "2a815556-a5af-422e-8715-009dc899eaf5",
              "parentUUID": "5aaeff29-6bf9-43b4-ad8f-dccbcdfc3bb3",
              "isHook": false,
              "skipped": false
            },
            {
              "title": "[Happy Case] Edit POBO_INTER_BANK FREE FEE successfully",
              "fullTitle": "Fee Module Tests [Happy Case] Edit POBO_INTER_BANK FREE FEE successfully",
              "timedOut": false,
              "duration": 5226,
              "state": "passed",
              "speed": "slow",
              "pass": true,
              "fail": false,
              "pending": false,
              "context": null,
              "code": "//Navigate to fee detail by code\nawait feePage.navigateFeeDetailByCode(feeCode);\nconst vat = 5;\nawait feePage.editFeeVAT(vat);\nconst notification = await driver.wait(until.elementLocated(By.xpath('//p-toastitem')), 5000);\nconst message = await notification.getText();\n    \nconst regExpObject = new RegExp(\"Success\");\nassert.match(message, regExpObject);\nawait driver.wait(until.stalenessOf(notification), 10000);",
              "err": {},
              "uuid": "1df3be49-6163-43f5-9681-d032faab0565",
              "parentUUID": "5aaeff29-6bf9-43b4-ad8f-dccbcdfc3bb3",
              "isHook": false,
              "skipped": false
            },
            {
              "title": "[Happy Case] Approve POBO_INTER_BANK FREE FEE successfully",
              "fullTitle": "Fee Module Tests [Happy Case] Approve POBO_INTER_BANK FREE FEE successfully",
              "timedOut": false,
              "duration": 4733,
              "state": "passed",
              "speed": "slow",
              "pass": true,
              "fail": false,
              "pending": false,
              "context": null,
              "code": "//Navigate to fee detail by code\nawait feePage.navigateFeeDetailByCode(feeCode);\nawait feePage.approveFee();\nconst notification = await driver.wait(until.elementLocated(By.xpath('//p-toastitem')), 5000);\nconst message = await notification.getText();\n    \nconst regExpObject = new RegExp(\"Duyệt thành công\");\nassert.match(message, regExpObject);\nawait driver.wait(until.stalenessOf(notification), 10000);",
              "err": {},
              "uuid": "e5c8cfad-5f54-4da0-8ac6-54dfb3eb6f3a",
              "parentUUID": "5aaeff29-6bf9-43b4-ad8f-dccbcdfc3bb3",
              "isHook": false,
              "skipped": false
            },
            {
              "title": "[Happy Case] Create POBO_INTER_BANK FIXED FEE WITH PRICES successfully",
              "fullTitle": "Fee Module Tests [Happy Case] Create POBO_INTER_BANK FIXED FEE WITH PRICES successfully",
              "timedOut": false,
              "duration": 8577,
              "state": "passed",
              "speed": "slow",
              "pass": true,
              "fail": false,
              "pending": false,
              "context": null,
              "code": "//Navigate to fee \nawait feePage.navigate();\n\n//fee data \nconst feeType = 'Chi hộ liên ngân hàng' \nconst vat = 10;\nconst feeMethod = 'Phí cố định'\nconst feeRule = 'Số tiền phí cố định'\nconst value = 1500\n//Create fee\nfeeCode = await feePage.createFee(feeType, vat, feeMethod, feeRule, value);\nconst notification = await driver.wait(until.elementLocated(By.xpath('//p-toastitem')), 5000);\nconst message = await notification.getText();\n    \nconst regExpObject = new RegExp(\"Success\");\nassert.match(message, regExpObject);\nawait driver.wait(until.stalenessOf(notification), 10000);",
              "err": {},
              "uuid": "ffdce196-3e05-4369-ac24-c3f208af78af",
              "parentUUID": "5aaeff29-6bf9-43b4-ad8f-dccbcdfc3bb3",
              "isHook": false,
              "skipped": false
            },
            {
              "title": "[Happy Case] Reject POBO_INTER_BANK FIXED FEE WITH PRICES successfully",
              "fullTitle": "Fee Module Tests [Happy Case] Reject POBO_INTER_BANK FIXED FEE WITH PRICES successfully",
              "timedOut": false,
              "duration": 4786,
              "state": "passed",
              "speed": "slow",
              "pass": true,
              "fail": false,
              "pending": false,
              "context": null,
              "code": "//Navigate to fee \nawait feePage.navigateFeeDetailByCode(feeCode);\nawait feePage.rejectFee();\nconst notification = await driver.wait(until.elementLocated(By.xpath('//p-toastitem')), 5000);\nconst message = await notification.getText();\n    \nconst regExpObject = new RegExp(\"Từ chối duyệt thành công\");\nassert.match(message, regExpObject);\nawait driver.wait(until.stalenessOf(notification), 10000);",
              "err": {},
              "uuid": "3d27b970-9b07-4092-b2f6-e45c2f03573b",
              "parentUUID": "5aaeff29-6bf9-43b4-ad8f-dccbcdfc3bb3",
              "isHook": false,
              "skipped": false
            },
            {
              "title": "[Happy Case] Edit POBO_INTER_BANK FIXED FEE WITH PRICES successfully",
              "fullTitle": "Fee Module Tests [Happy Case] Edit POBO_INTER_BANK FIXED FEE WITH PRICES successfully",
              "timedOut": false,
              "duration": 5206,
              "state": "passed",
              "speed": "slow",
              "pass": true,
              "fail": false,
              "pending": false,
              "context": null,
              "code": "//Navigate to fee detail by code\nawait feePage.navigateFeeDetailByCode(feeCode);\nconst vat = 5;\nawait feePage.editFeeVAT(vat);\nconst notification = await driver.wait(until.elementLocated(By.xpath('//p-toastitem')), 5000);\nconst message = await notification.getText();\n    \nconst regExpObject = new RegExp(\"Success\");\nassert.match(message, regExpObject);\nawait driver.wait(until.stalenessOf(notification), 10000);",
              "err": {},
              "uuid": "e5050c4f-3980-4e28-9e43-c5a80a5c4c0c",
              "parentUUID": "5aaeff29-6bf9-43b4-ad8f-dccbcdfc3bb3",
              "isHook": false,
              "skipped": false
            },
            {
              "title": "[Happy Case] Approve POBO_INTER_BANK FIXED FEE WITH PRICES successfully",
              "fullTitle": "Fee Module Tests [Happy Case] Approve POBO_INTER_BANK FIXED FEE WITH PRICES successfully",
              "timedOut": false,
              "duration": 4737,
              "state": "passed",
              "speed": "slow",
              "pass": true,
              "fail": false,
              "pending": false,
              "context": null,
              "code": "//Navigate to fee detail by code\nawait feePage.navigateFeeDetailByCode(feeCode);\nawait feePage.approveFee();\nconst notification = await driver.wait(until.elementLocated(By.xpath('//p-toastitem')), 5000);\nconst message = await notification.getText();\n    \nconst regExpObject = new RegExp(\"Duyệt thành công\");\nassert.match(message, regExpObject);\nawait driver.wait(until.stalenessOf(notification), 10000);",
              "err": {},
              "uuid": "3d49ad2a-c4ff-4c52-9a6e-549887089c6b",
              "parentUUID": "5aaeff29-6bf9-43b4-ad8f-dccbcdfc3bb3",
              "isHook": false,
              "skipped": false
            },
            {
              "title": "[Happy Case] Create POBO_INTER_BANK FIXED FEE WITH PERCENT successfully",
              "fullTitle": "Fee Module Tests [Happy Case] Create POBO_INTER_BANK FIXED FEE WITH PERCENT successfully",
              "timedOut": false,
              "duration": 8428,
              "state": "passed",
              "speed": "slow",
              "pass": true,
              "fail": false,
              "pending": false,
              "context": null,
              "code": "//Navigate to fee \nawait feePage.navigate();\n\n//fee data \nconst feeType = 'Chi hộ liên ngân hàng' \nconst vat = 10;\nconst feeMethod = 'Phí cố định'\nconst feeRule = 'Số tiền phí theo tỷ lệ %'\nconst value = 10\n//Create fee\nfeeCode = await feePage.createFee(feeType, vat, feeMethod, feeRule, value);\nconst notification = await driver.wait(until.elementLocated(By.xpath('//p-toastitem')), 5000);\nconst message = await notification.getText();\n    \nconst regExpObject = new RegExp(\"Success\");\nassert.match(message, regExpObject);\nawait driver.wait(until.stalenessOf(notification), 10000);",
              "err": {},
              "uuid": "537f3983-5e2b-4ad6-9563-2e7e2d32c324",
              "parentUUID": "5aaeff29-6bf9-43b4-ad8f-dccbcdfc3bb3",
              "isHook": false,
              "skipped": false
            },
            {
              "title": "[Happy Case] Reject POBO_INTER_BANK FIXED FEE WITH PERCENT successfully",
              "fullTitle": "Fee Module Tests [Happy Case] Reject POBO_INTER_BANK FIXED FEE WITH PERCENT successfully",
              "timedOut": false,
              "duration": 4791,
              "state": "passed",
              "speed": "slow",
              "pass": true,
              "fail": false,
              "pending": false,
              "context": null,
              "code": "//Navigate to fee \nawait feePage.navigateFeeDetailByCode(feeCode);\nawait feePage.rejectFee();\nconst notification = await driver.wait(until.elementLocated(By.xpath('//p-toastitem')), 5000);\nconst message = await notification.getText();\n    \nconst regExpObject = new RegExp(\"Từ chối duyệt thành công\");\nassert.match(message, regExpObject);\nawait driver.wait(until.stalenessOf(notification), 10000);",
              "err": {},
              "uuid": "919d14a3-5628-42a7-9968-f653a341612e",
              "parentUUID": "5aaeff29-6bf9-43b4-ad8f-dccbcdfc3bb3",
              "isHook": false,
              "skipped": false
            },
            {
              "title": "[Happy Case] Edit POBO_INTER_BANK FIXED FEE WITH PERCENT successfully",
              "fullTitle": "Fee Module Tests [Happy Case] Edit POBO_INTER_BANK FIXED FEE WITH PERCENT successfully",
              "timedOut": false,
              "duration": 5212,
              "state": "passed",
              "speed": "slow",
              "pass": true,
              "fail": false,
              "pending": false,
              "context": null,
              "code": "//Navigate to fee detail by code\nawait feePage.navigateFeeDetailByCode(feeCode);\nconst vat = 5;\nawait feePage.editFeeVAT(vat);\nconst notification = await driver.wait(until.elementLocated(By.xpath('//p-toastitem')), 5000);\nconst message = await notification.getText();\n    \nconst regExpObject = new RegExp(\"Success\");\nassert.match(message, regExpObject);\nawait driver.wait(until.stalenessOf(notification), 10000);",
              "err": {},
              "uuid": "485bb379-78fa-4e8c-806c-89e1ec77e99d",
              "parentUUID": "5aaeff29-6bf9-43b4-ad8f-dccbcdfc3bb3",
              "isHook": false,
              "skipped": false
            },
            {
              "title": "[Happy Case] Approve POBO_INTER_BANK FIXED FEE WITH PERCENT successfully",
              "fullTitle": "Fee Module Tests [Happy Case] Approve POBO_INTER_BANK FIXED FEE WITH PERCENT successfully",
              "timedOut": false,
              "duration": 4865,
              "state": "passed",
              "speed": "slow",
              "pass": true,
              "fail": false,
              "pending": false,
              "context": null,
              "code": "//Navigate to fee detail by code\nawait feePage.navigateFeeDetailByCode(feeCode);\nawait feePage.approveFee();\nconst notification = await driver.wait(until.elementLocated(By.xpath('//p-toastitem')), 5000);\nconst message = await notification.getText();\n    \nconst regExpObject = new RegExp(\"Duyệt thành công\");\nassert.match(message, regExpObject);\nawait driver.wait(until.stalenessOf(notification), 10000);",
              "err": {},
              "uuid": "18fcdfff-fa9b-4947-beb6-eee524153554",
              "parentUUID": "5aaeff29-6bf9-43b4-ad8f-dccbcdfc3bb3",
              "isHook": false,
              "skipped": false
            }
          ],
          "suites": [],
          "passes": [
            "d4d4398e-611d-412d-9998-be5bf9073e54",
            "46a2656e-9bf6-4a0a-ab9e-33cdda1b9f1c",
            "26724c87-cac1-46ec-8158-23b25cf9ebd7",
            "bc792eda-ab66-4a37-90b6-23d362295479",
            "84937447-09fc-4111-9926-fa7d83b8bab6",
            "9df0e05b-ed39-4af0-b4fd-9c9c0387fdfa",
            "e61c5b7c-adc5-4a69-8c29-1222970cd87d",
            "1ac449c8-37e4-46e7-976d-5fdd2880275a",
            "d627c5bf-4980-4c70-a352-ab87d689df62",
            "b6f2a7e6-cad6-4c87-ac88-3bb30ed32f19",
            "5ff754a1-13ed-4705-ae4a-4574cb474519",
            "7207972f-cc33-4692-8801-2f5fe58991b4",
            "c19daa6d-e990-40ed-8c8f-e7c78c3e03df",
            "45b08595-fca2-4447-9104-a4566c571dc4",
            "31d10037-7baa-4dea-801c-99b04b8dfad4",
            "c0a0d8e3-7da4-409c-8692-266b7ff24fcf",
            "6fcd94a4-1382-43e2-96f8-9d6167c1320b",
            "c0fb92d9-05e3-4641-8b1e-2892eac21d65",
            "83026bf8-058b-4d38-93b6-5cd8b6a4916e",
            "d18331aa-90ea-41cc-82f3-77f49c1b2163",
            "71278994-9ec6-42b0-aaa9-55630de10ec3",
            "9ac54ce8-dc3e-4896-8802-6c03db07d76e",
            "88714647-7226-489f-ad9e-5f90eab24951",
            "8c7d1460-e065-4291-b39b-4914c98b70ec",
            "53561289-de55-40ae-8ba0-943b9061216c",
            "2a815556-a5af-422e-8715-009dc899eaf5",
            "1df3be49-6163-43f5-9681-d032faab0565",
            "e5c8cfad-5f54-4da0-8ac6-54dfb3eb6f3a",
            "ffdce196-3e05-4369-ac24-c3f208af78af",
            "3d27b970-9b07-4092-b2f6-e45c2f03573b",
            "e5050c4f-3980-4e28-9e43-c5a80a5c4c0c",
            "3d49ad2a-c4ff-4c52-9a6e-549887089c6b",
            "537f3983-5e2b-4ad6-9563-2e7e2d32c324",
            "919d14a3-5628-42a7-9968-f653a341612e",
            "485bb379-78fa-4e8c-806c-89e1ec77e99d",
            "18fcdfff-fa9b-4947-beb6-eee524153554"
          ],
          "failures": [],
          "pending": [],
          "skipped": [],
          "duration": 197321,
          "root": false,
          "rootEmpty": false,
          "_timeout": 0
        },
        {
          "uuid": "c035be15-fe4a-4c86-b942-cffcdb005b64",
          "title": "Login Tests",
          "fullFile": "/home/unicloud/klb-enterprise-sele/tests/loginTest.js",
          "file": "/tests/loginTest.js",
          "beforeHooks": [
            {
              "title": "\"before each\" hook in \"Login Tests\"",
              "fullTitle": "Login Tests \"before each\" hook in \"Login Tests\"",
              "timedOut": false,
              "duration": 7589,
              "state": null,
              "speed": null,
              "pass": false,
              "fail": false,
              "pending": false,
              "context": null,
              "code": "driver = await helper.initializeChromeDriver();",
              "err": {},
              "uuid": "fd23af23-05d2-44f2-90ca-8e307b7abb2b",
              "parentUUID": "c035be15-fe4a-4c86-b942-cffcdb005b64",
              "isHook": true,
              "skipped": false
            }
          ],
          "afterHooks": [
            {
              "title": "\"after each\" hook in \"Login Tests\"",
              "fullTitle": "Login Tests \"after each\" hook in \"Login Tests\"",
              "timedOut": false,
              "duration": 52,
              "state": null,
              "speed": null,
              "pass": false,
              "fail": false,
              "pending": false,
              "context": null,
              "code": "await driver.quit();",
              "err": {},
              "uuid": "bd0d2f85-c6ec-4f4d-8f37-aadd48a2eb25",
              "parentUUID": "c035be15-fe4a-4c86-b942-cffcdb005b64",
              "isHook": true,
              "skipped": false
            }
          ],
          "tests": [
            {
              "title": "[Happy Case] Login successfully",
              "fullTitle": "Login Tests [Happy Case] Login successfully",
              "timedOut": false,
              "duration": 2337,
              "state": "passed",
              "speed": "slow",
              "pass": true,
              "fail": false,
              "pending": false,
              "context": null,
              "code": "const loginPage = new LoginPage(driver);\n    const username = config.adminUsername;\n    const password = config.adminPassword; \n    \n    await loginPage.loginForTest(username, password);\n    await new Promise(resolve => setTimeout(resolve, 2000));\n    // Add assertions to verify successful login\n    var h4Element = await driver.wait(until.elementLocated(By.xpath(\"//div[@class='info']/h4\")), 10000);\n    const welcomeMessage = await h4Element.getText();\n    assert.equal(welcomeMessage, config.adminName);",
              "err": {},
              "uuid": "cc839210-c4e1-4965-9e7b-a3589bbd7e75",
              "parentUUID": "c035be15-fe4a-4c86-b942-cffcdb005b64",
              "isHook": false,
              "skipped": false
            },
            {
              "title": "Show error on invalid login",
              "fullTitle": "Login Tests Show error on invalid login",
              "timedOut": false,
              "duration": 3971,
              "state": "passed",
              "speed": "slow",
              "pass": true,
              "fail": false,
              "pending": false,
              "context": null,
              "code": "const loginPage = new LoginPage(driver);\nconst username = 'invalid_username';\nconst password = 'invalid_password';\nawait loginPage.loginForTest(username, password);\n\nconst regExpObject = new RegExp(\"Đăng nhập không thành công, vui lòng thử lại.\");\nnotification = await driver.wait(until.elementLocated(By.xpath('//p-toastitem')), 5000);\nmessage = await notification.getText();\nassert.match(message, regExpObject);\nawait driver.wait(until.stalenessOf(notification), 10000);",
              "err": {},
              "uuid": "3163ddab-3bd0-4cb7-bb21-6ccbbdef230e",
              "parentUUID": "c035be15-fe4a-4c86-b942-cffcdb005b64",
              "isHook": false,
              "skipped": false
            }
          ],
          "suites": [],
          "passes": [
            "cc839210-c4e1-4965-9e7b-a3589bbd7e75",
            "3163ddab-3bd0-4cb7-bb21-6ccbbdef230e"
          ],
          "failures": [],
          "pending": [],
          "skipped": [],
          "duration": 6308,
          "root": false,
          "rootEmpty": false,
          "_timeout": 0
        },
        {
          "uuid": "1a1fed6c-517a-4a4f-a7e4-51769aabf71e",
          "title": "Merchant Module Tests",
          "fullFile": "/home/unicloud/klb-enterprise-sele/tests/merchantTest.js",
          "file": "/tests/merchantTest.js",
          "beforeHooks": [
            {
              "title": "\"before all\" hook in \"Merchant Module Tests\"",
              "fullTitle": "Merchant Module Tests \"before all\" hook in \"Merchant Module Tests\"",
              "timedOut": false,
              "duration": 6693,
              "state": null,
              "speed": null,
              "pass": false,
              "fail": false,
              "pending": false,
              "context": null,
              "code": "driver = await helper.initializeChromeDriver();\nmerchantPage = new MerchantPage(driver);\nconst loginPage = new LoginPage(driver);\nconst username = config.adminUsername;\nconst password = config.adminPassword;\nconst adminName = config.adminName;\nawait loginPage.login(username, password, adminName);",
              "err": {},
              "uuid": "eabab564-2a08-48ef-b874-95f9822f154e",
              "parentUUID": "1a1fed6c-517a-4a4f-a7e4-51769aabf71e",
              "isHook": true,
              "skipped": false
            }
          ],
          "afterHooks": [
            {
              "title": "\"after all\" hook in \"Merchant Module Tests\"",
              "fullTitle": "Merchant Module Tests \"after all\" hook in \"Merchant Module Tests\"",
              "timedOut": false,
              "duration": 52,
              "state": null,
              "speed": null,
              "pass": false,
              "fail": false,
              "pending": false,
              "context": null,
              "code": "await driver.quit();",
              "err": {},
              "uuid": "b7519021-6cd1-43fd-b416-4fd41f686d61",
              "parentUUID": "1a1fed6c-517a-4a4f-a7e4-51769aabf71e",
              "isHook": true,
              "skipped": false
            }
          ],
          "tests": [
            {
              "title": "[Happy Case] Create merchant successfully",
              "fullTitle": "Merchant Module Tests [Happy Case] Create merchant successfully",
              "timedOut": false,
              "duration": 12827,
              "state": "passed",
              "speed": "slow",
              "pass": true,
              "fail": false,
              "pending": false,
              "context": null,
              "code": "await merchantPage.navigate();\nconst merchantType = companyData.type;\nconst affiliate = companyData.affiliate;\nconst merchantCif = companyData.cif;\nconst companyName = companyData.companyName;\n\nconst limitPackageValue = PackageEnum.VIP;\nconst businessType = BusinessCateEnum.DICH_VU_AN_UONG;\nconst chargeTypeValue = ChargeTypeEnum.MONTHLY;\nconst repesentName = companyData.repesentName;\nconst repesentDoB = companyData.repesentDoB;\nconst sex = SexEnum.MALE;\nconst representEmail = companyData.representEmail;\nconst isWhiteList = true;\nmcID = await merchantPage.createMCProfile(\n  merchantType,\n  affiliate,\n  merchantCif,\n  companyName,\n  limitPackageValue,\n  businessType,\n  chargeTypeValue,\n  repesentName,\n  repesentDoB,\n  sex,\n  representEmail,\n  isWhiteList\n);\nconst notification = await driver.wait(until.elementLocated(By.xpath('//p-toastitem')), 5000);\nconst message = await notification.getText();\nconst regExpObject = new RegExp(\"Khởi tạo đối tác thành công\");\nassert.match(message, regExpObject);\n\nawait driver.wait(until.stalenessOf(notification), 10000);",
              "err": {},
              "uuid": "960b947f-ec81-4f75-9a3d-6466241cce09",
              "parentUUID": "1a1fed6c-517a-4a4f-a7e4-51769aabf71e",
              "isHook": false,
              "skipped": false
            },
            {
              "title": "[Happy Case] Add account successfully",
              "fullTitle": "Merchant Module Tests [Happy Case] Add account successfully",
              "timedOut": false,
              "duration": 9819,
              "state": "passed",
              "speed": "slow",
              "pass": true,
              "fail": false,
              "pending": false,
              "context": null,
              "code": "//Start add account\nconst accountSelect = companyData.account_no\nawait merchantPage.addAccountForMC(accountSelect);\n//Expected 3 account add successfully to Mc \nconst tableBody = await driver.findElement(By.css('tbody[role=\"rowgroup\"]'));\nconst rows = await tableBody.findElements(By.css('tr[role=\"row\"]'));\nassert.equal(rows.length, 3, \"Gán tài khoản thất bại\");",
              "err": {},
              "uuid": "f354f017-b078-4448-ab82-a9ddcc0a9bde",
              "parentUUID": "1a1fed6c-517a-4a4f-a7e4-51769aabf71e",
              "isHook": false,
              "skipped": false
            },
            {
              "title": "[Happy Case] Add MC Fee successfully",
              "fullTitle": "Merchant Module Tests [Happy Case] Add MC Fee successfully",
              "timedOut": false,
              "duration": 498,
              "state": "passed",
              "speed": "slow",
              "pass": true,
              "fail": false,
              "pending": false,
              "context": null,
              "code": "var continueButton = await driver.wait(until.elementLocated(By.xpath('//*[@id=\"cdk-step-content-0-2\"]/div/button[2]')), 1000);\nawait driver.wait(until.elementIsEnabled(continueButton), 1000);\nawait driver.wait(until.elementIsVisible(continueButton), 1000);\nawait continueButton.click();\nassert.equal(1, 1, \"Gán phí Thất bại\");",
              "err": {},
              "uuid": "fd5babd4-ac38-4b9e-bee2-77d8bd5ff81e",
              "parentUUID": "1a1fed6c-517a-4a4f-a7e4-51769aabf71e",
              "isHook": false,
              "skipped": false
            },
            {
              "title": "[Happy Case] Upload MC document successfully",
              "fullTitle": "Merchant Module Tests [Happy Case] Upload MC document successfully",
              "timedOut": false,
              "duration": 29690,
              "state": "passed",
              "speed": "slow",
              "pass": true,
              "fail": false,
              "pending": false,
              "context": null,
              "code": "const regExpObject = new RegExp(\"Upload file thành công\");\nlet notification;\nlet documentURL;\nlet message;\n//Upload Giấy phép đăng ký kinh doanh\ndocumentURL = '/home/unicloud/Documents/PDF example/Size_8.9MB.pdf'\nawait merchantPage.uploadDocument(DocEnum.BUSINESSLICENSE, documentURL)\nnotification = await driver.wait(until.elementLocated(By.xpath('//p-toastitem')), 5000);\nmessage = await notification.getText();\nassert.match(message, regExpObject, \"Upload Giấy phép KD thất bại\");\nawait driver.wait(until.stalenessOf(notification), 10000);\n//Upload Hợp đồng\ndocumentURL = '/home/unicloud/Pictures/Hop-dong.pdf'\nawait merchantPage.uploadDocument(DocEnum.BUSINESSCONTRACT, documentURL)\nnotification = await driver.wait(until.elementLocated(By.xpath('//p-toastitem')), 5000);\nmessage = await notification.getText();\nassert.match(message, regExpObject, \"Upload Hợp đồng thất bại\");\nawait driver.wait(until.stalenessOf(notification), 10000);\n//Upload Giấy chứng nhận đại diện hợp pháp\ndocumentURL = '/home/unicloud/Pictures/GIAY-PHEP-DKKD_001.jpg'\nawait merchantPage.uploadDocument(DocEnum.LEGALCONTRACT, documentURL)\nnotification = await driver.wait(until.elementLocated(By.xpath('//p-toastitem')), 5000);\nmessage = await notification.getText();\nassert.match(message, regExpObject, \"Upload Giấy chứng nhận đại diện thất bại\");\nawait driver.wait(until.stalenessOf(notification), 10000);\n//Upload CMND mặt trước\ndocumentURL = '/home/unicloud/Pictures/doggie_corgi-1280x600.jpg'\nawait merchantPage.uploadDocument(DocEnum.FRONTID, documentURL)\nnotification = await driver.wait(until.elementLocated(By.xpath('//p-toastitem')), 5000);\nmessage = await notification.getText();\nassert.match(message, regExpObject, \"Upload CMND mặt trước thất bại\");\nawait driver.wait(until.stalenessOf(notification), 10000);\n//Upload CMND mặt sau\ndocumentURL = '/home/unicloud/Pictures/Nengoro.full.2465602.jpg'\nawait merchantPage.uploadDocument(DocEnum.BACKID, documentURL)\nnotification = await driver.wait(until.elementLocated(By.xpath('//p-toastitem')), 5000);\nmessage = await notification.getText();\nassert.match(message, regExpObject, \"Upload CMND mặt sau thất bại\");\nawait driver.wait(until.stalenessOf(notification), 10000);\n//Upload giấy tờ khác \ndocumentURL = '/home/unicloud/Pictures/Facebook post 1.png'\nawait merchantPage.uploadDocument(DocEnum.ORTHERDOCUMENT, documentURL)\nnotification = await driver.wait(until.elementLocated(By.xpath('//p-toastitem')), 5000);\nmessage = await notification.getText();\nassert.match(message, regExpObject, \"Upload giấy tờ khác thất bại\");\nawait driver.wait(until.stalenessOf(notification), 10000);\nvar continueButton = await driver.wait(until.elementLocated(By.xpath('//*[@id=\"cdk-step-content-0-3\"]/div[2]/button[2]')), 1000);\nawait driver.wait(until.elementIsEnabled(continueButton), 1000);\nawait driver.wait(until.elementIsVisible(continueButton), 1000);\nawait continueButton.click();",
              "err": {},
              "uuid": "391a059d-4006-43d3-8c93-59e5ca0de23d",
              "parentUUID": "1a1fed6c-517a-4a4f-a7e4-51769aabf71e",
              "isHook": false,
              "skipped": false
            },
            {
              "title": "[Happy Case] Generate integration Key",
              "fullTitle": "Merchant Module Tests [Happy Case] Generate integration Key",
              "timedOut": false,
              "duration": 4855,
              "state": "passed",
              "speed": "slow",
              "pass": true,
              "fail": false,
              "pending": false,
              "context": null,
              "code": "const webhookURL = 'https://www.google.com/'\nconst retryValue = '100'\nawait merchantPage.generateIntergration(webhookURL, retryValue);\n\nnotification = await driver.wait(until.elementLocated(By.xpath('//p-toastitem')), 5000);\nmessage = await notification.getText();\nconst regExpObject = new RegExp(\"Success\");\nassert.match(message, regExpObject);\nawait driver.wait(until.stalenessOf(notification), 10000);",
              "err": {},
              "uuid": "4aef014f-8330-45d7-b88f-d4c4f5fc0fce",
              "parentUUID": "1a1fed6c-517a-4a4f-a7e4-51769aabf71e",
              "isHook": false,
              "skipped": false
            },
            {
              "title": "[Happy Case] Reject merchant successfully",
              "fullTitle": "Merchant Module Tests [Happy Case] Reject merchant successfully",
              "timedOut": false,
              "duration": 8673,
              "state": "passed",
              "speed": "slow",
              "pass": true,
              "fail": false,
              "pending": false,
              "context": null,
              "code": "await merchantPage.navigateMerchantDetail(mcID);\nawait merchantPage.sendApproveRequest();\nconst regExpObject1 = new RegExp(\"Gửi duyệt thành công\");\nnotification1 = await driver.wait(until.elementLocated(By.xpath('//p-toastitem')), 5000);\nmessage1 = await notification1.getText();\nassert.match(message1, regExpObject1);\nawait driver.wait(until.stalenessOf(notification1), 10000);\nawait merchantPage.rejectMerchant();\nconst regExpObject = new RegExp(\"Từ chối duyệt thành công\");\nnotification = await driver.wait(until.elementLocated(By.xpath('//p-toastitem')), 5000);\nmessage = await notification.getText();\nassert.match(message, regExpObject);\nawait driver.wait(until.stalenessOf(notification), 10000);",
              "err": {},
              "uuid": "eb0b0c0b-5eb0-4f87-b858-99b214e1819d",
              "parentUUID": "1a1fed6c-517a-4a4f-a7e4-51769aabf71e",
              "isHook": false,
              "skipped": false
            },
            {
              "title": "[Happy Case] Approve merchant successfully",
              "fullTitle": "Merchant Module Tests [Happy Case] Approve merchant successfully",
              "timedOut": false,
              "duration": 8771,
              "state": "passed",
              "speed": "slow",
              "pass": true,
              "fail": false,
              "pending": false,
              "context": null,
              "code": "await merchantPage.navigateMerchantDetail(mcID);\n    await merchantPage.sendApproveRequest();\n    const regExpObject1 = new RegExp(\"Gửi duyệt thành công\");\n    notification1 = await driver.wait(until.elementLocated(By.xpath('//p-toastitem')), 5000);\n    message1 = await notification1.getText();\n    assert.match(message1, regExpObject1);\n    await driver.wait(until.stalenessOf(notification1), 10000);\n    await merchantPage.approveMerchant();\n    const regExpObject = new RegExp(\"Duyệt thành công\");\n    notification = await driver.wait(until.elementLocated(By.xpath('//p-toastitem')), 5000);\n    message = await notification.getText();\n    assert.match(message, regExpObject);\n    await driver.wait(until.stalenessOf(notification), 10000);",
              "err": {},
              "uuid": "e7d559cd-816c-4c83-ba83-72839f4c2d7d",
              "parentUUID": "1a1fed6c-517a-4a4f-a7e4-51769aabf71e",
              "isHook": false,
              "skipped": false
            }
          ],
          "suites": [],
          "passes": [
            "960b947f-ec81-4f75-9a3d-6466241cce09",
            "f354f017-b078-4448-ab82-a9ddcc0a9bde",
            "fd5babd4-ac38-4b9e-bee2-77d8bd5ff81e",
            "391a059d-4006-43d3-8c93-59e5ca0de23d",
            "4aef014f-8330-45d7-b88f-d4c4f5fc0fce",
            "eb0b0c0b-5eb0-4f87-b858-99b214e1819d",
            "e7d559cd-816c-4c83-ba83-72839f4c2d7d"
          ],
          "failures": [],
          "pending": [],
          "skipped": [],
          "duration": 75133,
          "root": false,
          "rootEmpty": false,
          "_timeout": 0
        },
        {
          "uuid": "751d787c-e853-4f94-be09-16909603a997",
          "title": "PROGRESSIVE Fee Module Tests",
          "fullFile": "/home/unicloud/klb-enterprise-sele/tests/progressiveFeeTest.js",
          "file": "/tests/progressiveFeeTest.js",
          "beforeHooks": [
            {
              "title": "\"before all\" hook in \"PROGRESSIVE Fee Module Tests\"",
              "fullTitle": "PROGRESSIVE Fee Module Tests \"before all\" hook in \"PROGRESSIVE Fee Module Tests\"",
              "timedOut": false,
              "duration": 5688,
              "state": null,
              "speed": null,
              "pass": false,
              "fail": false,
              "pending": false,
              "context": null,
              "code": "driver = await helper.initializeChromeDriver();\nfeePage = new FeePage(driver);\nconst loginPage = new LoginPage(driver);\nconst username = config.adminUsername;\nconst password = config.adminPassword;\nconst adminName = config.adminName;\nawait loginPage.login(username, password, adminName);",
              "err": {},
              "uuid": "3e2704c5-a4dc-4834-9e6f-6977f9ae5be7",
              "parentUUID": "751d787c-e853-4f94-be09-16909603a997",
              "isHook": true,
              "skipped": false
            }
          ],
          "afterHooks": [
            {
              "title": "\"after all\" hook in \"PROGRESSIVE Fee Module Tests\"",
              "fullTitle": "PROGRESSIVE Fee Module Tests \"after all\" hook in \"PROGRESSIVE Fee Module Tests\"",
              "timedOut": false,
              "duration": 52,
              "state": null,
              "speed": null,
              "pass": false,
              "fail": false,
              "pending": false,
              "context": null,
              "code": "await driver.quit();",
              "err": {},
              "uuid": "555301f9-256d-4511-95b6-413f339bc85d",
              "parentUUID": "751d787c-e853-4f94-be09-16909603a997",
              "isHook": true,
              "skipped": false
            }
          ],
          "tests": [
            {
              "title": "[Happy Case] Create COBO PROGRESSIVE FEE successfully",
              "fullTitle": "PROGRESSIVE Fee Module Tests [Happy Case] Create COBO PROGRESSIVE FEE successfully",
              "timedOut": false,
              "duration": 19272,
              "state": "passed",
              "speed": "slow",
              "pass": true,
              "fail": false,
              "pending": false,
              "context": null,
              "code": "//Navigate to fee \nawait feePage.navigate();\nconst feeType = 'Thu hộ'\nconst vat = 10;\nconst feeMethod = 'Phí lũy tiến'\nconst feeLevelData = [\n    {\n        toValue: 19999999,\n        feeMoney: 0,\n        feePercent: 0.30,\n        minFeeMoney: 0\n    },\n    {\n        toValue: 199999999,\n        feeMoney: 0,\n        feePercent: 0.25,\n        minFeeMoney: 0\n    },\n    {\n        toValue: 499999999,\n        feeMoney: 0,\n        feePercent: 0.20,\n        minFeeMoney: 0\n    },\n    // Add more data as needed\n];\nfeeCode = await feePage.createFee(feeType, vat, feeMethod, null, null, feeLevelData);\nconst notification = await driver.wait(until.elementLocated(By.xpath('//p-toastitem')), 5000);\nconst message = await notification.getText();\nconst regExpObject = new RegExp(\"Success\");\nassert.match(message, regExpObject);\nawait driver.wait(until.stalenessOf(notification), 10000);",
              "err": {},
              "uuid": "4d161b4a-9a67-4780-b701-0e7878ec8255",
              "parentUUID": "751d787c-e853-4f94-be09-16909603a997",
              "isHook": false,
              "skipped": false
            },
            {
              "title": "[Happy Case] Reject COBO PROGRESSIVE FEE successfully",
              "fullTitle": "PROGRESSIVE Fee Module Tests [Happy Case] Reject COBO PROGRESSIVE FEE successfully",
              "timedOut": false,
              "duration": 4775,
              "state": "passed",
              "speed": "slow",
              "pass": true,
              "fail": false,
              "pending": false,
              "context": null,
              "code": "//Navigate to fee \nawait feePage.navigateFeeDetailByCode(feeCode);\nawait feePage.rejectFee();\nconst notification = await driver.wait(until.elementLocated(By.xpath('//p-toastitem')), 5000);\nconst message = await notification.getText();\nconst regExpObject = new RegExp(\"Từ chối duyệt thành công\");\nassert.match(message, regExpObject);\nawait driver.wait(until.stalenessOf(notification), 10000);",
              "err": {},
              "uuid": "421aac37-a741-4cad-8274-97a64b29a782",
              "parentUUID": "751d787c-e853-4f94-be09-16909603a997",
              "isHook": false,
              "skipped": false
            },
            {
              "title": "[Happy Case] Edit COBO PROGRESSIVE FEE successfully",
              "fullTitle": "PROGRESSIVE Fee Module Tests [Happy Case] Edit COBO PROGRESSIVE FEE successfully",
              "timedOut": false,
              "duration": 4997,
              "state": "passed",
              "speed": "slow",
              "pass": true,
              "fail": false,
              "pending": false,
              "context": null,
              "code": "//Navigate to fee detail by code\nawait feePage.navigateFeeDetailByCode(feeCode);\nconst vat = 5;\nawait feePage.editFeeVAT(vat);\nconst notification = await driver.wait(until.elementLocated(By.xpath('//p-toastitem')), 5000);\nconst message = await notification.getText();\nconst regExpObject = new RegExp(\"Success\");\nassert.match(message, regExpObject);\nawait driver.wait(until.stalenessOf(notification), 10000);",
              "err": {},
              "uuid": "cc6f2d56-9d09-4c5f-9495-4cb08e5ebd01",
              "parentUUID": "751d787c-e853-4f94-be09-16909603a997",
              "isHook": false,
              "skipped": false
            },
            {
              "title": "[Happy Case] Approve COBO PROGRESSIVE FEE successfully",
              "fullTitle": "PROGRESSIVE Fee Module Tests [Happy Case] Approve COBO PROGRESSIVE FEE successfully",
              "timedOut": false,
              "duration": 4720,
              "state": "passed",
              "speed": "slow",
              "pass": true,
              "fail": false,
              "pending": false,
              "context": null,
              "code": "//Navigate to fee detail by code\nawait feePage.navigateFeeDetailByCode(feeCode);\nawait feePage.approveFee();\nconst notification = await driver.wait(until.elementLocated(By.xpath('//p-toastitem')), 5000);\nconst message = await notification.getText();\nconst regExpObject = new RegExp(\"Duyệt thành công\");\nassert.match(message, regExpObject);\nawait driver.wait(until.stalenessOf(notification), 10000);",
              "err": {},
              "uuid": "9fd8fbad-96a2-4a12-b56c-8124b1ba0dfe",
              "parentUUID": "751d787c-e853-4f94-be09-16909603a997",
              "isHook": false,
              "skipped": false
            },
            {
              "title": "[Happy Case] Create POBO PROGRESSIVE FEE successfully",
              "fullTitle": "PROGRESSIVE Fee Module Tests [Happy Case] Create POBO PROGRESSIVE FEE successfully",
              "timedOut": false,
              "duration": 17359,
              "state": "passed",
              "speed": "slow",
              "pass": true,
              "fail": false,
              "pending": false,
              "context": null,
              "code": "//Navigate to fee \nawait feePage.navigate();\nconst feeType = 'Chi hộ nội bộ'\nconst vat = 10;\nconst feeMethod = 'Phí lũy tiến'\nconst feeLevelData = [\n    {\n        toValue: 19999999,\n        feeMoney: 0,\n        feePercent: 0.30,\n        minFeeMoney: 0\n    },\n    {\n        toValue: 199999999,\n        feeMoney: 0,\n        feePercent: 0.25,\n        minFeeMoney: 0\n    },\n    {\n        toValue: 499999999,\n        feeMoney: 0,\n        feePercent: 0.20,\n        minFeeMoney: 0\n    },\n];\nfeeCode = await feePage.createFee(feeType, vat, feeMethod, null, null, feeLevelData);\nconst notification = await driver.wait(until.elementLocated(By.xpath('//p-toastitem')), 5000);\nconst message = await notification.getText();\nconst regExpObject = new RegExp(\"Success\");\nassert.match(message, regExpObject);\nawait driver.wait(until.stalenessOf(notification), 10000);",
              "err": {},
              "uuid": "44d531b9-8092-493f-a089-d98ac59f2fd9",
              "parentUUID": "751d787c-e853-4f94-be09-16909603a997",
              "isHook": false,
              "skipped": false
            },
            {
              "title": "[Happy Case] Reject POBO PROGRESSIVE FEE successfully",
              "fullTitle": "PROGRESSIVE Fee Module Tests [Happy Case] Reject POBO PROGRESSIVE FEE successfully",
              "timedOut": false,
              "duration": 4753,
              "state": "passed",
              "speed": "slow",
              "pass": true,
              "fail": false,
              "pending": false,
              "context": null,
              "code": "//Navigate to fee \nawait feePage.navigateFeeDetailByCode(feeCode);\nawait feePage.rejectFee();\nconst notification = await driver.wait(until.elementLocated(By.xpath('//p-toastitem')), 5000);\nconst message = await notification.getText();\nconst regExpObject = new RegExp(\"Từ chối duyệt thành công\");\nassert.match(message, regExpObject);\nawait driver.wait(until.stalenessOf(notification), 10000);",
              "err": {},
              "uuid": "ecad6b40-6369-4aad-baab-5d64ec709e7d",
              "parentUUID": "751d787c-e853-4f94-be09-16909603a997",
              "isHook": false,
              "skipped": false
            },
            {
              "title": "[Happy Case] Edit POBO PROGRESSIVE FEE successfully",
              "fullTitle": "PROGRESSIVE Fee Module Tests [Happy Case] Edit POBO PROGRESSIVE FEE successfully",
              "timedOut": false,
              "duration": 5114,
              "state": "passed",
              "speed": "slow",
              "pass": true,
              "fail": false,
              "pending": false,
              "context": null,
              "code": "//Navigate to fee detail by code\nawait feePage.navigateFeeDetailByCode(feeCode);\nconst vat = 5;\nawait feePage.editFeeVAT(vat);\nconst notification = await driver.wait(until.elementLocated(By.xpath('//p-toastitem')), 5000);\nconst message = await notification.getText();\nconst regExpObject = new RegExp(\"Success\");\nassert.match(message, regExpObject);\nawait driver.wait(until.stalenessOf(notification), 10000);",
              "err": {},
              "uuid": "8875f95a-f259-4636-8c26-73102f29bf72",
              "parentUUID": "751d787c-e853-4f94-be09-16909603a997",
              "isHook": false,
              "skipped": false
            },
            {
              "title": "[Happy Case] Approve POBO PROGRESSIVE FEE successfully",
              "fullTitle": "PROGRESSIVE Fee Module Tests [Happy Case] Approve POBO PROGRESSIVE FEE successfully",
              "timedOut": false,
              "duration": 4874,
              "state": "passed",
              "speed": "slow",
              "pass": true,
              "fail": false,
              "pending": false,
              "context": null,
              "code": "//Navigate to fee detail by code\nawait feePage.navigateFeeDetailByCode(feeCode);\nawait feePage.approveFee();\nconst notification = await driver.wait(until.elementLocated(By.xpath('//p-toastitem')), 5000);\nconst message = await notification.getText();\nconst regExpObject = new RegExp(\"Duyệt thành công\");\nassert.match(message, regExpObject);\nawait driver.wait(until.stalenessOf(notification), 10000);",
              "err": {},
              "uuid": "816e0070-3ea0-4f19-925e-dc9ce625131f",
              "parentUUID": "751d787c-e853-4f94-be09-16909603a997",
              "isHook": false,
              "skipped": false
            },
            {
              "title": "[Happy Case] Create POBO_INTER_BANK PROGRESSIVE FEE successfully",
              "fullTitle": "PROGRESSIVE Fee Module Tests [Happy Case] Create POBO_INTER_BANK PROGRESSIVE FEE successfully",
              "timedOut": false,
              "duration": 20462,
              "state": "passed",
              "speed": "slow",
              "pass": true,
              "fail": false,
              "pending": false,
              "context": null,
              "code": "//Navigate to fee \nawait feePage.navigate();\nconst feeType = 'Chi hộ liên ngân hàng'\nconst vat = 10;\nconst feeMethod = 'Phí lũy tiến'\nconst feeLevelData = [\n    {\n        toValue: 19999999,\n        feeMoney: 0,\n        feePercent: 0.30,\n        minFeeMoney: 0\n    },\n    {\n        toValue: 199999999,\n        feeMoney: 0,\n        feePercent: 0.25,\n        minFeeMoney: 0\n    },\n    {\n        toValue: 499999999,\n        feeMoney: 0,\n        feePercent: 0.20,\n        minFeeMoney: 0\n    },\n];\nfeeCode = await feePage.createFee(feeType, vat, feeMethod, null, null, feeLevelData);\n\nconst notification = await driver.wait(until.elementLocated(By.xpath('//p-toastitem')), 5000);\nconst message = await notification.getText();\nconst regExpObject = new RegExp(\"Success\");\nassert.match(message, regExpObject);\nawait driver.wait(until.stalenessOf(notification), 10000);",
              "err": {},
              "uuid": "1ced8dd7-e09c-4431-a8e4-abde465e1224",
              "parentUUID": "751d787c-e853-4f94-be09-16909603a997",
              "isHook": false,
              "skipped": false
            },
            {
              "title": "[Happy Case] Reject POBO_INTER_BANK PROGRESSIVE FEE successfully",
              "fullTitle": "PROGRESSIVE Fee Module Tests [Happy Case] Reject POBO_INTER_BANK PROGRESSIVE FEE successfully",
              "timedOut": false,
              "duration": 4592,
              "state": "passed",
              "speed": "slow",
              "pass": true,
              "fail": false,
              "pending": false,
              "context": null,
              "code": "//Navigate to fee \nawait feePage.navigateFeeDetailByCode(feeCode);\nawait feePage.rejectFee();\nconst notification = await driver.wait(until.elementLocated(By.xpath('//p-toastitem')), 5000);\nconst message = await notification.getText();\nconst regExpObject = new RegExp(\"Từ chối duyệt thành công\");\nassert.match(message, regExpObject);\nawait driver.wait(until.stalenessOf(notification), 10000);",
              "err": {},
              "uuid": "f5793b21-639c-4170-a510-83d9e4f78729",
              "parentUUID": "751d787c-e853-4f94-be09-16909603a997",
              "isHook": false,
              "skipped": false
            },
            {
              "title": "[Happy Case] Edit POBO_INTER_BANK PROGRESSIVE FEE successfully",
              "fullTitle": "PROGRESSIVE Fee Module Tests [Happy Case] Edit POBO_INTER_BANK PROGRESSIVE FEE successfully",
              "timedOut": false,
              "duration": 5230,
              "state": "passed",
              "speed": "slow",
              "pass": true,
              "fail": false,
              "pending": false,
              "context": null,
              "code": "//Navigate to fee detail by code\nawait feePage.navigateFeeDetailByCode(feeCode);\nconst vat = 5;\nawait feePage.editFeeVAT(vat);\nconst notification = await driver.wait(until.elementLocated(By.xpath('//p-toastitem')), 5000);\nconst message = await notification.getText();\nconst regExpObject = new RegExp(\"Success\");\nassert.match(message, regExpObject);\nawait driver.wait(until.stalenessOf(notification), 10000);",
              "err": {},
              "uuid": "de45ab25-00c7-48de-b13b-a20bf7f47f3f",
              "parentUUID": "751d787c-e853-4f94-be09-16909603a997",
              "isHook": false,
              "skipped": false
            },
            {
              "title": "[Happy Case] Approve POBO_INTER_BANK PROGRESSIVE FEE successfully",
              "fullTitle": "PROGRESSIVE Fee Module Tests [Happy Case] Approve POBO_INTER_BANK PROGRESSIVE FEE successfully",
              "timedOut": false,
              "duration": 4622,
              "state": "passed",
              "speed": "slow",
              "pass": true,
              "fail": false,
              "pending": false,
              "context": null,
              "code": "//Navigate to fee detail by code\nawait feePage.navigateFeeDetailByCode(feeCode);\nawait feePage.approveFee();\nconst notification = await driver.wait(until.elementLocated(By.xpath('//p-toastitem')), 5000);\nconst message = await notification.getText();\nconst regExpObject = new RegExp(\"Duyệt thành công\");\nassert.match(message, regExpObject);\nawait driver.wait(until.stalenessOf(notification), 10000);",
              "err": {},
              "uuid": "f5831f63-9d69-4892-93e2-e70714fca4c7",
              "parentUUID": "751d787c-e853-4f94-be09-16909603a997",
              "isHook": false,
              "skipped": false
            }
          ],
          "suites": [],
          "passes": [
            "4d161b4a-9a67-4780-b701-0e7878ec8255",
            "421aac37-a741-4cad-8274-97a64b29a782",
            "cc6f2d56-9d09-4c5f-9495-4cb08e5ebd01",
            "9fd8fbad-96a2-4a12-b56c-8124b1ba0dfe",
            "44d531b9-8092-493f-a089-d98ac59f2fd9",
            "ecad6b40-6369-4aad-baab-5d64ec709e7d",
            "8875f95a-f259-4636-8c26-73102f29bf72",
            "816e0070-3ea0-4f19-925e-dc9ce625131f",
            "1ced8dd7-e09c-4431-a8e4-abde465e1224",
            "f5793b21-639c-4170-a510-83d9e4f78729",
            "de45ab25-00c7-48de-b13b-a20bf7f47f3f",
            "f5831f63-9d69-4892-93e2-e70714fca4c7"
          ],
          "failures": [],
          "pending": [],
          "skipped": [],
          "duration": 100770,
          "root": false,
          "rootEmpty": false,
          "_timeout": 0
        }
      ],
      "passes": [],
      "failures": [],
      "pending": [],
      "skipped": [],
      "duration": 0,
      "root": true,
      "rootEmpty": true,
      "_timeout": 0
    }
  ],
  "meta": {
    "mocha": {
      "version": "10.2.0"
    },
    "mochawesome": {
      "options": {
        "quiet": false,
        "reportFilename": "mochawesome",
        "saveHtml": true,
        "saveJson": true,
        "consoleReporter": "spec",
        "useInlineDiffs": false,
        "code": true
      },
      "version": "7.1.3"
    },
    "marge": {
      "options": null,
      "version": "6.2.0"
    }
  }
}