{
  "stats": {
    "suites": 5,
    "tests": 61,
    "passes": 50,
    "pending": 0,
    "failures": 11,
    "start": "2023-12-21T09:44:25.741Z",
    "end": "2023-12-21T09:51:07.842Z",
    "duration": 402101,
    "testsRegistered": 61,
    "passPercent": 81.9672131147541,
    "pendingPercent": 0,
    "other": 0,
    "hasOther": false,
    "skipped": 0,
    "hasSkipped": false
  },
  "results": [
    {
      "uuid": "07879b57-70ab-49cc-a731-c9197a6cfa1b",
      "title": "",
      "fullFile": "",
      "file": "",
      "beforeHooks": [],
      "afterHooks": [],
      "tests": [],
      "suites": [
        {
          "uuid": "d5826593-98d8-4a34-831d-feced9896ff6",
          "title": "PROGRESSIVE Fee Module Tests",
          "fullFile": "/home/unicloud/klb-enterprise-sele/tests/editProgressiveFee.js",
          "file": "/tests/editProgressiveFee.js",
          "beforeHooks": [
            {
              "title": "\"before all\" hook in \"PROGRESSIVE Fee Module Tests\"",
              "fullTitle": "PROGRESSIVE Fee Module Tests \"before all\" hook in \"PROGRESSIVE Fee Module Tests\"",
              "timedOut": false,
              "duration": 6557,
              "state": null,
              "speed": null,
              "pass": false,
              "fail": false,
              "pending": false,
              "context": null,
              "code": "driver = await helper.initializeChromeDriver();\nfeePage = new FeePage(driver);\nconst loginPage = new LoginPage(driver);\nconst username = config.adminUsername;\nconst password = config.adminPassword;\nconst adminName = config.adminName;\nawait loginPage.login(username, password, adminName);",
              "err": {},
              "uuid": "b7f576c9-2a30-489e-8385-3c414e837ada",
              "parentUUID": "d5826593-98d8-4a34-831d-feced9896ff6",
              "isHook": true,
              "skipped": false
            }
          ],
          "afterHooks": [
            {
              "title": "\"after all\" hook in \"PROGRESSIVE Fee Module Tests\"",
              "fullTitle": "PROGRESSIVE Fee Module Tests \"after all\" hook in \"PROGRESSIVE Fee Module Tests\"",
              "timedOut": false,
              "duration": 52,
              "state": null,
              "speed": null,
              "pass": false,
              "fail": false,
              "pending": false,
              "context": null,
              "code": "await driver.quit();",
              "err": {},
              "uuid": "396505ff-36e9-484c-a2fb-f80d92c9082c",
              "parentUUID": "d5826593-98d8-4a34-831d-feced9896ff6",
              "isHook": true,
              "skipped": false
            }
          ],
          "tests": [
            {
              "title": "[Happy Case] Create COBO PROGRESSIVE FEE successfully",
              "fullTitle": "PROGRESSIVE Fee Module Tests [Happy Case] Create COBO PROGRESSIVE FEE successfully",
              "timedOut": false,
              "duration": 18656,
              "state": "passed",
              "speed": "slow",
              "pass": true,
              "fail": false,
              "pending": false,
              "context": null,
              "code": "//Navigate to fee \nawait feePage.navigate();\nconst vat = 10;\nconst feeType = 'Thu hộ'\nconst feeMethod = 'Phí lũy tiến'\nconst feeLevelData = [\n    {\n        toValue: 19999999,\n        feeMoney: 0,\n        feePercent: 0.30,\n        minFeeMoney: 0\n    },\n    {\n        toValue: 199999999,\n        feeMoney: 0,\n        feePercent: 0.25,\n        minFeeMoney: 0\n    },\n    {\n        toValue: 499999999,\n        feeMoney: 0,\n        feePercent: 0.20,\n        minFeeMoney: 0\n    },\n    // Add more data as needed\n];\nfeeCode = await feePage.createFee(feeType, vat, feeMethod, null, null, feeLevelData);\nconst notification = await driver.wait(until.elementLocated(By.xpath('//p-toastitem')), 5000);\nconst message = await notification.getText();\nconst regExpObject = new RegExp(\"Success\");\nassert.match(message, regExpObject);\nawait driver.wait(until.stalenessOf(notification), 10000);",
              "err": {},
              "uuid": "2434e409-f32d-4157-ad92-b181c63d4b14",
              "parentUUID": "d5826593-98d8-4a34-831d-feced9896ff6",
              "isHook": false,
              "skipped": false
            },
            {
              "title": "[Happy Case] Edit VAT with different value than init",
              "fullTitle": "PROGRESSIVE Fee Module Tests [Happy Case] Edit VAT with different value than init",
              "timedOut": false,
              "duration": 5094,
              "state": "passed",
              "speed": "slow",
              "pass": true,
              "fail": false,
              "pending": false,
              "context": null,
              "code": "//Navigate to fee detail by code\nconst newVat = 5;\nawait feePage.navigateFeeDetailByCode(feeCode);\nawait helper.clickOnEditButton(driver);\nawait feePage.editFeeVAT(newVat);\nconst notification = await driver.wait(until.elementLocated(By.xpath('//p-toastitem')), 5000);\nconst message = await notification.getText();\nconst regExpObject = new RegExp(\"Success\");\nassert.match(message, regExpObject);\nawait driver.wait(until.stalenessOf(notification), 10000);",
              "err": {},
              "uuid": "7ba74912-bb0d-409a-b5ff-ead9e5a811d0",
              "parentUUID": "d5826593-98d8-4a34-831d-feced9896ff6",
              "isHook": false,
              "skipped": false
            },
            {
              "title": "[Happy Case] Edit Fee Name with different value than init",
              "fullTitle": "PROGRESSIVE Fee Module Tests [Happy Case] Edit Fee Name with different value than init",
              "timedOut": false,
              "duration": 5862,
              "state": "passed",
              "speed": "slow",
              "pass": true,
              "fail": false,
              "pending": false,
              "context": null,
              "code": "//Navigate to fee detail by code\nlet isFeeNameExisted = true;\nlet feeName;\nwhile (isFeeNameExisted) {\n    feeName = \"[AUTO] \" + helper.generateCompanyName() + \" \" + helper.generateRandomString(3);\n    const feesResult = await helper.getAllFeeBy(null, feeName);\n    if (feesResult.length === 0) {\n        isFeeNameExisted = false;\n    }\n}\nawait feePage.navigateFeeDetailByCode(feeCode);\nawait helper.clickOnEditButton(driver);\nawait feePage.editFeeName(feeName);\nconst notification = await driver.wait(until.elementLocated(By.xpath('//p-toastitem')), 5000);\nconst message = await notification.getText();\nconst regExpObject = new RegExp(\"Success\");\nassert.match(message, regExpObject);\nawait driver.wait(until.stalenessOf(notification), 10000);",
              "err": {},
              "uuid": "dc81f593-352c-477e-848f-3574735e9307",
              "parentUUID": "d5826593-98d8-4a34-831d-feced9896ff6",
              "isHook": false,
              "skipped": false
            },
            {
              "title": "[Happy Case] Edit Fee Name with different value than init",
              "fullTitle": "PROGRESSIVE Fee Module Tests [Happy Case] Edit Fee Name with different value than init",
              "timedOut": false,
              "duration": 5971,
              "state": "passed",
              "speed": "slow",
              "pass": true,
              "fail": false,
              "pending": false,
              "context": null,
              "code": "//Navigate to fee detail by code\nlet isFeeNameExisted = true;\nlet feeName;\nwhile (isFeeNameExisted) {\n    feeName = \"[AUTO] \" + helper.generateCompanyName() + \" \" + helper.generateRandomString(3);\n    const feesResult = await helper.getAllFeeBy(null, feeName);\n    if (feesResult.length === 0) {\n        isFeeNameExisted = false;\n    }\n}\nawait feePage.navigateFeeDetailByCode(feeCode);\nawait helper.clickOnEditButton(driver);\nawait feePage.editFeeName(feeName);\nconst notification = await driver.wait(until.elementLocated(By.xpath('//p-toastitem')), 5000);\nconst message = await notification.getText();\nconst regExpObject = new RegExp(\"Success\");\nassert.match(message, regExpObject);\nawait driver.wait(until.stalenessOf(notification), 10000);",
              "err": {},
              "uuid": "4fa7d506-3c55-4ed3-aee8-d5777d5eb397",
              "parentUUID": "d5826593-98d8-4a34-831d-feced9896ff6",
              "isHook": false,
              "skipped": false
            }
          ],
          "suites": [],
          "passes": [
            "2434e409-f32d-4157-ad92-b181c63d4b14",
            "7ba74912-bb0d-409a-b5ff-ead9e5a811d0",
            "dc81f593-352c-477e-848f-3574735e9307",
            "4fa7d506-3c55-4ed3-aee8-d5777d5eb397"
          ],
          "failures": [],
          "pending": [],
          "skipped": [],
          "duration": 35583,
          "root": false,
          "rootEmpty": false,
          "_timeout": 0
        },
        {
          "uuid": "6acf7c7b-5e7a-4259-98d3-17c081ab2020",
          "title": "Fee Module Tests",
          "fullFile": "/home/unicloud/klb-enterprise-sele/tests/feeTest.js",
          "file": "/tests/feeTest.js",
          "beforeHooks": [
            {
              "title": "\"before all\" hook in \"Fee Module Tests\"",
              "fullTitle": "Fee Module Tests \"before all\" hook in \"Fee Module Tests\"",
              "timedOut": false,
              "duration": 6135,
              "state": null,
              "speed": null,
              "pass": false,
              "fail": false,
              "pending": false,
              "context": null,
              "code": "driver = await helper.initializeChromeDriver();\nfeePage = new FeePage(driver);\nconst loginPage = new LoginPage(driver);\nconst username = config.adminUsername;\nconst password = config.adminPassword;\nconst adminName = config.adminName;\n    \nawait loginPage.login(username, password, adminName);",
              "err": {},
              "uuid": "998df8b3-d41a-4fcd-a623-17d8e0eb4c82",
              "parentUUID": "6acf7c7b-5e7a-4259-98d3-17c081ab2020",
              "isHook": true,
              "skipped": false
            }
          ],
          "afterHooks": [
            {
              "title": "\"after all\" hook in \"Fee Module Tests\"",
              "fullTitle": "Fee Module Tests \"after all\" hook in \"Fee Module Tests\"",
              "timedOut": false,
              "duration": 51,
              "state": null,
              "speed": null,
              "pass": false,
              "fail": false,
              "pending": false,
              "context": null,
              "code": "await driver.quit();",
              "err": {},
              "uuid": "dcc758bc-034e-4aeb-b7f6-d8fb2bf5c521",
              "parentUUID": "6acf7c7b-5e7a-4259-98d3-17c081ab2020",
              "isHook": true,
              "skipped": false
            }
          ],
          "tests": [
            {
              "title": "[Happy Case] Create COBO FREE FEE successfully",
              "fullTitle": "Fee Module Tests [Happy Case] Create COBO FREE FEE successfully",
              "timedOut": false,
              "duration": 5983,
              "state": "passed",
              "speed": "slow",
              "pass": true,
              "fail": false,
              "pending": false,
              "context": null,
              "code": "//Navigate to fee \nawait feePage.navigate();\nconst feeType = 'Thu hộ' \nconst vat = 10;\nconst feeMethod = 'Miễn phí'\nfeeCode = await feePage.createFee(feeType, vat, feeMethod);\nconst notification = await driver.wait(until.elementLocated(By.xpath('//p-toastitem')), 5000);\nconst message = await notification.getText();\n    \nconst regExpObject = new RegExp(\"Success\");\nassert.match(message, regExpObject);\nawait driver.wait(until.stalenessOf(notification), 10000);",
              "err": {},
              "uuid": "acac5608-da91-4645-bfdb-2512f893d48a",
              "parentUUID": "6acf7c7b-5e7a-4259-98d3-17c081ab2020",
              "isHook": false,
              "skipped": false
            },
            {
              "title": "[Happy Case] Reject COBO FREE FEE successfully",
              "fullTitle": "Fee Module Tests [Happy Case] Reject COBO FREE FEE successfully",
              "timedOut": false,
              "duration": 4679,
              "state": "passed",
              "speed": "slow",
              "pass": true,
              "fail": false,
              "pending": false,
              "context": null,
              "code": "//Navigate to fee \nawait feePage.navigateFeeDetailByCode(feeCode);\nawait feePage.rejectFee();\nconst notification = await driver.wait(until.elementLocated(By.xpath('//p-toastitem')), 5000);\nconst message = await notification.getText();\n    \nconst regExpObject = new RegExp(\"Từ chối duyệt thành công\");\nassert.match(message, regExpObject);\nawait driver.wait(until.stalenessOf(notification), 10000);",
              "err": {},
              "uuid": "e5693c8d-01ea-4696-b522-326a60e9d356",
              "parentUUID": "6acf7c7b-5e7a-4259-98d3-17c081ab2020",
              "isHook": false,
              "skipped": false
            },
            {
              "title": "[Happy Case] Edit COBO FREE FEE successfully",
              "fullTitle": "Fee Module Tests [Happy Case] Edit COBO FREE FEE successfully",
              "timedOut": false,
              "duration": 4996,
              "state": "passed",
              "speed": "slow",
              "pass": true,
              "fail": false,
              "pending": false,
              "context": null,
              "code": "const vat = 5;\nawait feePage.navigateFeeDetailByCode(feeCode);\nawait helper.clickOnEditButton(driver);\nawait feePage.editFeeVAT(vat);\nconst notification = await driver.wait(until.elementLocated(By.xpath('//p-toastitem')), 5000);\nconst message = await notification.getText();\n    \nconst regExpObject = new RegExp(\"Success\");\nassert.match(message, regExpObject);\nawait driver.wait(until.stalenessOf(notification), 10000);",
              "err": {},
              "uuid": "c9c7ec1d-7b64-4cea-b38e-c3f8c1adf7d6",
              "parentUUID": "6acf7c7b-5e7a-4259-98d3-17c081ab2020",
              "isHook": false,
              "skipped": false
            },
            {
              "title": "[Happy Case] Approve COBO FREE FEE successfully",
              "fullTitle": "Fee Module Tests [Happy Case] Approve COBO FREE FEE successfully",
              "timedOut": false,
              "duration": 4599,
              "state": "passed",
              "speed": "slow",
              "pass": true,
              "fail": false,
              "pending": false,
              "context": null,
              "code": "//Navigate to fee detail by code\nawait feePage.navigateFeeDetailByCode(feeCode);\nawait feePage.approveFee();\nconst notification = await driver.wait(until.elementLocated(By.xpath('//p-toastitem')), 5000);\nconst message = await notification.getText();\n    \nconst regExpObject = new RegExp(\"Duyệt thành công\");\nassert.match(message, regExpObject);\nawait driver.wait(until.stalenessOf(notification), 10000);",
              "err": {},
              "uuid": "3e1a48ef-57e8-4d33-8f72-bde6e207ad1b",
              "parentUUID": "6acf7c7b-5e7a-4259-98d3-17c081ab2020",
              "isHook": false,
              "skipped": false
            },
            {
              "title": "[Happy Case] Create COBO FIXED FEE WITH PRICES successfully",
              "fullTitle": "Fee Module Tests [Happy Case] Create COBO FIXED FEE WITH PRICES successfully",
              "timedOut": false,
              "duration": 6142,
              "state": "passed",
              "speed": "slow",
              "pass": true,
              "fail": false,
              "pending": false,
              "context": null,
              "code": "//Navigate to fee \nawait feePage.navigate();\n\n//fee data \nconst feeType = 'Thu hộ' \nconst vat = 10;\nconst feeMethod = 'Phí cố định'\nconst feeRule = 'Số tiền phí cố định'\nconst value = 1500\n//Create fee\nfeeCode = await feePage.createFee(feeType, vat, feeMethod, feeRule, value);\nconst notification = await driver.wait(until.elementLocated(By.xpath('//p-toastitem')), 5000);\nconst message = await notification.getText();\n    \nconst regExpObject = new RegExp(\"Success\");\nassert.match(message, regExpObject);\nawait driver.wait(until.stalenessOf(notification), 10000);",
              "err": {},
              "uuid": "967f8e9a-aa57-4343-9a82-8c8b5f09309d",
              "parentUUID": "6acf7c7b-5e7a-4259-98d3-17c081ab2020",
              "isHook": false,
              "skipped": false
            },
            {
              "title": "[Happy Case] Reject COBO FIXED FEE WITH PRICES successfully",
              "fullTitle": "Fee Module Tests [Happy Case] Reject COBO FIXED FEE WITH PRICES successfully",
              "timedOut": false,
              "duration": 4662,
              "state": "passed",
              "speed": "slow",
              "pass": true,
              "fail": false,
              "pending": false,
              "context": null,
              "code": "//Navigate to fee \nawait feePage.navigateFeeDetailByCode(feeCode);\nawait feePage.rejectFee();\nconst notification = await driver.wait(until.elementLocated(By.xpath('//p-toastitem')), 5000);\nconst message = await notification.getText();\n    \nconst regExpObject = new RegExp(\"Từ chối duyệt thành công\");\nassert.match(message, regExpObject);\nawait driver.wait(until.stalenessOf(notification), 10000);",
              "err": {},
              "uuid": "7fa36036-5d66-460d-affc-01a5a6109d78",
              "parentUUID": "6acf7c7b-5e7a-4259-98d3-17c081ab2020",
              "isHook": false,
              "skipped": false
            },
            {
              "title": "[Happy Case] Edit COBO FIXED FEE WITH PRICES successfully",
              "fullTitle": "Fee Module Tests [Happy Case] Edit COBO FIXED FEE WITH PRICES successfully",
              "timedOut": false,
              "duration": 5038,
              "state": "passed",
              "speed": "slow",
              "pass": true,
              "fail": false,
              "pending": false,
              "context": null,
              "code": "//Navigate to fee detail by code\nconst vat = 5;\nawait feePage.navigateFeeDetailByCode(feeCode);\nawait helper.clickOnEditButton(driver);\nawait feePage.editFeeVAT(vat);\nconst notification = await driver.wait(until.elementLocated(By.xpath('//p-toastitem')), 5000);\nconst message = await notification.getText();\n    \nconst regExpObject = new RegExp(\"Success\");\nassert.match(message, regExpObject);\nawait driver.wait(until.stalenessOf(notification), 10000);",
              "err": {},
              "uuid": "f2cd2b68-d23e-4dd2-8f30-04ea3df04aea",
              "parentUUID": "6acf7c7b-5e7a-4259-98d3-17c081ab2020",
              "isHook": false,
              "skipped": false
            },
            {
              "title": "[Happy Case] Approve COBO FIXED FEE WITH PRICES successfully",
              "fullTitle": "Fee Module Tests [Happy Case] Approve COBO FIXED FEE WITH PRICES successfully",
              "timedOut": false,
              "duration": 4556,
              "state": "passed",
              "speed": "slow",
              "pass": true,
              "fail": false,
              "pending": false,
              "context": null,
              "code": "//Navigate to fee detail by code\nawait feePage.navigateFeeDetailByCode(feeCode);\nawait feePage.approveFee();\nconst notification = await driver.wait(until.elementLocated(By.xpath('//p-toastitem')), 5000);\nconst message = await notification.getText();\n    \nconst regExpObject = new RegExp(\"Duyệt thành công\");\nassert.match(message, regExpObject);\nawait driver.wait(until.stalenessOf(notification), 10000);",
              "err": {},
              "uuid": "acc8e78a-077c-417c-a8d6-971430a8e24f",
              "parentUUID": "6acf7c7b-5e7a-4259-98d3-17c081ab2020",
              "isHook": false,
              "skipped": false
            },
            {
              "title": "[Happy Case] Create COBO FIXED FEE WITH PERCENT successfully",
              "fullTitle": "Fee Module Tests [Happy Case] Create COBO FIXED FEE WITH PERCENT successfully",
              "timedOut": false,
              "duration": 5927,
              "state": "passed",
              "speed": "slow",
              "pass": true,
              "fail": false,
              "pending": false,
              "context": null,
              "code": "//Navigate to fee \nawait feePage.navigate();\n\n//fee data \nconst feeType = 'Thu hộ' \nconst vat = 10;\nconst feeMethod = 'Phí cố định'\nconst feeRule = 'Số tiền phí theo tỷ lệ %'\nconst value = 10\n//Create fee\nfeeCode = await feePage.createFee(feeType, vat, feeMethod, feeRule, value);\nconst notification = await driver.wait(until.elementLocated(By.xpath('//p-toastitem')), 5000);\nconst message = await notification.getText();\n    \nconst regExpObject = new RegExp(\"Success\");\nassert.match(message, regExpObject);\nawait driver.wait(until.stalenessOf(notification), 10000);",
              "err": {},
              "uuid": "d7842366-e9b6-496a-928a-59484513c283",
              "parentUUID": "6acf7c7b-5e7a-4259-98d3-17c081ab2020",
              "isHook": false,
              "skipped": false
            },
            {
              "title": "[Happy Case] Reject COBO FIXED FEE WITH PERCENT successfully",
              "fullTitle": "Fee Module Tests [Happy Case] Reject COBO FIXED FEE WITH PERCENT successfully",
              "timedOut": false,
              "duration": 4670,
              "state": "passed",
              "speed": "slow",
              "pass": true,
              "fail": false,
              "pending": false,
              "context": null,
              "code": "//Navigate to fee \nawait feePage.navigateFeeDetailByCode(feeCode);\nawait feePage.rejectFee();\nconst notification = await driver.wait(until.elementLocated(By.xpath('//p-toastitem')), 5000);\nconst message = await notification.getText();\n    \nconst regExpObject = new RegExp(\"Từ chối duyệt thành công\");\nassert.match(message, regExpObject);\nawait driver.wait(until.stalenessOf(notification), 10000);",
              "err": {},
              "uuid": "27405b4e-93e0-4e70-a9e3-354204394ae2",
              "parentUUID": "6acf7c7b-5e7a-4259-98d3-17c081ab2020",
              "isHook": false,
              "skipped": false
            },
            {
              "title": "[Happy Case] Edit COBO FIXED FEE WITH PERCENT successfully",
              "fullTitle": "Fee Module Tests [Happy Case] Edit COBO FIXED FEE WITH PERCENT successfully",
              "timedOut": false,
              "duration": 5071,
              "state": "passed",
              "speed": "slow",
              "pass": true,
              "fail": false,
              "pending": false,
              "context": null,
              "code": "const vat = 5;\nawait feePage.navigateFeeDetailByCode(feeCode);\nawait helper.clickOnEditButton(driver);\nawait feePage.editFeeVAT(vat);\nconst notification = await driver.wait(until.elementLocated(By.xpath('//p-toastitem')), 5000);\nconst message = await notification.getText();\n    \nconst regExpObject = new RegExp(\"Success\");\nassert.match(message, regExpObject);\nawait driver.wait(until.stalenessOf(notification), 10000);",
              "err": {},
              "uuid": "123d1d3f-141c-402f-b70b-fc7b48072f33",
              "parentUUID": "6acf7c7b-5e7a-4259-98d3-17c081ab2020",
              "isHook": false,
              "skipped": false
            },
            {
              "title": "[Happy Case] Approve COBO FIXED FEE WITH PERCENT successfully",
              "fullTitle": "Fee Module Tests [Happy Case] Approve COBO FIXED FEE WITH PERCENT successfully",
              "timedOut": false,
              "duration": 4563,
              "state": "passed",
              "speed": "slow",
              "pass": true,
              "fail": false,
              "pending": false,
              "context": null,
              "code": "//Navigate to fee detail by code\nawait feePage.navigateFeeDetailByCode(feeCode);\nawait feePage.approveFee();\nconst notification = await driver.wait(until.elementLocated(By.xpath('//p-toastitem')), 5000);\nconst message = await notification.getText();\n    \nconst regExpObject = new RegExp(\"Duyệt thành công\");\nassert.match(message, regExpObject);\nawait driver.wait(until.stalenessOf(notification), 10000);",
              "err": {},
              "uuid": "35cae4e7-cf4a-43cb-b990-d6c5e36f66d1",
              "parentUUID": "6acf7c7b-5e7a-4259-98d3-17c081ab2020",
              "isHook": false,
              "skipped": false
            },
            {
              "title": "[Happy Case] Create POBO FREE FEE successfully",
              "fullTitle": "Fee Module Tests [Happy Case] Create POBO FREE FEE successfully",
              "timedOut": false,
              "duration": 5681,
              "state": "passed",
              "speed": "slow",
              "pass": true,
              "fail": false,
              "pending": false,
              "context": null,
              "code": "//Navigate to fee \nawait feePage.navigate();\nconst feeType = 'Chi hộ nội bộ' \nconst vat = 10;\nconst feeMethod = 'Miễn phí'\nfeeCode = await feePage.createFee(feeType, vat, feeMethod);\nconst notification = await driver.wait(until.elementLocated(By.xpath('//p-toastitem')), 5000);\nconst message = await notification.getText();\n    \nconst regExpObject = new RegExp(\"Success\");\nassert.match(message, regExpObject);\nawait driver.wait(until.stalenessOf(notification), 10000);",
              "err": {},
              "uuid": "769fd9ef-0026-47da-b8f3-afb6cab09d81",
              "parentUUID": "6acf7c7b-5e7a-4259-98d3-17c081ab2020",
              "isHook": false,
              "skipped": false
            },
            {
              "title": "[Happy Case] Reject POBO FREE FEE successfully",
              "fullTitle": "Fee Module Tests [Happy Case] Reject POBO FREE FEE successfully",
              "timedOut": false,
              "duration": 4666,
              "state": "passed",
              "speed": "slow",
              "pass": true,
              "fail": false,
              "pending": false,
              "context": null,
              "code": "//Navigate to fee \nawait feePage.navigateFeeDetailByCode(feeCode);\nawait feePage.rejectFee();\nconst notification = await driver.wait(until.elementLocated(By.xpath('//p-toastitem')), 5000);\nconst message = await notification.getText();\n    \nconst regExpObject = new RegExp(\"Từ chối duyệt thành công\");\nassert.match(message, regExpObject);\nawait driver.wait(until.stalenessOf(notification), 10000);",
              "err": {},
              "uuid": "5844b039-bdce-4cde-97a9-4d659fce7079",
              "parentUUID": "6acf7c7b-5e7a-4259-98d3-17c081ab2020",
              "isHook": false,
              "skipped": false
            },
            {
              "title": "[Happy Case] Edit POBO FREE FEE successfully",
              "fullTitle": "Fee Module Tests [Happy Case] Edit POBO FREE FEE successfully",
              "timedOut": false,
              "duration": 5253,
              "state": "passed",
              "speed": "slow",
              "pass": true,
              "fail": false,
              "pending": false,
              "context": null,
              "code": "//Navigate to fee detail by code\nconst vat = 5;\nawait feePage.navigateFeeDetailByCode(feeCode);\nawait helper.clickOnEditButton(driver);\nawait feePage.editFeeVAT(vat);\nconst notification = await driver.wait(until.elementLocated(By.xpath('//p-toastitem')), 5000);\nconst message = await notification.getText();\n    \nconst regExpObject = new RegExp(\"Success\");\nassert.match(message, regExpObject);\nawait driver.wait(until.stalenessOf(notification), 10000);",
              "err": {},
              "uuid": "2ab44c2b-fe1d-4d6f-91e4-c2ff109f35ee",
              "parentUUID": "6acf7c7b-5e7a-4259-98d3-17c081ab2020",
              "isHook": false,
              "skipped": false
            },
            {
              "title": "[Happy Case] Approve POBO FREE FEE successfully",
              "fullTitle": "Fee Module Tests [Happy Case] Approve POBO FREE FEE successfully",
              "timedOut": false,
              "duration": 4578,
              "state": "passed",
              "speed": "slow",
              "pass": true,
              "fail": false,
              "pending": false,
              "context": null,
              "code": "//Navigate to fee detail by code\nawait feePage.navigateFeeDetailByCode(feeCode);\nawait feePage.approveFee();\nconst notification = await driver.wait(until.elementLocated(By.xpath('//p-toastitem')), 5000);\nconst message = await notification.getText();\n    \nconst regExpObject = new RegExp(\"Duyệt thành công\");\nassert.match(message, regExpObject);\nawait driver.wait(until.stalenessOf(notification), 10000);",
              "err": {},
              "uuid": "c302633b-e954-44dc-b223-c90e96e08e4a",
              "parentUUID": "6acf7c7b-5e7a-4259-98d3-17c081ab2020",
              "isHook": false,
              "skipped": false
            },
            {
              "title": "[Happy Case] Create POBO FIXED FEE WITH PRICES successfully",
              "fullTitle": "Fee Module Tests [Happy Case] Create POBO FIXED FEE WITH PRICES successfully",
              "timedOut": false,
              "duration": 6077,
              "state": "passed",
              "speed": "slow",
              "pass": true,
              "fail": false,
              "pending": false,
              "context": null,
              "code": "//Navigate to fee \nawait feePage.navigate();\n\n//fee data \nconst feeType = 'Chi hộ nội bộ' \nconst vat = 10;\nconst feeMethod = 'Phí cố định'\nconst feeRule = 'Số tiền phí cố định'\nconst value = 1500\n//Create fee\nfeeCode = await feePage.createFee(feeType, vat, feeMethod, feeRule, value);\nconst notification = await driver.wait(until.elementLocated(By.xpath('//p-toastitem')), 5000);\nconst message = await notification.getText();\n    \nconst regExpObject = new RegExp(\"Success\");\nassert.match(message, regExpObject);\nawait driver.wait(until.stalenessOf(notification), 10000);",
              "err": {},
              "uuid": "76ab0c46-aeb1-4b17-b6df-de0bca8860d7",
              "parentUUID": "6acf7c7b-5e7a-4259-98d3-17c081ab2020",
              "isHook": false,
              "skipped": false
            },
            {
              "title": "[Happy Case] Reject POBO FIXED FEE WITH PRICES successfully",
              "fullTitle": "Fee Module Tests [Happy Case] Reject POBO FIXED FEE WITH PRICES successfully",
              "timedOut": false,
              "duration": 4647,
              "state": "passed",
              "speed": "slow",
              "pass": true,
              "fail": false,
              "pending": false,
              "context": null,
              "code": "//Navigate to fee \nawait feePage.navigateFeeDetailByCode(feeCode);\nawait feePage.rejectFee();\nconst notification = await driver.wait(until.elementLocated(By.xpath('//p-toastitem')), 5000);\nconst message = await notification.getText();\n    \nconst regExpObject = new RegExp(\"Từ chối duyệt thành công\");\nassert.match(message, regExpObject);\nawait driver.wait(until.stalenessOf(notification), 10000);",
              "err": {},
              "uuid": "d3731fc7-570f-4af8-8993-f4751bb72829",
              "parentUUID": "6acf7c7b-5e7a-4259-98d3-17c081ab2020",
              "isHook": false,
              "skipped": false
            },
            {
              "title": "[Happy Case] Edit POBO FIXED FEE WITH PRICES successfully",
              "fullTitle": "Fee Module Tests [Happy Case] Edit POBO FIXED FEE WITH PRICES successfully",
              "timedOut": false,
              "duration": 4985,
              "state": "passed",
              "speed": "slow",
              "pass": true,
              "fail": false,
              "pending": false,
              "context": null,
              "code": "const vat = 5;\nawait feePage.navigateFeeDetailByCode(feeCode);\nawait helper.clickOnEditButton(driver);\nawait feePage.editFeeVAT(vat);\nconst notification = await driver.wait(until.elementLocated(By.xpath('//p-toastitem')), 5000);\nconst message = await notification.getText();\n    \nconst regExpObject = new RegExp(\"Success\");\nassert.match(message, regExpObject);\nawait driver.wait(until.stalenessOf(notification), 10000);",
              "err": {},
              "uuid": "6b0e69a1-cb21-48ee-ac6d-505145230cce",
              "parentUUID": "6acf7c7b-5e7a-4259-98d3-17c081ab2020",
              "isHook": false,
              "skipped": false
            },
            {
              "title": "[Happy Case] Approve POBO FIXED FEE WITH PRICES successfully",
              "fullTitle": "Fee Module Tests [Happy Case] Approve POBO FIXED FEE WITH PRICES successfully",
              "timedOut": false,
              "duration": 4563,
              "state": "passed",
              "speed": "slow",
              "pass": true,
              "fail": false,
              "pending": false,
              "context": null,
              "code": "//Navigate to fee detail by code\nawait feePage.navigateFeeDetailByCode(feeCode);\nawait feePage.approveFee();\nconst notification = await driver.wait(until.elementLocated(By.xpath('//p-toastitem')), 5000);\nconst message = await notification.getText();\n    \nconst regExpObject = new RegExp(\"Duyệt thành công\");\nassert.match(message, regExpObject);\nawait driver.wait(until.stalenessOf(notification), 10000);",
              "err": {},
              "uuid": "4786e527-2eca-4a42-9e7c-8d54da561f39",
              "parentUUID": "6acf7c7b-5e7a-4259-98d3-17c081ab2020",
              "isHook": false,
              "skipped": false
            },
            {
              "title": "[Happy Case] Create POBO FIXED FEE WITH PERCENT successfully",
              "fullTitle": "Fee Module Tests [Happy Case] Create POBO FIXED FEE WITH PERCENT successfully",
              "timedOut": false,
              "duration": 5733,
              "state": "passed",
              "speed": "slow",
              "pass": true,
              "fail": false,
              "pending": false,
              "context": null,
              "code": "//Navigate to fee \nawait feePage.navigate();\n\n//fee data \nconst feeType = 'Chi hộ nội bộ' \nconst vat = 10;\nconst feeMethod = 'Phí cố định'\nconst feeRule = 'Số tiền phí theo tỷ lệ %'\nconst value = 10\n//Create fee\nfeeCode = await feePage.createFee(feeType, vat, feeMethod, feeRule, value);\nconst notification = await driver.wait(until.elementLocated(By.xpath('//p-toastitem')), 5000);\nconst message = await notification.getText();\n    \nconst regExpObject = new RegExp(\"Success\");\nassert.match(message, regExpObject);\nawait driver.wait(until.stalenessOf(notification), 10000);",
              "err": {},
              "uuid": "3992da31-4dd9-4096-a6ab-ca36e01e7929",
              "parentUUID": "6acf7c7b-5e7a-4259-98d3-17c081ab2020",
              "isHook": false,
              "skipped": false
            },
            {
              "title": "[Happy Case] Reject POBO FIXED FEE WITH PERCENT successfully",
              "fullTitle": "Fee Module Tests [Happy Case] Reject POBO FIXED FEE WITH PERCENT successfully",
              "timedOut": false,
              "duration": 4667,
              "state": "passed",
              "speed": "slow",
              "pass": true,
              "fail": false,
              "pending": false,
              "context": null,
              "code": "//Navigate to fee \nawait feePage.navigateFeeDetailByCode(feeCode);\nawait feePage.rejectFee();\nconst notification = await driver.wait(until.elementLocated(By.xpath('//p-toastitem')), 5000);\nconst message = await notification.getText();\n    \nconst regExpObject = new RegExp(\"Từ chối duyệt thành công\");\nassert.match(message, regExpObject);\nawait driver.wait(until.stalenessOf(notification), 10000);",
              "err": {},
              "uuid": "cdcce3b2-5b16-481f-809f-81521e0dd68f",
              "parentUUID": "6acf7c7b-5e7a-4259-98d3-17c081ab2020",
              "isHook": false,
              "skipped": false
            },
            {
              "title": "[Happy Case] Edit POBO FIXED FEE WITH PERCENT successfully",
              "fullTitle": "Fee Module Tests [Happy Case] Edit POBO FIXED FEE WITH PERCENT successfully",
              "timedOut": false,
              "duration": 5007,
              "state": "passed",
              "speed": "slow",
              "pass": true,
              "fail": false,
              "pending": false,
              "context": null,
              "code": "const vat = 5;\nawait feePage.navigateFeeDetailByCode(feeCode);\nawait helper.clickOnEditButton(driver);\nawait feePage.editFeeVAT(vat);\nconst notification = await driver.wait(until.elementLocated(By.xpath('//p-toastitem')), 5000);\nconst message = await notification.getText();\n    \nconst regExpObject = new RegExp(\"Success\");\nassert.match(message, regExpObject);\nawait driver.wait(until.stalenessOf(notification), 10000);",
              "err": {},
              "uuid": "c719cd76-5e2c-4863-9e26-94851ae643a5",
              "parentUUID": "6acf7c7b-5e7a-4259-98d3-17c081ab2020",
              "isHook": false,
              "skipped": false
            },
            {
              "title": "[Happy Case] Approve POBO FIXED FEE WITH PERCENT successfully",
              "fullTitle": "Fee Module Tests [Happy Case] Approve POBO FIXED FEE WITH PERCENT successfully",
              "timedOut": false,
              "duration": 4554,
              "state": "passed",
              "speed": "slow",
              "pass": true,
              "fail": false,
              "pending": false,
              "context": null,
              "code": "//Navigate to fee detail by code\nawait feePage.navigateFeeDetailByCode(feeCode);\nawait feePage.approveFee();\nconst notification = await driver.wait(until.elementLocated(By.xpath('//p-toastitem')), 5000);\nconst message = await notification.getText();\n    \nconst regExpObject = new RegExp(\"Duyệt thành công\");\nassert.match(message, regExpObject);\nawait driver.wait(until.stalenessOf(notification), 10000);",
              "err": {},
              "uuid": "b88a8000-015c-4814-b54f-42c5cc5c8514",
              "parentUUID": "6acf7c7b-5e7a-4259-98d3-17c081ab2020",
              "isHook": false,
              "skipped": false
            },
            {
              "title": "[Happy Case] Create POBO_INTER_BANK FREE FEE successfully",
              "fullTitle": "Fee Module Tests [Happy Case] Create POBO_INTER_BANK FREE FEE successfully",
              "timedOut": false,
              "duration": 5656,
              "state": "passed",
              "speed": "slow",
              "pass": true,
              "fail": false,
              "pending": false,
              "context": null,
              "code": "//Navigate to fee \nawait feePage.navigate();\nconst feeType = 'Chi hộ liên ngân hàng' \nconst vat = 10;\nconst feeMethod = 'Miễn phí'\nfeeCode = await feePage.createFee(feeType, vat, feeMethod);\nconst notification = await driver.wait(until.elementLocated(By.xpath('//p-toastitem')), 5000);\nconst message = await notification.getText();\n    \nconst regExpObject = new RegExp(\"Success\");\nassert.match(message, regExpObject);\nawait driver.wait(until.stalenessOf(notification), 10000);",
              "err": {},
              "uuid": "5b6f7943-25a8-430f-9d84-fed4202c37b4",
              "parentUUID": "6acf7c7b-5e7a-4259-98d3-17c081ab2020",
              "isHook": false,
              "skipped": false
            },
            {
              "title": "[Happy Case] Reject POBO_INTER_BANK FREE FEE successfully",
              "fullTitle": "Fee Module Tests [Happy Case] Reject POBO_INTER_BANK FREE FEE successfully",
              "timedOut": false,
              "duration": 4659,
              "state": "passed",
              "speed": "slow",
              "pass": true,
              "fail": false,
              "pending": false,
              "context": null,
              "code": "//Navigate to fee \nawait feePage.navigateFeeDetailByCode(feeCode);\nawait feePage.rejectFee();\nconst notification = await driver.wait(until.elementLocated(By.xpath('//p-toastitem')), 5000);\nconst message = await notification.getText();\n    \nconst regExpObject = new RegExp(\"Từ chối duyệt thành công\");\nassert.match(message, regExpObject);\nawait driver.wait(until.stalenessOf(notification), 10000);",
              "err": {},
              "uuid": "3fc7cb48-7f0e-40e2-86d9-b676453b1ff1",
              "parentUUID": "6acf7c7b-5e7a-4259-98d3-17c081ab2020",
              "isHook": false,
              "skipped": false
            },
            {
              "title": "[Happy Case] Edit POBO_INTER_BANK FREE FEE successfully",
              "fullTitle": "Fee Module Tests [Happy Case] Edit POBO_INTER_BANK FREE FEE successfully",
              "timedOut": false,
              "duration": 5082,
              "state": "passed",
              "speed": "slow",
              "pass": true,
              "fail": false,
              "pending": false,
              "context": null,
              "code": "const vat = 5;\nawait feePage.navigateFeeDetailByCode(feeCode);\nawait helper.clickOnEditButton(driver);\nawait feePage.editFeeVAT(vat);\nconst notification = await driver.wait(until.elementLocated(By.xpath('//p-toastitem')), 5000);\nconst message = await notification.getText();\n    \nconst regExpObject = new RegExp(\"Success\");\nassert.match(message, regExpObject);\nawait driver.wait(until.stalenessOf(notification), 10000);",
              "err": {},
              "uuid": "af3fc6be-1273-4715-abcc-1ed63cb1b137",
              "parentUUID": "6acf7c7b-5e7a-4259-98d3-17c081ab2020",
              "isHook": false,
              "skipped": false
            },
            {
              "title": "[Happy Case] Approve POBO_INTER_BANK FREE FEE successfully",
              "fullTitle": "Fee Module Tests [Happy Case] Approve POBO_INTER_BANK FREE FEE successfully",
              "timedOut": false,
              "duration": 4580,
              "state": "passed",
              "speed": "slow",
              "pass": true,
              "fail": false,
              "pending": false,
              "context": null,
              "code": "//Navigate to fee detail by code\nawait feePage.navigateFeeDetailByCode(feeCode);\nawait feePage.approveFee();\nconst notification = await driver.wait(until.elementLocated(By.xpath('//p-toastitem')), 5000);\nconst message = await notification.getText();\n    \nconst regExpObject = new RegExp(\"Duyệt thành công\");\nassert.match(message, regExpObject);\nawait driver.wait(until.stalenessOf(notification), 10000);",
              "err": {},
              "uuid": "57d080f1-0c39-4bbf-89de-43fba7a83d86",
              "parentUUID": "6acf7c7b-5e7a-4259-98d3-17c081ab2020",
              "isHook": false,
              "skipped": false
            },
            {
              "title": "[Happy Case] Create POBO_INTER_BANK FIXED FEE WITH PRICES successfully",
              "fullTitle": "Fee Module Tests [Happy Case] Create POBO_INTER_BANK FIXED FEE WITH PRICES successfully",
              "timedOut": false,
              "duration": 5849,
              "state": "passed",
              "speed": "slow",
              "pass": true,
              "fail": false,
              "pending": false,
              "context": null,
              "code": "//Navigate to fee \nawait feePage.navigate();\n\n//fee data \nconst feeType = 'Chi hộ liên ngân hàng' \nconst vat = 10;\nconst feeMethod = 'Phí cố định'\nconst feeRule = 'Số tiền phí cố định'\nconst value = 1500\n//Create fee\nfeeCode = await feePage.createFee(feeType, vat, feeMethod, feeRule, value);\nconst notification = await driver.wait(until.elementLocated(By.xpath('//p-toastitem')), 5000);\nconst message = await notification.getText();\n    \nconst regExpObject = new RegExp(\"Success\");\nassert.match(message, regExpObject);\nawait driver.wait(until.stalenessOf(notification), 10000);",
              "err": {},
              "uuid": "0e46db46-6fee-4ff9-bb1f-6012254a60ca",
              "parentUUID": "6acf7c7b-5e7a-4259-98d3-17c081ab2020",
              "isHook": false,
              "skipped": false
            },
            {
              "title": "[Happy Case] Reject POBO_INTER_BANK FIXED FEE WITH PRICES successfully",
              "fullTitle": "Fee Module Tests [Happy Case] Reject POBO_INTER_BANK FIXED FEE WITH PRICES successfully",
              "timedOut": false,
              "duration": 4659,
              "state": "passed",
              "speed": "slow",
              "pass": true,
              "fail": false,
              "pending": false,
              "context": null,
              "code": "//Navigate to fee \nawait feePage.navigateFeeDetailByCode(feeCode);\nawait feePage.rejectFee();\nconst notification = await driver.wait(until.elementLocated(By.xpath('//p-toastitem')), 5000);\nconst message = await notification.getText();\n    \nconst regExpObject = new RegExp(\"Từ chối duyệt thành công\");\nassert.match(message, regExpObject);\nawait driver.wait(until.stalenessOf(notification), 10000);",
              "err": {},
              "uuid": "810b4fe2-d755-44e9-853a-eefe8f143187",
              "parentUUID": "6acf7c7b-5e7a-4259-98d3-17c081ab2020",
              "isHook": false,
              "skipped": false
            },
            {
              "title": "[Happy Case] Edit POBO_INTER_BANK FIXED FEE WITH PRICES successfully",
              "fullTitle": "Fee Module Tests [Happy Case] Edit POBO_INTER_BANK FIXED FEE WITH PRICES successfully",
              "timedOut": false,
              "duration": 5028,
              "state": "passed",
              "speed": "slow",
              "pass": true,
              "fail": false,
              "pending": false,
              "context": null,
              "code": "//Navigate to fee detail by code\nconst vat = 5;\nawait feePage.navigateFeeDetailByCode(feeCode);\nawait helper.clickOnEditButton(driver);\nawait feePage.editFeeVAT(vat);\nconst notification = await driver.wait(until.elementLocated(By.xpath('//p-toastitem')), 5000);\nconst message = await notification.getText();\n    \nconst regExpObject = new RegExp(\"Success\");\nassert.match(message, regExpObject);\nawait driver.wait(until.stalenessOf(notification), 10000);",
              "err": {},
              "uuid": "09761dce-43f3-4729-b4b6-24d790bb67ad",
              "parentUUID": "6acf7c7b-5e7a-4259-98d3-17c081ab2020",
              "isHook": false,
              "skipped": false
            },
            {
              "title": "[Happy Case] Approve POBO_INTER_BANK FIXED FEE WITH PRICES successfully",
              "fullTitle": "Fee Module Tests [Happy Case] Approve POBO_INTER_BANK FIXED FEE WITH PRICES successfully",
              "timedOut": false,
              "duration": 4572,
              "state": "passed",
              "speed": "slow",
              "pass": true,
              "fail": false,
              "pending": false,
              "context": null,
              "code": "//Navigate to fee detail by code\nawait feePage.navigateFeeDetailByCode(feeCode);\nawait feePage.approveFee();\nconst notification = await driver.wait(until.elementLocated(By.xpath('//p-toastitem')), 5000);\nconst message = await notification.getText();\n    \nconst regExpObject = new RegExp(\"Duyệt thành công\");\nassert.match(message, regExpObject);\nawait driver.wait(until.stalenessOf(notification), 10000);",
              "err": {},
              "uuid": "80edc557-0e39-407f-ba29-8b94ac817e98",
              "parentUUID": "6acf7c7b-5e7a-4259-98d3-17c081ab2020",
              "isHook": false,
              "skipped": false
            },
            {
              "title": "[Happy Case] Create POBO_INTER_BANK FIXED FEE WITH PERCENT successfully",
              "fullTitle": "Fee Module Tests [Happy Case] Create POBO_INTER_BANK FIXED FEE WITH PERCENT successfully",
              "timedOut": false,
              "duration": 5944,
              "state": "passed",
              "speed": "slow",
              "pass": true,
              "fail": false,
              "pending": false,
              "context": null,
              "code": "//Navigate to fee \nawait feePage.navigate();\n\n//fee data \nconst feeType = 'Chi hộ liên ngân hàng' \nconst vat = 10;\nconst feeMethod = 'Phí cố định'\nconst feeRule = 'Số tiền phí theo tỷ lệ %'\nconst value = 10\n//Create fee\nfeeCode = await feePage.createFee(feeType, vat, feeMethod, feeRule, value);\nconst notification = await driver.wait(until.elementLocated(By.xpath('//p-toastitem')), 5000);\nconst message = await notification.getText();\n    \nconst regExpObject = new RegExp(\"Success\");\nassert.match(message, regExpObject);\nawait driver.wait(until.stalenessOf(notification), 10000);",
              "err": {},
              "uuid": "56abde75-c84c-4304-9cf9-07cd6742e622",
              "parentUUID": "6acf7c7b-5e7a-4259-98d3-17c081ab2020",
              "isHook": false,
              "skipped": false
            },
            {
              "title": "[Happy Case] Reject POBO_INTER_BANK FIXED FEE WITH PERCENT successfully",
              "fullTitle": "Fee Module Tests [Happy Case] Reject POBO_INTER_BANK FIXED FEE WITH PERCENT successfully",
              "timedOut": false,
              "duration": 4668,
              "state": "passed",
              "speed": "slow",
              "pass": true,
              "fail": false,
              "pending": false,
              "context": null,
              "code": "//Navigate to fee \nawait feePage.navigateFeeDetailByCode(feeCode);\nawait feePage.rejectFee();\nconst notification = await driver.wait(until.elementLocated(By.xpath('//p-toastitem')), 5000);\nconst message = await notification.getText();\n    \nconst regExpObject = new RegExp(\"Từ chối duyệt thành công\");\nassert.match(message, regExpObject);\nawait driver.wait(until.stalenessOf(notification), 10000);",
              "err": {},
              "uuid": "d6af1c44-1479-4a2f-bf8d-e5422fec7ece",
              "parentUUID": "6acf7c7b-5e7a-4259-98d3-17c081ab2020",
              "isHook": false,
              "skipped": false
            },
            {
              "title": "[Happy Case] Edit POBO_INTER_BANK FIXED FEE WITH PERCENT successfully",
              "fullTitle": "Fee Module Tests [Happy Case] Edit POBO_INTER_BANK FIXED FEE WITH PERCENT successfully",
              "timedOut": false,
              "duration": 4963,
              "state": "passed",
              "speed": "slow",
              "pass": true,
              "fail": false,
              "pending": false,
              "context": null,
              "code": "//Navigate to fee detail by code\nconst vat = 5;\nawait feePage.navigateFeeDetailByCode(feeCode);\nawait helper.clickOnEditButton(driver);\nawait feePage.editFeeVAT(vat);\nconst notification = await driver.wait(until.elementLocated(By.xpath('//p-toastitem')), 5000);\nconst message = await notification.getText();\n    \nconst regExpObject = new RegExp(\"Success\");\nassert.match(message, regExpObject);\nawait driver.wait(until.stalenessOf(notification), 10000);",
              "err": {},
              "uuid": "f793cec1-230a-489c-8bce-48200079ac0b",
              "parentUUID": "6acf7c7b-5e7a-4259-98d3-17c081ab2020",
              "isHook": false,
              "skipped": false
            },
            {
              "title": "[Happy Case] Approve POBO_INTER_BANK FIXED FEE WITH PERCENT successfully",
              "fullTitle": "Fee Module Tests [Happy Case] Approve POBO_INTER_BANK FIXED FEE WITH PERCENT successfully",
              "timedOut": false,
              "duration": 4577,
              "state": "passed",
              "speed": "slow",
              "pass": true,
              "fail": false,
              "pending": false,
              "context": null,
              "code": "//Navigate to fee detail by code\nawait feePage.navigateFeeDetailByCode(feeCode);\nawait feePage.approveFee();\nconst notification = await driver.wait(until.elementLocated(By.xpath('//p-toastitem')), 5000);\nconst message = await notification.getText();\n    \nconst regExpObject = new RegExp(\"Duyệt thành công\");\nassert.match(message, regExpObject);\nawait driver.wait(until.stalenessOf(notification), 10000);",
              "err": {},
              "uuid": "65abb93c-0bbd-46d7-a8e5-e835bad3d16a",
              "parentUUID": "6acf7c7b-5e7a-4259-98d3-17c081ab2020",
              "isHook": false,
              "skipped": false
            }
          ],
          "suites": [],
          "passes": [
            "acac5608-da91-4645-bfdb-2512f893d48a",
            "e5693c8d-01ea-4696-b522-326a60e9d356",
            "c9c7ec1d-7b64-4cea-b38e-c3f8c1adf7d6",
            "3e1a48ef-57e8-4d33-8f72-bde6e207ad1b",
            "967f8e9a-aa57-4343-9a82-8c8b5f09309d",
            "7fa36036-5d66-460d-affc-01a5a6109d78",
            "f2cd2b68-d23e-4dd2-8f30-04ea3df04aea",
            "acc8e78a-077c-417c-a8d6-971430a8e24f",
            "d7842366-e9b6-496a-928a-59484513c283",
            "27405b4e-93e0-4e70-a9e3-354204394ae2",
            "123d1d3f-141c-402f-b70b-fc7b48072f33",
            "35cae4e7-cf4a-43cb-b990-d6c5e36f66d1",
            "769fd9ef-0026-47da-b8f3-afb6cab09d81",
            "5844b039-bdce-4cde-97a9-4d659fce7079",
            "2ab44c2b-fe1d-4d6f-91e4-c2ff109f35ee",
            "c302633b-e954-44dc-b223-c90e96e08e4a",
            "76ab0c46-aeb1-4b17-b6df-de0bca8860d7",
            "d3731fc7-570f-4af8-8993-f4751bb72829",
            "6b0e69a1-cb21-48ee-ac6d-505145230cce",
            "4786e527-2eca-4a42-9e7c-8d54da561f39",
            "3992da31-4dd9-4096-a6ab-ca36e01e7929",
            "cdcce3b2-5b16-481f-809f-81521e0dd68f",
            "c719cd76-5e2c-4863-9e26-94851ae643a5",
            "b88a8000-015c-4814-b54f-42c5cc5c8514",
            "5b6f7943-25a8-430f-9d84-fed4202c37b4",
            "3fc7cb48-7f0e-40e2-86d9-b676453b1ff1",
            "af3fc6be-1273-4715-abcc-1ed63cb1b137",
            "57d080f1-0c39-4bbf-89de-43fba7a83d86",
            "0e46db46-6fee-4ff9-bb1f-6012254a60ca",
            "810b4fe2-d755-44e9-853a-eefe8f143187",
            "09761dce-43f3-4729-b4b6-24d790bb67ad",
            "80edc557-0e39-407f-ba29-8b94ac817e98",
            "56abde75-c84c-4304-9cf9-07cd6742e622",
            "d6af1c44-1479-4a2f-bf8d-e5422fec7ece",
            "f793cec1-230a-489c-8bce-48200079ac0b",
            "65abb93c-0bbd-46d7-a8e5-e835bad3d16a"
          ],
          "failures": [],
          "pending": [],
          "skipped": [],
          "duration": 181534,
          "root": false,
          "rootEmpty": false,
          "_timeout": 0
        },
        {
          "uuid": "021d8792-e109-4edf-9ef8-41d47ef81bc4",
          "title": "Login Tests",
          "fullFile": "/home/unicloud/klb-enterprise-sele/tests/loginTest.js",
          "file": "/tests/loginTest.js",
          "beforeHooks": [
            {
              "title": "\"before each\" hook in \"Login Tests\"",
              "fullTitle": "Login Tests \"before each\" hook in \"Login Tests\"",
              "timedOut": false,
              "duration": 2637,
              "state": null,
              "speed": null,
              "pass": false,
              "fail": false,
              "pending": false,
              "context": null,
              "code": "driver = await helper.initializeChromeDriver();",
              "err": {},
              "uuid": "00360ccf-fba9-4c35-b932-dcf7ee8387d4",
              "parentUUID": "021d8792-e109-4edf-9ef8-41d47ef81bc4",
              "isHook": true,
              "skipped": false
            }
          ],
          "afterHooks": [
            {
              "title": "\"after each\" hook in \"Login Tests\"",
              "fullTitle": "Login Tests \"after each\" hook in \"Login Tests\"",
              "timedOut": false,
              "duration": 51,
              "state": null,
              "speed": null,
              "pass": false,
              "fail": false,
              "pending": false,
              "context": null,
              "code": "await driver.quit();",
              "err": {},
              "uuid": "2b87bcf6-f349-4b93-85e5-ac9c2019f7ee",
              "parentUUID": "021d8792-e109-4edf-9ef8-41d47ef81bc4",
              "isHook": true,
              "skipped": false
            }
          ],
          "tests": [
            {
              "title": "[Happy Case] Login successfully",
              "fullTitle": "Login Tests [Happy Case] Login successfully",
              "timedOut": false,
              "duration": 2362,
              "state": "passed",
              "speed": "slow",
              "pass": true,
              "fail": false,
              "pending": false,
              "context": null,
              "code": "const loginPage = new LoginPage(driver);\n    const username = config.adminUsername;\n    const password = config.adminPassword; \n    \n    await loginPage.loginForTest(username, password);\n    await new Promise(resolve => setTimeout(resolve, 2000));\n    // Add assertions to verify successful login\n    var h4Element = await driver.wait(until.elementLocated(By.xpath(\"//div[@class='info']/h4\")), 10000);\n    const welcomeMessage = await h4Element.getText();\n    assert.equal(welcomeMessage, config.adminName);",
              "err": {},
              "uuid": "52ba04ad-c205-49af-98d9-e1ee6a0e3363",
              "parentUUID": "021d8792-e109-4edf-9ef8-41d47ef81bc4",
              "isHook": false,
              "skipped": false
            },
            {
              "title": "Show error on invalid login",
              "fullTitle": "Login Tests Show error on invalid login",
              "timedOut": false,
              "duration": 5761,
              "state": "failed",
              "speed": null,
              "pass": false,
              "fail": true,
              "pending": false,
              "context": null,
              "code": "const loginPage = new LoginPage(driver);\nconst username = 'invalid_username';\nconst password = 'invalid_password';\nawait loginPage.loginForTest(username, password);\n\nconst regExpObject = new RegExp(\"Đăng nhập không thành công, vui lòng thử lại.\");\nnotification = await driver.wait(until.elementLocated(By.xpath('//p-toastitem')), 5000);\nmessage = await notification.getText();\nassert.match(message, regExpObject);\nawait driver.wait(until.stalenessOf(notification), 10000);",
              "err": {
                "message": "TimeoutError: Waiting for element to be located By(xpath, //p-toastitem)\nWait timed out after 5195ms",
                "estack": "TimeoutError: Waiting for element to be located By(xpath, //p-toastitem)\nWait timed out after 5195ms\n    at /home/unicloud/klb-enterprise-sele/node_modules/selenium-webdriver/lib/webdriver.js:929:17\n    at process.processTicksAndRejections (node:internal/process/task_queues:95:5)",
                "diff": null
              },
              "uuid": "6f37fa76-51f5-449c-bbf0-a0c10906c772",
              "parentUUID": "021d8792-e109-4edf-9ef8-41d47ef81bc4",
              "isHook": false,
              "skipped": false
            }
          ],
          "suites": [],
          "passes": [
            "52ba04ad-c205-49af-98d9-e1ee6a0e3363"
          ],
          "failures": [
            "6f37fa76-51f5-449c-bbf0-a0c10906c772"
          ],
          "pending": [],
          "skipped": [],
          "duration": 8123,
          "root": false,
          "rootEmpty": false,
          "_timeout": 0
        },
        {
          "uuid": "ef2131d8-662e-419a-ae8f-762842025dd8",
          "title": "Merchant Module Tests",
          "fullFile": "/home/unicloud/klb-enterprise-sele/tests/merchantTest.js",
          "file": "/tests/merchantTest.js",
          "beforeHooks": [
            {
              "title": "\"before all\" hook in \"Merchant Module Tests\"",
              "fullTitle": "Merchant Module Tests \"before all\" hook in \"Merchant Module Tests\"",
              "timedOut": false,
              "duration": 5871,
              "state": null,
              "speed": null,
              "pass": false,
              "fail": false,
              "pending": false,
              "context": null,
              "code": "driver = await helper.initializeChromeDriver();\nmerchantPage = new MerchantPage(driver);\nconst loginPage = new LoginPage(driver);\nconst username = config.adminUsername;\nconst password = config.adminPassword;\nconst adminName = config.adminName;\nawait loginPage.login(username, password, adminName);",
              "err": {},
              "uuid": "ebbf8a13-143a-44a6-a31f-2fd4159ed508",
              "parentUUID": "ef2131d8-662e-419a-ae8f-762842025dd8",
              "isHook": true,
              "skipped": false
            }
          ],
          "afterHooks": [
            {
              "title": "\"after all\" hook in \"Merchant Module Tests\"",
              "fullTitle": "Merchant Module Tests \"after all\" hook in \"Merchant Module Tests\"",
              "timedOut": false,
              "duration": 0,
              "state": null,
              "speed": null,
              "pass": false,
              "fail": false,
              "pending": false,
              "context": null,
              "code": "// await driver.quit();",
              "err": {},
              "uuid": "2dc1b9c4-7f47-4dea-86a1-ac60e218bd19",
              "parentUUID": "ef2131d8-662e-419a-ae8f-762842025dd8",
              "isHook": true,
              "skipped": false
            }
          ],
          "tests": [
            {
              "title": "[Happy Case] Create merchant successfully",
              "fullTitle": "Merchant Module Tests [Happy Case] Create merchant successfully",
              "timedOut": false,
              "duration": 11704,
              "state": "passed",
              "speed": "slow",
              "pass": true,
              "fail": false,
              "pending": false,
              "context": null,
              "code": "await merchantPage.navigate();\nconst merchantType = companyData.type;\nconst affiliate = companyData.affiliate;\nconst merchantCif = companyData.cif;\nconst companyName = companyData.companyName;\n\nconst limitPackageValue = PackageEnum.VIP;\nconst businessType = BusinessCateEnum.DICH_VU_AN_UONG;\nconst chargeTypeValue = ChargeTypeEnum.MONTHLY;\nconst repesentName = companyData.repesentName;\nconst repesentDoB = companyData.repesentDoB;\nconst sex = SexEnum.MALE;\nconst representEmail = companyData.representEmail;\nconst isWhiteList = true;\nmcID = await merchantPage.createMCProfile(\n  merchantType,\n  affiliate,\n  merchantCif,\n  companyName,\n  limitPackageValue,\n  businessType,\n  chargeTypeValue,\n  repesentName,\n  repesentDoB,\n  sex,\n  representEmail,\n  isWhiteList\n);\nconst notification = await driver.wait(until.elementLocated(By.xpath('//p-toastitem')), 5000);\nconst message = await notification.getText();\nconst regExpObject = new RegExp(\"Khởi tạo đối tác thành công\");\nassert.match(message, regExpObject);\n\nawait driver.wait(until.stalenessOf(notification), 10000);",
              "err": {},
              "uuid": "6e59c761-6ded-4115-a75f-1124e83d50e7",
              "parentUUID": "ef2131d8-662e-419a-ae8f-762842025dd8",
              "isHook": false,
              "skipped": false
            },
            {
              "title": "[Happy Case] Add account successfully",
              "fullTitle": "Merchant Module Tests [Happy Case] Add account successfully",
              "timedOut": false,
              "duration": 9367,
              "state": "passed",
              "speed": "slow",
              "pass": true,
              "fail": false,
              "pending": false,
              "context": null,
              "code": "//Start add account\nconst accountSelect = companyData.account_no\nawait merchantPage.addAccountForMC(accountSelect);\n//Expected 3 account add successfully to Mc \nconst tableBody = await driver.findElement(By.css('tbody[role=\"rowgroup\"]'));\nconst rows = await tableBody.findElements(By.css('tr[role=\"row\"]'));\nassert.equal(rows.length, 3, \"Gán tài khoản thất bại\");",
              "err": {},
              "uuid": "1672d186-5253-4a39-bb8c-cbd23598d240",
              "parentUUID": "ef2131d8-662e-419a-ae8f-762842025dd8",
              "isHook": false,
              "skipped": false
            },
            {
              "title": "[Happy Case] Add MC Fee successfully",
              "fullTitle": "Merchant Module Tests [Happy Case] Add MC Fee successfully",
              "timedOut": false,
              "duration": 465,
              "state": "passed",
              "speed": "slow",
              "pass": true,
              "fail": false,
              "pending": false,
              "context": null,
              "code": "var continueButton = await driver.wait(until.elementLocated(By.xpath('//*[@id=\"cdk-step-content-0-2\"]/div/button[2]')), 1000);\nawait driver.wait(until.elementIsEnabled(continueButton), 1000);\nawait driver.wait(until.elementIsVisible(continueButton), 1000);\nawait continueButton.click();\nassert.equal(1, 1, \"Gán phí Thất bại\");",
              "err": {},
              "uuid": "e654c22e-31f0-4080-a87c-72bd96cc4ee0",
              "parentUUID": "ef2131d8-662e-419a-ae8f-762842025dd8",
              "isHook": false,
              "skipped": false
            },
            {
              "title": "[Happy Case] Upload MC document successfully",
              "fullTitle": "Merchant Module Tests [Happy Case] Upload MC document successfully",
              "timedOut": false,
              "duration": 27348,
              "state": "passed",
              "speed": "slow",
              "pass": true,
              "fail": false,
              "pending": false,
              "context": null,
              "code": "const regExpObject = new RegExp(\"Upload file thành công\");\nlet notification;\nlet documentURL;\nlet message;\n//Upload Giấy phép đăng ký kinh doanh\n\ndocumentURL = resolve('./test_data/pdf/Size_8.9MB.pdf');\nawait merchantPage.uploadDocument(DocEnum.BUSINESSLICENSE, documentURL)\nnotification = await driver.wait(until.elementLocated(By.xpath('//p-toastitem')), 5000);\nmessage = await notification.getText();\nassert.match(message, regExpObject, \"Upload Giấy phép KD thất bại\");\nawait driver.wait(until.stalenessOf(notification), 10000);\n//Upload Hợp đồng\ndocumentURL = resolve('./test_data/pdf/Hop-dong.pdf')\nawait merchantPage.uploadDocument(DocEnum.BUSINESSCONTRACT, documentURL)\nnotification = await driver.wait(until.elementLocated(By.xpath('//p-toastitem')), 5000);\nmessage = await notification.getText();\nassert.match(message, regExpObject, \"Upload Hợp đồng thất bại\");\nawait driver.wait(until.stalenessOf(notification), 10000);\n//Upload Giấy chứng nhận đại diện hợp pháp\ndocumentURL = resolve('./test_data/image/GIAY-PHEP-DKKD_001.jpg')\nawait merchantPage.uploadDocument(DocEnum.LEGALCONTRACT, documentURL)\nnotification = await driver.wait(until.elementLocated(By.xpath('//p-toastitem')), 5000);\nmessage = await notification.getText();\nassert.match(message, regExpObject, \"Upload Giấy chứng nhận đại diện thất bại\");\nawait driver.wait(until.stalenessOf(notification), 10000);\n//Upload CMND mặt trước\ndocumentURL = resolve('./test_data/image/fakeFrontID.jpg')\nawait merchantPage.uploadDocument(DocEnum.FRONTID, documentURL)\nnotification = await driver.wait(until.elementLocated(By.xpath('//p-toastitem')), 5000);\nmessage = await notification.getText();\nassert.match(message, regExpObject, \"Upload CMND mặt trước thất bại\");\nawait driver.wait(until.stalenessOf(notification), 10000);\n//Upload CMND mặt sau\ndocumentURL = resolve('./test_data/image/fakeBackID.jpg')\nawait merchantPage.uploadDocument(DocEnum.BACKID, documentURL)\nnotification = await driver.wait(until.elementLocated(By.xpath('//p-toastitem')), 5000);\nmessage = await notification.getText();\nassert.match(message, regExpObject, \"Upload CMND mặt sau thất bại\");\nawait driver.wait(until.stalenessOf(notification), 10000);\n//Upload giấy tờ khác \ndocumentURL = resolve('./test_data/image/images.png')\nawait merchantPage.uploadDocument(DocEnum.ORTHERDOCUMENT, documentURL)\nnotification = await driver.wait(until.elementLocated(By.xpath('//p-toastitem')), 5000);\nmessage = await notification.getText();\nassert.match(message, regExpObject, \"Upload giấy tờ khác thất bại\");\nawait driver.wait(until.stalenessOf(notification), 10000);\nvar continueButton = await driver.wait(until.elementLocated(By.xpath('//*[@id=\"cdk-step-content-0-3\"]/div[2]/button[2]')), 1000);\nawait driver.wait(until.elementIsEnabled(continueButton), 1000);\nawait driver.wait(until.elementIsVisible(continueButton), 1000);\nawait continueButton.click();",
              "err": {},
              "uuid": "1c7eefe5-f605-4966-b0b3-741457385a73",
              "parentUUID": "ef2131d8-662e-419a-ae8f-762842025dd8",
              "isHook": false,
              "skipped": false
            },
            {
              "title": "[Happy Case] Generate integration Key",
              "fullTitle": "Merchant Module Tests [Happy Case] Generate integration Key",
              "timedOut": false,
              "duration": 4904,
              "state": "passed",
              "speed": "slow",
              "pass": true,
              "fail": false,
              "pending": false,
              "context": null,
              "code": "const webhookURL = 'https://www.google.com/'\nconst retryValue = '100'\nawait merchantPage.generateIntergration(webhookURL, retryValue);\n\nnotification = await driver.wait(until.elementLocated(By.xpath('//p-toastitem')), 5000);\nmessage = await notification.getText();\nconst regExpObject = new RegExp(\"Success\");\nassert.match(message, regExpObject);\nawait driver.wait(until.stalenessOf(notification), 10000);",
              "err": {},
              "uuid": "b42dac79-5b05-49bd-95e5-b5489ed8b633",
              "parentUUID": "ef2131d8-662e-419a-ae8f-762842025dd8",
              "isHook": false,
              "skipped": false
            },
            {
              "title": "[Happy Case] Reject merchant successfully",
              "fullTitle": "Merchant Module Tests [Happy Case] Reject merchant successfully",
              "timedOut": false,
              "duration": 8188,
              "state": "passed",
              "speed": "slow",
              "pass": true,
              "fail": false,
              "pending": false,
              "context": null,
              "code": "await merchantPage.navigateMerchantDetail(mcID);\nawait merchantPage.sendApproveRequest();\nconst regExpObject1 = new RegExp(\"Gửi duyệt thành công\");\nnotification1 = await driver.wait(until.elementLocated(By.xpath('//p-toastitem')), 5000);\nmessage1 = await notification1.getText();\nassert.match(message1, regExpObject1);\nawait driver.wait(until.stalenessOf(notification1), 10000);\nawait merchantPage.rejectMerchant();\nconst regExpObject = new RegExp(\"Từ chối duyệt thành công\");\nnotification = await driver.wait(until.elementLocated(By.xpath('//p-toastitem')), 5000);\nmessage = await notification.getText();\nassert.match(message, regExpObject);\nawait driver.wait(until.stalenessOf(notification), 10000);",
              "err": {},
              "uuid": "4d87ca2c-867d-479e-98a1-6240bf917bbf",
              "parentUUID": "ef2131d8-662e-419a-ae8f-762842025dd8",
              "isHook": false,
              "skipped": false
            },
            {
              "title": "[Happy Case] Approve merchant successfully",
              "fullTitle": "Merchant Module Tests [Happy Case] Approve merchant successfully",
              "timedOut": false,
              "duration": 8491,
              "state": "passed",
              "speed": "slow",
              "pass": true,
              "fail": false,
              "pending": false,
              "context": null,
              "code": "await merchantPage.navigateMerchantDetail(mcID);\n    await merchantPage.sendApproveRequest();\n    const regExpObject1 = new RegExp(\"Gửi duyệt thành công\");\n    notification1 = await driver.wait(until.elementLocated(By.xpath('//p-toastitem')), 5000);\n    message1 = await notification1.getText();\n    assert.match(message1, regExpObject1);\n    await driver.wait(until.stalenessOf(notification1), 10000);\n    await merchantPage.approveMerchant();\n    const regExpObject = new RegExp(\"Duyệt thành công\");\n    notification = await driver.wait(until.elementLocated(By.xpath('//p-toastitem')), 5000);\n    message = await notification.getText();\n    assert.match(message, regExpObject);\n    await driver.wait(until.stalenessOf(notification), 10000);",
              "err": {},
              "uuid": "ccd0bbcb-53f7-4873-b892-70f72f2ef951",
              "parentUUID": "ef2131d8-662e-419a-ae8f-762842025dd8",
              "isHook": false,
              "skipped": false
            }
          ],
          "suites": [],
          "passes": [
            "6e59c761-6ded-4115-a75f-1124e83d50e7",
            "1672d186-5253-4a39-bb8c-cbd23598d240",
            "e654c22e-31f0-4080-a87c-72bd96cc4ee0",
            "1c7eefe5-f605-4966-b0b3-741457385a73",
            "b42dac79-5b05-49bd-95e5-b5489ed8b633",
            "4d87ca2c-867d-479e-98a1-6240bf917bbf",
            "ccd0bbcb-53f7-4873-b892-70f72f2ef951"
          ],
          "failures": [],
          "pending": [],
          "skipped": [],
          "duration": 70467,
          "root": false,
          "rootEmpty": false,
          "_timeout": 0
        },
        {
          "uuid": "0b4446f1-7ddb-4910-8262-91d8efd89d1d",
          "title": "PROGRESSIVE Fee Module Tests",
          "fullFile": "/home/unicloud/klb-enterprise-sele/tests/progressiveFeeTest.js",
          "file": "/tests/progressiveFeeTest.js",
          "beforeHooks": [
            {
              "title": "\"before all\" hook in \"PROGRESSIVE Fee Module Tests\"",
              "fullTitle": "PROGRESSIVE Fee Module Tests \"before all\" hook in \"PROGRESSIVE Fee Module Tests\"",
              "timedOut": false,
              "duration": 5918,
              "state": null,
              "speed": null,
              "pass": false,
              "fail": false,
              "pending": false,
              "context": null,
              "code": "driver = await helper.initializeChromeDriver();\nfeePage = new FeePage(driver);\nconst loginPage = new LoginPage(driver);\nconst username = config.adminUsername;\nconst password = config.adminPassword;\nconst adminName = config.adminName;\nawait loginPage.login(username, password, adminName);",
              "err": {},
              "uuid": "8de2d278-732d-47f0-8369-f0f9de32cefd",
              "parentUUID": "0b4446f1-7ddb-4910-8262-91d8efd89d1d",
              "isHook": true,
              "skipped": false
            }
          ],
          "afterHooks": [
            {
              "title": "\"after all\" hook in \"PROGRESSIVE Fee Module Tests\"",
              "fullTitle": "PROGRESSIVE Fee Module Tests \"after all\" hook in \"PROGRESSIVE Fee Module Tests\"",
              "timedOut": false,
              "duration": 51,
              "state": null,
              "speed": null,
              "pass": false,
              "fail": false,
              "pending": false,
              "context": null,
              "code": "await driver.quit();",
              "err": {},
              "uuid": "18eee53f-5084-4148-b818-5ccac1ab981b",
              "parentUUID": "0b4446f1-7ddb-4910-8262-91d8efd89d1d",
              "isHook": true,
              "skipped": false
            }
          ],
          "tests": [
            {
              "title": "[Happy Case] Create COBO PROGRESSIVE FEE successfully",
              "fullTitle": "PROGRESSIVE Fee Module Tests [Happy Case] Create COBO PROGRESSIVE FEE successfully",
              "timedOut": false,
              "duration": 21748,
              "state": "passed",
              "speed": "slow",
              "pass": true,
              "fail": false,
              "pending": false,
              "context": null,
              "code": "//Navigate to fee \nawait feePage.navigate();\nconst feeType = 'Thu hộ'\nconst vat = 10;\nconst feeMethod = 'Phí lũy tiến'\nconst feeLevelData = [\n    {\n        toValue: 19999999,\n        feeMoney: 0,\n        feePercent: 0.30,\n        minFeeMoney: 0\n    },\n    {\n        toValue: 199999999,\n        feeMoney: 0,\n        feePercent: 0.25,\n        minFeeMoney: 0\n    },\n    {\n        toValue: 499999999,\n        feeMoney: 0,\n        feePercent: 0.20,\n        minFeeMoney: 0\n    },\n    // Add more data as needed\n];\nfeeCode = await feePage.createFee(feeType, vat, feeMethod, null, null, feeLevelData);\nconst notification = await driver.wait(until.elementLocated(By.xpath('//p-toastitem')), 5000);\nconst message = await notification.getText();\nconst regExpObject = new RegExp(\"Success\");\nassert.match(message, regExpObject);\nawait driver.wait(until.stalenessOf(notification), 10000);",
              "err": {},
              "uuid": "02852921-c6c5-4ca2-82cd-13bcf7553ce4",
              "parentUUID": "0b4446f1-7ddb-4910-8262-91d8efd89d1d",
              "isHook": false,
              "skipped": false
            },
            {
              "title": "[Happy Case] Reject COBO PROGRESSIVE FEE successfully",
              "fullTitle": "PROGRESSIVE Fee Module Tests [Happy Case] Reject COBO PROGRESSIVE FEE successfully",
              "timedOut": false,
              "duration": 9096,
              "state": "passed",
              "speed": "slow",
              "pass": true,
              "fail": false,
              "pending": false,
              "context": null,
              "code": "//Navigate to fee \nawait feePage.navigateFeeDetailByCode(feeCode);\nawait feePage.rejectFee();\nconst notification = await driver.wait(until.elementLocated(By.xpath('//p-toastitem')), 5000);\nconst message = await notification.getText();\nconst regExpObject = new RegExp(\"Từ chối duyệt thành công\");\nassert.match(message, regExpObject);\nawait driver.wait(until.stalenessOf(notification), 10000);",
              "err": {},
              "uuid": "d1b6fb55-7824-453f-8953-c9e64beb8aaa",
              "parentUUID": "0b4446f1-7ddb-4910-8262-91d8efd89d1d",
              "isHook": false,
              "skipped": false
            },
            {
              "title": "[Happy Case] Edit COBO PROGRESSIVE FEE successfully",
              "fullTitle": "PROGRESSIVE Fee Module Tests [Happy Case] Edit COBO PROGRESSIVE FEE successfully",
              "timedOut": false,
              "duration": 4021,
              "state": "failed",
              "speed": null,
              "pass": false,
              "fail": true,
              "pending": false,
              "context": null,
              "code": "//Navigate to fee detail by code\nawait feePage.navigateFeeDetailByCode(feeCode);\nconst vat = 5;\nawait feePage.editFeeVAT(vat);\nconst notification = await driver.wait(until.elementLocated(By.xpath('//p-toastitem')), 5000);\nconst message = await notification.getText();\nconst regExpObject = new RegExp(\"Success\");\nassert.match(message, regExpObject);\nawait driver.wait(until.stalenessOf(notification), 10000);",
              "err": {
                "message": "NoSuchElementError: no such element: Unable to locate element: {\"method\":\"xpath\",\"selector\":\"//input[contains(@data-placeholder, 'Nhập % VAT')]\"}\n  (Session info: chrome=120.0.6099.129)",
[...]
                "estack": "TimeoutError: Waiting for element to be located By(xpath, //button[contains(span, 'Duyệt')])\nWait timed out after 1045ms\n    at /home/unicloud/klb-enterprise-sele/node_modules/selenium-webdriver/lib/webdriver.js:929:17\n    at process.processTicksAndRejections (node:internal/process/task_queues:95:5)",
                "diff": null
              },
              "uuid": "08b55f8d-afba-4a93-a0b8-ca107b9f544b",
              "parentUUID": "0b4446f1-7ddb-4910-8262-91d8efd89d1d",
              "isHook": false,
              "skipped": false
            },
            {
              "title": "[Happy Case] Create POBO PROGRESSIVE FEE successfully",
              "fullTitle": "PROGRESSIVE Fee Module Tests [Happy Case] Create POBO PROGRESSIVE FEE successfully",
              "timedOut": false,
              "duration": 1117,
              "state": "failed",
              "speed": null,
              "pass": false,
              "fail": true,
              "pending": false,
              "context": null,
              "code": "//Navigate to fee \nawait feePage.navigate();\nconst feeType = 'Chi hộ nội bộ'\nconst vat = 10;\nconst feeMethod = 'Phí lũy tiến'\nconst feeLevelData = [\n    {\n        toValue: 19999999,\n        feeMoney: 0,\n        feePercent: 0.30,\n        minFeeMoney: 0\n    },\n    {\n        toValue: 199999999,\n        feeMoney: 0,\n        feePercent: 0.25,\n        minFeeMoney: 0\n    },\n    {\n        toValue: 499999999,\n        feeMoney: 0,\n        feePercent: 0.20,\n        minFeeMoney: 0\n    },\n];\nfeeCode = await feePage.createFee(feeType, vat, feeMethod, null, null, feeLevelData);\nconst notification = await driver.wait(until.elementLocated(By.xpath('//p-toastitem')), 5000);\nconst message = await notification.getText();\nconst regExpObject = new RegExp(\"Success\");\nassert.match(message, regExpObject);\nawait driver.wait(until.stalenessOf(notification), 10000);",
              "err": {
                "message": "ElementClickInterceptedError: element click intercepted: Element <button _ngcontent-qcj-c414=\"\" mat-button=\"\" class=\"mat-focus-indicator btn-material mat-btn-add mat-button mat-button-base ng-star-inserted\" style=\"color: white;\">...</button> is not clickable at point (1250, 223). Other element would receive the click: <div _ngcontent-qcj-c105=\"\" class=\"ngx-spinner-overlay ng-tns-c105-9 ng-trigger ng-trigger-fadeIn ng-star-inserted ng-animating\" style=\"background-color: rgba(0, 0, 0, 0.8); z-index: 99999; position: fixed;\">...</div>\n  (Session info: chrome=120.0.6099.129)",
                "estack": "ElementClickInterceptedError: element click intercepted: Element <button _ngcontent-qcj-c414=\"\" mat-button=\"\" class=\"mat-focus-indicator btn-material mat-btn-add mat-button mat-button-base ng-star-inserted\" style=\"color: white;\">...</button> is not clickable at point (1250, 223). Other element would receive the click: <div _ngcontent-qcj-c105=\"\" class=\"ngx-spinner-overlay ng-tns-c105-9 ng-trigger ng-trigger-fadeIn ng-star-inserted ng-animating\" style=\"background-color: rgba(0, 0, 0, 0.8); z-index: 99999; position: fixed;\">...</div>\n  (Session info: chrome=120.0.6099.129)\n    at Object.throwDecodedError (node_modules/selenium-webdriver/lib/error.js:524:15)\n    at parseHttpResponse (node_modules/selenium-webdriver/lib/http.js:601:13)\n    at Executor.execute (node_modules/selenium-webdriver/lib/http.js:529:28)\n    at process.processTicksAndRejections (node:internal/process/task_queues:95:5)\n    at async Driver.execute (node_modules/selenium-webdriver/lib/webdriver.js:745:17)\n    at async FeePage.createFee (pages/FeePage.js:48:9)\n    at async Context.<anonymous> (tests/progressiveFeeTest.js:152:19)",
                "diff": null
              },
              "uuid": "e69f4cc4-78ce-4f97-9f94-143978da0499",
              "parentUUID": "0b4446f1-7ddb-4910-8262-91d8efd89d1d",
              "isHook": false,
              "skipped": false
            },
            {
              "title": "[Happy Case] Reject POBO PROGRESSIVE FEE successfully",
              "fullTitle": "PROGRESSIVE Fee Module Tests [Happy Case] Reject POBO PROGRESSIVE FEE successfully",
              "timedOut": false,
              "duration": 6832,
              "state": "failed",
              "speed": null,
              "pass": false,
              "fail": true,
              "pending": false,
              "context": null,
              "code": "//Navigate to fee \nawait feePage.navigateFeeDetailByCode(feeCode);\nawait feePage.rejectFee();\nconst notification = await driver.wait(until.elementLocated(By.xpath('//p-toastitem')), 5000);\nconst message = await notification.getText();\nconst regExpObject = new RegExp(\"Từ chối duyệt thành công\");\nassert.match(message, regExpObject);\nawait driver.wait(until.stalenessOf(notification), 10000);",
              "err": {
                "message": "TimeoutError: Waiting for element to be located By(xpath, //button[contains(span, 'Từ chối')])\nWait timed out after 1044ms",
                "estack": "TimeoutError: Waiting for element to be located By(xpath, //button[contains(span, 'Từ chối')])\nWait timed out after 1044ms\n    at /home/unicloud/klb-enterprise-sele/node_modules/selenium-webdriver/lib/webdriver.js:929:17\n    at process.processTicksAndRejections (node:internal/process/task_queues:95:5)",
                "diff": null
              },
              "uuid": "69e7c9cd-2e30-46d8-90c4-779739238d60",
              "parentUUID": "0b4446f1-7ddb-4910-8262-91d8efd89d1d",
              "isHook": false,
              "skipped": false
            },
            {
              "title": "[Happy Case] Edit POBO PROGRESSIVE FEE successfully",
              "fullTitle": "PROGRESSIVE Fee Module Tests [Happy Case] Edit POBO PROGRESSIVE FEE successfully",
              "timedOut": false,
              "duration": 4075,
              "state": "failed",
              "speed": null,
              "pass": false,
              "fail": true,
              "pending": false,
              "context": null,
              "code": "//Navigate to fee detail by code\nawait feePage.navigateFeeDetailByCode(feeCode);\nconst vat = 5;\nawait feePage.editFeeVAT(vat);\nconst notification = await driver.wait(until.elementLocated(By.xpath('//p-toastitem')), 5000);\nconst message = await notification.getText();\nconst regExpObject = new RegExp(\"Success\");\nassert.match(message, regExpObject);\nawait driver.wait(until.stalenessOf(notification), 10000);",
              "err": {
                "message": "NoSuchElementError: no such element: Unable to locate element: {\"method\":\"xpath\",\"selector\":\"//input[contains(@data-placeholder, 'Nhập % VAT')]\"}\n  (Session info: chrome=120.0.6099.129)",
                "estack": "NoSuchElementError: no such element: Unable to locate element: {\"method\":\"xpath\",\"selector\":\"//input[contains(@data-placeholder, 'Nhập % VAT')]\"}\n  (Session info: chrome=120.0.6099.129)\n    at Object.throwDecodedError (node_modules/selenium-webdriver/lib/error.js:524:15)\n    at parseHttpResponse (node_modules/selenium-webdriver/lib/http.js:601:13)\n    at Executor.execute (node_modules/selenium-webdriver/lib/http.js:529:28)\n    at process.processTicksAndRejections (node:internal/process/task_queues:95:5)\n    at async Driver.execute (node_modules/selenium-webdriver/lib/webdriver.js:745:17)\n    at async FeePage.editFeeVAT (pages/FeePage.js:248:29)\n    at async Context.<anonymous> (tests/progressiveFeeTest.js:178:9)",
                "diff": null
              },
              "uuid": "552dde22-44aa-4839-a2a5-0926bd1d7bbb",
              "parentUUID": "0b4446f1-7ddb-4910-8262-91d8efd89d1d",
              "isHook": false,
              "skipped": false
            },
            {
              "title": "[Happy Case] Approve POBO PROGRESSIVE FEE successfully",
              "fullTitle": "PROGRESSIVE Fee Module Tests [Happy Case] Approve POBO PROGRESSIVE FEE successfully",
              "timedOut": false,
              "duration": 6057,
              "state": "failed",
              "speed": null,
              "pass": false,
              "fail": true,
              "pending": false,
              "context": null,
              "code": "//Navigate to fee detail by code\nawait feePage.navigateFeeDetailByCode(feeCode);\nawait feePage.approveFee();\nconst notification = await driver.wait(until.elementLocated(By.xpath('//p-toastitem')), 5000);\nconst message = await notification.getText();\nconst regExpObject = new RegExp(\"Duyệt thành công\");\nassert.match(message, regExpObject);\nawait driver.wait(until.stalenessOf(notification), 10000);",
              "err": {
                "message": "TimeoutError: Waiting for element to be located By(xpath, //button[contains(span, 'Duyệt')])\nWait timed out after 1045ms",
                "estack": "TimeoutError: Waiting for element to be located By(xpath, //button[contains(span, 'Duyệt')])\nWait timed out after 1045ms\n    at /home/unicloud/klb-enterprise-sele/node_modules/selenium-webdriver/lib/webdriver.js:929:17\n    at process.processTicksAndRejections (node:internal/process/task_queues:95:5)",
                "diff": null
              },
              "uuid": "96c4c030-2968-467c-adbc-c014ba3c68ac",
              "parentUUID": "0b4446f1-7ddb-4910-8262-91d8efd89d1d",
              "isHook": false,
              "skipped": false
            },
            {
              "title": "[Happy Case] Create POBO_INTER_BANK PROGRESSIVE FEE successfully",
              "fullTitle": "PROGRESSIVE Fee Module Tests [Happy Case] Create POBO_INTER_BANK PROGRESSIVE FEE successfully",
              "timedOut": false,
              "duration": 1065,
              "state": "failed",
              "speed": null,
              "pass": false,
              "fail": true,
              "pending": false,
              "context": null,
              "code": "//Navigate to fee \nawait feePage.navigate();\nconst feeType = 'Chi hộ liên ngân hàng'\nconst vat = 10;\nconst feeMethod = 'Phí lũy tiến'\nconst feeLevelData = [\n    {\n        toValue: 19999999,\n        feeMoney: 0,\n        feePercent: 0.30,\n        minFeeMoney: 0\n    },\n    {\n        toValue: 199999999,\n        feeMoney: 0,\n        feePercent: 0.25,\n        minFeeMoney: 0\n    },\n    {\n        toValue: 499999999,\n        feeMoney: 0,\n        feePercent: 0.20,\n        minFeeMoney: 0\n    },\n];\nfeeCode = await feePage.createFee(feeType, vat, feeMethod, null, null, feeLevelData);\n\nconst notification = await driver.wait(until.elementLocated(By.xpath('//p-toastitem')), 5000);\nconst message = await notification.getText();\nconst regExpObject = new RegExp(\"Success\");\nassert.match(message, regExpObject);\nawait driver.wait(until.stalenessOf(notification), 10000);",
              "err": {
                "message": "ElementClickInterceptedError: element click intercepted: Element <button _ngcontent-qcj-c414=\"\" mat-button=\"\" class=\"mat-focus-indicator btn-material mat-btn-add mat-button mat-button-base ng-star-inserted\" style=\"color: white;\">...</button> is not clickable at point (1250, 223). Other element would receive the click: <div _ngcontent-qcj-c105=\"\" class=\"ngx-spinner-overlay ng-tns-c105-9 ng-trigger ng-trigger-fadeIn ng-star-inserted ng-animating\" style=\"background-color: rgba(0, 0, 0, 0.8); z-index: 99999; position: fixed;\">...</div>\n  (Session info: chrome=120.0.6099.129)",
                "estack": "ElementClickInterceptedError: element click intercepted: Element <button _ngcontent-qcj-c414=\"\" mat-button=\"\" class=\"mat-focus-indicator btn-material mat-btn-add mat-button mat-button-base ng-star-inserted\" style=\"color: white;\">...</button> is not clickable at point (1250, 223). Other element would receive the click: <div _ngcontent-qcj-c105=\"\" class=\"ngx-spinner-overlay ng-tns-c105-9 ng-trigger ng-trigger-fadeIn ng-star-inserted ng-animating\" style=\"background-color: rgba(0, 0, 0, 0.8); z-index: 99999; position: fixed;\">...</div>\n  (Session info: chrome=120.0.6099.129)\n    at Object.throwDecodedError (node_modules/selenium-webdriver/lib/error.js:524:15)\n    at parseHttpResponse (node_modules/selenium-webdriver/lib/http.js:601:13)\n    at Executor.execute (node_modules/selenium-webdriver/lib/http.js:529:28)\n    at process.processTicksAndRejections (node:internal/process/task_queues:95:5)\n    at async Driver.execute (node_modules/selenium-webdriver/lib/webdriver.js:745:17)\n    at async FeePage.createFee (pages/FeePage.js:48:9)\n    at async Context.<anonymous> (tests/progressiveFeeTest.js:232:19)",
                "diff": null
              },
              "uuid": "32817d43-deb6-430b-bfe2-16c01762bd0e",
              "parentUUID": "0b4446f1-7ddb-4910-8262-91d8efd89d1d",
              "isHook": false,
              "skipped": false
            },
            {
              "title": "[Happy Case] Reject POBO_INTER_BANK PROGRESSIVE FEE successfully",
              "fullTitle": "PROGRESSIVE Fee Module Tests [Happy Case] Reject POBO_INTER_BANK PROGRESSIVE FEE successfully",
              "timedOut": false,
              "duration": 5833,
              "state": "failed",
              "speed": null,
              "pass": false,
              "fail": true,
              "pending": false,
              "context": null,
              "code": "//Navigate to fee \nawait feePage.navigateFeeDetailByCode(feeCode);\nawait feePage.rejectFee();\nconst notification = await driver.wait(until.elementLocated(By.xpath('//p-toastitem')), 5000);\nconst message = await notification.getText();\nconst regExpObject = new RegExp(\"Từ chối duyệt thành công\");\nassert.match(message, regExpObject);\nawait driver.wait(until.stalenessOf(notification), 10000);",
              "err": {
                "message": "TimeoutError: Waiting for element to be located By(xpath, //button[contains(span, 'Từ chối')])\nWait timed out after 1043ms",
                "estack": "TimeoutError: Waiting for element to be located By(xpath, //button[contains(span, 'Từ chối')])\nWait timed out after 1043ms\n    at /home/unicloud/klb-enterprise-sele/node_modules/selenium-webdriver/lib/webdriver.js:929:17\n    at process.processTicksAndRejections (node:internal/process/task_queues:95:5)",
                "diff": null
              },
              "uuid": "a0f8b5fc-071d-4763-8867-4433bd75d63c",
              "parentUUID": "0b4446f1-7ddb-4910-8262-91d8efd89d1d",
              "isHook": false,
              "skipped": false
            },
            {
              "title": "[Happy Case] Edit POBO_INTER_BANK PROGRESSIVE FEE successfully",
              "fullTitle": "PROGRESSIVE Fee Module Tests [Happy Case] Edit POBO_INTER_BANK PROGRESSIVE FEE successfully",
              "timedOut": false,
              "duration": 4021,
              "state": "failed",
              "speed": null,
              "pass": false,
              "fail": true,
              "pending": false,
              "context": null,
              "code": "//Navigate to fee detail by code\nawait feePage.navigateFeeDetailByCode(feeCode);\nconst vat = 5;\nawait feePage.editFeeVAT(vat);\nconst notification = await driver.wait(until.elementLocated(By.xpath('//p-toastitem')), 5000);\nconst message = await notification.getText();\nconst regExpObject = new RegExp(\"Success\");\nassert.match(message, regExpObject);\nawait driver.wait(until.stalenessOf(notification), 10000);",
              "err": {
                "message": "NoSuchElementError: no such element: Unable to locate element: {\"method\":\"xpath\",\"selector\":\"//input[contains(@data-placeholder, 'Nhập % VAT')]\"}\n  (Session info: chrome=120.0.6099.129)",
                "estack": "NoSuchElementError: no such element: Unable to locate element: {\"method\":\"xpath\",\"selector\":\"//input[contains(@data-placeholder, 'Nhập % VAT')]\"}\n  (Session info: chrome=120.0.6099.129)\n    at Object.throwDecodedError (node_modules/selenium-webdriver/lib/error.js:524:15)\n    at parseHttpResponse (node_modules/selenium-webdriver/lib/http.js:601:13)\n    at Executor.execute (node_modules/selenium-webdriver/lib/http.js:529:28)\n    at process.processTicksAndRejections (node:internal/process/task_queues:95:5)\n    at async Driver.execute (node_modules/selenium-webdriver/lib/webdriver.js:745:17)\n    at async FeePage.editFeeVAT (pages/FeePage.js:248:29)\n    at async Context.<anonymous> (tests/progressiveFeeTest.js:259:9)",
                "diff": null
              },
              "uuid": "1c71c811-1507-4187-8972-6bea5131cfa5",
              "parentUUID": "0b4446f1-7ddb-4910-8262-91d8efd89d1d",
              "isHook": false,
              "skipped": false
            },
            {
              "title": "[Happy Case] Approve POBO_INTER_BANK PROGRESSIVE FEE successfully",
              "fullTitle": "PROGRESSIVE Fee Module Tests [Happy Case] Approve POBO_INTER_BANK PROGRESSIVE FEE successfully",
              "timedOut": false,
              "duration": 7086,
              "state": "failed",
              "speed": null,
              "pass": false,
              "fail": true,
              "pending": false,
              "context": null,
              "code": "//Navigate to fee detail by code\nawait feePage.navigateFeeDetailByCode(feeCode);\nawait feePage.approveFee();\nconst notification = await driver.wait(until.elementLocated(By.xpath('//p-toastitem')), 5000);\nconst message = await notification.getText();\nconst regExpObject = new RegExp(\"Duyệt thành công\");\nassert.match(message, regExpObject);\nawait driver.wait(until.stalenessOf(notification), 10000);",
              "err": {
                "message": "TimeoutError: Waiting for element to be located By(xpath, //button[contains(span, 'Duyệt')])\nWait timed out after 1041ms",
                "estack": "TimeoutError: Waiting for element to be located By(xpath, //button[contains(span, 'Duyệt')])\nWait timed out after 1041ms\n    at /home/unicloud/klb-enterprise-sele/node_modules/selenium-webdriver/lib/webdriver.js:929:17\n    at process.processTicksAndRejections (node:internal/process/task_queues:95:5)",
                "diff": null
              },
              "uuid": "c3821dcd-1762-4099-b164-1e2b183fa377",
              "parentUUID": "0b4446f1-7ddb-4910-8262-91d8efd89d1d",
              "isHook": false,
              "skipped": false
            }
          ],
          "suites": [],
          "passes": [
            "02852921-c6c5-4ca2-82cd-13bcf7553ce4",
            "d1b6fb55-7824-453f-8953-c9e64beb8aaa"
          ],
          "failures": [
            "45bd5052-6500-4d55-b752-123ed9ef7bcc",
            "08b55f8d-afba-4a93-a0b8-ca107b9f544b",
            "e69f4cc4-78ce-4f97-9f94-143978da0499",
            "69e7c9cd-2e30-46d8-90c4-779739238d60",
            "552dde22-44aa-4839-a2a5-0926bd1d7bbb",
            "96c4c030-2968-467c-adbc-c014ba3c68ac",
            "32817d43-deb6-430b-bfe2-16c01762bd0e",
            "a0f8b5fc-071d-4763-8867-4433bd75d63c",
            "1c71c811-1507-4187-8972-6bea5131cfa5",
            "c3821dcd-1762-4099-b164-1e2b183fa377"
          ],
          "pending": [],
          "skipped": [],
          "duration": 76020,
          "root": false,
          "rootEmpty": false,
          "_timeout": 0
        }
      ],
      "passes": [],
      "failures": [],
      "pending": [],
      "skipped": [],
      "duration": 0,
      "root": true,
      "rootEmpty": true,
      "_timeout": 0
    }
  ],
  "meta": {
    "mocha": {
      "version": "10.2.0"
    },
    "mochawesome": {
      "options": {
        "quiet": false,
        "reportFilename": "mochawesome",
        "saveHtml": true,
        "saveJson": true,
        "consoleReporter": "spec",
        "useInlineDiffs": false,
        "code": true
      },
      "version": "7.1.3"
    },
    "marge": {
      "options": null,
      "version": "6.2.0"
    }
  }
}